[35m[1mScanning dependencies of target arduino_publisher[0m
[ 50%] [32mBuilding CXX object CMakeFiles/arduino_publisher.dir/src/arduino_publisher.cpp.o[0m
[100%] [32m[1mLinking CXX executable arduino_publisher[0m
[100%] Built target arduino_publisher
-- Install configuration: ""
-- Installing: /home/theo/ros2_workspace/install/my_package/lib/my_package/arduino_publisher
-- Up-to-date: /home/theo/ros2_workspace/install/my_package/share/ament_index/resource_index/package_run_dependencies/my_package
-- Up-to-date: /home/theo/ros2_workspace/install/my_package/share/ament_index/resource_index/parent_prefix_path/my_package
-- Up-to-date: /home/theo/ros2_workspace/install/my_package/share/my_package/environment/ament_prefix_path.sh
-- Up-to-date: /home/theo/ros2_workspace/install/my_package/share/my_package/environment/ament_prefix_path.dsv
-- Up-to-date: /home/theo/ros2_workspace/install/my_package/share/my_package/environment/path.sh
-- Up-to-date: /home/theo/ros2_workspace/install/my_package/share/my_package/environment/path.dsv
-- Up-to-date: /home/theo/ros2_workspace/install/my_package/share/my_package/local_setup.bash
-- Up-to-date: /home/theo/ros2_workspace/install/my_package/share/my_package/local_setup.sh
-- Up-to-date: /home/theo/ros2_workspace/install/my_package/share/my_package/local_setup.zsh
-- Up-to-date: /home/theo/ros2_workspace/install/my_package/share/my_package/local_setup.dsv
-- Installing: /home/theo/ros2_workspace/install/my_package/share/my_package/package.dsv
-- Up-to-date: /home/theo/ros2_workspace/install/my_package/share/ament_index/resource_index/packages/my_package
-- Up-to-date: /home/theo/ros2_workspace/install/my_package/share/my_package/cmake/my_packageConfig.cmake
-- Up-to-date: /home/theo/ros2_workspace/install/my_package/share/my_package/cmake/my_packageConfig-version.cmake
-- Up-to-date: /home/theo/ros2_workspace/install/my_package/share/my_package/package.xml
