[0.030s] Invoking command in '/home/theo/ros2_workspace/build/my_package': CMAKE_PREFIX_PATH=${CMAKE_PREFIX_PATH}:/home/theo/colcon_ws/install/autonomous_tb3:/opt/ros/foxy /usr/bin/cmake --build /home/theo/ros2_workspace/build/my_package -- -j12 -l12
[0.065s] [35m[1mScanning dependencies of target arduino_publisher[0m
[0.075s] [ 50%] [32mBuilding CXX object CMakeFiles/arduino_publisher.dir/src/arduino_publisher.cpp.o[0m
[0.105s] [100%] [32m[1mLinking CXX executable arduino_publisher[0m
[0.146s] [100%] Built target arduino_publisher
[0.172s] Invoked command in '/home/theo/ros2_workspace/build/my_package' returned '0': CMAKE_PREFIX_PATH=${CMAKE_PREFIX_PATH}:/home/theo/colcon_ws/install/autonomous_tb3:/opt/ros/foxy /usr/bin/cmake --build /home/theo/ros2_workspace/build/my_package -- -j12 -l12
[0.193s] Invoking command in '/home/theo/ros2_workspace/build/my_package': CMAKE_PREFIX_PATH=${CMAKE_PREFIX_PATH}:/home/theo/colcon_ws/install/autonomous_tb3:/opt/ros/foxy /usr/bin/cmake --install /home/theo/ros2_workspace/build/my_package
[0.200s] -- Install configuration: ""
[0.200s] -- Installing: /home/theo/ros2_workspace/install/my_package/lib/my_package/arduino_publisher
[0.200s] -- Up-to-date: /home/theo/ros2_workspace/install/my_package/share/ament_index/resource_index/package_run_dependencies/my_package
[0.200s] -- Up-to-date: /home/theo/ros2_workspace/install/my_package/share/ament_index/resource_index/parent_prefix_path/my_package
[0.201s] -- Up-to-date: /home/theo/ros2_workspace/install/my_package/share/my_package/environment/ament_prefix_path.sh
[0.201s] -- Up-to-date: /home/theo/ros2_workspace/install/my_package/share/my_package/environment/ament_prefix_path.dsv
[0.201s] -- Up-to-date: /home/theo/ros2_workspace/install/my_package/share/my_package/environment/path.sh
[0.201s] -- Up-to-date: /home/theo/ros2_workspace/install/my_package/share/my_package/environment/path.dsv
[0.201s] -- Up-to-date: /home/theo/ros2_workspace/install/my_package/share/my_package/local_setup.bash
[0.201s] -- Up-to-date: /home/theo/ros2_workspace/install/my_package/share/my_package/local_setup.sh
[0.201s] -- Up-to-date: /home/theo/ros2_workspace/install/my_package/share/my_package/local_setup.zsh
[0.201s] -- Up-to-date: /home/theo/ros2_workspace/install/my_package/share/my_package/local_setup.dsv
[0.201s] -- Installing: /home/theo/ros2_workspace/install/my_package/share/my_package/package.dsv
[0.201s] -- Up-to-date: /home/theo/ros2_workspace/install/my_package/share/ament_index/resource_index/packages/my_package
[0.201s] -- Up-to-date: /home/theo/ros2_workspace/install/my_package/share/my_package/cmake/my_packageConfig.cmake
[0.201s] -- Up-to-date: /home/theo/ros2_workspace/install/my_package/share/my_package/cmake/my_packageConfig-version.cmake
[0.201s] -- Up-to-date: /home/theo/ros2_workspace/install/my_package/share/my_package/package.xml
[0.206s] Invoked command in '/home/theo/ros2_workspace/build/my_package' returned '0': CMAKE_PREFIX_PATH=${CMAKE_PREFIX_PATH}:/home/theo/colcon_ws/install/autonomous_tb3:/opt/ros/foxy /usr/bin/cmake --install /home/theo/ros2_workspace/build/my_package
