[0.015s] Invoking command in '/home/imjunhyung/turtlebot3_ws/build/turtlebot3_cartographer': /usr/bin/cmake --build /home/imjunhyung/turtlebot3_ws/build/turtlebot3_cartographer -- -j8 -l8
[0.072s] Invoked command in '/home/imjunhyung/turtlebot3_ws/build/turtlebot3_cartographer' returned '0': /usr/bin/cmake --build /home/imjunhyung/turtlebot3_ws/build/turtlebot3_cartographer -- -j8 -l8
[0.099s] Invoking command in '/home/imjunhyung/turtlebot3_ws/build/turtlebot3_cartographer': /usr/bin/cmake --install /home/imjunhyung/turtlebot3_ws/build/turtlebot3_cartographer
[0.110s] -- Install configuration: ""
[0.110s] -- Execute custom install script
[0.111s] -- Up-to-date symlink: /home/imjunhyung/turtlebot3_ws/install/turtlebot3_cartographer/share/turtlebot3_cartographer/config/turtlebot3_lds_2d.lua
[0.111s] -- Up-to-date symlink: /home/imjunhyung/turtlebot3_ws/install/turtlebot3_cartographer/share/turtlebot3_cartographer/launch/cartographer.launch.py
[0.112s] -- Up-to-date symlink: /home/imjunhyung/turtlebot3_ws/install/turtlebot3_cartographer/share/turtlebot3_cartographer/launch/occupancy_grid.launch.py
[0.112s] -- Up-to-date symlink: /home/imjunhyung/turtlebot3_ws/install/turtlebot3_cartographer/share/turtlebot3_cartographer/rviz/tb3_cartographer.rviz
[0.112s] -- Up-to-date symlink: /home/imjunhyung/turtlebot3_ws/install/turtlebot3_cartographer/share/ament_index/resource_index/package_run_dependencies/turtlebot3_cartographer
[0.113s] -- Up-to-date symlink: /home/imjunhyung/turtlebot3_ws/install/turtlebot3_cartographer/share/ament_index/resource_index/parent_prefix_path/turtlebot3_cartographer
[0.113s] -- Up-to-date symlink: /home/imjunhyung/turtlebot3_ws/install/turtlebot3_cartographer/share/turtlebot3_cartographer/environment/ament_prefix_path.sh
[0.114s] -- Up-to-date symlink: /home/imjunhyung/turtlebot3_ws/install/turtlebot3_cartographer/share/turtlebot3_cartographer/environment/ament_prefix_path.dsv
[0.114s] -- Up-to-date symlink: /home/imjunhyung/turtlebot3_ws/install/turtlebot3_cartographer/share/turtlebot3_cartographer/environment/path.sh
[0.115s] -- Up-to-date symlink: /home/imjunhyung/turtlebot3_ws/install/turtlebot3_cartographer/share/turtlebot3_cartographer/environment/path.dsv
[0.115s] -- Up-to-date symlink: /home/imjunhyung/turtlebot3_ws/install/turtlebot3_cartographer/share/turtlebot3_cartographer/local_setup.bash
[0.115s] -- Up-to-date symlink: /home/imjunhyung/turtlebot3_ws/install/turtlebot3_cartographer/share/turtlebot3_cartographer/local_setup.sh
[0.116s] -- Up-to-date symlink: /home/imjunhyung/turtlebot3_ws/install/turtlebot3_cartographer/share/turtlebot3_cartographer/local_setup.zsh
[0.116s] -- Up-to-date symlink: /home/imjunhyung/turtlebot3_ws/install/turtlebot3_cartographer/share/turtlebot3_cartographer/local_setup.dsv
[0.116s] -- Symlinking: /home/imjunhyung/turtlebot3_ws/install/turtlebot3_cartographer/share/turtlebot3_cartographer/package.dsv
[0.130s] -- Up-to-date symlink: /home/imjunhyung/turtlebot3_ws/install/turtlebot3_cartographer/share/ament_index/resource_index/packages/turtlebot3_cartographer
[0.130s] -- Up-to-date symlink: /home/imjunhyung/turtlebot3_ws/install/turtlebot3_cartographer/share/turtlebot3_cartographer/cmake/turtlebot3_cartographerConfig.cmake
[0.131s] -- Up-to-date symlink: /home/imjunhyung/turtlebot3_ws/install/turtlebot3_cartographer/share/turtlebot3_cartographer/cmake/turtlebot3_cartographerConfig-version.cmake
[0.131s] -- Up-to-date symlink: /home/imjunhyung/turtlebot3_ws/install/turtlebot3_cartographer/share/turtlebot3_cartographer/package.xml
[0.138s] Invoked command in '/home/imjunhyung/turtlebot3_ws/build/turtlebot3_cartographer' returned '0': /usr/bin/cmake --install /home/imjunhyung/turtlebot3_ws/build/turtlebot3_cartographer
