[1.031s] Invoking command in '/home/theo/ros2_workspace/build/py_pubsub': PYTHONPATH=/home/theo/ros2_workspace/build/py_pubsub/prefix_override:/home/theo/ros2_workspace/install/py_pubsub/lib/python3.8/site-packages:${PYTHONPATH} /usr/bin/python3 setup.py develop --editable --build-directory /home/theo/ros2_workspace/build/py_pubsub/build --no-deps install_data
[1.257s] running develop
[1.411s] running egg_info
[1.411s] creating py_pubsub.egg-info
[1.412s] writing py_pubsub.egg-info/PKG-INFO
[1.412s] writing dependency_links to py_pubsub.egg-info/dependency_links.txt
[1.412s] writing entry points to py_pubsub.egg-info/entry_points.txt
[1.412s] writing requirements to py_pubsub.egg-info/requires.txt
[1.412s] writing top-level names to py_pubsub.egg-info/top_level.txt
[1.414s] writing manifest file 'py_pubsub.egg-info/SOURCES.txt'
[1.440s] reading manifest file 'py_pubsub.egg-info/SOURCES.txt'
[1.441s] writing manifest file 'py_pubsub.egg-info/SOURCES.txt'
[1.469s] running build_ext
[1.470s] Creating /home/theo/ros2_workspace/install/py_pubsub/lib/python3.8/site-packages/site.py
[1.471s] Creating /home/theo/ros2_workspace/install/py_pubsub/lib/python3.8/site-packages/py-pubsub.egg-link (link to .)
[1.472s] Installing listener script to /home/theo/ros2_workspace/install/py_pubsub/lib/py_pubsub
[1.472s] Installing talker script to /home/theo/ros2_workspace/install/py_pubsub/lib/py_pubsub
[1.473s] 
[1.473s] Installed /home/theo/ros2_workspace/build/py_pubsub
[1.473s] running install_data
[1.473s] creating /home/theo/ros2_workspace/install/py_pubsub/share/ament_index
[1.473s] creating /home/theo/ros2_workspace/install/py_pubsub/share/ament_index/resource_index
[1.473s] creating /home/theo/ros2_workspace/install/py_pubsub/share/ament_index/resource_index/packages
[1.473s] copying resource/py_pubsub -> /home/theo/ros2_workspace/install/py_pubsub/share/ament_index/resource_index/packages
[1.473s] copying package.xml -> /home/theo/ros2_workspace/install/py_pubsub/share/py_pubsub
[1.502s] Invoked command in '/home/theo/ros2_workspace/build/py_pubsub' returned '0': PYTHONPATH=/home/theo/ros2_workspace/build/py_pubsub/prefix_override:/home/theo/ros2_workspace/install/py_pubsub/lib/python3.8/site-packages:${PYTHONPATH} /usr/bin/python3 setup.py develop --editable --build-directory /home/theo/ros2_workspace/build/py_pubsub/build --no-deps install_data
