[0.118s] Invoking command in '/home/imjunhyung/turtlebot3_ws/build/turtlebot3_description': CMAKE_PREFIX_PATH=${CMAKE_PREFIX_PATH}:/opt/ros/foxy /home/imjunhyung/.local/bin/cmake /home/imjunhyung/turtlebot3_ws/src/turtlebot3/turtlebot3_description -DCMAKE_INSTALL_PREFIX=/home/imjunhyung/turtlebot3_ws/install/turtlebot3_description
[1.599s] -- The C compiler identification is GNU 9.4.0
[1.600s] -- The CXX compiler identification is GNU 9.4.0
[1.603s] -- Detecting C compiler ABI info
[1.603s] -- Detecting C compiler ABI info - done
[1.603s] -- Check for working C compiler: /usr/bin/cc - skipped
[1.604s] -- Detecting C compile features
[1.605s] -- Detecting C compile features - done
[1.605s] -- Detecting CXX compiler ABI info
[1.606s] -- Detecting CXX compiler ABI info - done
[1.607s] -- Check for working CXX compiler: /usr/bin/c++ - skipped
[1.607s] -- Detecting CXX compile features
[1.609s] -- Detecting CXX compile features - done
[1.613s] -- Found ament_cmake: 0.9.12 (/opt/ros/foxy/share/ament_cmake/cmake)
[1.615s] -- Found PythonInterp: /usr/bin/python3 (found suitable version "3.8.10", minimum required is "3") 
[1.618s] -- Using PYTHON_EXECUTABLE: /usr/bin/python3
[1.619s] -- Found urdf: 2.4.0 (/opt/ros/foxy/share/urdf/cmake)
[1.620s] -- Configuring done (1.2s)
[1.620s] -- Generating done (0.0s)
[1.620s] -- Build files have been written to: /home/imjunhyung/turtlebot3_ws/build/turtlebot3_description
[1.646s] Invoked command in '/home/imjunhyung/turtlebot3_ws/build/turtlebot3_description' returned '0': CMAKE_PREFIX_PATH=${CMAKE_PREFIX_PATH}:/opt/ros/foxy /home/imjunhyung/.local/bin/cmake /home/imjunhyung/turtlebot3_ws/src/turtlebot3/turtlebot3_description -DCMAKE_INSTALL_PREFIX=/home/imjunhyung/turtlebot3_ws/install/turtlebot3_description
[1.648s] Invoking command in '/home/imjunhyung/turtlebot3_ws/build/turtlebot3_description': CMAKE_PREFIX_PATH=${CMAKE_PREFIX_PATH}:/opt/ros/foxy /home/imjunhyung/.local/bin/cmake --build /home/imjunhyung/turtlebot3_ws/build/turtlebot3_description -- -j8 -l8
[1.703s] Invoked command in '/home/imjunhyung/turtlebot3_ws/build/turtlebot3_description' returned '0': CMAKE_PREFIX_PATH=${CMAKE_PREFIX_PATH}:/opt/ros/foxy /home/imjunhyung/.local/bin/cmake --build /home/imjunhyung/turtlebot3_ws/build/turtlebot3_description -- -j8 -l8
[1.893s] Invoking command in '/home/imjunhyung/turtlebot3_ws/build/turtlebot3_description': CMAKE_PREFIX_PATH=${CMAKE_PREFIX_PATH}:/opt/ros/foxy /home/imjunhyung/.local/bin/cmake --install /home/imjunhyung/turtlebot3_ws/build/turtlebot3_description
[1.953s] -- Install configuration: ""
[1.953s] -- Installing: /home/imjunhyung/turtlebot3_ws/install/turtlebot3_description/share/turtlebot3_description/meshes
[1.954s] -- Installing: /home/imjunhyung/turtlebot3_ws/install/turtlebot3_description/share/turtlebot3_description/meshes/bases
[1.954s] -- Installing: /home/imjunhyung/turtlebot3_ws/install/turtlebot3_description/share/turtlebot3_description/meshes/bases/waffle_pi_base.stl
[1.969s] -- Installing: /home/imjunhyung/turtlebot3_ws/install/turtlebot3_description/share/turtlebot3_description/meshes/bases/waffle_base.stl
[2.006s] -- Installing: /home/imjunhyung/turtlebot3_ws/install/turtlebot3_description/share/turtlebot3_description/meshes/bases/burger_base.stl
[2.010s] -- Installing: /home/imjunhyung/turtlebot3_ws/install/turtlebot3_description/share/turtlebot3_description/meshes/wheels
[2.010s] -- Installing: /home/imjunhyung/turtlebot3_ws/install/turtlebot3_description/share/turtlebot3_description/meshes/wheels/right_tire.stl
[2.016s] -- Installing: /home/imjunhyung/turtlebot3_ws/install/turtlebot3_description/share/turtlebot3_description/meshes/wheels/left_tire.stl
[2.017s] -- Installing: /home/imjunhyung/turtlebot3_ws/install/turtlebot3_description/share/turtlebot3_description/meshes/sensors
[2.017s] -- Installing: /home/imjunhyung/turtlebot3_ws/install/turtlebot3_description/share/turtlebot3_description/meshes/sensors/lds.stl
[2.018s] -- Installing: /home/imjunhyung/turtlebot3_ws/install/turtlebot3_description/share/turtlebot3_description/meshes/sensors/astra.jpg
[2.018s] -- Installing: /home/imjunhyung/turtlebot3_ws/install/turtlebot3_description/share/turtlebot3_description/meshes/sensors/astra.dae
[2.035s] -- Installing: /home/imjunhyung/turtlebot3_ws/install/turtlebot3_description/share/turtlebot3_description/meshes/sensors/r200.dae
[2.037s] -- Installing: /home/imjunhyung/turtlebot3_ws/install/turtlebot3_description/share/turtlebot3_description/meshes/sensors/r200.jpg
[2.037s] -- Installing: /home/imjunhyung/turtlebot3_ws/install/turtlebot3_description/share/turtlebot3_description/rviz
[2.037s] -- Installing: /home/imjunhyung/turtlebot3_ws/install/turtlebot3_description/share/turtlebot3_description/rviz/model.rviz
[2.037s] -- Installing: /home/imjunhyung/turtlebot3_ws/install/turtlebot3_description/share/turtlebot3_description/urdf
[2.038s] -- Installing: /home/imjunhyung/turtlebot3_ws/install/turtlebot3_description/share/turtlebot3_description/urdf/turtlebot3_waffle_pi.urdf
[2.038s] -- Installing: /home/imjunhyung/turtlebot3_ws/install/turtlebot3_description/share/turtlebot3_description/urdf/turtlebot3_waffle.urdf
[2.038s] -- Installing: /home/imjunhyung/turtlebot3_ws/install/turtlebot3_description/share/turtlebot3_description/urdf/common_properties.urdf
[2.038s] -- Installing: /home/imjunhyung/turtlebot3_ws/install/turtlebot3_description/share/turtlebot3_description/urdf/turtlebot3_burger.urdf
[2.039s] -- Installing: /home/imjunhyung/turtlebot3_ws/install/turtlebot3_description/share/ament_index/resource_index/package_run_dependencies/turtlebot3_description
[2.039s] -- Installing: /home/imjunhyung/turtlebot3_ws/install/turtlebot3_description/share/ament_index/resource_index/parent_prefix_path/turtlebot3_description
[2.039s] -- Installing: /home/imjunhyung/turtlebot3_ws/install/turtlebot3_description/share/turtlebot3_description/environment/ament_prefix_path.sh
[2.040s] -- Installing: /home/imjunhyung/turtlebot3_ws/install/turtlebot3_description/share/turtlebot3_description/environment/ament_prefix_path.dsv
[2.040s] -- Installing: /home/imjunhyung/turtlebot3_ws/install/turtlebot3_description/share/turtlebot3_description/environment/path.sh
[2.040s] -- Installing: /home/imjunhyung/turtlebot3_ws/install/turtlebot3_description/share/turtlebot3_description/environment/path.dsv
[2.040s] -- Installing: /home/imjunhyung/turtlebot3_ws/install/turtlebot3_description/share/turtlebot3_description/local_setup.bash
[2.041s] -- Installing: /home/imjunhyung/turtlebot3_ws/install/turtlebot3_description/share/turtlebot3_description/local_setup.sh
[2.041s] -- Installing: /home/imjunhyung/turtlebot3_ws/install/turtlebot3_description/share/turtlebot3_description/local_setup.zsh
[2.041s] -- Installing: /home/imjunhyung/turtlebot3_ws/install/turtlebot3_description/share/turtlebot3_description/local_setup.dsv
[2.041s] -- Installing: /home/imjunhyung/turtlebot3_ws/install/turtlebot3_description/share/turtlebot3_description/package.dsv
[2.042s] -- Installing: /home/imjunhyung/turtlebot3_ws/install/turtlebot3_description/share/ament_index/resource_index/packages/turtlebot3_description
[2.042s] -- Installing: /home/imjunhyung/turtlebot3_ws/install/turtlebot3_description/share/turtlebot3_description/cmake/turtlebot3_descriptionConfig.cmake
[2.044s] -- Installing: /home/imjunhyung/turtlebot3_ws/install/turtlebot3_description/share/turtlebot3_description/cmake/turtlebot3_descriptionConfig-version.cmake
[2.044s] -- Installing: /home/imjunhyung/turtlebot3_ws/install/turtlebot3_description/share/turtlebot3_description/package.xml
[2.063s] Invoked command in '/home/imjunhyung/turtlebot3_ws/build/turtlebot3_description' returned '0': CMAKE_PREFIX_PATH=${CMAKE_PREFIX_PATH}:/opt/ros/foxy /home/imjunhyung/.local/bin/cmake --install /home/imjunhyung/turtlebot3_ws/build/turtlebot3_description
