[0.529s] Invoking command in '/home/imjunhyung/turtlebot3_ws/build/turtlebot3_fake_node': CMAKE_PREFIX_PATH=${CMAKE_PREFIX_PATH}:/opt/ros/foxy /home/imjunhyung/.local/bin/cmake /home/imjunhyung/turtlebot3_ws/src/turtlebot3_simulations/turtlebot3_fake_node -DCMAKE_INSTALL_PREFIX=/home/imjunhyung/turtlebot3_ws/install/turtlebot3_fake_node
[1.647s] -- The C compiler identification is GNU 9.4.0
[1.647s] -- The CXX compiler identification is GNU 9.4.0
[1.647s] -- Detecting C compiler ABI info
[1.648s] -- Detecting C compiler ABI info - done
[1.648s] -- Check for working C compiler: /usr/bin/cc - skipped
[1.648s] -- Detecting C compile features
[1.648s] -- Detecting C compile features - done
[1.648s] -- Detecting CXX compiler ABI info
[1.648s] -- Detecting CXX compiler ABI info - done
[1.649s] -- Check for working CXX compiler: /usr/bin/c++ - skipped
[1.649s] -- Detecting CXX compile features
[1.649s] -- Detecting CXX compile features - done
[1.649s] -- Found ament_cmake: 0.9.12 (/opt/ros/foxy/share/ament_cmake/cmake)
[1.649s] -- Found PythonInterp: /usr/bin/python3 (found suitable version "3.8.10", minimum required is "3") 
[1.650s] -- Using PYTHON_EXECUTABLE: /usr/bin/python3
[1.650s] -- Found geometry_msgs: 2.0.5 (/opt/ros/foxy/share/geometry_msgs/cmake)
[1.659s] -- Using all available rosidl_typesupport_c: rosidl_typesupport_fastrtps_c;rosidl_typesupport_introspection_c
[1.659s] -- Found rosidl_adapter: 1.3.1 (/opt/ros/foxy/share/rosidl_adapter/cmake)
[1.829s] -- Found OpenSSL: /usr/lib/x86_64-linux-gnu/libcrypto.so (found version "1.1.1f")  
[1.893s] -- Found FastRTPS: /opt/ros/foxy/include  
[2.089s] -- Using all available rosidl_typesupport_cpp: rosidl_typesupport_fastrtps_cpp;rosidl_typesupport_introspection_cpp
[2.342s] -- Found nav_msgs: 2.0.5 (/opt/ros/foxy/share/nav_msgs/cmake)
[2.530s] -- Found rclcpp: 2.4.3 (/opt/ros/foxy/share/rclcpp/cmake)
[2.652s] -- Found rmw_implementation_cmake: 1.0.4 (/opt/ros/foxy/share/rmw_implementation_cmake/cmake)
[2.656s] -- Using RMW implementation 'rmw_fastrtps_cpp' as default
[2.658s] -- Performing Test CMAKE_HAVE_LIBC_PTHREAD
[2.784s] -- Performing Test CMAKE_HAVE_LIBC_PTHREAD - Failed
[2.784s] -- Looking for pthread_create in pthreads
[2.855s] -- Looking for pthread_create in pthreads - not found
[2.855s] -- Looking for pthread_create in pthread
[2.963s] -- Looking for pthread_create in pthread - found
[2.967s] -- Found Threads: TRUE  
[3.367s] -- Found sensor_msgs: 2.0.5 (/opt/ros/foxy/share/sensor_msgs/cmake)
[3.577s] -- Found tf2: 0.13.14 (/opt/ros/foxy/share/tf2/cmake)
[3.608s] -- Found tf2_msgs: 0.13.14 (/opt/ros/foxy/share/tf2_msgs/cmake)
[4.123s] -- Found turtlebot3_msgs: 2.2.1 (/opt/ros/foxy/share/turtlebot3_msgs/cmake)
[4.462s] -- Configuring done (3.9s)
[4.482s] -- Generating done (0.0s)
[4.485s] -- Build files have been written to: /home/imjunhyung/turtlebot3_ws/build/turtlebot3_fake_node
[4.730s] Invoked command in '/home/imjunhyung/turtlebot3_ws/build/turtlebot3_fake_node' returned '0': CMAKE_PREFIX_PATH=${CMAKE_PREFIX_PATH}:/opt/ros/foxy /home/imjunhyung/.local/bin/cmake /home/imjunhyung/turtlebot3_ws/src/turtlebot3_simulations/turtlebot3_fake_node -DCMAKE_INSTALL_PREFIX=/home/imjunhyung/turtlebot3_ws/install/turtlebot3_fake_node
[4.733s] Invoking command in '/home/imjunhyung/turtlebot3_ws/build/turtlebot3_fake_node': CMAKE_PREFIX_PATH=${CMAKE_PREFIX_PATH}:/opt/ros/foxy /home/imjunhyung/.local/bin/cmake --build /home/imjunhyung/turtlebot3_ws/build/turtlebot3_fake_node -- -j8 -l8
[4.818s] [ 50%] [32mBuilding CXX object CMakeFiles/turtlebot3_fake_node.dir/src/turtlebot3_fake_node.cpp.o[0m
[24.678s] [100%] [32m[1mLinking CXX executable turtlebot3_fake_node[0m
[25.486s] [100%] Built target turtlebot3_fake_node
[25.499s] Invoked command in '/home/imjunhyung/turtlebot3_ws/build/turtlebot3_fake_node' returned '0': CMAKE_PREFIX_PATH=${CMAKE_PREFIX_PATH}:/opt/ros/foxy /home/imjunhyung/.local/bin/cmake --build /home/imjunhyung/turtlebot3_ws/build/turtlebot3_fake_node -- -j8 -l8
[25.584s] Invoking command in '/home/imjunhyung/turtlebot3_ws/build/turtlebot3_fake_node': CMAKE_PREFIX_PATH=${CMAKE_PREFIX_PATH}:/opt/ros/foxy /home/imjunhyung/.local/bin/cmake --install /home/imjunhyung/turtlebot3_ws/build/turtlebot3_fake_node
[25.630s] -- Install configuration: ""
[25.630s] -- Installing: /home/imjunhyung/turtlebot3_ws/install/turtlebot3_fake_node/lib/turtlebot3_fake_node/turtlebot3_fake_node
[25.635s] -- Set runtime path of "/home/imjunhyung/turtlebot3_ws/install/turtlebot3_fake_node/lib/turtlebot3_fake_node/turtlebot3_fake_node" to ""
[25.635s] -- Installing: /home/imjunhyung/turtlebot3_ws/install/turtlebot3_fake_node/share/turtlebot3_fake_node/launch
[25.636s] -- Installing: /home/imjunhyung/turtlebot3_ws/install/turtlebot3_fake_node/share/turtlebot3_fake_node/launch/turtlebot3_fake_node.launch.py
[25.636s] -- Installing: /home/imjunhyung/turtlebot3_ws/install/turtlebot3_fake_node/share/turtlebot3_fake_node/launch/rviz2.launch.py
[25.636s] -- Installing: /home/imjunhyung/turtlebot3_ws/install/turtlebot3_fake_node/share/turtlebot3_fake_node/param
[25.637s] -- Installing: /home/imjunhyung/turtlebot3_ws/install/turtlebot3_fake_node/share/turtlebot3_fake_node/param/waffle_pi.yaml
[25.637s] -- Installing: /home/imjunhyung/turtlebot3_ws/install/turtlebot3_fake_node/share/turtlebot3_fake_node/param/burger.yaml
[25.637s] -- Installing: /home/imjunhyung/turtlebot3_ws/install/turtlebot3_fake_node/share/turtlebot3_fake_node/param/waffle.yaml
[25.638s] -- Installing: /home/imjunhyung/turtlebot3_ws/install/turtlebot3_fake_node/share/turtlebot3_fake_node/rviz
[25.638s] -- Installing: /home/imjunhyung/turtlebot3_ws/install/turtlebot3_fake_node/share/turtlebot3_fake_node/rviz/model.rviz
[25.638s] -- Installing: /home/imjunhyung/turtlebot3_ws/install/turtlebot3_fake_node/include/
[25.638s] -- Installing: /home/imjunhyung/turtlebot3_ws/install/turtlebot3_fake_node/include//turtlebot3_fake_node
[25.639s] -- Installing: /home/imjunhyung/turtlebot3_ws/install/turtlebot3_fake_node/include//turtlebot3_fake_node/turtlebot3_fake_node.hpp
[25.639s] -- Installing: /home/imjunhyung/turtlebot3_ws/install/turtlebot3_fake_node/share/ament_index/resource_index/package_run_dependencies/turtlebot3_fake_node
[25.639s] -- Installing: /home/imjunhyung/turtlebot3_ws/install/turtlebot3_fake_node/share/ament_index/resource_index/parent_prefix_path/turtlebot3_fake_node
[25.640s] -- Installing: /home/imjunhyung/turtlebot3_ws/install/turtlebot3_fake_node/share/turtlebot3_fake_node/environment/ament_prefix_path.sh
[25.640s] -- Installing: /home/imjunhyung/turtlebot3_ws/install/turtlebot3_fake_node/share/turtlebot3_fake_node/environment/ament_prefix_path.dsv
[25.640s] -- Installing: /home/imjunhyung/turtlebot3_ws/install/turtlebot3_fake_node/share/turtlebot3_fake_node/environment/path.sh
[25.641s] -- Installing: /home/imjunhyung/turtlebot3_ws/install/turtlebot3_fake_node/share/turtlebot3_fake_node/environment/path.dsv
[25.641s] -- Installing: /home/imjunhyung/turtlebot3_ws/install/turtlebot3_fake_node/share/turtlebot3_fake_node/local_setup.bash
[25.641s] -- Installing: /home/imjunhyung/turtlebot3_ws/install/turtlebot3_fake_node/share/turtlebot3_fake_node/local_setup.sh
[25.642s] -- Installing: /home/imjunhyung/turtlebot3_ws/install/turtlebot3_fake_node/share/turtlebot3_fake_node/local_setup.zsh
[25.643s] -- Installing: /home/imjunhyung/turtlebot3_ws/install/turtlebot3_fake_node/share/turtlebot3_fake_node/local_setup.dsv
[25.643s] -- Installing: /home/imjunhyung/turtlebot3_ws/install/turtlebot3_fake_node/share/turtlebot3_fake_node/package.dsv
[25.643s] -- Installing: /home/imjunhyung/turtlebot3_ws/install/turtlebot3_fake_node/share/ament_index/resource_index/packages/turtlebot3_fake_node
[25.644s] -- Installing: /home/imjunhyung/turtlebot3_ws/install/turtlebot3_fake_node/share/turtlebot3_fake_node/cmake/ament_cmake_export_include_directories-extras.cmake
[25.644s] -- Installing: /home/imjunhyung/turtlebot3_ws/install/turtlebot3_fake_node/share/turtlebot3_fake_node/cmake/ament_cmake_export_dependencies-extras.cmake
[25.644s] -- Installing: /home/imjunhyung/turtlebot3_ws/install/turtlebot3_fake_node/share/turtlebot3_fake_node/cmake/turtlebot3_fake_nodeConfig.cmake
[25.645s] -- Installing: /home/imjunhyung/turtlebot3_ws/install/turtlebot3_fake_node/share/turtlebot3_fake_node/cmake/turtlebot3_fake_nodeConfig-version.cmake
[25.645s] -- Installing: /home/imjunhyung/turtlebot3_ws/install/turtlebot3_fake_node/share/turtlebot3_fake_node/package.xml
[25.658s] Invoked command in '/home/imjunhyung/turtlebot3_ws/build/turtlebot3_fake_node' returned '0': CMAKE_PREFIX_PATH=${CMAKE_PREFIX_PATH}:/opt/ros/foxy /home/imjunhyung/.local/bin/cmake --install /home/imjunhyung/turtlebot3_ws/build/turtlebot3_fake_node
