[2.113s] Invoking command in '/home/imjunhyung/turtlebot3_ws/src/motor': PYTHONPATH=/home/imjunhyung/turtlebot3_ws/build/motor/prefix_override:/home/imjunhyung/turtlebot3_ws/install/motor/lib/python3.8/site-packages:${PYTHONPATH} /usr/bin/python3 setup.py egg_info --egg-base ../../build/motor build --build-base /home/imjunhyung/turtlebot3_ws/build/motor/build install --record /home/imjunhyung/turtlebot3_ws/build/motor/install.log --install-scripts $base/lib/motor --single-version-externally-managed
[2.547s] running egg_info
[2.548s] creating ../../build/motor/motor.egg-info
[2.548s] writing ../../build/motor/motor.egg-info/PKG-INFO
[2.549s] writing dependency_links to ../../build/motor/motor.egg-info/dependency_links.txt
[2.549s] writing entry points to ../../build/motor/motor.egg-info/entry_points.txt
[2.549s] writing requirements to ../../build/motor/motor.egg-info/requires.txt
[2.549s] writing top-level names to ../../build/motor/motor.egg-info/top_level.txt
[2.551s] writing manifest file '../../build/motor/motor.egg-info/SOURCES.txt'
[2.700s] reading manifest file '../../build/motor/motor.egg-info/SOURCES.txt'
[2.701s] writing manifest file '../../build/motor/motor.egg-info/SOURCES.txt'
[2.701s] running build
[2.702s] running build_py
[2.702s] creating /home/imjunhyung/turtlebot3_ws/build/motor/build
[2.702s] creating /home/imjunhyung/turtlebot3_ws/build/motor/build/lib
[2.702s] creating /home/imjunhyung/turtlebot3_ws/build/motor/build/lib/motor
[2.702s] copying motor/motor.py -> /home/imjunhyung/turtlebot3_ws/build/motor/build/lib/motor
[2.725s] copying motor/__init__.py -> /home/imjunhyung/turtlebot3_ws/build/motor/build/lib/motor
[2.726s] running install
[2.727s] running install_lib
[2.728s] creating /home/imjunhyung/turtlebot3_ws/install/motor/lib/python3.8/site-packages/motor
[2.728s] copying /home/imjunhyung/turtlebot3_ws/build/motor/build/lib/motor/motor.py -> /home/imjunhyung/turtlebot3_ws/install/motor/lib/python3.8/site-packages/motor
[2.728s] copying /home/imjunhyung/turtlebot3_ws/build/motor/build/lib/motor/__init__.py -> /home/imjunhyung/turtlebot3_ws/install/motor/lib/python3.8/site-packages/motor
[2.729s] byte-compiling /home/imjunhyung/turtlebot3_ws/install/motor/lib/python3.8/site-packages/motor/motor.py to motor.cpython-38.pyc
[2.731s] byte-compiling /home/imjunhyung/turtlebot3_ws/install/motor/lib/python3.8/site-packages/motor/__init__.py to __init__.cpython-38.pyc
[2.732s] running install_data
[2.733s] creating /home/imjunhyung/turtlebot3_ws/install/motor/share/ament_index
[2.733s] creating /home/imjunhyung/turtlebot3_ws/install/motor/share/ament_index/resource_index
[2.733s] creating /home/imjunhyung/turtlebot3_ws/install/motor/share/ament_index/resource_index/packages
[2.733s] copying resource/motor -> /home/imjunhyung/turtlebot3_ws/install/motor/share/ament_index/resource_index/packages
[2.734s] copying package.xml -> /home/imjunhyung/turtlebot3_ws/install/motor/share/motor
[2.734s] running install_egg_info
[2.737s] Copying ../../build/motor/motor.egg-info to /home/imjunhyung/turtlebot3_ws/install/motor/lib/python3.8/site-packages/motor-0.0.0-py3.8.egg-info
[2.739s] running install_scripts
[2.764s] Installing motor script to /home/imjunhyung/turtlebot3_ws/install/motor/lib/motor
[2.764s] writing list of installed files to '/home/imjunhyung/turtlebot3_ws/build/motor/install.log'
[2.800s] Invoked command in '/home/imjunhyung/turtlebot3_ws/src/motor' returned '0': PYTHONPATH=/home/imjunhyung/turtlebot3_ws/build/motor/prefix_override:/home/imjunhyung/turtlebot3_ws/install/motor/lib/python3.8/site-packages:${PYTHONPATH} /usr/bin/python3 setup.py egg_info --egg-base ../../build/motor build --build-base /home/imjunhyung/turtlebot3_ws/build/motor/build install --record /home/imjunhyung/turtlebot3_ws/build/motor/install.log --install-scripts $base/lib/motor --single-version-externally-managed
