[2.226s] Invoking command in '/home/imjunhyung/turtlebot3_ws/src/motor': PYTHONPATH=/home/imjunhyung/turtlebot3_ws/build/motor/prefix_override:/home/imjunhyung/turtlebot3_ws/install/motor/lib/python3.8/site-packages:${PYTHONPATH} /usr/bin/python3 setup.py egg_info --egg-base ../../build/motor build --build-base /home/imjunhyung/turtlebot3_ws/build/motor/build install --record /home/imjunhyung/turtlebot3_ws/build/motor/install.log --install-scripts $base/lib/motor --single-version-externally-managed
[2.860s] running egg_info
[2.861s] writing ../../build/motor/motor.egg-info/PKG-INFO
[2.882s] writing dependency_links to ../../build/motor/motor.egg-info/dependency_links.txt
[2.882s] writing entry points to ../../build/motor/motor.egg-info/entry_points.txt
[2.882s] writing requirements to ../../build/motor/motor.egg-info/requires.txt
[2.882s] writing top-level names to ../../build/motor/motor.egg-info/top_level.txt
[2.964s] reading manifest file '../../build/motor/motor.egg-info/SOURCES.txt'
[2.965s] writing manifest file '../../build/motor/motor.egg-info/SOURCES.txt'
[2.965s] running build
[2.965s] running build_py
[2.968s] copying motor/motor.py -> /home/imjunhyung/turtlebot3_ws/build/motor/build/lib/motor
[2.969s] running install
[2.970s] running install_lib
[2.973s] copying /home/imjunhyung/turtlebot3_ws/build/motor/build/lib/motor/motor.py -> /home/imjunhyung/turtlebot3_ws/install/motor/lib/python3.8/site-packages/motor
[2.974s] byte-compiling /home/imjunhyung/turtlebot3_ws/install/motor/lib/python3.8/site-packages/motor/motor.py to motor.cpython-38.pyc
[2.979s] running install_data
[2.980s] running install_egg_info
[2.985s] removing '/home/imjunhyung/turtlebot3_ws/install/motor/lib/python3.8/site-packages/motor-0.0.0-py3.8.egg-info' (and everything under it)
[2.985s] Copying ../../build/motor/motor.egg-info to /home/imjunhyung/turtlebot3_ws/install/motor/lib/python3.8/site-packages/motor-0.0.0-py3.8.egg-info
[2.999s] running install_scripts
[3.045s] Installing motor script to /home/imjunhyung/turtlebot3_ws/install/motor/lib/motor
[3.047s] writing list of installed files to '/home/imjunhyung/turtlebot3_ws/build/motor/install.log'
[3.103s] Invoked command in '/home/imjunhyung/turtlebot3_ws/src/motor' returned '0': PYTHONPATH=/home/imjunhyung/turtlebot3_ws/build/motor/prefix_override:/home/imjunhyung/turtlebot3_ws/install/motor/lib/python3.8/site-packages:${PYTHONPATH} /usr/bin/python3 setup.py egg_info --egg-base ../../build/motor build --build-base /home/imjunhyung/turtlebot3_ws/build/motor/build install --record /home/imjunhyung/turtlebot3_ws/build/motor/install.log --install-scripts $base/lib/motor --single-version-externally-managed
