[2.755s] Invoking command in '/home/imjunhyung/turtlebot3_ws/src/roi': PYTHONPATH=/home/imjunhyung/turtlebot3_ws/build/roi/prefix_override:/home/imjunhyung/turtlebot3_ws/install/roi/lib/python3.8/site-packages:${PYTHONPATH} /usr/bin/python3 setup.py egg_info --egg-base ../../build/roi build --build-base /home/imjunhyung/turtlebot3_ws/build/roi/build install --record /home/imjunhyung/turtlebot3_ws/build/roi/install.log --install-scripts $base/lib/roi --single-version-externally-managed
[3.806s] running egg_info
[3.807s] creating ../../build/roi/roi.egg-info
[3.808s] writing ../../build/roi/roi.egg-info/PKG-INFO
[3.808s] writing dependency_links to ../../build/roi/roi.egg-info/dependency_links.txt
[3.810s] writing entry points to ../../build/roi/roi.egg-info/entry_points.txt
[3.811s] writing requirements to ../../build/roi/roi.egg-info/requires.txt
[3.811s] writing top-level names to ../../build/roi/roi.egg-info/top_level.txt
[3.817s] writing manifest file '../../build/roi/roi.egg-info/SOURCES.txt'
[3.953s] reading manifest file '../../build/roi/roi.egg-info/SOURCES.txt'
[3.956s] writing manifest file '../../build/roi/roi.egg-info/SOURCES.txt'
[3.956s] running build
[3.957s] running build_py
[3.957s] creating /home/imjunhyung/turtlebot3_ws/build/roi/build
[3.958s] creating /home/imjunhyung/turtlebot3_ws/build/roi/build/lib
[3.958s] creating /home/imjunhyung/turtlebot3_ws/build/roi/build/lib/roi
[3.959s] copying roi/__init__.py -> /home/imjunhyung/turtlebot3_ws/build/roi/build/lib/roi
[3.959s] copying roi/roi.py -> /home/imjunhyung/turtlebot3_ws/build/roi/build/lib/roi
[3.960s] running install
[3.962s] running install_lib
[3.965s] creating /home/imjunhyung/turtlebot3_ws/install/roi/lib/python3.8/site-packages/roi
[3.966s] copying /home/imjunhyung/turtlebot3_ws/build/roi/build/lib/roi/__init__.py -> /home/imjunhyung/turtlebot3_ws/install/roi/lib/python3.8/site-packages/roi
[3.967s] copying /home/imjunhyung/turtlebot3_ws/build/roi/build/lib/roi/roi.py -> /home/imjunhyung/turtlebot3_ws/install/roi/lib/python3.8/site-packages/roi
[3.968s] byte-compiling /home/imjunhyung/turtlebot3_ws/install/roi/lib/python3.8/site-packages/roi/__init__.py to __init__.cpython-38.pyc
[3.971s] byte-compiling /home/imjunhyung/turtlebot3_ws/install/roi/lib/python3.8/site-packages/roi/roi.py to roi.cpython-38.pyc
[3.973s] running install_data
[3.974s] creating /home/imjunhyung/turtlebot3_ws/install/roi/share/ament_index
[3.975s] creating /home/imjunhyung/turtlebot3_ws/install/roi/share/ament_index/resource_index
[3.975s] creating /home/imjunhyung/turtlebot3_ws/install/roi/share/ament_index/resource_index/packages
[3.976s] copying resource/roi -> /home/imjunhyung/turtlebot3_ws/install/roi/share/ament_index/resource_index/packages
[3.976s] copying package.xml -> /home/imjunhyung/turtlebot3_ws/install/roi/share/roi
[3.977s] running install_egg_info
[3.982s] Copying ../../build/roi/roi.egg-info to /home/imjunhyung/turtlebot3_ws/install/roi/lib/python3.8/site-packages/roi-0.0.0-py3.8.egg-info
[3.984s] running install_scripts
[4.075s] Installing roi script to /home/imjunhyung/turtlebot3_ws/install/roi/lib/roi
[4.075s] writing list of installed files to '/home/imjunhyung/turtlebot3_ws/build/roi/install.log'
[4.179s] Invoked command in '/home/imjunhyung/turtlebot3_ws/src/roi' returned '0': PYTHONPATH=/home/imjunhyung/turtlebot3_ws/build/roi/prefix_override:/home/imjunhyung/turtlebot3_ws/install/roi/lib/python3.8/site-packages:${PYTHONPATH} /usr/bin/python3 setup.py egg_info --egg-base ../../build/roi build --build-base /home/imjunhyung/turtlebot3_ws/build/roi/build install --record /home/imjunhyung/turtlebot3_ws/build/roi/install.log --install-scripts $base/lib/roi --single-version-externally-managed
