[0.055s] Invoking command in '/home/imjunhyung/turtlebot3_ws/build/getpo': CMAKE_PREFIX_PATH=${CMAKE_PREFIX_PATH}:/opt/ros/foxy /home/imjunhyung/.local/bin/cmake /home/imjunhyung/turtlebot3_ws/src/getpo -DCMAKE_INSTALL_PREFIX=/home/imjunhyung/turtlebot3_ws/install/getpo
[0.251s] -- The C compiler identification is GNU 9.4.0
[0.417s] -- The CXX compiler identification is GNU 9.4.0
[0.442s] -- Detecting C compiler ABI info
[0.590s] -- Detecting C compiler ABI info - done
[0.618s] -- Check for working C compiler: /usr/bin/cc - skipped
[0.619s] -- Detecting C compile features
[0.621s] -- Detecting C compile features - done
[0.631s] -- Detecting CXX compiler ABI info
[0.848s] -- Detecting CXX compiler ABI info - done
[0.876s] -- Check for working CXX compiler: /usr/bin/c++ - skipped
[0.877s] -- Detecting CXX compile features
[0.878s] -- Detecting CXX compile features - done
[0.885s] -- Found ament_cmake: 0.9.12 (/opt/ros/foxy/share/ament_cmake/cmake)
[0.947s] -- Found PythonInterp: /usr/bin/python3 (found suitable version "3.8.10", minimum required is "3") 
[0.948s] -- Using PYTHON_EXECUTABLE: /usr/bin/python3
[1.551s] -- Found rclcpp: 2.4.3 (/opt/ros/foxy/share/rclcpp/cmake)
[1.672s] -- Using all available rosidl_typesupport_c: rosidl_typesupport_fastrtps_c;rosidl_typesupport_introspection_c
[1.691s] -- Found rosidl_adapter: 1.3.1 (/opt/ros/foxy/share/rosidl_adapter/cmake)
[1.872s] -- Found OpenSSL: /usr/lib/x86_64-linux-gnu/libcrypto.so (found version "1.1.1f")  
[1.953s] -- Found FastRTPS: /opt/ros/foxy/include  
[2.179s] -- Using all available rosidl_typesupport_cpp: rosidl_typesupport_fastrtps_cpp;rosidl_typesupport_introspection_cpp
[2.360s] -- Found rmw_implementation_cmake: 1.0.4 (/opt/ros/foxy/share/rmw_implementation_cmake/cmake)
[2.363s] -- Using RMW implementation 'rmw_fastrtps_cpp' as default
[2.365s] -- Performing Test CMAKE_HAVE_LIBC_PTHREAD
[2.471s] -- Performing Test CMAKE_HAVE_LIBC_PTHREAD - Failed
[2.472s] -- Looking for pthread_create in pthreads
[2.541s] -- Looking for pthread_create in pthreads - not found
[2.541s] -- Looking for pthread_create in pthread
[2.647s] -- Looking for pthread_create in pthread - found
[2.649s] -- Found Threads: TRUE  
[3.226s] -- Found sensor_msgs: 2.0.5 (/opt/ros/foxy/share/sensor_msgs/cmake)
[3.782s] -- Found ament_lint_auto: 0.9.8 (/opt/ros/foxy/share/ament_lint_auto/cmake)
[4.154s] -- Added test 'copyright' to check source files copyright and LICENSE
[4.158s] -- Added test 'cppcheck' to perform static code analysis on C / C++ code
[4.160s] -- Configured cppcheck include dirs: 
[4.161s] -- Configured cppcheck exclude dirs and/or files: 
[4.170s] -- Added test 'cpplint' to check C / C++ code against the Google style
[4.170s] -- Configured cpplint exclude dirs and/or files: 
[4.171s] -- Added test 'lint_cmake' to check CMake code style
[4.173s] -- Added test 'uncrustify' to check C / C++ code style
[4.173s] -- Configured uncrustify additional arguments: 
[4.179s] -- Added test 'xmllint' to check XML markup files
[4.183s] -- Configuring done (4.1s)
[4.214s] -- Generating done (0.0s)
[4.218s] -- Build files have been written to: /home/imjunhyung/turtlebot3_ws/build/getpo
[4.313s] Invoked command in '/home/imjunhyung/turtlebot3_ws/build/getpo' returned '0': CMAKE_PREFIX_PATH=${CMAKE_PREFIX_PATH}:/opt/ros/foxy /home/imjunhyung/.local/bin/cmake /home/imjunhyung/turtlebot3_ws/src/getpo -DCMAKE_INSTALL_PREFIX=/home/imjunhyung/turtlebot3_ws/install/getpo
[4.320s] Invoking command in '/home/imjunhyung/turtlebot3_ws/build/getpo': CMAKE_PREFIX_PATH=${CMAKE_PREFIX_PATH}:/opt/ros/foxy /home/imjunhyung/.local/bin/cmake --build /home/imjunhyung/turtlebot3_ws/build/getpo -- -j8 -l8
[4.613s] [ 50%] [32mBuilding CXX object CMakeFiles/getpo.dir/src/getpo.cpp.o[0m
[28.614s] [100%] [32m[1mLinking CXX executable getpo[0m
[30.318s] [100%] Built target getpo
[30.368s] Invoked command in '/home/imjunhyung/turtlebot3_ws/build/getpo' returned '0': CMAKE_PREFIX_PATH=${CMAKE_PREFIX_PATH}:/opt/ros/foxy /home/imjunhyung/.local/bin/cmake --build /home/imjunhyung/turtlebot3_ws/build/getpo -- -j8 -l8
[30.981s] Invoking command in '/home/imjunhyung/turtlebot3_ws/build/getpo': CMAKE_PREFIX_PATH=${CMAKE_PREFIX_PATH}:/opt/ros/foxy /home/imjunhyung/.local/bin/cmake --install /home/imjunhyung/turtlebot3_ws/build/getpo
[31.135s] -- Install configuration: ""
[31.136s] -- Installing: /home/imjunhyung/turtlebot3_ws/install/getpo/lib/getpo/getpo
[31.146s] -- Set runtime path of "/home/imjunhyung/turtlebot3_ws/install/getpo/lib/getpo/getpo" to ""
[31.147s] -- Installing: /home/imjunhyung/turtlebot3_ws/install/getpo/share/ament_index/resource_index/package_run_dependencies/getpo
[31.151s] -- Installing: /home/imjunhyung/turtlebot3_ws/install/getpo/share/ament_index/resource_index/parent_prefix_path/getpo
[31.152s] -- Installing: /home/imjunhyung/turtlebot3_ws/install/getpo/share/getpo/environment/ament_prefix_path.sh
[31.153s] -- Installing: /home/imjunhyung/turtlebot3_ws/install/getpo/share/getpo/environment/ament_prefix_path.dsv
[31.155s] -- Installing: /home/imjunhyung/turtlebot3_ws/install/getpo/share/getpo/environment/path.sh
[31.155s] -- Installing: /home/imjunhyung/turtlebot3_ws/install/getpo/share/getpo/environment/path.dsv
[31.156s] -- Installing: /home/imjunhyung/turtlebot3_ws/install/getpo/share/getpo/local_setup.bash
[31.157s] -- Installing: /home/imjunhyung/turtlebot3_ws/install/getpo/share/getpo/local_setup.sh
[31.162s] -- Installing: /home/imjunhyung/turtlebot3_ws/install/getpo/share/getpo/local_setup.zsh
[31.163s] -- Installing: /home/imjunhyung/turtlebot3_ws/install/getpo/share/getpo/local_setup.dsv
[31.164s] -- Installing: /home/imjunhyung/turtlebot3_ws/install/getpo/share/getpo/package.dsv
[31.165s] -- Installing: /home/imjunhyung/turtlebot3_ws/install/getpo/share/ament_index/resource_index/packages/getpo
[31.166s] -- Installing: /home/imjunhyung/turtlebot3_ws/install/getpo/share/getpo/cmake/getpoConfig.cmake
[31.167s] -- Installing: /home/imjunhyung/turtlebot3_ws/install/getpo/share/getpo/cmake/getpoConfig-version.cmake
[31.168s] -- Installing: /home/imjunhyung/turtlebot3_ws/install/getpo/share/getpo/package.xml
[31.182s] Invoked command in '/home/imjunhyung/turtlebot3_ws/build/getpo' returned '0': CMAKE_PREFIX_PATH=${CMAKE_PREFIX_PATH}:/opt/ros/foxy /home/imjunhyung/.local/bin/cmake --install /home/imjunhyung/turtlebot3_ws/build/getpo
