[3.218s] Invoking command in '/home/imjunhyung/turtlebot3_ws/src/detection': PYTHONPATH=/home/imjunhyung/turtlebot3_ws/build/detection/prefix_override:/home/imjunhyung/turtlebot3_ws/install/detection/lib/python3.8/site-packages:${PYTHONPATH} /usr/bin/python3 setup.py egg_info --egg-base ../../build/detection build --build-base /home/imjunhyung/turtlebot3_ws/build/detection/build install --record /home/imjunhyung/turtlebot3_ws/build/detection/install.log --install-scripts $base/lib/detection --single-version-externally-managed
[3.899s] running egg_info
[3.899s] creating ../../build/detection/detection.egg-info
[3.900s] writing ../../build/detection/detection.egg-info/PKG-INFO
[3.900s] writing dependency_links to ../../build/detection/detection.egg-info/dependency_links.txt
[3.901s] writing entry points to ../../build/detection/detection.egg-info/entry_points.txt
[3.901s] writing requirements to ../../build/detection/detection.egg-info/requires.txt
[3.901s] writing top-level names to ../../build/detection/detection.egg-info/top_level.txt
[3.904s] writing manifest file '../../build/detection/detection.egg-info/SOURCES.txt'
[3.990s] reading manifest file '../../build/detection/detection.egg-info/SOURCES.txt'
[3.992s] writing manifest file '../../build/detection/detection.egg-info/SOURCES.txt'
[3.992s] running build
[3.993s] running build_py
[3.993s] creating /home/imjunhyung/turtlebot3_ws/build/detection/build
[3.993s] creating /home/imjunhyung/turtlebot3_ws/build/detection/build/lib
[3.993s] creating /home/imjunhyung/turtlebot3_ws/build/detection/build/lib/detection
[3.993s] copying detection/__init__.py -> /home/imjunhyung/turtlebot3_ws/build/detection/build/lib/detection
[3.994s] copying detection/detection.py -> /home/imjunhyung/turtlebot3_ws/build/detection/build/lib/detection
[3.994s] running install
[3.995s] running install_lib
[3.997s] creating /home/imjunhyung/turtlebot3_ws/install/detection/lib/python3.8/site-packages/detection
[3.997s] copying /home/imjunhyung/turtlebot3_ws/build/detection/build/lib/detection/__init__.py -> /home/imjunhyung/turtlebot3_ws/install/detection/lib/python3.8/site-packages/detection
[3.998s] copying /home/imjunhyung/turtlebot3_ws/build/detection/build/lib/detection/detection.py -> /home/imjunhyung/turtlebot3_ws/install/detection/lib/python3.8/site-packages/detection
[3.998s] byte-compiling /home/imjunhyung/turtlebot3_ws/install/detection/lib/python3.8/site-packages/detection/__init__.py to __init__.cpython-38.pyc
[4.001s] byte-compiling /home/imjunhyung/turtlebot3_ws/install/detection/lib/python3.8/site-packages/detection/detection.py to detection.cpython-38.pyc
[4.002s] running install_data
[4.003s] creating /home/imjunhyung/turtlebot3_ws/install/detection/share/ament_index
[4.003s] creating /home/imjunhyung/turtlebot3_ws/install/detection/share/ament_index/resource_index
[4.003s] creating /home/imjunhyung/turtlebot3_ws/install/detection/share/ament_index/resource_index/packages
[4.004s] copying resource/detection -> /home/imjunhyung/turtlebot3_ws/install/detection/share/ament_index/resource_index/packages
[4.004s] copying package.xml -> /home/imjunhyung/turtlebot3_ws/install/detection/share/detection
[4.004s] running install_egg_info
[4.008s] Copying ../../build/detection/detection.egg-info to /home/imjunhyung/turtlebot3_ws/install/detection/lib/python3.8/site-packages/detection-0.0.0-py3.8.egg-info
[4.010s] running install_scripts
[4.050s] Installing detection script to /home/imjunhyung/turtlebot3_ws/install/detection/lib/detection
[4.050s] writing list of installed files to '/home/imjunhyung/turtlebot3_ws/build/detection/install.log'
[4.121s] Invoked command in '/home/imjunhyung/turtlebot3_ws/src/detection' returned '0': PYTHONPATH=/home/imjunhyung/turtlebot3_ws/build/detection/prefix_override:/home/imjunhyung/turtlebot3_ws/install/detection/lib/python3.8/site-packages:${PYTHONPATH} /usr/bin/python3 setup.py egg_info --egg-base ../../build/detection build --build-base /home/imjunhyung/turtlebot3_ws/build/detection/build install --record /home/imjunhyung/turtlebot3_ws/build/detection/install.log --install-scripts $base/lib/detection --single-version-externally-managed
