[0.022s] Invoking command in '/home/imjunhyung/turtlebot3_ws/build/turtlebot3_description': CMAKE_PREFIX_PATH=${CMAKE_PREFIX_PATH}:/home/imjunhyung/turtlebot3_ws/install/turtlebot3_teleop:/home/imjunhyung/turtlebot3_ws/install/turtlebot3_example:/home/imjunhyung/turtlebot3_ws/install/detection:/opt/ros/foxy /usr/bin/cmake /home/imjunhyung/turtlebot3_ws/src/turtlebot3/turtlebot3_description -DAMENT_CMAKE_SYMLINK_INSTALL=1 -DCMAKE_INSTALL_PREFIX=/home/imjunhyung/turtlebot3_ws/install/turtlebot3_description
[0.093s] -- The C compiler identification is GNU 9.4.0
[0.178s] -- The CXX compiler identification is GNU 9.4.0
[0.188s] -- Check for working C compiler: /usr/bin/cc
[0.286s] -- Check for working C compiler: /usr/bin/cc -- works
[0.287s] -- Detecting C compiler ABI info
[0.384s] -- Detecting C compiler ABI info - done
[0.406s] -- Detecting C compile features
[0.407s] -- Detecting C compile features - done
[0.410s] -- Check for working CXX compiler: /usr/bin/c++
[0.521s] -- Check for working CXX compiler: /usr/bin/c++ -- works
[0.522s] -- Detecting CXX compiler ABI info
[0.650s] -- Detecting CXX compiler ABI info - done
[0.673s] -- Detecting CXX compile features
[0.674s] -- Detecting CXX compile features - done
[0.677s] -- Found ament_cmake: 0.9.12 (/opt/ros/foxy/share/ament_cmake/cmake)
[0.718s] -- Found PythonInterp: /usr/bin/python3 (found suitable version "3.8.10", minimum required is "3") 
[0.718s] -- Using PYTHON_EXECUTABLE: /usr/bin/python3
[0.993s] -- Override CMake install command with custom implementation using symlinks instead of copying resources
[1.054s] -- Found urdf: 2.4.0 (/opt/ros/foxy/share/urdf/cmake)
[1.224s] -- Configuring done
[1.229s] -- Generating done
[1.231s] -- Build files have been written to: /home/imjunhyung/turtlebot3_ws/build/turtlebot3_description
[1.238s] Invoked command in '/home/imjunhyung/turtlebot3_ws/build/turtlebot3_description' returned '0': CMAKE_PREFIX_PATH=${CMAKE_PREFIX_PATH}:/home/imjunhyung/turtlebot3_ws/install/turtlebot3_teleop:/home/imjunhyung/turtlebot3_ws/install/turtlebot3_example:/home/imjunhyung/turtlebot3_ws/install/detection:/opt/ros/foxy /usr/bin/cmake /home/imjunhyung/turtlebot3_ws/src/turtlebot3/turtlebot3_description -DAMENT_CMAKE_SYMLINK_INSTALL=1 -DCMAKE_INSTALL_PREFIX=/home/imjunhyung/turtlebot3_ws/install/turtlebot3_description
[1.243s] Invoking command in '/home/imjunhyung/turtlebot3_ws/build/turtlebot3_description': CMAKE_PREFIX_PATH=${CMAKE_PREFIX_PATH}:/home/imjunhyung/turtlebot3_ws/install/turtlebot3_teleop:/home/imjunhyung/turtlebot3_ws/install/turtlebot3_example:/home/imjunhyung/turtlebot3_ws/install/detection:/opt/ros/foxy /usr/bin/cmake --build /home/imjunhyung/turtlebot3_ws/build/turtlebot3_description -- -j8 -l8
[1.303s] Invoked command in '/home/imjunhyung/turtlebot3_ws/build/turtlebot3_description' returned '0': CMAKE_PREFIX_PATH=${CMAKE_PREFIX_PATH}:/home/imjunhyung/turtlebot3_ws/install/turtlebot3_teleop:/home/imjunhyung/turtlebot3_ws/install/turtlebot3_example:/home/imjunhyung/turtlebot3_ws/install/detection:/opt/ros/foxy /usr/bin/cmake --build /home/imjunhyung/turtlebot3_ws/build/turtlebot3_description -- -j8 -l8
[1.357s] Invoking command in '/home/imjunhyung/turtlebot3_ws/build/turtlebot3_description': CMAKE_PREFIX_PATH=${CMAKE_PREFIX_PATH}:/home/imjunhyung/turtlebot3_ws/install/turtlebot3_teleop:/home/imjunhyung/turtlebot3_ws/install/turtlebot3_example:/home/imjunhyung/turtlebot3_ws/install/detection:/opt/ros/foxy /usr/bin/cmake --install /home/imjunhyung/turtlebot3_ws/build/turtlebot3_description
[1.375s] -- Install configuration: ""
[1.376s] -- Execute custom install script
[1.377s] -- Symlinking: /home/imjunhyung/turtlebot3_ws/install/turtlebot3_description/share/turtlebot3_description/meshes/bases/burger_base.stl
[1.392s] -- Symlinking: /home/imjunhyung/turtlebot3_ws/install/turtlebot3_description/share/turtlebot3_description/meshes/bases/waffle_base.stl
[1.408s] -- Symlinking: /home/imjunhyung/turtlebot3_ws/install/turtlebot3_description/share/turtlebot3_description/meshes/bases/waffle_pi_base.stl
[1.423s] -- Symlinking: /home/imjunhyung/turtlebot3_ws/install/turtlebot3_description/share/turtlebot3_description/meshes/sensors/astra.dae
[1.438s] -- Symlinking: /home/imjunhyung/turtlebot3_ws/install/turtlebot3_description/share/turtlebot3_description/meshes/sensors/astra.jpg
[1.453s] -- Symlinking: /home/imjunhyung/turtlebot3_ws/install/turtlebot3_description/share/turtlebot3_description/meshes/sensors/lds.stl
[1.468s] -- Symlinking: /home/imjunhyung/turtlebot3_ws/install/turtlebot3_description/share/turtlebot3_description/meshes/sensors/r200.dae
[1.484s] -- Symlinking: /home/imjunhyung/turtlebot3_ws/install/turtlebot3_description/share/turtlebot3_description/meshes/sensors/r200.jpg
[1.498s] -- Symlinking: /home/imjunhyung/turtlebot3_ws/install/turtlebot3_description/share/turtlebot3_description/meshes/wheels/left_tire.stl
[1.513s] -- Symlinking: /home/imjunhyung/turtlebot3_ws/install/turtlebot3_description/share/turtlebot3_description/meshes/wheels/right_tire.stl
[1.527s] -- Symlinking: /home/imjunhyung/turtlebot3_ws/install/turtlebot3_description/share/turtlebot3_description/rviz/model.rviz
[1.543s] -- Symlinking: /home/imjunhyung/turtlebot3_ws/install/turtlebot3_description/share/turtlebot3_description/urdf/common_properties.urdf
[1.558s] -- Symlinking: /home/imjunhyung/turtlebot3_ws/install/turtlebot3_description/share/turtlebot3_description/urdf/turtlebot3_burger.urdf
[1.575s] -- Symlinking: /home/imjunhyung/turtlebot3_ws/install/turtlebot3_description/share/turtlebot3_description/urdf/turtlebot3_waffle.urdf
[1.590s] -- Symlinking: /home/imjunhyung/turtlebot3_ws/install/turtlebot3_description/share/turtlebot3_description/urdf/turtlebot3_waffle_pi.urdf
[1.606s] -- Symlinking: /home/imjunhyung/turtlebot3_ws/install/turtlebot3_description/share/ament_index/resource_index/package_run_dependencies/turtlebot3_description
[1.620s] -- Symlinking: /home/imjunhyung/turtlebot3_ws/install/turtlebot3_description/share/ament_index/resource_index/parent_prefix_path/turtlebot3_description
[1.635s] -- Symlinking: /home/imjunhyung/turtlebot3_ws/install/turtlebot3_description/share/turtlebot3_description/environment/ament_prefix_path.sh
[1.649s] -- Symlinking: /home/imjunhyung/turtlebot3_ws/install/turtlebot3_description/share/turtlebot3_description/environment/ament_prefix_path.dsv
[1.661s] -- Symlinking: /home/imjunhyung/turtlebot3_ws/install/turtlebot3_description/share/turtlebot3_description/environment/path.sh
[1.672s] -- Symlinking: /home/imjunhyung/turtlebot3_ws/install/turtlebot3_description/share/turtlebot3_description/environment/path.dsv
[1.685s] -- Symlinking: /home/imjunhyung/turtlebot3_ws/install/turtlebot3_description/share/turtlebot3_description/local_setup.bash
[1.696s] -- Symlinking: /home/imjunhyung/turtlebot3_ws/install/turtlebot3_description/share/turtlebot3_description/local_setup.sh
[1.708s] -- Symlinking: /home/imjunhyung/turtlebot3_ws/install/turtlebot3_description/share/turtlebot3_description/local_setup.zsh
[1.719s] -- Symlinking: /home/imjunhyung/turtlebot3_ws/install/turtlebot3_description/share/turtlebot3_description/local_setup.dsv
[1.732s] -- Symlinking: /home/imjunhyung/turtlebot3_ws/install/turtlebot3_description/share/turtlebot3_description/package.dsv
[1.744s] -- Symlinking: /home/imjunhyung/turtlebot3_ws/install/turtlebot3_description/share/ament_index/resource_index/packages/turtlebot3_description
[1.755s] -- Symlinking: /home/imjunhyung/turtlebot3_ws/install/turtlebot3_description/share/turtlebot3_description/cmake/turtlebot3_descriptionConfig.cmake
[1.766s] -- Symlinking: /home/imjunhyung/turtlebot3_ws/install/turtlebot3_description/share/turtlebot3_description/cmake/turtlebot3_descriptionConfig-version.cmake
[1.778s] -- Symlinking: /home/imjunhyung/turtlebot3_ws/install/turtlebot3_description/share/turtlebot3_description/package.xml
[1.791s] Invoked command in '/home/imjunhyung/turtlebot3_ws/build/turtlebot3_description' returned '0': CMAKE_PREFIX_PATH=${CMAKE_PREFIX_PATH}:/home/imjunhyung/turtlebot3_ws/install/turtlebot3_teleop:/home/imjunhyung/turtlebot3_ws/install/turtlebot3_example:/home/imjunhyung/turtlebot3_ws/install/detection:/opt/ros/foxy /usr/bin/cmake --install /home/imjunhyung/turtlebot3_ws/build/turtlebot3_description
