[2.449s] Invoking command in '/home/imjunhyung/turtlebot3_ws/src/turtlebot3/turtlebot3_teleop': PYTHONPATH=/home/imjunhyung/turtlebot3_ws/build/turtlebot3_teleop/prefix_override:/home/imjunhyung/turtlebot3_ws/install/turtlebot3_teleop/lib/python3.8/site-packages:${PYTHONPATH} /usr/bin/python3 setup.py egg_info --egg-base ../../../build/turtlebot3_teleop build --build-base /home/imjunhyung/turtlebot3_ws/build/turtlebot3_teleop/build install --record /home/imjunhyung/turtlebot3_ws/build/turtlebot3_teleop/install.log --single-version-externally-managed
[3.042s] running egg_info
[3.044s] writing ../../../build/turtlebot3_teleop/turtlebot3_teleop.egg-info/PKG-INFO
[3.044s] writing dependency_links to ../../../build/turtlebot3_teleop/turtlebot3_teleop.egg-info/dependency_links.txt
[3.044s] writing entry points to ../../../build/turtlebot3_teleop/turtlebot3_teleop.egg-info/entry_points.txt
[3.045s] writing requirements to ../../../build/turtlebot3_teleop/turtlebot3_teleop.egg-info/requires.txt
[3.045s] writing top-level names to ../../../build/turtlebot3_teleop/turtlebot3_teleop.egg-info/top_level.txt
[3.126s] reading manifest file '../../../build/turtlebot3_teleop/turtlebot3_teleop.egg-info/SOURCES.txt'
[3.128s] writing manifest file '../../../build/turtlebot3_teleop/turtlebot3_teleop.egg-info/SOURCES.txt'
[3.128s] running build
[3.128s] running build_py
[3.129s] running install
[3.130s] running install_lib
[3.132s] running install_data
[3.133s] running install_egg_info
[3.135s] removing '/home/imjunhyung/turtlebot3_ws/install/turtlebot3_teleop/lib/python3.8/site-packages/turtlebot3_teleop-2.1.4-py3.8.egg-info' (and everything under it)
[3.135s] Copying ../../../build/turtlebot3_teleop/turtlebot3_teleop.egg-info to /home/imjunhyung/turtlebot3_ws/install/turtlebot3_teleop/lib/python3.8/site-packages/turtlebot3_teleop-2.1.4-py3.8.egg-info
[3.137s] running install_scripts
[3.161s] Installing teleop_keyboard script to /home/imjunhyung/turtlebot3_ws/install/turtlebot3_teleop/lib/turtlebot3_teleop
[3.162s] writing list of installed files to '/home/imjunhyung/turtlebot3_ws/build/turtlebot3_teleop/install.log'
[3.383s] Invoked command in '/home/imjunhyung/turtlebot3_ws/src/turtlebot3/turtlebot3_teleop' returned '0': PYTHONPATH=/home/imjunhyung/turtlebot3_ws/build/turtlebot3_teleop/prefix_override:/home/imjunhyung/turtlebot3_ws/install/turtlebot3_teleop/lib/python3.8/site-packages:${PYTHONPATH} /usr/bin/python3 setup.py egg_info --egg-base ../../../build/turtlebot3_teleop build --build-base /home/imjunhyung/turtlebot3_ws/build/turtlebot3_teleop/build install --record /home/imjunhyung/turtlebot3_ws/build/turtlebot3_teleop/install.log --single-version-externally-managed
