[1.910s] Invoking command in '/home/imjunhyung/turtlebot3_ws/src/motor': PYTHONPATH=/home/imjunhyung/turtlebot3_ws/build/motor/prefix_override:/home/imjunhyung/turtlebot3_ws/install/motor/lib/python3.8/site-packages:${PYTHONPATH} /usr/bin/python3 setup.py egg_info --egg-base ../../build/motor build --build-base /home/imjunhyung/turtlebot3_ws/build/motor/build install --record /home/imjunhyung/turtlebot3_ws/build/motor/install.log --install-scripts $base/lib/motor --single-version-externally-managed
[2.321s] running egg_info
[2.321s] writing ../../build/motor/motor.egg-info/PKG-INFO
[2.322s] writing dependency_links to ../../build/motor/motor.egg-info/dependency_links.txt
[2.322s] writing entry points to ../../build/motor/motor.egg-info/entry_points.txt
[2.322s] writing requirements to ../../build/motor/motor.egg-info/requires.txt
[2.323s] writing top-level names to ../../build/motor/motor.egg-info/top_level.txt
[2.366s] reading manifest file '../../build/motor/motor.egg-info/SOURCES.txt'
[2.367s] writing manifest file '../../build/motor/motor.egg-info/SOURCES.txt'
[2.367s] running build
[2.367s] running build_py
[2.368s] running install
[2.369s] running install_lib
[2.371s] running install_data
[2.372s] running install_egg_info
[2.374s] removing '/home/imjunhyung/turtlebot3_ws/install/motor/lib/python3.8/site-packages/motor-0.0.0-py3.8.egg-info' (and everything under it)
[2.374s] Copying ../../build/motor/motor.egg-info to /home/imjunhyung/turtlebot3_ws/install/motor/lib/python3.8/site-packages/motor-0.0.0-py3.8.egg-info
[2.376s] running install_scripts
[2.397s] Installing motor script to /home/imjunhyung/turtlebot3_ws/install/motor/lib/motor
[2.398s] writing list of installed files to '/home/imjunhyung/turtlebot3_ws/build/motor/install.log'
[2.433s] Invoked command in '/home/imjunhyung/turtlebot3_ws/src/motor' returned '0': PYTHONPATH=/home/imjunhyung/turtlebot3_ws/build/motor/prefix_override:/home/imjunhyung/turtlebot3_ws/install/motor/lib/python3.8/site-packages:${PYTHONPATH} /usr/bin/python3 setup.py egg_info --egg-base ../../build/motor build --build-base /home/imjunhyung/turtlebot3_ws/build/motor/build install --record /home/imjunhyung/turtlebot3_ws/build/motor/install.log --install-scripts $base/lib/motor --single-version-externally-managed
