running develop
running egg_info
creating pubsub_py.egg-info
writing pubsub_py.egg-info/PKG-INFO
writing dependency_links to pubsub_py.egg-info/dependency_links.txt
writing entry points to pubsub_py.egg-info/entry_points.txt
writing requirements to pubsub_py.egg-info/requires.txt
writing top-level names to pubsub_py.egg-info/top_level.txt
writing manifest file 'pubsub_py.egg-info/SOURCES.txt'
reading manifest file 'pubsub_py.egg-info/SOURCES.txt'
writing manifest file 'pubsub_py.egg-info/SOURCES.txt'
running build_ext
Creating /home/theo/ros2_workspace/install/pubsub_py/lib/python3.8/site-packages/site.py
Creating /home/theo/ros2_workspace/install/pubsub_py/lib/python3.8/site-packages/pubsub-py.egg-link (link to .)

Installed /home/theo/ros2_workspace/build/pubsub_py
running install_data
creating /home/theo/ros2_workspace/install/pubsub_py/share/ament_index
creating /home/theo/ros2_workspace/install/pubsub_py/share/ament_index/resource_index
creating /home/theo/ros2_workspace/install/pubsub_py/share/ament_index/resource_index/packages
copying resource/pubsub_py -> /home/theo/ros2_workspace/install/pubsub_py/share/ament_index/resource_index/packages
copying package.xml -> /home/theo/ros2_workspace/install/pubsub_py/share/pubsub_py
