[1.305s] Invoking command in '/home/theo/ros2_workspace/build/pubsub_py': PYTHONPATH=/home/theo/ros2_workspace/build/pubsub_py/prefix_override:/home/theo/ros2_workspace/install/pubsub_py/lib/python3.8/site-packages:${PYTHONPATH} /usr/bin/python3 setup.py develop --editable --build-directory /home/theo/ros2_workspace/build/pubsub_py/build --no-deps install_data
[1.571s] running develop
[1.722s] running egg_info
[1.722s] creating pubsub_py.egg-info
[1.722s] writing pubsub_py.egg-info/PKG-INFO
[1.722s] writing dependency_links to pubsub_py.egg-info/dependency_links.txt
[1.723s] writing entry points to pubsub_py.egg-info/entry_points.txt
[1.723s] writing requirements to pubsub_py.egg-info/requires.txt
[1.723s] writing top-level names to pubsub_py.egg-info/top_level.txt
[1.724s] writing manifest file 'pubsub_py.egg-info/SOURCES.txt'
[1.755s] reading manifest file 'pubsub_py.egg-info/SOURCES.txt'
[1.756s] writing manifest file 'pubsub_py.egg-info/SOURCES.txt'
[1.786s] running build_ext
[1.787s] Creating /home/theo/ros2_workspace/install/pubsub_py/lib/python3.8/site-packages/site.py
[1.789s] Creating /home/theo/ros2_workspace/install/pubsub_py/lib/python3.8/site-packages/pubsub-py.egg-link (link to .)
[1.790s] 
[1.790s] Installed /home/theo/ros2_workspace/build/pubsub_py
[1.790s] running install_data
[1.790s] creating /home/theo/ros2_workspace/install/pubsub_py/share/ament_index
[1.790s] creating /home/theo/ros2_workspace/install/pubsub_py/share/ament_index/resource_index
[1.790s] creating /home/theo/ros2_workspace/install/pubsub_py/share/ament_index/resource_index/packages
[1.790s] copying resource/pubsub_py -> /home/theo/ros2_workspace/install/pubsub_py/share/ament_index/resource_index/packages
[1.791s] copying package.xml -> /home/theo/ros2_workspace/install/pubsub_py/share/pubsub_py
[1.817s] Invoked command in '/home/theo/ros2_workspace/build/pubsub_py' returned '0': PYTHONPATH=/home/theo/ros2_workspace/build/pubsub_py/prefix_override:/home/theo/ros2_workspace/install/pubsub_py/lib/python3.8/site-packages:${PYTHONPATH} /usr/bin/python3 setup.py develop --editable --build-directory /home/theo/ros2_workspace/build/pubsub_py/build --no-deps install_data
