[2.452s] Invoking command in '/home/imjunhyung/turtlebot3_ws/src/detection': PYTHONPATH=/home/imjunhyung/turtlebot3_ws/build/detection/prefix_override:/home/imjunhyung/turtlebot3_ws/install/detection/lib/python3.8/site-packages:${PYTHONPATH} /usr/bin/python3 setup.py egg_info --egg-base ../../build/detection build --build-base /home/imjunhyung/turtlebot3_ws/build/detection/build install --record /home/imjunhyung/turtlebot3_ws/build/detection/install.log --install-scripts $base/lib/detection --single-version-externally-managed
[3.012s] running egg_info
[3.013s] writing ../../build/detection/detection.egg-info/PKG-INFO
[3.013s] writing dependency_links to ../../build/detection/detection.egg-info/dependency_links.txt
[3.014s] writing entry points to ../../build/detection/detection.egg-info/entry_points.txt
[3.014s] writing requirements to ../../build/detection/detection.egg-info/requires.txt
[3.014s] writing top-level names to ../../build/detection/detection.egg-info/top_level.txt
[3.064s] reading manifest file '../../build/detection/detection.egg-info/SOURCES.txt'
[3.065s] writing manifest file '../../build/detection/detection.egg-info/SOURCES.txt'
[3.065s] running build
[3.066s] running build_py
[3.066s] running install
[3.067s] running install_lib
[3.069s] running install_data
[3.072s] running install_egg_info
[3.075s] removing '/home/imjunhyung/turtlebot3_ws/install/detection/lib/python3.8/site-packages/detection-0.0.0-py3.8.egg-info' (and everything under it)
[3.076s] Copying ../../build/detection/detection.egg-info to /home/imjunhyung/turtlebot3_ws/install/detection/lib/python3.8/site-packages/detection-0.0.0-py3.8.egg-info
[3.077s] running install_scripts
[3.103s] Installing detection script to /home/imjunhyung/turtlebot3_ws/install/detection/lib/detection
[3.103s] writing list of installed files to '/home/imjunhyung/turtlebot3_ws/build/detection/install.log'
[3.409s] Invoked command in '/home/imjunhyung/turtlebot3_ws/src/detection' returned '0': PYTHONPATH=/home/imjunhyung/turtlebot3_ws/build/detection/prefix_override:/home/imjunhyung/turtlebot3_ws/install/detection/lib/python3.8/site-packages:${PYTHONPATH} /usr/bin/python3 setup.py egg_info --egg-base ../../build/detection build --build-base /home/imjunhyung/turtlebot3_ws/build/detection/build install --record /home/imjunhyung/turtlebot3_ws/build/detection/install.log --install-scripts $base/lib/detection --single-version-externally-managed
