[0.032s] Invoking command in '/home/imjunhyung/turtlebot3_ws/build/turtlebot3_fake_node': CMAKE_PREFIX_PATH=${CMAKE_PREFIX_PATH}:/home/imjunhyung/turtlebot3_ws/install/turtlebot3_teleop:/home/imjunhyung/turtlebot3_ws/install/turtlebot3_example:/home/imjunhyung/turtlebot3_ws/install/detection:/opt/ros/foxy /usr/bin/cmake /home/imjunhyung/turtlebot3_ws/src/turtlebot3_simulations/turtlebot3_fake_node -DAMENT_CMAKE_SYMLINK_INSTALL=1 -DCMAKE_INSTALL_PREFIX=/home/imjunhyung/turtlebot3_ws/install/turtlebot3_fake_node
[0.177s] -- The C compiler identification is GNU 9.4.0
[0.329s] -- The CXX compiler identification is GNU 9.4.0
[0.343s] -- Check for working C compiler: /usr/bin/cc
[0.533s] -- Check for working C compiler: /usr/bin/cc -- works
[0.536s] -- Detecting C compiler ABI info
[0.718s] -- Detecting C compiler ABI info - done
[0.761s] -- Detecting C compile features
[0.762s] -- Detecting C compile features - done
[0.770s] -- Check for working CXX compiler: /usr/bin/c++
[0.970s] -- Check for working CXX compiler: /usr/bin/c++ -- works
[0.973s] -- Detecting CXX compiler ABI info
[1.158s] -- Detecting CXX compiler ABI info - done
[1.178s] -- Detecting CXX compile features
[1.179s] -- Detecting CXX compile features - done
[1.184s] -- Found ament_cmake: 0.9.12 (/opt/ros/foxy/share/ament_cmake/cmake)
[1.237s] -- Found PythonInterp: /usr/bin/python3 (found suitable version "3.8.10", minimum required is "3") 
[1.237s] -- Using PYTHON_EXECUTABLE: /usr/bin/python3
[1.573s] -- Override CMake install command with custom implementation using symlinks instead of copying resources
[1.623s] -- Found geometry_msgs: 2.0.5 (/opt/ros/foxy/share/geometry_msgs/cmake)
[1.691s] -- Using all available rosidl_typesupport_c: rosidl_typesupport_fastrtps_c;rosidl_typesupport_introspection_c
[1.709s] -- Found rosidl_adapter: 1.3.1 (/opt/ros/foxy/share/rosidl_adapter/cmake)
[1.900s] -- Found OpenSSL: /usr/lib/x86_64-linux-gnu/libcrypto.so (found version "1.1.1f")  
[1.965s] -- Found FastRTPS: /opt/ros/foxy/include  
[2.160s] -- Using all available rosidl_typesupport_cpp: rosidl_typesupport_fastrtps_cpp;rosidl_typesupport_introspection_cpp
[2.347s] -- Found nav_msgs: 2.0.5 (/opt/ros/foxy/share/nav_msgs/cmake)
[2.523s] -- Found rclcpp: 2.4.3 (/opt/ros/foxy/share/rclcpp/cmake)
[2.594s] -- Found rmw_implementation_cmake: 1.0.4 (/opt/ros/foxy/share/rmw_implementation_cmake/cmake)
[2.596s] -- Using RMW implementation 'rmw_fastrtps_cpp' as default
[2.597s] -- Looking for pthread.h
[2.698s] -- Looking for pthread.h - found
[2.698s] -- Performing Test CMAKE_HAVE_LIBC_PTHREAD
[2.787s] -- Performing Test CMAKE_HAVE_LIBC_PTHREAD - Failed
[2.787s] -- Looking for pthread_create in pthreads
[2.884s] -- Looking for pthread_create in pthreads - not found
[2.884s] -- Looking for pthread_create in pthread
[3.004s] -- Looking for pthread_create in pthread - found
[3.006s] -- Found Threads: TRUE  
[3.219s] -- Found sensor_msgs: 2.0.5 (/opt/ros/foxy/share/sensor_msgs/cmake)
[3.306s] -- Found tf2: 0.13.14 (/opt/ros/foxy/share/tf2/cmake)
[3.319s] -- Found tf2_msgs: 0.13.14 (/opt/ros/foxy/share/tf2_msgs/cmake)
[3.538s] -- Found turtlebot3_msgs: 2.2.1 (/opt/ros/foxy/share/turtlebot3_msgs/cmake)
[3.741s] -- Configuring done
[3.756s] -- Generating done
[3.758s] -- Build files have been written to: /home/imjunhyung/turtlebot3_ws/build/turtlebot3_fake_node
[3.768s] Invoked command in '/home/imjunhyung/turtlebot3_ws/build/turtlebot3_fake_node' returned '0': CMAKE_PREFIX_PATH=${CMAKE_PREFIX_PATH}:/home/imjunhyung/turtlebot3_ws/install/turtlebot3_teleop:/home/imjunhyung/turtlebot3_ws/install/turtlebot3_example:/home/imjunhyung/turtlebot3_ws/install/detection:/opt/ros/foxy /usr/bin/cmake /home/imjunhyung/turtlebot3_ws/src/turtlebot3_simulations/turtlebot3_fake_node -DAMENT_CMAKE_SYMLINK_INSTALL=1 -DCMAKE_INSTALL_PREFIX=/home/imjunhyung/turtlebot3_ws/install/turtlebot3_fake_node
[3.771s] Invoking command in '/home/imjunhyung/turtlebot3_ws/build/turtlebot3_fake_node': CMAKE_PREFIX_PATH=${CMAKE_PREFIX_PATH}:/home/imjunhyung/turtlebot3_ws/install/turtlebot3_teleop:/home/imjunhyung/turtlebot3_ws/install/turtlebot3_example:/home/imjunhyung/turtlebot3_ws/install/detection:/opt/ros/foxy /usr/bin/cmake --build /home/imjunhyung/turtlebot3_ws/build/turtlebot3_fake_node -- -j8 -l8
[3.827s] [35m[1mScanning dependencies of target turtlebot3_fake_node[0m
[3.895s] [ 50%] [32mBuilding CXX object CMakeFiles/turtlebot3_fake_node.dir/src/turtlebot3_fake_node.cpp.o[0m
[13.289s] [100%] [32m[1mLinking CXX executable turtlebot3_fake_node[0m
[13.895s] [100%] Built target turtlebot3_fake_node
[13.910s] Invoked command in '/home/imjunhyung/turtlebot3_ws/build/turtlebot3_fake_node' returned '0': CMAKE_PREFIX_PATH=${CMAKE_PREFIX_PATH}:/home/imjunhyung/turtlebot3_ws/install/turtlebot3_teleop:/home/imjunhyung/turtlebot3_ws/install/turtlebot3_example:/home/imjunhyung/turtlebot3_ws/install/detection:/opt/ros/foxy /usr/bin/cmake --build /home/imjunhyung/turtlebot3_ws/build/turtlebot3_fake_node -- -j8 -l8
[13.945s] Invoking command in '/home/imjunhyung/turtlebot3_ws/build/turtlebot3_fake_node': CMAKE_PREFIX_PATH=${CMAKE_PREFIX_PATH}:/home/imjunhyung/turtlebot3_ws/install/turtlebot3_teleop:/home/imjunhyung/turtlebot3_ws/install/turtlebot3_example:/home/imjunhyung/turtlebot3_ws/install/detection:/opt/ros/foxy /usr/bin/cmake --install /home/imjunhyung/turtlebot3_ws/build/turtlebot3_fake_node
[13.956s] -- Install configuration: ""
[13.956s] -- Execute custom install script
[13.957s] -- Symlinking: /home/imjunhyung/turtlebot3_ws/install/turtlebot3_fake_node/lib/turtlebot3_fake_node/turtlebot3_fake_node
[13.970s] -- Symlinking: /home/imjunhyung/turtlebot3_ws/install/turtlebot3_fake_node/share/turtlebot3_fake_node/launch/rviz2.launch.py
[13.983s] -- Symlinking: /home/imjunhyung/turtlebot3_ws/install/turtlebot3_fake_node/share/turtlebot3_fake_node/launch/turtlebot3_fake_node.launch.py
[13.997s] -- Symlinking: /home/imjunhyung/turtlebot3_ws/install/turtlebot3_fake_node/share/turtlebot3_fake_node/param/burger.yaml
[14.008s] -- Symlinking: /home/imjunhyung/turtlebot3_ws/install/turtlebot3_fake_node/share/turtlebot3_fake_node/param/waffle.yaml
[14.020s] -- Symlinking: /home/imjunhyung/turtlebot3_ws/install/turtlebot3_fake_node/share/turtlebot3_fake_node/param/waffle_pi.yaml
[14.033s] -- Symlinking: /home/imjunhyung/turtlebot3_ws/install/turtlebot3_fake_node/share/turtlebot3_fake_node/rviz/model.rviz
[14.049s] -- Symlinking: /home/imjunhyung/turtlebot3_ws/install/turtlebot3_fake_node/include//turtlebot3_fake_node/turtlebot3_fake_node.hpp
[14.065s] -- Symlinking: /home/imjunhyung/turtlebot3_ws/install/turtlebot3_fake_node/share/ament_index/resource_index/package_run_dependencies/turtlebot3_fake_node
[14.082s] -- Symlinking: /home/imjunhyung/turtlebot3_ws/install/turtlebot3_fake_node/share/ament_index/resource_index/parent_prefix_path/turtlebot3_fake_node
[14.095s] -- Symlinking: /home/imjunhyung/turtlebot3_ws/install/turtlebot3_fake_node/share/turtlebot3_fake_node/environment/ament_prefix_path.sh
[14.109s] -- Symlinking: /home/imjunhyung/turtlebot3_ws/install/turtlebot3_fake_node/share/turtlebot3_fake_node/environment/ament_prefix_path.dsv
[14.122s] -- Symlinking: /home/imjunhyung/turtlebot3_ws/install/turtlebot3_fake_node/share/turtlebot3_fake_node/environment/path.sh
[14.135s] -- Symlinking: /home/imjunhyung/turtlebot3_ws/install/turtlebot3_fake_node/share/turtlebot3_fake_node/environment/path.dsv
[14.147s] -- Symlinking: /home/imjunhyung/turtlebot3_ws/install/turtlebot3_fake_node/share/turtlebot3_fake_node/local_setup.bash
[14.159s] -- Symlinking: /home/imjunhyung/turtlebot3_ws/install/turtlebot3_fake_node/share/turtlebot3_fake_node/local_setup.sh
[14.171s] -- Symlinking: /home/imjunhyung/turtlebot3_ws/install/turtlebot3_fake_node/share/turtlebot3_fake_node/local_setup.zsh
[14.183s] -- Symlinking: /home/imjunhyung/turtlebot3_ws/install/turtlebot3_fake_node/share/turtlebot3_fake_node/local_setup.dsv
[14.195s] -- Symlinking: /home/imjunhyung/turtlebot3_ws/install/turtlebot3_fake_node/share/turtlebot3_fake_node/package.dsv
[14.207s] -- Symlinking: /home/imjunhyung/turtlebot3_ws/install/turtlebot3_fake_node/share/ament_index/resource_index/packages/turtlebot3_fake_node
[14.218s] -- Symlinking: /home/imjunhyung/turtlebot3_ws/install/turtlebot3_fake_node/share/turtlebot3_fake_node/cmake/ament_cmake_export_include_directories-extras.cmake
[14.229s] -- Symlinking: /home/imjunhyung/turtlebot3_ws/install/turtlebot3_fake_node/share/turtlebot3_fake_node/cmake/ament_cmake_export_dependencies-extras.cmake
[14.241s] -- Symlinking: /home/imjunhyung/turtlebot3_ws/install/turtlebot3_fake_node/share/turtlebot3_fake_node/cmake/turtlebot3_fake_nodeConfig.cmake
[14.252s] -- Symlinking: /home/imjunhyung/turtlebot3_ws/install/turtlebot3_fake_node/share/turtlebot3_fake_node/cmake/turtlebot3_fake_nodeConfig-version.cmake
[14.264s] -- Symlinking: /home/imjunhyung/turtlebot3_ws/install/turtlebot3_fake_node/share/turtlebot3_fake_node/package.xml
[14.281s] Invoked command in '/home/imjunhyung/turtlebot3_ws/build/turtlebot3_fake_node' returned '0': CMAKE_PREFIX_PATH=${CMAKE_PREFIX_PATH}:/home/imjunhyung/turtlebot3_ws/install/turtlebot3_teleop:/home/imjunhyung/turtlebot3_ws/install/turtlebot3_example:/home/imjunhyung/turtlebot3_ws/install/detection:/opt/ros/foxy /usr/bin/cmake --install /home/imjunhyung/turtlebot3_ws/build/turtlebot3_fake_node
