[0.134s] Invoking command in '/home/theo/23_HF110/Theo_ws/ros2_workspace/build/arduino_pck': CMAKE_PREFIX_PATH=${CMAKE_PREFIX_PATH}:/home/theo/23_HF110/Theo_ws/ros2_workspace/install/serial_arduino_python_pkg:/home/theo/23_HF110/Theo_ws/ros2_workspace/install/ros2_serial_interface:/home/theo/23_HF110/Theo_ws/ros2_workspace/install/py_pubsub:/home/theo/23_HF110/Theo_ws/ros2_workspace/install/py_arduino_pub:/home/theo/23_HF110/Theo_ws/ros2_workspace/install/pubsub_py:/home/theo/23_HF110/Theo_ws/ros2_workspace/install/my_arduino:/home/theo/colcon_ws/install/autonomous_tb3:/opt/ros/foxy /usr/bin/cmake --build /home/theo/23_HF110/Theo_ws/ros2_workspace/build/arduino_pck -- -j12 -l12
[0.909s] CMake Error: The current CMakeCache.txt directory /home/theo/23_HF110/Theo_ws/ros2_workspace/build/arduino_pck/CMakeCache.txt is different than the directory /home/theo/ros2_workspace/build/arduino_pck where CMakeCache.txt was created. This may result in binaries being created in the wrong place. If you are not sure, reedit the CMakeCache.txt
[0.911s] Invoked command in '/home/theo/23_HF110/Theo_ws/ros2_workspace/build/arduino_pck' returned '0': CMAKE_PREFIX_PATH=${CMAKE_PREFIX_PATH}:/home/theo/23_HF110/Theo_ws/ros2_workspace/install/serial_arduino_python_pkg:/home/theo/23_HF110/Theo_ws/ros2_workspace/install/ros2_serial_interface:/home/theo/23_HF110/Theo_ws/ros2_workspace/install/py_pubsub:/home/theo/23_HF110/Theo_ws/ros2_workspace/install/py_arduino_pub:/home/theo/23_HF110/Theo_ws/ros2_workspace/install/pubsub_py:/home/theo/23_HF110/Theo_ws/ros2_workspace/install/my_arduino:/home/theo/colcon_ws/install/autonomous_tb3:/opt/ros/foxy /usr/bin/cmake --build /home/theo/23_HF110/Theo_ws/ros2_workspace/build/arduino_pck -- -j12 -l12
[0.960s] Invoking command in '/home/theo/23_HF110/Theo_ws/ros2_workspace/build/arduino_pck': CMAKE_PREFIX_PATH=${CMAKE_PREFIX_PATH}:/home/theo/23_HF110/Theo_ws/ros2_workspace/install/serial_arduino_python_pkg:/home/theo/23_HF110/Theo_ws/ros2_workspace/install/ros2_serial_interface:/home/theo/23_HF110/Theo_ws/ros2_workspace/install/py_pubsub:/home/theo/23_HF110/Theo_ws/ros2_workspace/install/py_arduino_pub:/home/theo/23_HF110/Theo_ws/ros2_workspace/install/pubsub_py:/home/theo/23_HF110/Theo_ws/ros2_workspace/install/my_arduino:/home/theo/colcon_ws/install/autonomous_tb3:/opt/ros/foxy /usr/bin/cmake --install /home/theo/23_HF110/Theo_ws/ros2_workspace/build/arduino_pck
[0.973s] -- Install configuration: ""
[0.979s] -- Execute custom install script
[0.979s] -- Up-to-date symlink: /home/theo/ros2_workspace/install/arduino_pck/share/ament_index/resource_index/package_run_dependencies/arduino_pck
[0.979s] -- Up-to-date symlink: /home/theo/ros2_workspace/install/arduino_pck/share/ament_index/resource_index/parent_prefix_path/arduino_pck
[0.979s] -- Up-to-date symlink: /home/theo/ros2_workspace/install/arduino_pck/share/arduino_pck/environment/ament_prefix_path.sh
[0.980s] -- Up-to-date symlink: /home/theo/ros2_workspace/install/arduino_pck/share/arduino_pck/environment/ament_prefix_path.dsv
[0.980s] -- Up-to-date symlink: /home/theo/ros2_workspace/install/arduino_pck/share/arduino_pck/environment/path.sh
[0.981s] -- Up-to-date symlink: /home/theo/ros2_workspace/install/arduino_pck/share/arduino_pck/environment/path.dsv
[0.981s] -- Up-to-date symlink: /home/theo/ros2_workspace/install/arduino_pck/share/arduino_pck/local_setup.bash
[0.981s] -- Up-to-date symlink: /home/theo/ros2_workspace/install/arduino_pck/share/arduino_pck/local_setup.sh
[0.981s] -- Up-to-date symlink: /home/theo/ros2_workspace/install/arduino_pck/share/arduino_pck/local_setup.zsh
[0.982s] -- Up-to-date symlink: /home/theo/ros2_workspace/install/arduino_pck/share/arduino_pck/local_setup.dsv
[0.982s] -- Symlinking: /home/theo/ros2_workspace/install/arduino_pck/share/arduino_pck/package.dsv
[0.994s] -- Up-to-date symlink: /home/theo/ros2_workspace/install/arduino_pck/share/ament_index/resource_index/packages/arduino_pck
[0.994s] -- Up-to-date symlink: /home/theo/ros2_workspace/install/arduino_pck/share/arduino_pck/cmake/arduino_pckConfig.cmake
[0.995s] -- Up-to-date symlink: /home/theo/ros2_workspace/install/arduino_pck/share/arduino_pck/cmake/arduino_pckConfig-version.cmake
[0.996s] -- Up-to-date symlink: /home/theo/ros2_workspace/install/arduino_pck/share/arduino_pck/package.xml
[1.073s] Invoked command in '/home/theo/23_HF110/Theo_ws/ros2_workspace/build/arduino_pck' returned '0': CMAKE_PREFIX_PATH=${CMAKE_PREFIX_PATH}:/home/theo/23_HF110/Theo_ws/ros2_workspace/install/serial_arduino_python_pkg:/home/theo/23_HF110/Theo_ws/ros2_workspace/install/ros2_serial_interface:/home/theo/23_HF110/Theo_ws/ros2_workspace/install/py_pubsub:/home/theo/23_HF110/Theo_ws/ros2_workspace/install/py_arduino_pub:/home/theo/23_HF110/Theo_ws/ros2_workspace/install/pubsub_py:/home/theo/23_HF110/Theo_ws/ros2_workspace/install/my_arduino:/home/theo/colcon_ws/install/autonomous_tb3:/opt/ros/foxy /usr/bin/cmake --install /home/theo/23_HF110/Theo_ws/ros2_workspace/build/arduino_pck
