[0.040s] Invoking command in '/home/theo/ros2_workspace/build/my_arduino_pkg': CMAKE_PREFIX_PATH=/home/theo/colcon_ws/install/autonomous_tb3:/opt/ros/foxy /usr/bin/cmake /home/theo/ros2_workspace/src/my_arduino_pkg -DAMENT_CMAKE_SYMLINK_INSTALL=1 -DCMAKE_INSTALL_PREFIX=/home/theo/ros2_workspace/install/my_arduino_pkg
[0.098s] -- The C compiler identification is GNU 9.4.0
[0.185s] -- The CXX compiler identification is GNU 9.4.0
[0.186s] -- Check for working C compiler: /usr/bin/cc
[0.240s] -- Check for working C compiler: /usr/bin/cc -- works
[0.240s] -- Detecting C compiler ABI info
[0.304s] -- Detecting C compiler ABI info - done
[0.314s] -- Detecting C compile features
[0.314s] -- Detecting C compile features - done
[0.315s] -- Check for working CXX compiler: /usr/bin/c++
[0.387s] -- Check for working CXX compiler: /usr/bin/c++ -- works
[0.388s] -- Detecting CXX compiler ABI info
[0.474s] -- Detecting CXX compiler ABI info - done
[0.486s] -- Detecting CXX compile features
[0.487s] -- Detecting CXX compile features - done
[0.489s] -- Found ament_cmake: 0.9.12 (/opt/ros/foxy/share/ament_cmake/cmake)
[0.520s] -- Found PythonInterp: /usr/bin/python3 (found suitable version "3.8.10", minimum required is "3") 
[0.520s] -- Using PYTHON_EXECUTABLE: /usr/bin/python3
[0.689s] -- Override CMake install command with custom implementation using symlinks instead of copying resources
[0.716s] -- Found ament_lint_auto: 0.9.8 (/opt/ros/foxy/share/ament_lint_auto/cmake)
[0.780s] -- Added test 'copyright' to check source files copyright and LICENSE
[0.781s] -- Added test 'flake8' to check Python code syntax and style conventions
[0.782s] -- Added test 'lint_cmake' to check CMake code style
[0.782s] -- Added test 'pep257' to check Python code against some of the style conventions in PEP 257
[0.783s] -- Added test 'xmllint' to check XML markup files
[0.785s] -- Configuring done
[0.787s] -- Generating done
[0.788s] -- Build files have been written to: /home/theo/ros2_workspace/build/my_arduino_pkg
[0.793s] Invoked command in '/home/theo/ros2_workspace/build/my_arduino_pkg' returned '0': CMAKE_PREFIX_PATH=/home/theo/colcon_ws/install/autonomous_tb3:/opt/ros/foxy /usr/bin/cmake /home/theo/ros2_workspace/src/my_arduino_pkg -DAMENT_CMAKE_SYMLINK_INSTALL=1 -DCMAKE_INSTALL_PREFIX=/home/theo/ros2_workspace/install/my_arduino_pkg
[0.794s] Invoking command in '/home/theo/ros2_workspace/build/my_arduino_pkg': CMAKE_PREFIX_PATH=/home/theo/colcon_ws/install/autonomous_tb3:/opt/ros/foxy /usr/bin/cmake --build /home/theo/ros2_workspace/build/my_arduino_pkg -- -j12 -l12
[0.828s] Invoked command in '/home/theo/ros2_workspace/build/my_arduino_pkg' returned '0': CMAKE_PREFIX_PATH=/home/theo/colcon_ws/install/autonomous_tb3:/opt/ros/foxy /usr/bin/cmake --build /home/theo/ros2_workspace/build/my_arduino_pkg -- -j12 -l12
[0.848s] Invoking command in '/home/theo/ros2_workspace/build/my_arduino_pkg': CMAKE_PREFIX_PATH=/home/theo/colcon_ws/install/autonomous_tb3:/opt/ros/foxy /usr/bin/cmake --install /home/theo/ros2_workspace/build/my_arduino_pkg
[0.855s] -- Install configuration: ""
[0.855s] -- Execute custom install script
[0.856s] -- Symlinking: /home/theo/ros2_workspace/install/my_arduino_pkg/share/ament_index/resource_index/package_run_dependencies/my_arduino_pkg
[0.864s] -- Symlinking: /home/theo/ros2_workspace/install/my_arduino_pkg/share/ament_index/resource_index/parent_prefix_path/my_arduino_pkg
[0.873s] -- Symlinking: /home/theo/ros2_workspace/install/my_arduino_pkg/share/my_arduino_pkg/environment/ament_prefix_path.sh
[0.881s] -- Symlinking: /home/theo/ros2_workspace/install/my_arduino_pkg/share/my_arduino_pkg/environment/ament_prefix_path.dsv
[0.889s] -- Symlinking: /home/theo/ros2_workspace/install/my_arduino_pkg/share/my_arduino_pkg/environment/path.sh
[0.897s] -- Symlinking: /home/theo/ros2_workspace/install/my_arduino_pkg/share/my_arduino_pkg/environment/path.dsv
[0.906s] -- Symlinking: /home/theo/ros2_workspace/install/my_arduino_pkg/share/my_arduino_pkg/local_setup.bash
[0.914s] -- Symlinking: /home/theo/ros2_workspace/install/my_arduino_pkg/share/my_arduino_pkg/local_setup.sh
[0.922s] -- Symlinking: /home/theo/ros2_workspace/install/my_arduino_pkg/share/my_arduino_pkg/local_setup.zsh
[0.930s] -- Symlinking: /home/theo/ros2_workspace/install/my_arduino_pkg/share/my_arduino_pkg/local_setup.dsv
[0.938s] -- Symlinking: /home/theo/ros2_workspace/install/my_arduino_pkg/share/my_arduino_pkg/package.dsv
[0.946s] -- Symlinking: /home/theo/ros2_workspace/install/my_arduino_pkg/share/ament_index/resource_index/packages/my_arduino_pkg
[0.954s] -- Symlinking: /home/theo/ros2_workspace/install/my_arduino_pkg/share/my_arduino_pkg/cmake/my_arduino_pkgConfig.cmake
[0.963s] -- Symlinking: /home/theo/ros2_workspace/install/my_arduino_pkg/share/my_arduino_pkg/cmake/my_arduino_pkgConfig-version.cmake
[0.971s] -- Symlinking: /home/theo/ros2_workspace/install/my_arduino_pkg/share/my_arduino_pkg/package.xml
[0.985s] Invoked command in '/home/theo/ros2_workspace/build/my_arduino_pkg' returned '0': CMAKE_PREFIX_PATH=/home/theo/colcon_ws/install/autonomous_tb3:/opt/ros/foxy /usr/bin/cmake --install /home/theo/ros2_workspace/build/my_arduino_pkg
