[4.222s] Invoking command in '/home/imjunhyung/turtlebot3_ws/src/turtlebot3/turtlebot3_teleop': PYTHONPATH=/home/imjunhyung/turtlebot3_ws/build/turtlebot3_teleop/prefix_override:/home/imjunhyung/turtlebot3_ws/install/turtlebot3_teleop/lib/python3.8/site-packages:${PYTHONPATH} /usr/bin/python3 setup.py egg_info --egg-base ../../../build/turtlebot3_teleop build --build-base /home/imjunhyung/turtlebot3_ws/build/turtlebot3_teleop/build install --record /home/imjunhyung/turtlebot3_ws/build/turtlebot3_teleop/install.log --single-version-externally-managed
[4.943s] running egg_info
[4.943s] creating ../../../build/turtlebot3_teleop/turtlebot3_teleop.egg-info
[4.944s] writing ../../../build/turtlebot3_teleop/turtlebot3_teleop.egg-info/PKG-INFO
[4.944s] writing dependency_links to ../../../build/turtlebot3_teleop/turtlebot3_teleop.egg-info/dependency_links.txt
[4.944s] writing entry points to ../../../build/turtlebot3_teleop/turtlebot3_teleop.egg-info/entry_points.txt
[4.944s] writing requirements to ../../../build/turtlebot3_teleop/turtlebot3_teleop.egg-info/requires.txt
[4.944s] writing top-level names to ../../../build/turtlebot3_teleop/turtlebot3_teleop.egg-info/top_level.txt
[4.944s] writing manifest file '../../../build/turtlebot3_teleop/turtlebot3_teleop.egg-info/SOURCES.txt'
[4.945s] reading manifest file '../../../build/turtlebot3_teleop/turtlebot3_teleop.egg-info/SOURCES.txt'
[4.945s] writing manifest file '../../../build/turtlebot3_teleop/turtlebot3_teleop.egg-info/SOURCES.txt'
[4.945s] running build
[4.945s] running build_py
[4.945s] creating /home/imjunhyung/turtlebot3_ws/build/turtlebot3_teleop/build
[4.945s] creating /home/imjunhyung/turtlebot3_ws/build/turtlebot3_teleop/build/lib
[4.945s] creating /home/imjunhyung/turtlebot3_ws/build/turtlebot3_teleop/build/lib/turtlebot3_teleop
[4.945s] copying turtlebot3_teleop/__init__.py -> /home/imjunhyung/turtlebot3_ws/build/turtlebot3_teleop/build/lib/turtlebot3_teleop
[4.945s] creating /home/imjunhyung/turtlebot3_ws/build/turtlebot3_teleop/build/lib/turtlebot3_teleop/script
[4.945s] copying turtlebot3_teleop/script/__init__.py -> /home/imjunhyung/turtlebot3_ws/build/turtlebot3_teleop/build/lib/turtlebot3_teleop/script
[4.945s] copying turtlebot3_teleop/script/teleop_keyboard.py -> /home/imjunhyung/turtlebot3_ws/build/turtlebot3_teleop/build/lib/turtlebot3_teleop/script
[4.946s] running install
[4.946s] running install_lib
[4.946s] creating /home/imjunhyung/turtlebot3_ws/install/turtlebot3_teleop/lib/python3.8/site-packages/turtlebot3_teleop
[4.946s] creating /home/imjunhyung/turtlebot3_ws/install/turtlebot3_teleop/lib/python3.8/site-packages/turtlebot3_teleop/script
[4.946s] copying /home/imjunhyung/turtlebot3_ws/build/turtlebot3_teleop/build/lib/turtlebot3_teleop/script/__init__.py -> /home/imjunhyung/turtlebot3_ws/install/turtlebot3_teleop/lib/python3.8/site-packages/turtlebot3_teleop/script
[4.946s] copying /home/imjunhyung/turtlebot3_ws/build/turtlebot3_teleop/build/lib/turtlebot3_teleop/script/teleop_keyboard.py -> /home/imjunhyung/turtlebot3_ws/install/turtlebot3_teleop/lib/python3.8/site-packages/turtlebot3_teleop/script
[4.946s] copying /home/imjunhyung/turtlebot3_ws/build/turtlebot3_teleop/build/lib/turtlebot3_teleop/__init__.py -> /home/imjunhyung/turtlebot3_ws/install/turtlebot3_teleop/lib/python3.8/site-packages/turtlebot3_teleop
[4.946s] byte-compiling /home/imjunhyung/turtlebot3_ws/install/turtlebot3_teleop/lib/python3.8/site-packages/turtlebot3_teleop/script/__init__.py to __init__.cpython-38.pyc
[4.946s] byte-compiling /home/imjunhyung/turtlebot3_ws/install/turtlebot3_teleop/lib/python3.8/site-packages/turtlebot3_teleop/script/teleop_keyboard.py to teleop_keyboard.cpython-38.pyc
[4.946s] byte-compiling /home/imjunhyung/turtlebot3_ws/install/turtlebot3_teleop/lib/python3.8/site-packages/turtlebot3_teleop/__init__.py to __init__.cpython-38.pyc
[4.947s] running install_data
[4.947s] creating /home/imjunhyung/turtlebot3_ws/install/turtlebot3_teleop/share/ament_index
[4.947s] creating /home/imjunhyung/turtlebot3_ws/install/turtlebot3_teleop/share/ament_index/resource_index
[4.947s] creating /home/imjunhyung/turtlebot3_ws/install/turtlebot3_teleop/share/ament_index/resource_index/packages
[4.947s] copying resource/turtlebot3_teleop -> /home/imjunhyung/turtlebot3_ws/install/turtlebot3_teleop/share/ament_index/resource_index/packages
[4.947s] copying package.xml -> /home/imjunhyung/turtlebot3_ws/install/turtlebot3_teleop/share/turtlebot3_teleop
[4.947s] running install_egg_info
[4.947s] Copying ../../../build/turtlebot3_teleop/turtlebot3_teleop.egg-info to /home/imjunhyung/turtlebot3_ws/install/turtlebot3_teleop/lib/python3.8/site-packages/turtlebot3_teleop-2.1.4-py3.8.egg-info
[4.947s] running install_scripts
[4.947s] Installing teleop_keyboard script to /home/imjunhyung/turtlebot3_ws/install/turtlebot3_teleop/lib/turtlebot3_teleop
[4.947s] writing list of installed files to '/home/imjunhyung/turtlebot3_ws/build/turtlebot3_teleop/install.log'
[5.532s] Invoked command in '/home/imjunhyung/turtlebot3_ws/src/turtlebot3/turtlebot3_teleop' returned '0': PYTHONPATH=/home/imjunhyung/turtlebot3_ws/build/turtlebot3_teleop/prefix_override:/home/imjunhyung/turtlebot3_ws/install/turtlebot3_teleop/lib/python3.8/site-packages:${PYTHONPATH} /usr/bin/python3 setup.py egg_info --egg-base ../../../build/turtlebot3_teleop build --build-base /home/imjunhyung/turtlebot3_ws/build/turtlebot3_teleop/build install --record /home/imjunhyung/turtlebot3_ws/build/turtlebot3_teleop/install.log --single-version-externally-managed
