[2.888s] Invoking command in '/home/imjunhyung/turtlebot3_ws/src/vel_send': PYTHONPATH=/home/imjunhyung/turtlebot3_ws/build/vel_send/prefix_override:/home/imjunhyung/turtlebot3_ws/install/vel_send/lib/python3.8/site-packages:${PYTHONPATH} /usr/bin/python3 setup.py egg_info --egg-base ../../build/vel_send build --build-base /home/imjunhyung/turtlebot3_ws/build/vel_send/build install --record /home/imjunhyung/turtlebot3_ws/build/vel_send/install.log --install-scripts $base/lib/vel_send --single-version-externally-managed
[4.212s] running egg_info
[4.214s] creating ../../build/vel_send/vel_send.egg-info
[4.214s] writing ../../build/vel_send/vel_send.egg-info/PKG-INFO
[4.215s] writing dependency_links to ../../build/vel_send/vel_send.egg-info/dependency_links.txt
[4.215s] writing entry points to ../../build/vel_send/vel_send.egg-info/entry_points.txt
[4.215s] writing requirements to ../../build/vel_send/vel_send.egg-info/requires.txt
[4.216s] writing top-level names to ../../build/vel_send/vel_send.egg-info/top_level.txt
[4.228s] writing manifest file '../../build/vel_send/vel_send.egg-info/SOURCES.txt'
[4.391s] reading manifest file '../../build/vel_send/vel_send.egg-info/SOURCES.txt'
[4.409s] writing manifest file '../../build/vel_send/vel_send.egg-info/SOURCES.txt'
[4.410s] running build
[4.410s] running build_py
[4.410s] creating /home/imjunhyung/turtlebot3_ws/build/vel_send/build
[4.410s] creating /home/imjunhyung/turtlebot3_ws/build/vel_send/build/lib
[4.411s] creating /home/imjunhyung/turtlebot3_ws/build/vel_send/build/lib/vel_send
[4.411s] copying vel_send/vel_send.py -> /home/imjunhyung/turtlebot3_ws/build/vel_send/build/lib/vel_send
[4.411s] copying vel_send/__init__.py -> /home/imjunhyung/turtlebot3_ws/build/vel_send/build/lib/vel_send
[4.411s] running install
[4.413s] running install_lib
[4.416s] creating /home/imjunhyung/turtlebot3_ws/install/vel_send/lib/python3.8/site-packages/vel_send
[4.416s] copying /home/imjunhyung/turtlebot3_ws/build/vel_send/build/lib/vel_send/vel_send.py -> /home/imjunhyung/turtlebot3_ws/install/vel_send/lib/python3.8/site-packages/vel_send
[4.416s] copying /home/imjunhyung/turtlebot3_ws/build/vel_send/build/lib/vel_send/__init__.py -> /home/imjunhyung/turtlebot3_ws/install/vel_send/lib/python3.8/site-packages/vel_send
[4.417s] byte-compiling /home/imjunhyung/turtlebot3_ws/install/vel_send/lib/python3.8/site-packages/vel_send/vel_send.py to vel_send.cpython-38.pyc
[4.436s] byte-compiling /home/imjunhyung/turtlebot3_ws/install/vel_send/lib/python3.8/site-packages/vel_send/__init__.py to __init__.cpython-38.pyc
[4.436s] running install_data
[4.438s] creating /home/imjunhyung/turtlebot3_ws/install/vel_send/share/ament_index
[4.438s] creating /home/imjunhyung/turtlebot3_ws/install/vel_send/share/ament_index/resource_index
[4.438s] creating /home/imjunhyung/turtlebot3_ws/install/vel_send/share/ament_index/resource_index/packages
[4.439s] copying resource/vel_send -> /home/imjunhyung/turtlebot3_ws/install/vel_send/share/ament_index/resource_index/packages
[4.439s] copying package.xml -> /home/imjunhyung/turtlebot3_ws/install/vel_send/share/vel_send
[4.439s] running install_egg_info
[4.443s] Copying ../../build/vel_send/vel_send.egg-info to /home/imjunhyung/turtlebot3_ws/install/vel_send/lib/python3.8/site-packages/vel_send-0.0.0-py3.8.egg-info
[4.445s] running install_scripts
[4.511s] Installing vel_send script to /home/imjunhyung/turtlebot3_ws/install/vel_send/lib/vel_send
[4.512s] writing list of installed files to '/home/imjunhyung/turtlebot3_ws/build/vel_send/install.log'
[4.580s] Invoked command in '/home/imjunhyung/turtlebot3_ws/src/vel_send' returned '0': PYTHONPATH=/home/imjunhyung/turtlebot3_ws/build/vel_send/prefix_override:/home/imjunhyung/turtlebot3_ws/install/vel_send/lib/python3.8/site-packages:${PYTHONPATH} /usr/bin/python3 setup.py egg_info --egg-base ../../build/vel_send build --build-base /home/imjunhyung/turtlebot3_ws/build/vel_send/build install --record /home/imjunhyung/turtlebot3_ws/build/vel_send/install.log --install-scripts $base/lib/vel_send --single-version-externally-managed
