[0.147s] Invoking command in '/home/imjunhyung/turtlebot3_ws/build/getpo': CMAKE_PREFIX_PATH=${CMAKE_PREFIX_PATH}:/opt/ros/foxy /home/imjunhyung/.local/bin/cmake --build /home/imjunhyung/turtlebot3_ws/build/getpo -- -j8 -l8
[0.574s] [100%] Built target getpo
[0.586s] Invoked command in '/home/imjunhyung/turtlebot3_ws/build/getpo' returned '0': CMAKE_PREFIX_PATH=${CMAKE_PREFIX_PATH}:/opt/ros/foxy /home/imjunhyung/.local/bin/cmake --build /home/imjunhyung/turtlebot3_ws/build/getpo -- -j8 -l8
[1.009s] Invoking command in '/home/imjunhyung/turtlebot3_ws/build/getpo': CMAKE_PREFIX_PATH=${CMAKE_PREFIX_PATH}:/opt/ros/foxy /home/imjunhyung/.local/bin/cmake --install /home/imjunhyung/turtlebot3_ws/build/getpo
[1.088s] -- Install configuration: ""
[1.089s] -- Up-to-date: /home/imjunhyung/turtlebot3_ws/install/getpo/lib/getpo/getpo
[1.090s] -- Up-to-date: /home/imjunhyung/turtlebot3_ws/install/getpo/share/ament_index/resource_index/package_run_dependencies/getpo
[1.091s] -- Up-to-date: /home/imjunhyung/turtlebot3_ws/install/getpo/share/ament_index/resource_index/parent_prefix_path/getpo
[1.091s] -- Up-to-date: /home/imjunhyung/turtlebot3_ws/install/getpo/share/getpo/environment/ament_prefix_path.sh
[1.092s] -- Up-to-date: /home/imjunhyung/turtlebot3_ws/install/getpo/share/getpo/environment/ament_prefix_path.dsv
[1.092s] -- Up-to-date: /home/imjunhyung/turtlebot3_ws/install/getpo/share/getpo/environment/path.sh
[1.092s] -- Up-to-date: /home/imjunhyung/turtlebot3_ws/install/getpo/share/getpo/environment/path.dsv
[1.092s] -- Up-to-date: /home/imjunhyung/turtlebot3_ws/install/getpo/share/getpo/local_setup.bash
[1.092s] -- Up-to-date: /home/imjunhyung/turtlebot3_ws/install/getpo/share/getpo/local_setup.sh
[1.093s] -- Up-to-date: /home/imjunhyung/turtlebot3_ws/install/getpo/share/getpo/local_setup.zsh
[1.093s] -- Up-to-date: /home/imjunhyung/turtlebot3_ws/install/getpo/share/getpo/local_setup.dsv
[1.093s] -- Installing: /home/imjunhyung/turtlebot3_ws/install/getpo/share/getpo/package.dsv
[1.093s] -- Up-to-date: /home/imjunhyung/turtlebot3_ws/install/getpo/share/ament_index/resource_index/packages/getpo
[1.094s] -- Up-to-date: /home/imjunhyung/turtlebot3_ws/install/getpo/share/getpo/cmake/getpoConfig.cmake
[1.094s] -- Up-to-date: /home/imjunhyung/turtlebot3_ws/install/getpo/share/getpo/cmake/getpoConfig-version.cmake
[1.094s] -- Up-to-date: /home/imjunhyung/turtlebot3_ws/install/getpo/share/getpo/package.xml
[1.146s] Invoked command in '/home/imjunhyung/turtlebot3_ws/build/getpo' returned '0': CMAKE_PREFIX_PATH=${CMAKE_PREFIX_PATH}:/opt/ros/foxy /home/imjunhyung/.local/bin/cmake --install /home/imjunhyung/turtlebot3_ws/build/getpo
