-- Found ament_cmake: 0.9.12 (/opt/ros/foxy/share/ament_cmake/cmake)
-- Using PYTHON_EXECUTABLE: /usr/bin/python3
-- Override CMake install command with custom implementation using symlinks instead of copying resources
-- Found ament_lint_auto: 0.9.8 (/opt/ros/foxy/share/ament_lint_auto/cmake)
-- Added test 'copyright' to check source files copyright and LICENSE
-- Added test 'cppcheck' to perform static code analysis on C / C++ code
-- Configured cppcheck include dirs: $<BUILD_INTERFACE:/home/theo/ros2_workspace/src/my_package/include>
-- Configured cppcheck exclude dirs and/or files: 
-- Added test 'cpplint' to check C / C++ code against the Google style
-- Configured cpplint exclude dirs and/or files: 
-- Added test 'lint_cmake' to check CMake code style
-- Added test 'uncrustify' to check C / C++ code style
-- Configured uncrustify additional arguments: 
-- Added test 'xmllint' to check XML markup files
-- Configuring done
-- Generating done
-- Build files have been written to: /home/theo/ros2_workspace/build/my_package
[100%] Built target arduino_publisher
-- Install configuration: ""
-- Execute custom install script
-- Symlinking: /home/theo/ros2_workspace/install/my_package/lib/my_package/arduino_publisher
-- Symlinking: /home/theo/ros2_workspace/install/my_package/share/ament_index/resource_index/package_run_dependencies/my_package
-- Symlinking: /home/theo/ros2_workspace/install/my_package/share/ament_index/resource_index/parent_prefix_path/my_package
-- Symlinking: /home/theo/ros2_workspace/install/my_package/share/my_package/environment/ament_prefix_path.sh
-- Symlinking: /home/theo/ros2_workspace/install/my_package/share/my_package/environment/ament_prefix_path.dsv
-- Symlinking: /home/theo/ros2_workspace/install/my_package/share/my_package/environment/path.sh
-- Symlinking: /home/theo/ros2_workspace/install/my_package/share/my_package/environment/path.dsv
-- Symlinking: /home/theo/ros2_workspace/install/my_package/share/my_package/local_setup.bash
-- Symlinking: /home/theo/ros2_workspace/install/my_package/share/my_package/local_setup.sh
-- Symlinking: /home/theo/ros2_workspace/install/my_package/share/my_package/local_setup.zsh
-- Symlinking: /home/theo/ros2_workspace/install/my_package/share/my_package/local_setup.dsv
-- Symlinking: /home/theo/ros2_workspace/install/my_package/share/my_package/package.dsv
-- Symlinking: /home/theo/ros2_workspace/install/my_package/share/ament_index/resource_index/packages/my_package
-- Symlinking: /home/theo/ros2_workspace/install/my_package/share/my_package/cmake/my_packageConfig.cmake
-- Symlinking: /home/theo/ros2_workspace/install/my_package/share/my_package/cmake/my_packageConfig-version.cmake
-- Symlinking: /home/theo/ros2_workspace/install/my_package/share/my_package/package.xml
