[0.040s] Invoking command in '/home/theo/ros2_workspace/build/my_package': CMAKE_PREFIX_PATH=/home/theo/colcon_ws/install/autonomous_tb3:/opt/ros/foxy /usr/bin/cmake /home/theo/ros2_workspace/src/my_package -DAMENT_CMAKE_SYMLINK_INSTALL=1 -DCMAKE_INSTALL_PREFIX=/home/theo/ros2_workspace/install/my_package
[0.055s] -- Found ament_cmake: 0.9.12 (/opt/ros/foxy/share/ament_cmake/cmake)
[0.078s] -- Using PYTHON_EXECUTABLE: /usr/bin/python3
[0.264s] -- Override CMake install command with custom implementation using symlinks instead of copying resources
[0.323s] -- Found ament_lint_auto: 0.9.8 (/opt/ros/foxy/share/ament_lint_auto/cmake)
[0.391s] -- Added test 'copyright' to check source files copyright and LICENSE
[0.393s] -- Added test 'cppcheck' to perform static code analysis on C / C++ code
[0.393s] -- Configured cppcheck include dirs: $<BUILD_INTERFACE:/home/theo/ros2_workspace/src/my_package/include>
[0.393s] -- Configured cppcheck exclude dirs and/or files: 
[0.394s] -- Added test 'cpplint' to check C / C++ code against the Google style
[0.394s] -- Configured cpplint exclude dirs and/or files: 
[0.395s] -- Added test 'lint_cmake' to check CMake code style
[0.397s] -- Added test 'uncrustify' to check C / C++ code style
[0.397s] -- Configured uncrustify additional arguments: 
[0.397s] -- Added test 'xmllint' to check XML markup files
[0.400s] -- Configuring done
[0.406s] -- Generating done
[0.409s] -- Build files have been written to: /home/theo/ros2_workspace/build/my_package
[0.417s] Invoked command in '/home/theo/ros2_workspace/build/my_package' returned '0': CMAKE_PREFIX_PATH=/home/theo/colcon_ws/install/autonomous_tb3:/opt/ros/foxy /usr/bin/cmake /home/theo/ros2_workspace/src/my_package -DAMENT_CMAKE_SYMLINK_INSTALL=1 -DCMAKE_INSTALL_PREFIX=/home/theo/ros2_workspace/install/my_package
[0.423s] Invoking command in '/home/theo/ros2_workspace/build/my_package': CMAKE_PREFIX_PATH=/home/theo/colcon_ws/install/autonomous_tb3:/opt/ros/foxy /usr/bin/cmake --build /home/theo/ros2_workspace/build/my_package -- -j12 -l12
[0.485s] [100%] Built target arduino_publisher
[0.497s] Invoked command in '/home/theo/ros2_workspace/build/my_package' returned '0': CMAKE_PREFIX_PATH=/home/theo/colcon_ws/install/autonomous_tb3:/opt/ros/foxy /usr/bin/cmake --build /home/theo/ros2_workspace/build/my_package -- -j12 -l12
[0.534s] Invoking command in '/home/theo/ros2_workspace/build/my_package': CMAKE_PREFIX_PATH=/home/theo/colcon_ws/install/autonomous_tb3:/opt/ros/foxy /usr/bin/cmake --install /home/theo/ros2_workspace/build/my_package
[0.540s] -- Install configuration: ""
[0.541s] -- Execute custom install script
[0.542s] -- Symlinking: /home/theo/ros2_workspace/install/my_package/lib/my_package/arduino_publisher
[0.551s] -- Symlinking: /home/theo/ros2_workspace/install/my_package/share/ament_index/resource_index/package_run_dependencies/my_package
[0.561s] -- Symlinking: /home/theo/ros2_workspace/install/my_package/share/ament_index/resource_index/parent_prefix_path/my_package
[0.570s] -- Symlinking: /home/theo/ros2_workspace/install/my_package/share/my_package/environment/ament_prefix_path.sh
[0.580s] -- Symlinking: /home/theo/ros2_workspace/install/my_package/share/my_package/environment/ament_prefix_path.dsv
[0.591s] -- Symlinking: /home/theo/ros2_workspace/install/my_package/share/my_package/environment/path.sh
[0.601s] -- Symlinking: /home/theo/ros2_workspace/install/my_package/share/my_package/environment/path.dsv
[0.611s] -- Symlinking: /home/theo/ros2_workspace/install/my_package/share/my_package/local_setup.bash
[0.621s] -- Symlinking: /home/theo/ros2_workspace/install/my_package/share/my_package/local_setup.sh
[0.631s] -- Symlinking: /home/theo/ros2_workspace/install/my_package/share/my_package/local_setup.zsh
[0.640s] -- Symlinking: /home/theo/ros2_workspace/install/my_package/share/my_package/local_setup.dsv
[0.649s] -- Symlinking: /home/theo/ros2_workspace/install/my_package/share/my_package/package.dsv
[0.658s] -- Symlinking: /home/theo/ros2_workspace/install/my_package/share/ament_index/resource_index/packages/my_package
[0.667s] -- Symlinking: /home/theo/ros2_workspace/install/my_package/share/my_package/cmake/my_packageConfig.cmake
[0.675s] -- Symlinking: /home/theo/ros2_workspace/install/my_package/share/my_package/cmake/my_packageConfig-version.cmake
[0.686s] -- Symlinking: /home/theo/ros2_workspace/install/my_package/share/my_package/package.xml
[0.709s] Invoked command in '/home/theo/ros2_workspace/build/my_package' returned '0': CMAKE_PREFIX_PATH=/home/theo/colcon_ws/install/autonomous_tb3:/opt/ros/foxy /usr/bin/cmake --install /home/theo/ros2_workspace/build/my_package
