[0.186s] Invoking command in '/home/imjunhyung/turtlebot3_ws/build/getpo': CMAKE_PREFIX_PATH=${CMAKE_PREFIX_PATH}:/home/imjunhyung/turtlebot3_ws/install/vel_send:/home/imjunhyung/turtlebot3_ws/install/turtlebot3_teleop:/home/imjunhyung/turtlebot3_ws/install/turtlebot3_example:/home/imjunhyung/turtlebot3_ws/install/roi:/home/imjunhyung/turtlebot3_ws/install/motor:/home/imjunhyung/turtlebot3_ws/install/detection:/opt/ros/foxy /home/imjunhyung/.local/bin/cmake --build /home/imjunhyung/turtlebot3_ws/build/getpo -- -j8 -l8
[0.298s] [100%] Built target getpo
[1.011s] Invoked command in '/home/imjunhyung/turtlebot3_ws/build/getpo' returned '0': CMAKE_PREFIX_PATH=${CMAKE_PREFIX_PATH}:/home/imjunhyung/turtlebot3_ws/install/vel_send:/home/imjunhyung/turtlebot3_ws/install/turtlebot3_teleop:/home/imjunhyung/turtlebot3_ws/install/turtlebot3_example:/home/imjunhyung/turtlebot3_ws/install/roi:/home/imjunhyung/turtlebot3_ws/install/motor:/home/imjunhyung/turtlebot3_ws/install/detection:/opt/ros/foxy /home/imjunhyung/.local/bin/cmake --build /home/imjunhyung/turtlebot3_ws/build/getpo -- -j8 -l8
[1.150s] Invoking command in '/home/imjunhyung/turtlebot3_ws/build/getpo': CMAKE_PREFIX_PATH=${CMAKE_PREFIX_PATH}:/home/imjunhyung/turtlebot3_ws/install/vel_send:/home/imjunhyung/turtlebot3_ws/install/turtlebot3_teleop:/home/imjunhyung/turtlebot3_ws/install/turtlebot3_example:/home/imjunhyung/turtlebot3_ws/install/roi:/home/imjunhyung/turtlebot3_ws/install/motor:/home/imjunhyung/turtlebot3_ws/install/detection:/opt/ros/foxy /home/imjunhyung/.local/bin/cmake --install /home/imjunhyung/turtlebot3_ws/build/getpo
[1.226s] -- Install configuration: ""
[1.227s] -- Up-to-date: /home/imjunhyung/turtlebot3_ws/install/getpo/lib/getpo/getpo
[1.228s] -- Up-to-date: /home/imjunhyung/turtlebot3_ws/install/getpo/share/ament_index/resource_index/package_run_dependencies/getpo
[1.229s] -- Up-to-date: /home/imjunhyung/turtlebot3_ws/install/getpo/share/ament_index/resource_index/parent_prefix_path/getpo
[1.229s] -- Up-to-date: /home/imjunhyung/turtlebot3_ws/install/getpo/share/getpo/environment/ament_prefix_path.sh
[1.229s] -- Up-to-date: /home/imjunhyung/turtlebot3_ws/install/getpo/share/getpo/environment/ament_prefix_path.dsv
[1.230s] -- Up-to-date: /home/imjunhyung/turtlebot3_ws/install/getpo/share/getpo/environment/path.sh
[1.230s] -- Up-to-date: /home/imjunhyung/turtlebot3_ws/install/getpo/share/getpo/environment/path.dsv
[1.231s] -- Up-to-date: /home/imjunhyung/turtlebot3_ws/install/getpo/share/getpo/local_setup.bash
[1.231s] -- Up-to-date: /home/imjunhyung/turtlebot3_ws/install/getpo/share/getpo/local_setup.sh
[1.232s] -- Up-to-date: /home/imjunhyung/turtlebot3_ws/install/getpo/share/getpo/local_setup.zsh
[1.232s] -- Up-to-date: /home/imjunhyung/turtlebot3_ws/install/getpo/share/getpo/local_setup.dsv
[1.233s] -- Installing: /home/imjunhyung/turtlebot3_ws/install/getpo/share/getpo/package.dsv
[1.233s] -- Up-to-date: /home/imjunhyung/turtlebot3_ws/install/getpo/share/ament_index/resource_index/packages/getpo
[1.234s] -- Up-to-date: /home/imjunhyung/turtlebot3_ws/install/getpo/share/getpo/cmake/getpoConfig.cmake
[1.234s] -- Up-to-date: /home/imjunhyung/turtlebot3_ws/install/getpo/share/getpo/cmake/getpoConfig-version.cmake
[1.235s] -- Up-to-date: /home/imjunhyung/turtlebot3_ws/install/getpo/share/getpo/package.xml
[1.828s] Invoked command in '/home/imjunhyung/turtlebot3_ws/build/getpo' returned '0': CMAKE_PREFIX_PATH=${CMAKE_PREFIX_PATH}:/home/imjunhyung/turtlebot3_ws/install/vel_send:/home/imjunhyung/turtlebot3_ws/install/turtlebot3_teleop:/home/imjunhyung/turtlebot3_ws/install/turtlebot3_example:/home/imjunhyung/turtlebot3_ws/install/roi:/home/imjunhyung/turtlebot3_ws/install/motor:/home/imjunhyung/turtlebot3_ws/install/detection:/opt/ros/foxy /home/imjunhyung/.local/bin/cmake --install /home/imjunhyung/turtlebot3_ws/build/getpo
