[0.068s] Invoking command in '/home/theo/ros2_workspace/build/serial': CMAKE_PREFIX_PATH=${CMAKE_PREFIX_PATH}:/home/theo/colcon_ws/install/autonomous_tb3:/opt/ros/foxy /usr/bin/cmake --build /home/theo/ros2_workspace/build/serial -- -j12 -l12
[0.122s] [ 28%] Built target serial
[0.126s] [ 42%] Built target gtest_main
[0.131s] [ 57%] Built target gtest
[0.152s] [ 71%] Built target serial_example
[0.155s] [ 85%] Built target serial-test-timer
[0.156s] [100%] Built target serial-test
[0.188s] Invoked command in '/home/theo/ros2_workspace/build/serial' returned '0': CMAKE_PREFIX_PATH=${CMAKE_PREFIX_PATH}:/home/theo/colcon_ws/install/autonomous_tb3:/opt/ros/foxy /usr/bin/cmake --build /home/theo/ros2_workspace/build/serial -- -j12 -l12
[0.239s] Invoking command in '/home/theo/ros2_workspace/build/serial': CMAKE_PREFIX_PATH=${CMAKE_PREFIX_PATH}:/home/theo/colcon_ws/install/autonomous_tb3:/opt/ros/foxy /usr/bin/cmake --install /home/theo/ros2_workspace/build/serial
[0.241s] -- Install configuration: ""
[0.241s] -- Execute custom install script
[0.246s] -- Up-to-date symlink: /home/theo/ros2_workspace/install/serial/lib/libserial.a
[0.246s] -- Up-to-date symlink: /home/theo/ros2_workspace/install/serial/include/serial/serial.h
[0.246s] -- Up-to-date symlink: /home/theo/ros2_workspace/install/serial/include/serial/v8stdint.h
[0.247s] -- Up-to-date symlink: /home/theo/ros2_workspace/install/serial/share/serial/environment/library_path.sh
[0.247s] -- Up-to-date symlink: /home/theo/ros2_workspace/install/serial/share/serial/environment/library_path.dsv
[0.247s] -- Up-to-date symlink: /home/theo/ros2_workspace/install/serial/share/ament_index/resource_index/package_run_dependencies/serial
[0.247s] -- Up-to-date symlink: /home/theo/ros2_workspace/install/serial/share/ament_index/resource_index/parent_prefix_path/serial
[0.248s] -- Up-to-date symlink: /home/theo/ros2_workspace/install/serial/share/serial/environment/ament_prefix_path.sh
[0.248s] -- Up-to-date symlink: /home/theo/ros2_workspace/install/serial/share/serial/environment/ament_prefix_path.dsv
[0.248s] -- Up-to-date symlink: /home/theo/ros2_workspace/install/serial/share/serial/environment/path.sh
[0.248s] -- Up-to-date symlink: /home/theo/ros2_workspace/install/serial/share/serial/environment/path.dsv
[0.249s] -- Up-to-date symlink: /home/theo/ros2_workspace/install/serial/share/serial/local_setup.bash
[0.252s] -- Up-to-date symlink: /home/theo/ros2_workspace/install/serial/share/serial/local_setup.sh
[0.252s] -- Up-to-date symlink: /home/theo/ros2_workspace/install/serial/share/serial/local_setup.zsh
[0.252s] -- Up-to-date symlink: /home/theo/ros2_workspace/install/serial/share/serial/local_setup.dsv
[0.252s] -- Up-to-date symlink: /home/theo/ros2_workspace/install/serial/share/serial/package.dsv
[0.253s] -- Up-to-date symlink: /home/theo/ros2_workspace/install/serial/share/ament_index/resource_index/packages/serial
[0.253s] -- Up-to-date symlink: /home/theo/ros2_workspace/install/serial/share/serial/cmake/ament_cmake_export_include_directories-extras.cmake
[0.253s] -- Up-to-date symlink: /home/theo/ros2_workspace/install/serial/share/serial/cmake/ament_cmake_export_libraries-extras.cmake
[0.253s] -- Up-to-date symlink: /home/theo/ros2_workspace/install/serial/share/serial/cmake/serialConfig.cmake
[0.253s] -- Up-to-date symlink: /home/theo/ros2_workspace/install/serial/share/serial/cmake/serialConfig-version.cmake
[0.253s] -- Up-to-date symlink: /home/theo/ros2_workspace/install/serial/share/serial/package.xml
[0.307s] Invoked command in '/home/theo/ros2_workspace/build/serial' returned '0': CMAKE_PREFIX_PATH=${CMAKE_PREFIX_PATH}:/home/theo/colcon_ws/install/autonomous_tb3:/opt/ros/foxy /usr/bin/cmake --install /home/theo/ros2_workspace/build/serial
