[1.836s] Invoking command in '/home/imjunhyung/turtlebot3_ws/src/motor': PYTHONPATH=/home/imjunhyung/turtlebot3_ws/build/motor/prefix_override:/home/imjunhyung/turtlebot3_ws/install/motor/lib/python3.8/site-packages:${PYTHONPATH} /usr/bin/python3 setup.py egg_info --egg-base ../../build/motor build --build-base /home/imjunhyung/turtlebot3_ws/build/motor/build install --record /home/imjunhyung/turtlebot3_ws/build/motor/install.log --install-scripts $base/lib/motor --single-version-externally-managed
[2.262s] running egg_info
[2.263s] writing ../../build/motor/motor.egg-info/PKG-INFO
[2.263s] writing dependency_links to ../../build/motor/motor.egg-info/dependency_links.txt
[2.263s] writing entry points to ../../build/motor/motor.egg-info/entry_points.txt
[2.264s] writing requirements to ../../build/motor/motor.egg-info/requires.txt
[2.264s] writing top-level names to ../../build/motor/motor.egg-info/top_level.txt
[2.326s] reading manifest file '../../build/motor/motor.egg-info/SOURCES.txt'
[2.328s] writing manifest file '../../build/motor/motor.egg-info/SOURCES.txt'
[2.328s] running build
[2.328s] running build_py
[2.329s] running install
[2.334s] running install_lib
[2.335s] running install_data
[2.336s] running install_egg_info
[2.337s] removing '/home/imjunhyung/turtlebot3_ws/install/motor/lib/python3.8/site-packages/motor-0.0.0-py3.8.egg-info' (and everything under it)
[2.337s] Copying ../../build/motor/motor.egg-info to /home/imjunhyung/turtlebot3_ws/install/motor/lib/python3.8/site-packages/motor-0.0.0-py3.8.egg-info
[2.342s] running install_scripts
[2.365s] Installing motor script to /home/imjunhyung/turtlebot3_ws/install/motor/lib/motor
[2.366s] writing list of installed files to '/home/imjunhyung/turtlebot3_ws/build/motor/install.log'
[2.400s] Invoked command in '/home/imjunhyung/turtlebot3_ws/src/motor' returned '0': PYTHONPATH=/home/imjunhyung/turtlebot3_ws/build/motor/prefix_override:/home/imjunhyung/turtlebot3_ws/install/motor/lib/python3.8/site-packages:${PYTHONPATH} /usr/bin/python3 setup.py egg_info --egg-base ../../build/motor build --build-base /home/imjunhyung/turtlebot3_ws/build/motor/build install --record /home/imjunhyung/turtlebot3_ws/build/motor/install.log --install-scripts $base/lib/motor --single-version-externally-managed
