[0.339s] DEBUG:colcon:Command line arguments: ['/usr/bin/colcon', 'list', '-p', '--base-paths', '/home/theo/ros2_workspace']
[0.339s] DEBUG:colcon:Parsed command line arguments: Namespace(allow_overriding=[], base_paths=['/home/theo/ros2_workspace'], build_base='build', ignore_user_meta=False, log_base=None, log_level=None, main=<bound method ListVerb.main of <colcon_package_information.verb.list.ListVerb object at 0x7f6b576ba7f0>>, metas=['./colcon.meta'], names_only=False, packages_above=None, packages_above_and_dependencies=None, packages_above_depth=None, packages_end=None, packages_ignore=None, packages_ignore_regex=None, packages_select=None, packages_select_build_failed=False, packages_select_by_dep=None, packages_select_regex=None, packages_select_test_failures=False, packages_skip=None, packages_skip_build_finished=False, packages_skip_by_dep=None, packages_skip_regex=None, packages_skip_test_passed=False, packages_skip_up_to=None, packages_start=None, packages_up_to=None, packages_up_to_regex=None, paths=None, paths_only=True, topological_graph=False, topological_graph_density=False, topological_graph_dot=False, topological_graph_dot_cluster=False, topological_graph_dot_include_skipped=False, topological_graph_legend=False, topological_order=False, verb_extension=<colcon_package_information.verb.list.ListVerb object at 0x7f6b576ba7f0>, verb_name='list', verb_parser=<colcon_defaults.argument_parser.defaults.DefaultArgumentsDecorator object at 0x7f6b5763bfa0>)
[0.386s] Level 1:colcon.colcon_core.package_discovery:discover_packages(colcon_meta) check parameters
[0.386s] Level 1:colcon.colcon_core.package_discovery:discover_packages(recursive) check parameters
[0.386s] Level 1:colcon.colcon_core.package_discovery:discover_packages(ignore) check parameters
[0.386s] Level 1:colcon.colcon_core.package_discovery:discover_packages(path) check parameters
[0.386s] Level 1:colcon.colcon_core.package_discovery:discover_packages(recursive) discover
[0.386s] INFO:colcon.colcon_core.package_discovery:Crawling recursively for packages in '/home/theo/ros2_workspace'
[0.386s] Level 1:colcon.colcon_core.package_identification:_identify(/home/theo/ros2_workspace) by extensions ['ignore', 'ignore_ament_install']
[0.387s] Level 1:colcon.colcon_core.package_identification:_identify(/home/theo/ros2_workspace) by extension 'ignore'
[0.387s] Level 1:colcon.colcon_core.package_identification:_identify(/home/theo/ros2_workspace) by extension 'ignore_ament_install'
[0.387s] Level 1:colcon.colcon_core.package_identification:_identify(/home/theo/ros2_workspace) by extensions ['colcon_pkg']
[0.387s] Level 1:colcon.colcon_core.package_identification:_identify(/home/theo/ros2_workspace) by extension 'colcon_pkg'
[0.387s] Level 1:colcon.colcon_core.package_identification:_identify(/home/theo/ros2_workspace) by extensions ['colcon_meta']
[0.387s] Level 1:colcon.colcon_core.package_identification:_identify(/home/theo/ros2_workspace) by extension 'colcon_meta'
[0.387s] Level 1:colcon.colcon_core.package_identification:_identify(/home/theo/ros2_workspace) by extensions ['ros']
[0.387s] Level 1:colcon.colcon_core.package_identification:_identify(/home/theo/ros2_workspace) by extension 'ros'
[0.420s] Level 1:colcon.colcon_core.package_identification:_identify(/home/theo/ros2_workspace) by extensions ['cmake', 'python']
[0.420s] Level 1:colcon.colcon_core.package_identification:_identify(/home/theo/ros2_workspace) by extension 'cmake'
[0.420s] Level 1:colcon.colcon_core.package_identification:_identify(/home/theo/ros2_workspace) by extension 'python'
[0.420s] Level 1:colcon.colcon_core.package_identification:_identify(/home/theo/ros2_workspace) by extensions ['python_setup_py']
[0.420s] Level 1:colcon.colcon_core.package_identification:_identify(/home/theo/ros2_workspace) by extension 'python_setup_py'
[0.421s] Level 1:colcon.colcon_core.package_identification:_identify(/home/theo/ros2_workspace/build) by extensions ['ignore', 'ignore_ament_install']
[0.421s] Level 1:colcon.colcon_core.package_identification:_identify(/home/theo/ros2_workspace/build) by extension 'ignore'
[0.421s] Level 1:colcon.colcon_core.package_identification:_identify(/home/theo/ros2_workspace/build) ignored
[0.421s] Level 1:colcon.colcon_core.package_identification:_identify(/home/theo/ros2_workspace/install) by extensions ['ignore', 'ignore_ament_install']
[0.421s] Level 1:colcon.colcon_core.package_identification:_identify(/home/theo/ros2_workspace/install) by extension 'ignore'
[0.421s] Level 1:colcon.colcon_core.package_identification:_identify(/home/theo/ros2_workspace/install) ignored
[0.422s] Level 1:colcon.colcon_core.package_identification:_identify(/home/theo/ros2_workspace/log) by extensions ['ignore', 'ignore_ament_install']
[0.422s] Level 1:colcon.colcon_core.package_identification:_identify(/home/theo/ros2_workspace/log) by extension 'ignore'
[0.422s] Level 1:colcon.colcon_core.package_identification:_identify(/home/theo/ros2_workspace/log) ignored
[0.422s] Level 1:colcon.colcon_core.package_identification:_identify(/home/theo/ros2_workspace/src) by extensions ['ignore', 'ignore_ament_install']
[0.422s] Level 1:colcon.colcon_core.package_identification:_identify(/home/theo/ros2_workspace/src) by extension 'ignore'
[0.422s] Level 1:colcon.colcon_core.package_identification:_identify(/home/theo/ros2_workspace/src) by extension 'ignore_ament_install'
[0.422s] Level 1:colcon.colcon_core.package_identification:_identify(/home/theo/ros2_workspace/src) by extensions ['colcon_pkg']
[0.422s] Level 1:colcon.colcon_core.package_identification:_identify(/home/theo/ros2_workspace/src) by extension 'colcon_pkg'
[0.423s] Level 1:colcon.colcon_core.package_identification:_identify(/home/theo/ros2_workspace/src) by extensions ['colcon_meta']
[0.423s] Level 1:colcon.colcon_core.package_identification:_identify(/home/theo/ros2_workspace/src) by extension 'colcon_meta'
[0.423s] Level 1:colcon.colcon_core.package_identification:_identify(/home/theo/ros2_workspace/src) by extensions ['ros']
[0.423s] Level 1:colcon.colcon_core.package_identification:_identify(/home/theo/ros2_workspace/src) by extension 'ros'
[0.423s] Level 1:colcon.colcon_core.package_identification:_identify(/home/theo/ros2_workspace/src) by extensions ['cmake', 'python']
[0.423s] Level 1:colcon.colcon_core.package_identification:_identify(/home/theo/ros2_workspace/src) by extension 'cmake'
[0.423s] Level 1:colcon.colcon_core.package_identification:_identify(/home/theo/ros2_workspace/src) by extension 'python'
[0.423s] Level 1:colcon.colcon_core.package_identification:_identify(/home/theo/ros2_workspace/src) by extensions ['python_setup_py']
[0.423s] Level 1:colcon.colcon_core.package_identification:_identify(/home/theo/ros2_workspace/src) by extension 'python_setup_py'
[0.424s] Level 1:colcon.colcon_core.package_identification:_identify(/home/theo/ros2_workspace/src/arduino_pck) by extensions ['ignore', 'ignore_ament_install']
[0.424s] Level 1:colcon.colcon_core.package_identification:_identify(/home/theo/ros2_workspace/src/arduino_pck) by extension 'ignore'
[0.424s] Level 1:colcon.colcon_core.package_identification:_identify(/home/theo/ros2_workspace/src/arduino_pck) by extension 'ignore_ament_install'
[0.424s] Level 1:colcon.colcon_core.package_identification:_identify(/home/theo/ros2_workspace/src/arduino_pck) by extensions ['colcon_pkg']
[0.424s] Level 1:colcon.colcon_core.package_identification:_identify(/home/theo/ros2_workspace/src/arduino_pck) by extension 'colcon_pkg'
[0.424s] Level 1:colcon.colcon_core.package_identification:_identify(/home/theo/ros2_workspace/src/arduino_pck) by extensions ['colcon_meta']
[0.424s] Level 1:colcon.colcon_core.package_identification:_identify(/home/theo/ros2_workspace/src/arduino_pck) by extension 'colcon_meta'
[0.424s] Level 1:colcon.colcon_core.package_identification:_identify(/home/theo/ros2_workspace/src/arduino_pck) by extensions ['ros']
[0.424s] Level 1:colcon.colcon_core.package_identification:_identify(/home/theo/ros2_workspace/src/arduino_pck) by extension 'ros'
[0.428s] DEBUG:colcon.colcon_core.package_identification:Package '/home/theo/ros2_workspace/src/arduino_pck' with type 'ros.ament_cmake' and name 'arduino_pck'
[0.429s] Level 1:colcon.colcon_core.package_identification:_identify(/home/theo/ros2_workspace/src/my_package) by extensions ['ignore', 'ignore_ament_install']
[0.429s] Level 1:colcon.colcon_core.package_identification:_identify(/home/theo/ros2_workspace/src/my_package) by extension 'ignore'
[0.429s] Level 1:colcon.colcon_core.package_identification:_identify(/home/theo/ros2_workspace/src/my_package) by extension 'ignore_ament_install'
[0.429s] Level 1:colcon.colcon_core.package_identification:_identify(/home/theo/ros2_workspace/src/my_package) by extensions ['colcon_pkg']
[0.429s] Level 1:colcon.colcon_core.package_identification:_identify(/home/theo/ros2_workspace/src/my_package) by extension 'colcon_pkg'
[0.429s] Level 1:colcon.colcon_core.package_identification:_identify(/home/theo/ros2_workspace/src/my_package) by extensions ['colcon_meta']
[0.429s] Level 1:colcon.colcon_core.package_identification:_identify(/home/theo/ros2_workspace/src/my_package) by extension 'colcon_meta'
[0.429s] Level 1:colcon.colcon_core.package_identification:_identify(/home/theo/ros2_workspace/src/my_package) by extensions ['ros']
[0.429s] Level 1:colcon.colcon_core.package_identification:_identify(/home/theo/ros2_workspace/src/my_package) by extension 'ros'
[0.430s] DEBUG:colcon.colcon_core.package_identification:Package '/home/theo/ros2_workspace/src/my_package' with type 'ros.ament_cmake' and name 'my_package'
[0.431s] Level 1:colcon.colcon_core.package_identification:_identify(/home/theo/ros2_workspace/src/test_package) by extensions ['ignore', 'ignore_ament_install']
[0.431s] Level 1:colcon.colcon_core.package_identification:_identify(/home/theo/ros2_workspace/src/test_package) by extension 'ignore'
[0.431s] Level 1:colcon.colcon_core.package_identification:_identify(/home/theo/ros2_workspace/src/test_package) by extension 'ignore_ament_install'
[0.431s] Level 1:colcon.colcon_core.package_identification:_identify(/home/theo/ros2_workspace/src/test_package) by extensions ['colcon_pkg']
[0.431s] Level 1:colcon.colcon_core.package_identification:_identify(/home/theo/ros2_workspace/src/test_package) by extension 'colcon_pkg'
[0.431s] Level 1:colcon.colcon_core.package_identification:_identify(/home/theo/ros2_workspace/src/test_package) by extensions ['colcon_meta']
[0.431s] Level 1:colcon.colcon_core.package_identification:_identify(/home/theo/ros2_workspace/src/test_package) by extension 'colcon_meta'
[0.431s] Level 1:colcon.colcon_core.package_identification:_identify(/home/theo/ros2_workspace/src/test_package) by extensions ['ros']
[0.432s] Level 1:colcon.colcon_core.package_identification:_identify(/home/theo/ros2_workspace/src/test_package) by extension 'ros'
[0.432s] DEBUG:colcon.colcon_core.package_identification:Package '/home/theo/ros2_workspace/src/test_package' with type 'ros.ament_cmake' and name 'test_package'
[0.432s] Level 1:colcon.colcon_core.package_discovery:discover_packages(recursive) using defaults
