[0.280s] DEBUG:colcon:Command line arguments: ['/usr/bin/colcon', 'build', '--symlink-install']
[0.280s] DEBUG:colcon:Parsed command line arguments: Namespace(allow_overriding=[], ament_cmake_args=None, base_paths=['.'], build_base='build', catkin_cmake_args=None, catkin_skip_building_tests=False, cmake_args=None, cmake_clean_cache=False, cmake_clean_first=False, cmake_force_configure=False, cmake_target=None, cmake_target_skip_unavailable=False, continue_on_error=False, event_handlers=None, executor='parallel', ignore_user_meta=False, install_base='install', log_base=None, log_level=None, main=<bound method BuildVerb.main of <colcon_core.verb.build.BuildVerb object at 0x7f37063c2220>>, merge_install=False, metas=['./colcon.meta'], packages_above=None, packages_above_and_dependencies=None, packages_above_depth=None, packages_end=None, packages_ignore=None, packages_ignore_regex=None, packages_select=None, packages_select_build_failed=False, packages_select_by_dep=None, packages_select_regex=None, packages_select_test_failures=False, packages_skip=None, packages_skip_build_finished=False, packages_skip_by_dep=None, packages_skip_regex=None, packages_skip_test_passed=False, packages_skip_up_to=None, packages_start=None, packages_up_to=None, packages_up_to_regex=None, parallel_workers=12, paths=None, symlink_install=True, test_result_base=None, verb_extension=<colcon_core.verb.build.BuildVerb object at 0x7f37063c2220>, verb_name='build', verb_parser=<colcon_defaults.argument_parser.defaults.DefaultArgumentsDecorator object at 0x7f37063c2760>)
[0.309s] Level 1:colcon.colcon_core.package_discovery:discover_packages(colcon_meta) check parameters
[0.309s] Level 1:colcon.colcon_core.package_discovery:discover_packages(recursive) check parameters
[0.309s] Level 1:colcon.colcon_core.package_discovery:discover_packages(ignore) check parameters
[0.309s] Level 1:colcon.colcon_core.package_discovery:discover_packages(path) check parameters
[0.309s] Level 1:colcon.colcon_core.package_discovery:discover_packages(colcon_meta) discover
[0.309s] Level 1:colcon.colcon_core.package_discovery:discover_packages(recursive) discover
[0.309s] INFO:colcon.colcon_core.package_discovery:Crawling recursively for packages in '/home/theo/ros2_workspace'
[0.309s] Level 1:colcon.colcon_core.package_identification:_identify(.) by extensions ['ignore', 'ignore_ament_install']
[0.309s] Level 1:colcon.colcon_core.package_identification:_identify(.) by extension 'ignore'
[0.309s] Level 1:colcon.colcon_core.package_identification:_identify(.) by extension 'ignore_ament_install'
[0.309s] Level 1:colcon.colcon_core.package_identification:_identify(.) by extensions ['colcon_pkg']
[0.309s] Level 1:colcon.colcon_core.package_identification:_identify(.) by extension 'colcon_pkg'
[0.309s] Level 1:colcon.colcon_core.package_identification:_identify(.) by extensions ['colcon_meta']
[0.309s] Level 1:colcon.colcon_core.package_identification:_identify(.) by extension 'colcon_meta'
[0.309s] Level 1:colcon.colcon_core.package_identification:_identify(.) by extensions ['ros']
[0.309s] Level 1:colcon.colcon_core.package_identification:_identify(.) by extension 'ros'
[0.318s] Level 1:colcon.colcon_core.package_identification:_identify(.) by extensions ['cmake', 'python']
[0.318s] Level 1:colcon.colcon_core.package_identification:_identify(.) by extension 'cmake'
[0.318s] Level 1:colcon.colcon_core.package_identification:_identify(.) by extension 'python'
[0.318s] Level 1:colcon.colcon_core.package_identification:_identify(.) by extensions ['python_setup_py']
[0.318s] Level 1:colcon.colcon_core.package_identification:_identify(.) by extension 'python_setup_py'
[0.318s] Level 1:colcon.colcon_core.package_identification:_identify(build) by extensions ['ignore', 'ignore_ament_install']
[0.318s] Level 1:colcon.colcon_core.package_identification:_identify(build) by extension 'ignore'
[0.318s] Level 1:colcon.colcon_core.package_identification:_identify(build) ignored
[0.318s] Level 1:colcon.colcon_core.package_identification:_identify(install) by extensions ['ignore', 'ignore_ament_install']
[0.319s] Level 1:colcon.colcon_core.package_identification:_identify(install) by extension 'ignore'
[0.319s] Level 1:colcon.colcon_core.package_identification:_identify(install) ignored
[0.319s] Level 1:colcon.colcon_core.package_identification:_identify(log) by extensions ['ignore', 'ignore_ament_install']
[0.319s] Level 1:colcon.colcon_core.package_identification:_identify(log) by extension 'ignore'
[0.319s] Level 1:colcon.colcon_core.package_identification:_identify(log) ignored
[0.319s] Level 1:colcon.colcon_core.package_identification:_identify(src) by extensions ['ignore', 'ignore_ament_install']
[0.319s] Level 1:colcon.colcon_core.package_identification:_identify(src) by extension 'ignore'
[0.319s] Level 1:colcon.colcon_core.package_identification:_identify(src) by extension 'ignore_ament_install'
[0.319s] Level 1:colcon.colcon_core.package_identification:_identify(src) by extensions ['colcon_pkg']
[0.319s] Level 1:colcon.colcon_core.package_identification:_identify(src) by extension 'colcon_pkg'
[0.319s] Level 1:colcon.colcon_core.package_identification:_identify(src) by extensions ['colcon_meta']
[0.319s] Level 1:colcon.colcon_core.package_identification:_identify(src) by extension 'colcon_meta'
[0.319s] Level 1:colcon.colcon_core.package_identification:_identify(src) by extensions ['ros']
[0.319s] Level 1:colcon.colcon_core.package_identification:_identify(src) by extension 'ros'
[0.319s] Level 1:colcon.colcon_core.package_identification:_identify(src) by extensions ['cmake', 'python']
[0.319s] Level 1:colcon.colcon_core.package_identification:_identify(src) by extension 'cmake'
[0.319s] Level 1:colcon.colcon_core.package_identification:_identify(src) by extension 'python'
[0.319s] Level 1:colcon.colcon_core.package_identification:_identify(src) by extensions ['python_setup_py']
[0.320s] Level 1:colcon.colcon_core.package_identification:_identify(src) by extension 'python_setup_py'
[0.320s] Level 1:colcon.colcon_core.package_identification:_identify(src/arduino_pck) by extensions ['ignore', 'ignore_ament_install']
[0.320s] Level 1:colcon.colcon_core.package_identification:_identify(src/arduino_pck) by extension 'ignore'
[0.320s] Level 1:colcon.colcon_core.package_identification:_identify(src/arduino_pck) by extension 'ignore_ament_install'
[0.320s] Level 1:colcon.colcon_core.package_identification:_identify(src/arduino_pck) by extensions ['colcon_pkg']
[0.320s] Level 1:colcon.colcon_core.package_identification:_identify(src/arduino_pck) by extension 'colcon_pkg'
[0.320s] Level 1:colcon.colcon_core.package_identification:_identify(src/arduino_pck) by extensions ['colcon_meta']
[0.320s] Level 1:colcon.colcon_core.package_identification:_identify(src/arduino_pck) by extension 'colcon_meta'
[0.320s] Level 1:colcon.colcon_core.package_identification:_identify(src/arduino_pck) by extensions ['ros']
[0.320s] Level 1:colcon.colcon_core.package_identification:_identify(src/arduino_pck) by extension 'ros'
[0.322s] DEBUG:colcon.colcon_core.package_identification:Package 'src/arduino_pck' with type 'ros.ament_cmake' and name 'arduino_pck'
[0.322s] Level 1:colcon.colcon_core.package_identification:_identify(src/articubot_one) by extensions ['ignore', 'ignore_ament_install']
[0.322s] Level 1:colcon.colcon_core.package_identification:_identify(src/articubot_one) by extension 'ignore'
[0.323s] Level 1:colcon.colcon_core.package_identification:_identify(src/articubot_one) by extension 'ignore_ament_install'
[0.323s] Level 1:colcon.colcon_core.package_identification:_identify(src/articubot_one) by extensions ['colcon_pkg']
[0.323s] Level 1:colcon.colcon_core.package_identification:_identify(src/articubot_one) by extension 'colcon_pkg'
[0.323s] Level 1:colcon.colcon_core.package_identification:_identify(src/articubot_one) by extensions ['colcon_meta']
[0.323s] Level 1:colcon.colcon_core.package_identification:_identify(src/articubot_one) by extension 'colcon_meta'
[0.323s] Level 1:colcon.colcon_core.package_identification:_identify(src/articubot_one) by extensions ['ros']
[0.323s] Level 1:colcon.colcon_core.package_identification:_identify(src/articubot_one) by extension 'ros'
[0.323s] DEBUG:colcon.colcon_core.package_identification:Package 'src/articubot_one' with type 'ros.ament_cmake' and name 'articubot_one'
[0.323s] Level 1:colcon.colcon_core.package_identification:_identify(src/diffdrive_arduino) by extensions ['ignore', 'ignore_ament_install']
[0.323s] Level 1:colcon.colcon_core.package_identification:_identify(src/diffdrive_arduino) by extension 'ignore'
[0.323s] Level 1:colcon.colcon_core.package_identification:_identify(src/diffdrive_arduino) by extension 'ignore_ament_install'
[0.323s] Level 1:colcon.colcon_core.package_identification:_identify(src/diffdrive_arduino) by extensions ['colcon_pkg']
[0.323s] Level 1:colcon.colcon_core.package_identification:_identify(src/diffdrive_arduino) by extension 'colcon_pkg'
[0.324s] Level 1:colcon.colcon_core.package_identification:_identify(src/diffdrive_arduino) by extensions ['colcon_meta']
[0.324s] Level 1:colcon.colcon_core.package_identification:_identify(src/diffdrive_arduino) by extension 'colcon_meta'
[0.324s] Level 1:colcon.colcon_core.package_identification:_identify(src/diffdrive_arduino) by extensions ['ros']
[0.324s] Level 1:colcon.colcon_core.package_identification:_identify(src/diffdrive_arduino) by extension 'ros'
[0.324s] DEBUG:colcon.colcon_core.package_identification:Package 'src/diffdrive_arduino' with type 'ros.ament_cmake' and name 'diffdrive_arduino'
[0.324s] Level 1:colcon.colcon_core.package_identification:_identify(src/ros2_serial_interface) by extensions ['ignore', 'ignore_ament_install']
[0.325s] Level 1:colcon.colcon_core.package_identification:_identify(src/ros2_serial_interface) by extension 'ignore'
[0.325s] Level 1:colcon.colcon_core.package_identification:_identify(src/ros2_serial_interface) by extension 'ignore_ament_install'
[0.325s] Level 1:colcon.colcon_core.package_identification:_identify(src/ros2_serial_interface) by extensions ['colcon_pkg']
[0.325s] Level 1:colcon.colcon_core.package_identification:_identify(src/ros2_serial_interface) by extension 'colcon_pkg'
[0.325s] Level 1:colcon.colcon_core.package_identification:_identify(src/ros2_serial_interface) by extensions ['colcon_meta']
[0.325s] Level 1:colcon.colcon_core.package_identification:_identify(src/ros2_serial_interface) by extension 'colcon_meta'
[0.325s] Level 1:colcon.colcon_core.package_identification:_identify(src/ros2_serial_interface) by extensions ['ros']
[0.325s] Level 1:colcon.colcon_core.package_identification:_identify(src/ros2_serial_interface) by extension 'ros'
[0.325s] DEBUG:colcon.colcon_core.package_identification:Package 'src/ros2_serial_interface' with type 'ros.ament_python' and name 'ros2_serial_interface'
[0.325s] Level 1:colcon.colcon_core.package_identification:_identify(src/serial) by extensions ['ignore', 'ignore_ament_install']
[0.326s] Level 1:colcon.colcon_core.package_identification:_identify(src/serial) by extension 'ignore'
[0.326s] Level 1:colcon.colcon_core.package_identification:_identify(src/serial) by extension 'ignore_ament_install'
[0.326s] Level 1:colcon.colcon_core.package_identification:_identify(src/serial) by extensions ['colcon_pkg']
[0.326s] Level 1:colcon.colcon_core.package_identification:_identify(src/serial) by extension 'colcon_pkg'
[0.326s] Level 1:colcon.colcon_core.package_identification:_identify(src/serial) by extensions ['colcon_meta']
[0.326s] Level 1:colcon.colcon_core.package_identification:_identify(src/serial) by extension 'colcon_meta'
[0.326s] Level 1:colcon.colcon_core.package_identification:_identify(src/serial) by extensions ['ros']
[0.326s] Level 1:colcon.colcon_core.package_identification:_identify(src/serial) by extension 'ros'
[0.326s] DEBUG:colcon.colcon_core.package_identification:Package 'src/serial' with type 'ros.ament_cmake' and name 'serial'
[0.326s] Level 1:colcon.colcon_core.package_identification:_identify(src/test_package) by extensions ['ignore', 'ignore_ament_install']
[0.326s] Level 1:colcon.colcon_core.package_identification:_identify(src/test_package) by extension 'ignore'
[0.327s] Level 1:colcon.colcon_core.package_identification:_identify(src/test_package) by extension 'ignore_ament_install'
[0.327s] Level 1:colcon.colcon_core.package_identification:_identify(src/test_package) by extensions ['colcon_pkg']
[0.327s] Level 1:colcon.colcon_core.package_identification:_identify(src/test_package) by extension 'colcon_pkg'
[0.327s] Level 1:colcon.colcon_core.package_identification:_identify(src/test_package) by extensions ['colcon_meta']
[0.327s] Level 1:colcon.colcon_core.package_identification:_identify(src/test_package) by extension 'colcon_meta'
[0.327s] Level 1:colcon.colcon_core.package_identification:_identify(src/test_package) by extensions ['ros']
[0.327s] Level 1:colcon.colcon_core.package_identification:_identify(src/test_package) by extension 'ros'
[0.327s] DEBUG:colcon.colcon_core.package_identification:Package 'src/test_package' with type 'ros.ament_cmake' and name 'test_package'
[0.327s] Level 1:colcon.colcon_core.package_discovery:discover_packages(recursive) using defaults
[0.327s] Level 1:colcon.colcon_core.package_discovery:discover_packages(ignore) discover
[0.327s] Level 1:colcon.colcon_core.package_discovery:discover_packages(ignore) using defaults
[0.327s] Level 1:colcon.colcon_core.package_discovery:discover_packages(path) discover
[0.327s] Level 1:colcon.colcon_core.package_discovery:discover_packages(path) using defaults
[0.347s] Level 1:colcon.colcon_core.package_discovery:discover_packages(prefix_path) check parameters
[0.347s] Level 1:colcon.colcon_core.package_discovery:discover_packages(prefix_path) discover
[0.350s] DEBUG:colcon.colcon_installed_package_information.package_discovery:Found 7 installed packages in /home/theo/ros2_workspace/install
[0.351s] DEBUG:colcon.colcon_installed_package_information.package_discovery:Found 2 installed packages in /home/theo/colcon_ws/install
[0.353s] DEBUG:colcon.colcon_installed_package_information.package_discovery:Found 345 installed packages in /opt/ros/foxy
[0.354s] Level 1:colcon.colcon_core.package_discovery:discover_packages(prefix_path) using defaults
[0.424s] Level 5:colcon.colcon_core.verb:set package 'arduino_pck' build argument 'cmake_args' from command line to 'None'
[0.424s] Level 5:colcon.colcon_core.verb:set package 'arduino_pck' build argument 'cmake_target' from command line to 'None'
[0.424s] Level 5:colcon.colcon_core.verb:set package 'arduino_pck' build argument 'cmake_target_skip_unavailable' from command line to 'False'
[0.424s] Level 5:colcon.colcon_core.verb:set package 'arduino_pck' build argument 'cmake_clean_cache' from command line to 'False'
[0.424s] Level 5:colcon.colcon_core.verb:set package 'arduino_pck' build argument 'cmake_clean_first' from command line to 'False'
[0.424s] Level 5:colcon.colcon_core.verb:set package 'arduino_pck' build argument 'cmake_force_configure' from command line to 'False'
[0.424s] Level 5:colcon.colcon_core.verb:set package 'arduino_pck' build argument 'ament_cmake_args' from command line to 'None'
[0.424s] Level 5:colcon.colcon_core.verb:set package 'arduino_pck' build argument 'catkin_cmake_args' from command line to 'None'
[0.424s] Level 5:colcon.colcon_core.verb:set package 'arduino_pck' build argument 'catkin_skip_building_tests' from command line to 'False'
[0.424s] DEBUG:colcon.colcon_core.verb:Building package 'arduino_pck' with the following arguments: {'ament_cmake_args': None, 'build_base': '/home/theo/ros2_workspace/build/arduino_pck', 'catkin_cmake_args': None, 'catkin_skip_building_tests': False, 'cmake_args': None, 'cmake_clean_cache': False, 'cmake_clean_first': False, 'cmake_force_configure': False, 'cmake_target': None, 'cmake_target_skip_unavailable': False, 'install_base': '/home/theo/ros2_workspace/install/arduino_pck', 'merge_install': False, 'path': '/home/theo/ros2_workspace/src/arduino_pck', 'symlink_install': True, 'test_result_base': None}
[0.425s] Level 5:colcon.colcon_core.verb:set package 'articubot_one' build argument 'cmake_args' from command line to 'None'
[0.425s] Level 5:colcon.colcon_core.verb:set package 'articubot_one' build argument 'cmake_target' from command line to 'None'
[0.425s] Level 5:colcon.colcon_core.verb:set package 'articubot_one' build argument 'cmake_target_skip_unavailable' from command line to 'False'
[0.425s] Level 5:colcon.colcon_core.verb:set package 'articubot_one' build argument 'cmake_clean_cache' from command line to 'False'
[0.425s] Level 5:colcon.colcon_core.verb:set package 'articubot_one' build argument 'cmake_clean_first' from command line to 'False'
[0.425s] Level 5:colcon.colcon_core.verb:set package 'articubot_one' build argument 'cmake_force_configure' from command line to 'False'
[0.425s] Level 5:colcon.colcon_core.verb:set package 'articubot_one' build argument 'ament_cmake_args' from command line to 'None'
[0.425s] Level 5:colcon.colcon_core.verb:set package 'articubot_one' build argument 'catkin_cmake_args' from command line to 'None'
[0.425s] Level 5:colcon.colcon_core.verb:set package 'articubot_one' build argument 'catkin_skip_building_tests' from command line to 'False'
[0.426s] DEBUG:colcon.colcon_core.verb:Building package 'articubot_one' with the following arguments: {'ament_cmake_args': None, 'build_base': '/home/theo/ros2_workspace/build/articubot_one', 'catkin_cmake_args': None, 'catkin_skip_building_tests': False, 'cmake_args': None, 'cmake_clean_cache': False, 'cmake_clean_first': False, 'cmake_force_configure': False, 'cmake_target': None, 'cmake_target_skip_unavailable': False, 'install_base': '/home/theo/ros2_workspace/install/articubot_one', 'merge_install': False, 'path': '/home/theo/ros2_workspace/src/articubot_one', 'symlink_install': True, 'test_result_base': None}
[0.427s] Level 5:colcon.colcon_core.verb:set package 'serial' build argument 'cmake_args' from command line to 'None'
[0.427s] Level 5:colcon.colcon_core.verb:set package 'serial' build argument 'cmake_target' from command line to 'None'
[0.427s] Level 5:colcon.colcon_core.verb:set package 'serial' build argument 'cmake_target_skip_unavailable' from command line to 'False'
[0.427s] Level 5:colcon.colcon_core.verb:set package 'serial' build argument 'cmake_clean_cache' from command line to 'False'
[0.427s] Level 5:colcon.colcon_core.verb:set package 'serial' build argument 'cmake_clean_first' from command line to 'False'
[0.427s] Level 5:colcon.colcon_core.verb:set package 'serial' build argument 'cmake_force_configure' from command line to 'False'
[0.427s] Level 5:colcon.colcon_core.verb:set package 'serial' build argument 'ament_cmake_args' from command line to 'None'
[0.427s] Level 5:colcon.colcon_core.verb:set package 'serial' build argument 'catkin_cmake_args' from command line to 'None'
[0.427s] Level 5:colcon.colcon_core.verb:set package 'serial' build argument 'catkin_skip_building_tests' from command line to 'False'
[0.427s] DEBUG:colcon.colcon_core.verb:Building package 'serial' with the following arguments: {'ament_cmake_args': None, 'build_base': '/home/theo/ros2_workspace/build/serial', 'catkin_cmake_args': None, 'catkin_skip_building_tests': False, 'cmake_args': None, 'cmake_clean_cache': False, 'cmake_clean_first': False, 'cmake_force_configure': False, 'cmake_target': None, 'cmake_target_skip_unavailable': False, 'install_base': '/home/theo/ros2_workspace/install/serial', 'merge_install': False, 'path': '/home/theo/ros2_workspace/src/serial', 'symlink_install': True, 'test_result_base': None}
[0.428s] Level 5:colcon.colcon_core.verb:set package 'test_package' build argument 'cmake_args' from command line to 'None'
[0.428s] Level 5:colcon.colcon_core.verb:set package 'test_package' build argument 'cmake_target' from command line to 'None'
[0.428s] Level 5:colcon.colcon_core.verb:set package 'test_package' build argument 'cmake_target_skip_unavailable' from command line to 'False'
[0.428s] Level 5:colcon.colcon_core.verb:set package 'test_package' build argument 'cmake_clean_cache' from command line to 'False'
[0.428s] Level 5:colcon.colcon_core.verb:set package 'test_package' build argument 'cmake_clean_first' from command line to 'False'
[0.428s] Level 5:colcon.colcon_core.verb:set package 'test_package' build argument 'cmake_force_configure' from command line to 'False'
[0.428s] Level 5:colcon.colcon_core.verb:set package 'test_package' build argument 'ament_cmake_args' from command line to 'None'
[0.428s] Level 5:colcon.colcon_core.verb:set package 'test_package' build argument 'catkin_cmake_args' from command line to 'None'
[0.428s] Level 5:colcon.colcon_core.verb:set package 'test_package' build argument 'catkin_skip_building_tests' from command line to 'False'
[0.428s] DEBUG:colcon.colcon_core.verb:Building package 'test_package' with the following arguments: {'ament_cmake_args': None, 'build_base': '/home/theo/ros2_workspace/build/test_package', 'catkin_cmake_args': None, 'catkin_skip_building_tests': False, 'cmake_args': None, 'cmake_clean_cache': False, 'cmake_clean_first': False, 'cmake_force_configure': False, 'cmake_target': None, 'cmake_target_skip_unavailable': False, 'install_base': '/home/theo/ros2_workspace/install/test_package', 'merge_install': False, 'path': '/home/theo/ros2_workspace/src/test_package', 'symlink_install': True, 'test_result_base': None}
[0.429s] Level 5:colcon.colcon_core.verb:set package 'diffdrive_arduino' build argument 'cmake_args' from command line to 'None'
[0.429s] Level 5:colcon.colcon_core.verb:set package 'diffdrive_arduino' build argument 'cmake_target' from command line to 'None'
[0.429s] Level 5:colcon.colcon_core.verb:set package 'diffdrive_arduino' build argument 'cmake_target_skip_unavailable' from command line to 'False'
[0.430s] Level 5:colcon.colcon_core.verb:set package 'diffdrive_arduino' build argument 'cmake_clean_cache' from command line to 'False'
[0.430s] Level 5:colcon.colcon_core.verb:set package 'diffdrive_arduino' build argument 'cmake_clean_first' from command line to 'False'
[0.430s] Level 5:colcon.colcon_core.verb:set package 'diffdrive_arduino' build argument 'cmake_force_configure' from command line to 'False'
[0.430s] Level 5:colcon.colcon_core.verb:set package 'diffdrive_arduino' build argument 'ament_cmake_args' from command line to 'None'
[0.430s] Level 5:colcon.colcon_core.verb:set package 'diffdrive_arduino' build argument 'catkin_cmake_args' from command line to 'None'
[0.430s] Level 5:colcon.colcon_core.verb:set package 'diffdrive_arduino' build argument 'catkin_skip_building_tests' from command line to 'False'
[0.430s] DEBUG:colcon.colcon_core.verb:Building package 'diffdrive_arduino' with the following arguments: {'ament_cmake_args': None, 'build_base': '/home/theo/ros2_workspace/build/diffdrive_arduino', 'catkin_cmake_args': None, 'catkin_skip_building_tests': False, 'cmake_args': None, 'cmake_clean_cache': False, 'cmake_clean_first': False, 'cmake_force_configure': False, 'cmake_target': None, 'cmake_target_skip_unavailable': False, 'install_base': '/home/theo/ros2_workspace/install/diffdrive_arduino', 'merge_install': False, 'path': '/home/theo/ros2_workspace/src/diffdrive_arduino', 'symlink_install': True, 'test_result_base': None}
[0.431s] Level 5:colcon.colcon_core.verb:set package 'ros2_serial_interface' build argument 'cmake_args' from command line to 'None'
[0.431s] Level 5:colcon.colcon_core.verb:set package 'ros2_serial_interface' build argument 'cmake_target' from command line to 'None'
[0.431s] Level 5:colcon.colcon_core.verb:set package 'ros2_serial_interface' build argument 'cmake_target_skip_unavailable' from command line to 'False'
[0.431s] Level 5:colcon.colcon_core.verb:set package 'ros2_serial_interface' build argument 'cmake_clean_cache' from command line to 'False'
[0.431s] Level 5:colcon.colcon_core.verb:set package 'ros2_serial_interface' build argument 'cmake_clean_first' from command line to 'False'
[0.431s] Level 5:colcon.colcon_core.verb:set package 'ros2_serial_interface' build argument 'cmake_force_configure' from command line to 'False'
[0.431s] Level 5:colcon.colcon_core.verb:set package 'ros2_serial_interface' build argument 'ament_cmake_args' from command line to 'None'
[0.431s] Level 5:colcon.colcon_core.verb:set package 'ros2_serial_interface' build argument 'catkin_cmake_args' from command line to 'None'
[0.431s] Level 5:colcon.colcon_core.verb:set package 'ros2_serial_interface' build argument 'catkin_skip_building_tests' from command line to 'False'
[0.431s] DEBUG:colcon.colcon_core.verb:Building package 'ros2_serial_interface' with the following arguments: {'ament_cmake_args': None, 'build_base': '/home/theo/ros2_workspace/build/ros2_serial_interface', 'catkin_cmake_args': None, 'catkin_skip_building_tests': False, 'cmake_args': None, 'cmake_clean_cache': False, 'cmake_clean_first': False, 'cmake_force_configure': False, 'cmake_target': None, 'cmake_target_skip_unavailable': False, 'install_base': '/home/theo/ros2_workspace/install/ros2_serial_interface', 'merge_install': False, 'path': '/home/theo/ros2_workspace/src/ros2_serial_interface', 'symlink_install': True, 'test_result_base': None}
[0.432s] INFO:colcon.colcon_core.executor:Executing jobs using 'parallel' executor
[0.437s] DEBUG:colcon.colcon_parallel_executor.executor.parallel:run_until_complete
[0.437s] INFO:colcon.colcon_ros.task.ament_cmake.build:Building ROS package in '/home/theo/ros2_workspace/src/serial' with build type 'ament_cmake'
[0.438s] INFO:colcon.colcon_cmake.task.cmake.build:Building CMake package in '/home/theo/ros2_workspace/src/serial'
[0.442s] INFO:colcon.colcon_core.plugin_system:Skipping extension 'colcon_core.shell.bat': Not used on non-Windows systems
[0.442s] INFO:colcon.colcon_core.shell:Skip shell extension 'powershell' for command environment: Not usable outside of PowerShell
[0.442s] DEBUG:colcon.colcon_core.shell:Skip shell extension 'dsv' for command environment
[0.450s] INFO:colcon.colcon_ros.task.ament_cmake.build:Building ROS package in '/home/theo/ros2_workspace/src/arduino_pck' with build type 'ament_cmake'
[0.450s] INFO:colcon.colcon_cmake.task.cmake.build:Building CMake package in '/home/theo/ros2_workspace/src/arduino_pck'
[0.452s] INFO:colcon.colcon_core.shell:Skip shell extension 'powershell' for command environment: Not usable outside of PowerShell
[0.452s] DEBUG:colcon.colcon_core.shell:Skip shell extension 'dsv' for command environment
[0.461s] INFO:colcon.colcon_ros.task.ament_cmake.build:Building ROS package in '/home/theo/ros2_workspace/src/articubot_one' with build type 'ament_cmake'
[0.461s] INFO:colcon.colcon_cmake.task.cmake.build:Building CMake package in '/home/theo/ros2_workspace/src/articubot_one'
[0.464s] INFO:colcon.colcon_core.shell:Skip shell extension 'powershell' for command environment: Not usable outside of PowerShell
[0.464s] DEBUG:colcon.colcon_core.shell:Skip shell extension 'dsv' for command environment
[0.472s] INFO:colcon.colcon_ros.task.ament_cmake.build:Building ROS package in '/home/theo/ros2_workspace/src/test_package' with build type 'ament_cmake'
[0.472s] INFO:colcon.colcon_cmake.task.cmake.build:Building CMake package in '/home/theo/ros2_workspace/src/test_package'
[0.475s] INFO:colcon.colcon_core.shell:Skip shell extension 'powershell' for command environment: Not usable outside of PowerShell
[0.475s] DEBUG:colcon.colcon_core.shell:Skip shell extension 'dsv' for command environment
[0.490s] DEBUG:colcon.colcon_core.event_handler.log_command:Invoking command in '/home/theo/ros2_workspace/build/serial': CMAKE_PREFIX_PATH=${CMAKE_PREFIX_PATH}:/home/theo/ros2_workspace/install/ros2_serial_interface:/home/theo/colcon_ws/install/autonomous_tb3:/opt/ros/foxy /usr/bin/cmake --build /home/theo/ros2_workspace/build/serial -- -j12 -l12
[0.495s] DEBUG:colcon.colcon_core.event_handler.log_command:Invoking command in '/home/theo/ros2_workspace/build/arduino_pck': CMAKE_PREFIX_PATH=${CMAKE_PREFIX_PATH}:/home/theo/ros2_workspace/install/ros2_serial_interface:/home/theo/colcon_ws/install/autonomous_tb3:/opt/ros/foxy /usr/bin/cmake --build /home/theo/ros2_workspace/build/arduino_pck -- -j12 -l12
[0.503s] DEBUG:colcon.colcon_core.event_handler.log_command:Invoking command in '/home/theo/ros2_workspace/build/articubot_one': CMAKE_PREFIX_PATH=${CMAKE_PREFIX_PATH}:/home/theo/ros2_workspace/install/ros2_serial_interface:/home/theo/colcon_ws/install/autonomous_tb3:/opt/ros/foxy /usr/bin/cmake --build /home/theo/ros2_workspace/build/articubot_one -- -j12 -l12
[0.510s] DEBUG:colcon.colcon_core.event_handler.log_command:Invoking command in '/home/theo/ros2_workspace/build/test_package': CMAKE_PREFIX_PATH=${CMAKE_PREFIX_PATH}:/home/theo/ros2_workspace/install/ros2_serial_interface:/home/theo/colcon_ws/install/autonomous_tb3:/opt/ros/foxy /usr/bin/cmake --build /home/theo/ros2_workspace/build/test_package -- -j12 -l12
[0.536s] DEBUG:colcon.colcon_core.event_handler.log_command:Invoked command in '/home/theo/ros2_workspace/build/arduino_pck' returned '0': CMAKE_PREFIX_PATH=${CMAKE_PREFIX_PATH}:/home/theo/ros2_workspace/install/ros2_serial_interface:/home/theo/colcon_ws/install/autonomous_tb3:/opt/ros/foxy /usr/bin/cmake --build /home/theo/ros2_workspace/build/arduino_pck -- -j12 -l12
[0.543s] DEBUG:colcon.colcon_core.event_handler.log_command:Invoked command in '/home/theo/ros2_workspace/build/articubot_one' returned '0': CMAKE_PREFIX_PATH=${CMAKE_PREFIX_PATH}:/home/theo/ros2_workspace/install/ros2_serial_interface:/home/theo/colcon_ws/install/autonomous_tb3:/opt/ros/foxy /usr/bin/cmake --build /home/theo/ros2_workspace/build/articubot_one -- -j12 -l12
[0.548s] DEBUG:colcon.colcon_core.event_handler.log_command:Invoked command in '/home/theo/ros2_workspace/build/test_package' returned '0': CMAKE_PREFIX_PATH=${CMAKE_PREFIX_PATH}:/home/theo/ros2_workspace/install/ros2_serial_interface:/home/theo/colcon_ws/install/autonomous_tb3:/opt/ros/foxy /usr/bin/cmake --build /home/theo/ros2_workspace/build/test_package -- -j12 -l12
[0.573s] DEBUG:colcon.colcon_core.event_handler.log_command:Invoking command in '/home/theo/ros2_workspace/build/arduino_pck': CMAKE_PREFIX_PATH=${CMAKE_PREFIX_PATH}:/home/theo/ros2_workspace/install/ros2_serial_interface:/home/theo/colcon_ws/install/autonomous_tb3:/opt/ros/foxy /usr/bin/cmake --install /home/theo/ros2_workspace/build/arduino_pck
[0.578s] DEBUG:colcon.colcon_core.event_handler.log_command:Invoking command in '/home/theo/ros2_workspace/build/articubot_one': CMAKE_PREFIX_PATH=${CMAKE_PREFIX_PATH}:/home/theo/ros2_workspace/install/ros2_serial_interface:/home/theo/colcon_ws/install/autonomous_tb3:/opt/ros/foxy /usr/bin/cmake --install /home/theo/ros2_workspace/build/articubot_one
[0.581s] DEBUG:colcon.colcon_core.event_handler.log_command:Invoking command in '/home/theo/ros2_workspace/build/test_package': CMAKE_PREFIX_PATH=${CMAKE_PREFIX_PATH}:/home/theo/ros2_workspace/install/ros2_serial_interface:/home/theo/colcon_ws/install/autonomous_tb3:/opt/ros/foxy /usr/bin/cmake --install /home/theo/ros2_workspace/build/test_package
[0.587s] DEBUG:colcon.colcon_core.event_handler.log_command:Invoked command in '/home/theo/ros2_workspace/build/serial' returned '0': CMAKE_PREFIX_PATH=${CMAKE_PREFIX_PATH}:/home/theo/ros2_workspace/install/ros2_serial_interface:/home/theo/colcon_ws/install/autonomous_tb3:/opt/ros/foxy /usr/bin/cmake --build /home/theo/ros2_workspace/build/serial -- -j12 -l12
[0.599s] Level 1:colcon.colcon_core.environment:create_environment_scripts_only(arduino_pck)
[0.604s] DEBUG:colcon.colcon_core.event_handler.log_command:Invoked command in '/home/theo/ros2_workspace/build/arduino_pck' returned '0': CMAKE_PREFIX_PATH=${CMAKE_PREFIX_PATH}:/home/theo/ros2_workspace/install/ros2_serial_interface:/home/theo/colcon_ws/install/autonomous_tb3:/opt/ros/foxy /usr/bin/cmake --install /home/theo/ros2_workspace/build/arduino_pck
[0.614s] Level 1:colcon.colcon_core.environment:checking '/home/theo/ros2_workspace/install/arduino_pck' for CMake module files
[0.615s] Level 1:colcon.colcon_core.environment:checking '/home/theo/ros2_workspace/install/arduino_pck' for CMake config files
[0.616s] Level 1:colcon.colcon_core.shell:create_environment_hook('arduino_pck', 'cmake_prefix_path')
[0.618s] INFO:colcon.colcon_core.shell:Creating environment hook '/home/theo/ros2_workspace/install/arduino_pck/share/arduino_pck/hook/cmake_prefix_path.ps1'
[0.619s] INFO:colcon.colcon_core.shell:Creating environment descriptor '/home/theo/ros2_workspace/install/arduino_pck/share/arduino_pck/hook/cmake_prefix_path.dsv'
[0.619s] INFO:colcon.colcon_core.shell:Creating environment hook '/home/theo/ros2_workspace/install/arduino_pck/share/arduino_pck/hook/cmake_prefix_path.sh'
[0.620s] Level 1:colcon.colcon_core.environment:checking '/home/theo/ros2_workspace/install/arduino_pck/bin'
[0.620s] Level 1:colcon.colcon_core.environment:checking '/home/theo/ros2_workspace/install/arduino_pck/lib/pkgconfig/arduino_pck.pc'
[0.620s] Level 1:colcon.colcon_core.environment:checking '/home/theo/ros2_workspace/install/arduino_pck/lib/python3.8/site-packages'
[0.620s] Level 1:colcon.colcon_core.environment:checking '/home/theo/ros2_workspace/install/arduino_pck/bin'
[0.622s] INFO:colcon.colcon_core.shell:Creating package script '/home/theo/ros2_workspace/install/arduino_pck/share/arduino_pck/package.ps1'
[0.623s] INFO:colcon.colcon_core.shell:Creating package descriptor '/home/theo/ros2_workspace/install/arduino_pck/share/arduino_pck/package.dsv'
[0.623s] INFO:colcon.colcon_core.shell:Creating package script '/home/theo/ros2_workspace/install/arduino_pck/share/arduino_pck/package.sh'
[0.624s] INFO:colcon.colcon_core.shell:Creating package script '/home/theo/ros2_workspace/install/arduino_pck/share/arduino_pck/package.bash'
[0.624s] INFO:colcon.colcon_core.shell:Creating package script '/home/theo/ros2_workspace/install/arduino_pck/share/arduino_pck/package.zsh'
[0.625s] Level 1:colcon.colcon_core.environment:create_file_with_runtime_dependencies(/home/theo/ros2_workspace/install/arduino_pck/share/colcon-core/packages/arduino_pck)
[0.631s] DEBUG:colcon.colcon_core.event_handler.log_command:Invoking command in '/home/theo/ros2_workspace/build/serial': CMAKE_PREFIX_PATH=${CMAKE_PREFIX_PATH}:/home/theo/ros2_workspace/install/ros2_serial_interface:/home/theo/colcon_ws/install/autonomous_tb3:/opt/ros/foxy /usr/bin/cmake --install /home/theo/ros2_workspace/build/serial
[0.632s] Level 1:colcon.colcon_core.environment:create_environment_scripts_only(articubot_one)
[0.636s] Level 1:colcon.colcon_core.environment:checking '/home/theo/ros2_workspace/install/articubot_one' for CMake module files
[0.637s] DEBUG:colcon.colcon_core.event_handler.log_command:Invoked command in '/home/theo/ros2_workspace/build/articubot_one' returned '0': CMAKE_PREFIX_PATH=${CMAKE_PREFIX_PATH}:/home/theo/ros2_workspace/install/ros2_serial_interface:/home/theo/colcon_ws/install/autonomous_tb3:/opt/ros/foxy /usr/bin/cmake --install /home/theo/ros2_workspace/build/articubot_one
[0.638s] Level 1:colcon.colcon_core.environment:checking '/home/theo/ros2_workspace/install/articubot_one' for CMake config files
[0.638s] Level 1:colcon.colcon_core.shell:create_environment_hook('articubot_one', 'cmake_prefix_path')
[0.641s] INFO:colcon.colcon_core.shell:Creating environment hook '/home/theo/ros2_workspace/install/articubot_one/share/articubot_one/hook/cmake_prefix_path.ps1'
[0.642s] INFO:colcon.colcon_core.shell:Creating environment descriptor '/home/theo/ros2_workspace/install/articubot_one/share/articubot_one/hook/cmake_prefix_path.dsv'
[0.643s] INFO:colcon.colcon_core.shell:Creating environment hook '/home/theo/ros2_workspace/install/articubot_one/share/articubot_one/hook/cmake_prefix_path.sh'
[0.644s] Level 1:colcon.colcon_core.environment:checking '/home/theo/ros2_workspace/install/articubot_one/bin'
[0.644s] Level 1:colcon.colcon_core.environment:checking '/home/theo/ros2_workspace/install/articubot_one/lib/pkgconfig/articubot_one.pc'
[0.645s] Level 1:colcon.colcon_core.environment:checking '/home/theo/ros2_workspace/install/articubot_one/lib/python3.8/site-packages'
[0.645s] Level 1:colcon.colcon_core.environment:checking '/home/theo/ros2_workspace/install/articubot_one/bin'
[0.649s] INFO:colcon.colcon_core.shell:Creating package script '/home/theo/ros2_workspace/install/articubot_one/share/articubot_one/package.ps1'
[0.650s] INFO:colcon.colcon_core.shell:Creating package descriptor '/home/theo/ros2_workspace/install/articubot_one/share/articubot_one/package.dsv'
[0.650s] INFO:colcon.colcon_core.shell:Creating package script '/home/theo/ros2_workspace/install/articubot_one/share/articubot_one/package.sh'
[0.651s] INFO:colcon.colcon_core.shell:Creating package script '/home/theo/ros2_workspace/install/articubot_one/share/articubot_one/package.bash'
[0.652s] INFO:colcon.colcon_core.shell:Creating package script '/home/theo/ros2_workspace/install/articubot_one/share/articubot_one/package.zsh'
[0.652s] Level 1:colcon.colcon_core.environment:create_file_with_runtime_dependencies(/home/theo/ros2_workspace/install/articubot_one/share/colcon-core/packages/articubot_one)
[0.655s] Level 1:colcon.colcon_core.environment:create_environment_scripts_only(test_package)
[0.659s] Level 1:colcon.colcon_core.environment:checking '/home/theo/ros2_workspace/install/test_package' for CMake module files
[0.660s] DEBUG:colcon.colcon_core.event_handler.log_command:Invoked command in '/home/theo/ros2_workspace/build/test_package' returned '0': CMAKE_PREFIX_PATH=${CMAKE_PREFIX_PATH}:/home/theo/ros2_workspace/install/ros2_serial_interface:/home/theo/colcon_ws/install/autonomous_tb3:/opt/ros/foxy /usr/bin/cmake --install /home/theo/ros2_workspace/build/test_package
[0.661s] Level 1:colcon.colcon_core.environment:checking '/home/theo/ros2_workspace/install/test_package' for CMake config files
[0.661s] Level 1:colcon.colcon_core.shell:create_environment_hook('test_package', 'cmake_prefix_path')
[0.664s] INFO:colcon.colcon_core.shell:Creating environment hook '/home/theo/ros2_workspace/install/test_package/share/test_package/hook/cmake_prefix_path.ps1'
[0.664s] INFO:colcon.colcon_core.shell:Creating environment descriptor '/home/theo/ros2_workspace/install/test_package/share/test_package/hook/cmake_prefix_path.dsv'
[0.665s] INFO:colcon.colcon_core.shell:Creating environment hook '/home/theo/ros2_workspace/install/test_package/share/test_package/hook/cmake_prefix_path.sh'
[0.665s] Level 1:colcon.colcon_core.environment:checking '/home/theo/ros2_workspace/install/test_package/bin'
[0.665s] Level 1:colcon.colcon_core.environment:checking '/home/theo/ros2_workspace/install/test_package/lib/pkgconfig/test_package.pc'
[0.666s] Level 1:colcon.colcon_core.environment:checking '/home/theo/ros2_workspace/install/test_package/lib/python3.8/site-packages'
[0.666s] Level 1:colcon.colcon_core.environment:checking '/home/theo/ros2_workspace/install/test_package/bin'
[0.668s] INFO:colcon.colcon_core.shell:Creating package script '/home/theo/ros2_workspace/install/test_package/share/test_package/package.ps1'
[0.669s] INFO:colcon.colcon_core.shell:Creating package descriptor '/home/theo/ros2_workspace/install/test_package/share/test_package/package.dsv'
[0.669s] INFO:colcon.colcon_core.shell:Creating package script '/home/theo/ros2_workspace/install/test_package/share/test_package/package.sh'
[0.670s] INFO:colcon.colcon_core.shell:Creating package script '/home/theo/ros2_workspace/install/test_package/share/test_package/package.bash'
[0.670s] INFO:colcon.colcon_core.shell:Creating package script '/home/theo/ros2_workspace/install/test_package/share/test_package/package.zsh'
[0.670s] Level 1:colcon.colcon_core.environment:create_file_with_runtime_dependencies(/home/theo/ros2_workspace/install/test_package/share/colcon-core/packages/test_package)
[0.676s] Level 1:colcon.colcon_core.environment:create_environment_scripts_only(arduino_pck)
[0.679s] Level 1:colcon.colcon_core.environment:checking '/home/theo/ros2_workspace/install/arduino_pck' for CMake module files
[0.680s] Level 1:colcon.colcon_core.environment:checking '/home/theo/ros2_workspace/install/arduino_pck' for CMake config files
[0.680s] Level 1:colcon.colcon_core.shell:create_environment_hook('arduino_pck', 'cmake_prefix_path')
[0.682s] INFO:colcon.colcon_core.shell:Creating environment hook '/home/theo/ros2_workspace/install/arduino_pck/share/arduino_pck/hook/cmake_prefix_path.ps1'
[0.683s] INFO:colcon.colcon_core.shell:Creating environment descriptor '/home/theo/ros2_workspace/install/arduino_pck/share/arduino_pck/hook/cmake_prefix_path.dsv'
[0.683s] INFO:colcon.colcon_core.shell:Creating environment hook '/home/theo/ros2_workspace/install/arduino_pck/share/arduino_pck/hook/cmake_prefix_path.sh'
[0.684s] Level 1:colcon.colcon_core.environment:checking '/home/theo/ros2_workspace/install/arduino_pck/bin'
[0.684s] Level 1:colcon.colcon_core.environment:checking '/home/theo/ros2_workspace/install/arduino_pck/lib/pkgconfig/arduino_pck.pc'
[0.684s] Level 1:colcon.colcon_core.environment:checking '/home/theo/ros2_workspace/install/arduino_pck/lib/python3.8/site-packages'
[0.684s] Level 1:colcon.colcon_core.environment:checking '/home/theo/ros2_workspace/install/arduino_pck/bin'
[0.687s] INFO:colcon.colcon_core.shell:Creating package script '/home/theo/ros2_workspace/install/arduino_pck/share/arduino_pck/package.ps1'
[0.687s] INFO:colcon.colcon_core.shell:Creating package descriptor '/home/theo/ros2_workspace/install/arduino_pck/share/arduino_pck/package.dsv'
[0.687s] INFO:colcon.colcon_core.shell:Creating package script '/home/theo/ros2_workspace/install/arduino_pck/share/arduino_pck/package.sh'
[0.688s] INFO:colcon.colcon_core.shell:Creating package script '/home/theo/ros2_workspace/install/arduino_pck/share/arduino_pck/package.bash'
[0.688s] INFO:colcon.colcon_core.shell:Creating package script '/home/theo/ros2_workspace/install/arduino_pck/share/arduino_pck/package.zsh'
[0.689s] Level 1:colcon.colcon_core.environment:create_file_with_runtime_dependencies(/home/theo/ros2_workspace/install/arduino_pck/share/colcon-core/packages/arduino_pck)
[0.693s] Level 1:colcon.colcon_core.environment:create_environment_scripts_only(articubot_one)
[0.696s] Level 1:colcon.colcon_core.environment:checking '/home/theo/ros2_workspace/install/articubot_one' for CMake module files
[0.698s] Level 1:colcon.colcon_core.environment:checking '/home/theo/ros2_workspace/install/articubot_one' for CMake config files
[0.698s] Level 1:colcon.colcon_core.shell:create_environment_hook('articubot_one', 'cmake_prefix_path')
[0.702s] INFO:colcon.colcon_core.shell:Creating environment hook '/home/theo/ros2_workspace/install/articubot_one/share/articubot_one/hook/cmake_prefix_path.ps1'
[0.702s] INFO:colcon.colcon_core.shell:Creating environment descriptor '/home/theo/ros2_workspace/install/articubot_one/share/articubot_one/hook/cmake_prefix_path.dsv'
[0.703s] INFO:colcon.colcon_core.shell:Creating environment hook '/home/theo/ros2_workspace/install/articubot_one/share/articubot_one/hook/cmake_prefix_path.sh'
[0.703s] Level 1:colcon.colcon_core.environment:checking '/home/theo/ros2_workspace/install/articubot_one/bin'
[0.703s] Level 1:colcon.colcon_core.environment:checking '/home/theo/ros2_workspace/install/articubot_one/lib/pkgconfig/articubot_one.pc'
[0.703s] Level 1:colcon.colcon_core.environment:checking '/home/theo/ros2_workspace/install/articubot_one/lib/python3.8/site-packages'
[0.704s] Level 1:colcon.colcon_core.environment:checking '/home/theo/ros2_workspace/install/articubot_one/bin'
[0.706s] INFO:colcon.colcon_core.shell:Creating package script '/home/theo/ros2_workspace/install/articubot_one/share/articubot_one/package.ps1'
[0.706s] INFO:colcon.colcon_core.shell:Creating package descriptor '/home/theo/ros2_workspace/install/articubot_one/share/articubot_one/package.dsv'
[0.707s] INFO:colcon.colcon_core.shell:Creating package script '/home/theo/ros2_workspace/install/articubot_one/share/articubot_one/package.sh'
[0.707s] INFO:colcon.colcon_core.shell:Creating package script '/home/theo/ros2_workspace/install/articubot_one/share/articubot_one/package.bash'
[0.707s] INFO:colcon.colcon_core.shell:Creating package script '/home/theo/ros2_workspace/install/articubot_one/share/articubot_one/package.zsh'
[0.708s] Level 1:colcon.colcon_core.environment:create_file_with_runtime_dependencies(/home/theo/ros2_workspace/install/articubot_one/share/colcon-core/packages/articubot_one)
[0.708s] Level 1:colcon.colcon_core.environment:create_environment_scripts_only(serial)
[0.711s] Level 1:colcon.colcon_core.environment:checking '/home/theo/ros2_workspace/install/serial' for CMake module files
[0.712s] DEBUG:colcon.colcon_core.event_handler.log_command:Invoked command in '/home/theo/ros2_workspace/build/serial' returned '0': CMAKE_PREFIX_PATH=${CMAKE_PREFIX_PATH}:/home/theo/ros2_workspace/install/ros2_serial_interface:/home/theo/colcon_ws/install/autonomous_tb3:/opt/ros/foxy /usr/bin/cmake --install /home/theo/ros2_workspace/build/serial
[0.713s] Level 1:colcon.colcon_core.environment:checking '/home/theo/ros2_workspace/install/serial' for CMake config files
[0.713s] Level 1:colcon.colcon_core.shell:create_environment_hook('serial', 'cmake_prefix_path')
[0.715s] INFO:colcon.colcon_core.shell:Creating environment hook '/home/theo/ros2_workspace/install/serial/share/serial/hook/cmake_prefix_path.ps1'
[0.715s] INFO:colcon.colcon_core.shell:Creating environment descriptor '/home/theo/ros2_workspace/install/serial/share/serial/hook/cmake_prefix_path.dsv'
[0.716s] INFO:colcon.colcon_core.shell:Creating environment hook '/home/theo/ros2_workspace/install/serial/share/serial/hook/cmake_prefix_path.sh'
[0.716s] Level 1:colcon.colcon_core.environment:checking '/home/theo/ros2_workspace/install/serial/lib'
[0.716s] Level 1:colcon.colcon_core.environment:checking '/home/theo/ros2_workspace/install/serial/bin'
[0.717s] Level 1:colcon.colcon_core.environment:checking '/home/theo/ros2_workspace/install/serial/lib/pkgconfig/serial.pc'
[0.717s] Level 1:colcon.colcon_core.environment:checking '/home/theo/ros2_workspace/install/serial/lib/python3.8/site-packages'
[0.717s] Level 1:colcon.colcon_core.environment:checking '/home/theo/ros2_workspace/install/serial/bin'
[0.719s] INFO:colcon.colcon_core.shell:Creating package script '/home/theo/ros2_workspace/install/serial/share/serial/package.ps1'
[0.719s] INFO:colcon.colcon_core.shell:Creating package descriptor '/home/theo/ros2_workspace/install/serial/share/serial/package.dsv'
[0.720s] INFO:colcon.colcon_core.shell:Creating package script '/home/theo/ros2_workspace/install/serial/share/serial/package.sh'
[0.720s] INFO:colcon.colcon_core.shell:Creating package script '/home/theo/ros2_workspace/install/serial/share/serial/package.bash'
[0.721s] INFO:colcon.colcon_core.shell:Creating package script '/home/theo/ros2_workspace/install/serial/share/serial/package.zsh'
[0.721s] Level 1:colcon.colcon_core.environment:create_file_with_runtime_dependencies(/home/theo/ros2_workspace/install/serial/share/colcon-core/packages/serial)
[0.727s] Level 1:colcon.colcon_core.environment:create_environment_scripts_only(test_package)
[0.730s] Level 1:colcon.colcon_core.environment:checking '/home/theo/ros2_workspace/install/test_package' for CMake module files
[0.730s] Level 1:colcon.colcon_core.environment:checking '/home/theo/ros2_workspace/install/test_package' for CMake config files
[0.731s] Level 1:colcon.colcon_core.shell:create_environment_hook('test_package', 'cmake_prefix_path')
[0.733s] INFO:colcon.colcon_core.shell:Creating environment hook '/home/theo/ros2_workspace/install/test_package/share/test_package/hook/cmake_prefix_path.ps1'
[0.733s] INFO:colcon.colcon_core.shell:Creating environment descriptor '/home/theo/ros2_workspace/install/test_package/share/test_package/hook/cmake_prefix_path.dsv'
[0.734s] INFO:colcon.colcon_core.shell:Creating environment hook '/home/theo/ros2_workspace/install/test_package/share/test_package/hook/cmake_prefix_path.sh'
[0.734s] Level 1:colcon.colcon_core.environment:checking '/home/theo/ros2_workspace/install/test_package/bin'
[0.735s] Level 1:colcon.colcon_core.environment:checking '/home/theo/ros2_workspace/install/test_package/lib/pkgconfig/test_package.pc'
[0.735s] Level 1:colcon.colcon_core.environment:checking '/home/theo/ros2_workspace/install/test_package/lib/python3.8/site-packages'
[0.735s] Level 1:colcon.colcon_core.environment:checking '/home/theo/ros2_workspace/install/test_package/bin'
[0.738s] INFO:colcon.colcon_core.shell:Creating package script '/home/theo/ros2_workspace/install/test_package/share/test_package/package.ps1'
[0.739s] INFO:colcon.colcon_core.shell:Creating package descriptor '/home/theo/ros2_workspace/install/test_package/share/test_package/package.dsv'
[0.739s] INFO:colcon.colcon_core.shell:Creating package script '/home/theo/ros2_workspace/install/test_package/share/test_package/package.sh'
[0.740s] INFO:colcon.colcon_core.shell:Creating package script '/home/theo/ros2_workspace/install/test_package/share/test_package/package.bash'
[0.740s] INFO:colcon.colcon_core.shell:Creating package script '/home/theo/ros2_workspace/install/test_package/share/test_package/package.zsh'
[0.741s] Level 1:colcon.colcon_core.environment:create_file_with_runtime_dependencies(/home/theo/ros2_workspace/install/test_package/share/colcon-core/packages/test_package)
[0.754s] Level 1:colcon.colcon_core.environment:create_environment_scripts_only(serial)
[0.757s] Level 1:colcon.colcon_core.environment:checking '/home/theo/ros2_workspace/install/serial' for CMake module files
[0.758s] Level 1:colcon.colcon_core.environment:checking '/home/theo/ros2_workspace/install/serial' for CMake config files
[0.758s] Level 1:colcon.colcon_core.shell:create_environment_hook('serial', 'cmake_prefix_path')
[0.760s] INFO:colcon.colcon_core.shell:Creating environment hook '/home/theo/ros2_workspace/install/serial/share/serial/hook/cmake_prefix_path.ps1'
[0.761s] INFO:colcon.colcon_core.shell:Creating environment descriptor '/home/theo/ros2_workspace/install/serial/share/serial/hook/cmake_prefix_path.dsv'
[0.761s] INFO:colcon.colcon_core.shell:Creating environment hook '/home/theo/ros2_workspace/install/serial/share/serial/hook/cmake_prefix_path.sh'
[0.761s] Level 1:colcon.colcon_core.environment:checking '/home/theo/ros2_workspace/install/serial/lib'
[0.761s] Level 1:colcon.colcon_core.environment:checking '/home/theo/ros2_workspace/install/serial/bin'
[0.761s] Level 1:colcon.colcon_core.environment:checking '/home/theo/ros2_workspace/install/serial/lib/pkgconfig/serial.pc'
[0.762s] Level 1:colcon.colcon_core.environment:checking '/home/theo/ros2_workspace/install/serial/lib/python3.8/site-packages'
[0.762s] Level 1:colcon.colcon_core.environment:checking '/home/theo/ros2_workspace/install/serial/bin'
[0.764s] INFO:colcon.colcon_core.shell:Creating package script '/home/theo/ros2_workspace/install/serial/share/serial/package.ps1'
[0.765s] INFO:colcon.colcon_core.shell:Creating package descriptor '/home/theo/ros2_workspace/install/serial/share/serial/package.dsv'
[0.765s] INFO:colcon.colcon_core.shell:Creating package script '/home/theo/ros2_workspace/install/serial/share/serial/package.sh'
[0.765s] INFO:colcon.colcon_core.shell:Creating package script '/home/theo/ros2_workspace/install/serial/share/serial/package.bash'
[0.766s] INFO:colcon.colcon_core.shell:Creating package script '/home/theo/ros2_workspace/install/serial/share/serial/package.zsh'
[0.766s] Level 1:colcon.colcon_core.environment:create_file_with_runtime_dependencies(/home/theo/ros2_workspace/install/serial/share/colcon-core/packages/serial)
[0.767s] INFO:colcon.colcon_ros.task.ament_cmake.build:Building ROS package in '/home/theo/ros2_workspace/src/diffdrive_arduino' with build type 'ament_cmake'
[0.767s] INFO:colcon.colcon_cmake.task.cmake.build:Building CMake package in '/home/theo/ros2_workspace/src/diffdrive_arduino'
[0.769s] INFO:colcon.colcon_core.shell:Skip shell extension 'powershell' for command environment: Not usable outside of PowerShell
[0.769s] DEBUG:colcon.colcon_core.shell:Skip shell extension 'dsv' for command environment
[0.777s] INFO:colcon.colcon_ros.task.ament_python.build:Building ROS package in '/home/theo/ros2_workspace/src/ros2_serial_interface' with build type 'ament_python'
[0.778s] Level 1:colcon.colcon_core.shell:create_environment_hook('ros2_serial_interface', 'ament_prefix_path')
[0.780s] INFO:colcon.colcon_core.shell:Creating environment hook '/home/theo/ros2_workspace/install/ros2_serial_interface/share/ros2_serial_interface/hook/ament_prefix_path.ps1'
[0.781s] INFO:colcon.colcon_core.shell:Creating environment descriptor '/home/theo/ros2_workspace/install/ros2_serial_interface/share/ros2_serial_interface/hook/ament_prefix_path.dsv'
[0.781s] INFO:colcon.colcon_core.shell:Creating environment hook '/home/theo/ros2_workspace/install/ros2_serial_interface/share/ros2_serial_interface/hook/ament_prefix_path.sh'
[0.784s] INFO:colcon.colcon_core.shell:Skip shell extension 'powershell' for command environment: Not usable outside of PowerShell
[0.784s] DEBUG:colcon.colcon_core.shell:Skip shell extension 'dsv' for command environment
[0.799s] DEBUG:colcon.colcon_core.event_handler.log_command:Invoking command in '/home/theo/ros2_workspace/build/diffdrive_arduino': CMAKE_PREFIX_PATH=/home/theo/ros2_workspace/install/serial:/home/theo/ros2_workspace/install/test_package:/home/theo/ros2_workspace/install/diffdrive_arduino:/home/theo/ros2_workspace/install/my_package:/home/theo/ros2_workspace/install/articubot_one:/home/theo/ros2_workspace/install/arduino_pck:/home/theo/ros2_workspace/install/ros2_serial_interface:/home/theo/colcon_ws/install/autonomous_tb3:/opt/ros/foxy /usr/bin/cmake --build /home/theo/ros2_workspace/build/diffdrive_arduino -- -j12 -l12
[1.005s] INFO:colcon.colcon_core.task.python.build:Building Python package in '/home/theo/ros2_workspace/src/ros2_serial_interface'
[1.007s] INFO:colcon.colcon_core.shell:Skip shell extension 'powershell' for command environment: Not usable outside of PowerShell
[1.007s] DEBUG:colcon.colcon_core.shell:Skip shell extension 'dsv' for command environment
[1.018s] DEBUG:colcon.colcon_core.event_handler.log_command:Invoked command in '/home/theo/ros2_workspace/build/diffdrive_arduino' returned '0': CMAKE_PREFIX_PATH=/home/theo/ros2_workspace/install/serial:/home/theo/ros2_workspace/install/test_package:/home/theo/ros2_workspace/install/diffdrive_arduino:/home/theo/ros2_workspace/install/my_package:/home/theo/ros2_workspace/install/articubot_one:/home/theo/ros2_workspace/install/arduino_pck:/home/theo/ros2_workspace/install/ros2_serial_interface:/home/theo/colcon_ws/install/autonomous_tb3:/opt/ros/foxy /usr/bin/cmake --build /home/theo/ros2_workspace/build/diffdrive_arduino -- -j12 -l12
[1.048s] DEBUG:colcon.colcon_core.event_handler.log_command:Invoking command in '/home/theo/ros2_workspace/build/diffdrive_arduino': CMAKE_PREFIX_PATH=/home/theo/ros2_workspace/install/serial:/home/theo/ros2_workspace/install/test_package:/home/theo/ros2_workspace/install/diffdrive_arduino:/home/theo/ros2_workspace/install/my_package:/home/theo/ros2_workspace/install/articubot_one:/home/theo/ros2_workspace/install/arduino_pck:/home/theo/ros2_workspace/install/ros2_serial_interface:/home/theo/colcon_ws/install/autonomous_tb3:/opt/ros/foxy /usr/bin/cmake --install /home/theo/ros2_workspace/build/diffdrive_arduino
[1.074s] Level 1:colcon.colcon_core.environment:create_environment_scripts_only(diffdrive_arduino)
[1.078s] Level 1:colcon.colcon_core.environment:checking '/home/theo/ros2_workspace/install/diffdrive_arduino' for CMake module files
[1.079s] DEBUG:colcon.colcon_core.event_handler.log_command:Invoked command in '/home/theo/ros2_workspace/build/diffdrive_arduino' returned '0': CMAKE_PREFIX_PATH=/home/theo/ros2_workspace/install/serial:/home/theo/ros2_workspace/install/test_package:/home/theo/ros2_workspace/install/diffdrive_arduino:/home/theo/ros2_workspace/install/my_package:/home/theo/ros2_workspace/install/articubot_one:/home/theo/ros2_workspace/install/arduino_pck:/home/theo/ros2_workspace/install/ros2_serial_interface:/home/theo/colcon_ws/install/autonomous_tb3:/opt/ros/foxy /usr/bin/cmake --install /home/theo/ros2_workspace/build/diffdrive_arduino
[1.079s] Level 1:colcon.colcon_core.environment:checking '/home/theo/ros2_workspace/install/diffdrive_arduino' for CMake config files
[1.080s] Level 1:colcon.colcon_core.shell:create_environment_hook('diffdrive_arduino', 'cmake_prefix_path')
[1.082s] INFO:colcon.colcon_core.shell:Creating environment hook '/home/theo/ros2_workspace/install/diffdrive_arduino/share/diffdrive_arduino/hook/cmake_prefix_path.ps1'
[1.082s] INFO:colcon.colcon_core.shell:Creating environment descriptor '/home/theo/ros2_workspace/install/diffdrive_arduino/share/diffdrive_arduino/hook/cmake_prefix_path.dsv'
[1.083s] INFO:colcon.colcon_core.shell:Creating environment hook '/home/theo/ros2_workspace/install/diffdrive_arduino/share/diffdrive_arduino/hook/cmake_prefix_path.sh'
[1.083s] Level 1:colcon.colcon_core.environment:checking '/home/theo/ros2_workspace/install/diffdrive_arduino/lib'
[1.083s] Level 1:colcon.colcon_core.shell:create_environment_hook('diffdrive_arduino', 'ld_library_path_lib')
[1.085s] INFO:colcon.colcon_core.shell:Creating environment hook '/home/theo/ros2_workspace/install/diffdrive_arduino/share/diffdrive_arduino/hook/ld_library_path_lib.ps1'
[1.085s] INFO:colcon.colcon_core.shell:Creating environment descriptor '/home/theo/ros2_workspace/install/diffdrive_arduino/share/diffdrive_arduino/hook/ld_library_path_lib.dsv'
[1.086s] INFO:colcon.colcon_core.shell:Creating environment hook '/home/theo/ros2_workspace/install/diffdrive_arduino/share/diffdrive_arduino/hook/ld_library_path_lib.sh'
[1.086s] Level 1:colcon.colcon_core.environment:checking '/home/theo/ros2_workspace/install/diffdrive_arduino/bin'
[1.086s] Level 1:colcon.colcon_core.environment:checking '/home/theo/ros2_workspace/install/diffdrive_arduino/lib/pkgconfig/diffdrive_arduino.pc'
[1.086s] Level 1:colcon.colcon_core.environment:checking '/home/theo/ros2_workspace/install/diffdrive_arduino/lib/python3.8/site-packages'
[1.086s] Level 1:colcon.colcon_core.environment:checking '/home/theo/ros2_workspace/install/diffdrive_arduino/bin'
[1.089s] INFO:colcon.colcon_core.shell:Creating package script '/home/theo/ros2_workspace/install/diffdrive_arduino/share/diffdrive_arduino/package.ps1'
[1.089s] INFO:colcon.colcon_core.shell:Creating package descriptor '/home/theo/ros2_workspace/install/diffdrive_arduino/share/diffdrive_arduino/package.dsv'
[1.089s] INFO:colcon.colcon_core.shell:Creating package script '/home/theo/ros2_workspace/install/diffdrive_arduino/share/diffdrive_arduino/package.sh'
[1.090s] INFO:colcon.colcon_core.shell:Creating package script '/home/theo/ros2_workspace/install/diffdrive_arduino/share/diffdrive_arduino/package.bash'
[1.090s] INFO:colcon.colcon_core.shell:Creating package script '/home/theo/ros2_workspace/install/diffdrive_arduino/share/diffdrive_arduino/package.zsh'
[1.090s] Level 1:colcon.colcon_core.environment:create_file_with_runtime_dependencies(/home/theo/ros2_workspace/install/diffdrive_arduino/share/colcon-core/packages/diffdrive_arduino)
[1.120s] Level 1:colcon.colcon_core.environment:create_environment_scripts_only(diffdrive_arduino)
[1.123s] Level 1:colcon.colcon_core.environment:checking '/home/theo/ros2_workspace/install/diffdrive_arduino' for CMake module files
[1.123s] Level 1:colcon.colcon_core.environment:checking '/home/theo/ros2_workspace/install/diffdrive_arduino' for CMake config files
[1.124s] Level 1:colcon.colcon_core.shell:create_environment_hook('diffdrive_arduino', 'cmake_prefix_path')
[1.126s] INFO:colcon.colcon_core.shell:Creating environment hook '/home/theo/ros2_workspace/install/diffdrive_arduino/share/diffdrive_arduino/hook/cmake_prefix_path.ps1'
[1.126s] INFO:colcon.colcon_core.shell:Creating environment descriptor '/home/theo/ros2_workspace/install/diffdrive_arduino/share/diffdrive_arduino/hook/cmake_prefix_path.dsv'
[1.127s] INFO:colcon.colcon_core.shell:Creating environment hook '/home/theo/ros2_workspace/install/diffdrive_arduino/share/diffdrive_arduino/hook/cmake_prefix_path.sh'
[1.127s] Level 1:colcon.colcon_core.environment:checking '/home/theo/ros2_workspace/install/diffdrive_arduino/lib'
[1.127s] Level 1:colcon.colcon_core.shell:create_environment_hook('diffdrive_arduino', 'ld_library_path_lib')
[1.129s] INFO:colcon.colcon_core.shell:Creating environment hook '/home/theo/ros2_workspace/install/diffdrive_arduino/share/diffdrive_arduino/hook/ld_library_path_lib.ps1'
[1.130s] INFO:colcon.colcon_core.shell:Creating environment descriptor '/home/theo/ros2_workspace/install/diffdrive_arduino/share/diffdrive_arduino/hook/ld_library_path_lib.dsv'
[1.130s] INFO:colcon.colcon_core.shell:Creating environment hook '/home/theo/ros2_workspace/install/diffdrive_arduino/share/diffdrive_arduino/hook/ld_library_path_lib.sh'
[1.130s] Level 1:colcon.colcon_core.environment:checking '/home/theo/ros2_workspace/install/diffdrive_arduino/bin'
[1.130s] Level 1:colcon.colcon_core.environment:checking '/home/theo/ros2_workspace/install/diffdrive_arduino/lib/pkgconfig/diffdrive_arduino.pc'
[1.130s] Level 1:colcon.colcon_core.environment:checking '/home/theo/ros2_workspace/install/diffdrive_arduino/lib/python3.8/site-packages'
[1.130s] Level 1:colcon.colcon_core.environment:checking '/home/theo/ros2_workspace/install/diffdrive_arduino/bin'
[1.133s] INFO:colcon.colcon_core.shell:Creating package script '/home/theo/ros2_workspace/install/diffdrive_arduino/share/diffdrive_arduino/package.ps1'
[1.133s] INFO:colcon.colcon_core.shell:Creating package descriptor '/home/theo/ros2_workspace/install/diffdrive_arduino/share/diffdrive_arduino/package.dsv'
[1.133s] INFO:colcon.colcon_core.shell:Creating package script '/home/theo/ros2_workspace/install/diffdrive_arduino/share/diffdrive_arduino/package.sh'
[1.134s] INFO:colcon.colcon_core.shell:Creating package script '/home/theo/ros2_workspace/install/diffdrive_arduino/share/diffdrive_arduino/package.bash'
[1.134s] INFO:colcon.colcon_core.shell:Creating package script '/home/theo/ros2_workspace/install/diffdrive_arduino/share/diffdrive_arduino/package.zsh'
[1.134s] Level 1:colcon.colcon_core.environment:create_file_with_runtime_dependencies(/home/theo/ros2_workspace/install/diffdrive_arduino/share/colcon-core/packages/diffdrive_arduino)
[1.356s] DEBUG:colcon.colcon_core.event_handler.log_command:Invoking command in '/home/theo/ros2_workspace/build/ros2_serial_interface': CMAKE_PREFIX_PATH=/home/theo/ros2_workspace/install/serial:/home/theo/ros2_workspace/install/test_package:/home/theo/ros2_workspace/install/diffdrive_arduino:/home/theo/ros2_workspace/install/my_package:/home/theo/ros2_workspace/install/articubot_one:/home/theo/ros2_workspace/install/arduino_pck PYTHONPATH=/home/theo/ros2_workspace/build/ros2_serial_interface/prefix_override:/home/theo/ros2_workspace/install/ros2_serial_interface/lib/python3.8/site-packages:${PYTHONPATH} /usr/bin/python3 setup.py develop --editable --build-directory /home/theo/ros2_workspace/build/ros2_serial_interface/build --no-deps install_data
[1.761s] Level 1:colcon.colcon_core.shell:create_environment_hook('ros2_serial_interface', 'pythonpath_develop')
[1.764s] INFO:colcon.colcon_core.shell:Creating environment hook '/home/theo/ros2_workspace/build/ros2_serial_interface/share/ros2_serial_interface/hook/pythonpath_develop.ps1'
[1.764s] DEBUG:colcon.colcon_core.event_handler.log_command:Invoked command in '/home/theo/ros2_workspace/build/ros2_serial_interface' returned '0': CMAKE_PREFIX_PATH=/home/theo/ros2_workspace/install/serial:/home/theo/ros2_workspace/install/test_package:/home/theo/ros2_workspace/install/diffdrive_arduino:/home/theo/ros2_workspace/install/my_package:/home/theo/ros2_workspace/install/articubot_one:/home/theo/ros2_workspace/install/arduino_pck PYTHONPATH=/home/theo/ros2_workspace/build/ros2_serial_interface/prefix_override:/home/theo/ros2_workspace/install/ros2_serial_interface/lib/python3.8/site-packages:${PYTHONPATH} /usr/bin/python3 setup.py develop --editable --build-directory /home/theo/ros2_workspace/build/ros2_serial_interface/build --no-deps install_data
[1.765s] INFO:colcon.colcon_core.shell:Creating environment descriptor '/home/theo/ros2_workspace/build/ros2_serial_interface/share/ros2_serial_interface/hook/pythonpath_develop.dsv'
[1.765s] INFO:colcon.colcon_core.shell:Creating environment hook '/home/theo/ros2_workspace/build/ros2_serial_interface/share/ros2_serial_interface/hook/pythonpath_develop.sh'
[1.768s] Level 1:colcon.colcon_core.environment:checking '/home/theo/ros2_workspace/install/ros2_serial_interface' for CMake module files
[1.769s] Level 1:colcon.colcon_core.environment:checking '/home/theo/ros2_workspace/install/ros2_serial_interface' for CMake config files
[1.769s] Level 1:colcon.colcon_core.environment:checking '/home/theo/ros2_workspace/install/ros2_serial_interface/lib'
[1.769s] Level 1:colcon.colcon_core.environment:checking '/home/theo/ros2_workspace/install/ros2_serial_interface/bin'
[1.769s] Level 1:colcon.colcon_core.environment:checking '/home/theo/ros2_workspace/install/ros2_serial_interface/lib/pkgconfig/ros2_serial_interface.pc'
[1.769s] Level 1:colcon.colcon_core.environment:checking '/home/theo/ros2_workspace/install/ros2_serial_interface/lib/python3.8/site-packages'
[1.770s] Level 1:colcon.colcon_core.shell:create_environment_hook('ros2_serial_interface', 'pythonpath')
[1.771s] INFO:colcon.colcon_core.shell:Creating environment hook '/home/theo/ros2_workspace/install/ros2_serial_interface/share/ros2_serial_interface/hook/pythonpath.ps1'
[1.772s] INFO:colcon.colcon_core.shell:Creating environment descriptor '/home/theo/ros2_workspace/install/ros2_serial_interface/share/ros2_serial_interface/hook/pythonpath.dsv'
[1.772s] INFO:colcon.colcon_core.shell:Creating environment hook '/home/theo/ros2_workspace/install/ros2_serial_interface/share/ros2_serial_interface/hook/pythonpath.sh'
[1.772s] Level 1:colcon.colcon_core.environment:checking '/home/theo/ros2_workspace/install/ros2_serial_interface/bin'
[1.772s] Level 1:colcon.colcon_core.environment:create_environment_scripts_only(ros2_serial_interface)
[1.774s] INFO:colcon.colcon_core.shell:Creating package script '/home/theo/ros2_workspace/install/ros2_serial_interface/share/ros2_serial_interface/package.ps1'
[1.775s] INFO:colcon.colcon_core.shell:Creating package descriptor '/home/theo/ros2_workspace/install/ros2_serial_interface/share/ros2_serial_interface/package.dsv'
[1.775s] INFO:colcon.colcon_core.shell:Creating package script '/home/theo/ros2_workspace/install/ros2_serial_interface/share/ros2_serial_interface/package.sh'
[1.776s] INFO:colcon.colcon_core.shell:Creating package script '/home/theo/ros2_workspace/install/ros2_serial_interface/share/ros2_serial_interface/package.bash'
[1.776s] INFO:colcon.colcon_core.shell:Creating package script '/home/theo/ros2_workspace/install/ros2_serial_interface/share/ros2_serial_interface/package.zsh'
[1.776s] Level 1:colcon.colcon_core.environment:create_file_with_runtime_dependencies(/home/theo/ros2_workspace/install/ros2_serial_interface/share/colcon-core/packages/ros2_serial_interface)
[1.776s] DEBUG:colcon.colcon_parallel_executor.executor.parallel:closing loop
[1.777s] DEBUG:colcon.colcon_parallel_executor.executor.parallel:loop closed
[1.777s] DEBUG:colcon.colcon_parallel_executor.executor.parallel:run_until_complete finished with '0'
[1.777s] DEBUG:colcon.colcon_core.event_reactor:joining thread
[1.783s] INFO:colcon.colcon_core.plugin_system:Skipping extension 'colcon_notification.desktop_notification.terminal_notifier': Not used on non-Darwin systems
[1.783s] INFO:colcon.colcon_core.plugin_system:Skipping extension 'colcon_notification.desktop_notification.win32': Not used on non-Windows systems
[1.784s] INFO:colcon.colcon_notification.desktop_notification:Sending desktop notification using 'notify2'
[1.794s] DEBUG:colcon.colcon_core.event_reactor:joined thread
[1.798s] INFO:colcon.colcon_core.shell:Creating prefix script '/home/theo/ros2_workspace/install/local_setup.ps1'
[1.799s] INFO:colcon.colcon_core.shell:Creating prefix util module '/home/theo/ros2_workspace/install/_local_setup_util_ps1.py'
[1.800s] INFO:colcon.colcon_core.shell:Creating prefix chain script '/home/theo/ros2_workspace/install/setup.ps1'
[1.802s] INFO:colcon.colcon_core.shell:Creating prefix script '/home/theo/ros2_workspace/install/local_setup.sh'
[1.802s] INFO:colcon.colcon_core.shell:Creating prefix util module '/home/theo/ros2_workspace/install/_local_setup_util_sh.py'
[1.802s] INFO:colcon.colcon_core.shell:Creating prefix chain script '/home/theo/ros2_workspace/install/setup.sh'
[1.804s] INFO:colcon.colcon_core.shell:Creating prefix script '/home/theo/ros2_workspace/install/local_setup.bash'
[1.804s] INFO:colcon.colcon_core.shell:Creating prefix chain script '/home/theo/ros2_workspace/install/setup.bash'
[1.806s] INFO:colcon.colcon_core.shell:Creating prefix script '/home/theo/ros2_workspace/install/local_setup.zsh'
[1.806s] INFO:colcon.colcon_core.shell:Creating prefix chain script '/home/theo/ros2_workspace/install/setup.zsh'
