running egg_info
creating ../../build/roi/roi.egg-info
writing ../../build/roi/roi.egg-info/PKG-INFO
writing dependency_links to ../../build/roi/roi.egg-info/dependency_links.txt
writing entry points to ../../build/roi/roi.egg-info/entry_points.txt
writing requirements to ../../build/roi/roi.egg-info/requires.txt
writing top-level names to ../../build/roi/roi.egg-info/top_level.txt
writing manifest file '../../build/roi/roi.egg-info/SOURCES.txt'
reading manifest file '../../build/roi/roi.egg-info/SOURCES.txt'
writing manifest file '../../build/roi/roi.egg-info/SOURCES.txt'
running build
running build_py
creating /home/imjunhyung/turtlebot3_ws/build/roi/build
creating /home/imjunhyung/turtlebot3_ws/build/roi/build/lib
creating /home/imjunhyung/turtlebot3_ws/build/roi/build/lib/roi
copying roi/__init__.py -> /home/imjunhyung/turtlebot3_ws/build/roi/build/lib/roi
copying roi/roi.py -> /home/imjunhyung/turtlebot3_ws/build/roi/build/lib/roi
running install
running install_lib
creating /home/imjunhyung/turtlebot3_ws/install/roi/lib/python3.8/site-packages/roi
copying /home/imjunhyung/turtlebot3_ws/build/roi/build/lib/roi/__init__.py -> /home/imjunhyung/turtlebot3_ws/install/roi/lib/python3.8/site-packages/roi
copying /home/imjunhyung/turtlebot3_ws/build/roi/build/lib/roi/roi.py -> /home/imjunhyung/turtlebot3_ws/install/roi/lib/python3.8/site-packages/roi
byte-compiling /home/imjunhyung/turtlebot3_ws/install/roi/lib/python3.8/site-packages/roi/__init__.py to __init__.cpython-38.pyc
byte-compiling /home/imjunhyung/turtlebot3_ws/install/roi/lib/python3.8/site-packages/roi/roi.py to roi.cpython-38.pyc
running install_data
creating /home/imjunhyung/turtlebot3_ws/install/roi/share/ament_index
creating /home/imjunhyung/turtlebot3_ws/install/roi/share/ament_index/resource_index
creating /home/imjunhyung/turtlebot3_ws/install/roi/share/ament_index/resource_index/packages
copying resource/roi -> /home/imjunhyung/turtlebot3_ws/install/roi/share/ament_index/resource_index/packages
copying package.xml -> /home/imjunhyung/turtlebot3_ws/install/roi/share/roi
running install_egg_info
Copying ../../build/roi/roi.egg-info to /home/imjunhyung/turtlebot3_ws/install/roi/lib/python3.8/site-packages/roi-0.0.0-py3.8.egg-info
running install_scripts
Installing roi script to /home/imjunhyung/turtlebot3_ws/install/roi/lib/roi
writing list of installed files to '/home/imjunhyung/turtlebot3_ws/build/roi/install.log'
