[2.205s] Invoking command in '/home/imjunhyung/turtlebot3_ws/src/detection': PYTHONPATH=/home/imjunhyung/turtlebot3_ws/build/detection/prefix_override:/home/imjunhyung/turtlebot3_ws/install/detection/lib/python3.8/site-packages:${PYTHONPATH} /usr/bin/python3 setup.py egg_info --egg-base ../../build/detection build --build-base /home/imjunhyung/turtlebot3_ws/build/detection/build install --record /home/imjunhyung/turtlebot3_ws/build/detection/install.log --install-scripts $base/lib/detection --single-version-externally-managed
[2.731s] running egg_info
[2.732s] writing ../../build/detection/detection.egg-info/PKG-INFO
[2.732s] writing dependency_links to ../../build/detection/detection.egg-info/dependency_links.txt
[2.732s] writing entry points to ../../build/detection/detection.egg-info/entry_points.txt
[2.740s] writing requirements to ../../build/detection/detection.egg-info/requires.txt
[2.742s] writing top-level names to ../../build/detection/detection.egg-info/top_level.txt
[2.743s] reading manifest file '../../build/detection/detection.egg-info/SOURCES.txt'
[2.743s] writing manifest file '../../build/detection/detection.egg-info/SOURCES.txt'
[2.745s] running build
[2.746s] running build_py
[2.747s] running install
[2.747s] running install_lib
[2.748s] running install_data
[2.751s] running install_egg_info
[2.752s] removing '/home/imjunhyung/turtlebot3_ws/install/detection/lib/python3.8/site-packages/detection-0.0.0-py3.8.egg-info' (and everything under it)
[2.752s] Copying ../../build/detection/detection.egg-info to /home/imjunhyung/turtlebot3_ws/install/detection/lib/python3.8/site-packages/detection-0.0.0-py3.8.egg-info
[2.753s] running install_scripts
[2.772s] Installing detection script to /home/imjunhyung/turtlebot3_ws/install/detection/lib/detection
[2.772s] writing list of installed files to '/home/imjunhyung/turtlebot3_ws/build/detection/install.log'
[2.810s] Invoked command in '/home/imjunhyung/turtlebot3_ws/src/detection' returned '0': PYTHONPATH=/home/imjunhyung/turtlebot3_ws/build/detection/prefix_override:/home/imjunhyung/turtlebot3_ws/install/detection/lib/python3.8/site-packages:${PYTHONPATH} /usr/bin/python3 setup.py egg_info --egg-base ../../build/detection build --build-base /home/imjunhyung/turtlebot3_ws/build/detection/build install --record /home/imjunhyung/turtlebot3_ws/build/detection/install.log --install-scripts $base/lib/detection --single-version-externally-managed
