[0.278s] DEBUG:colcon:Command line arguments: ['/usr/bin/colcon', 'build', '--symlink-install']
[0.278s] DEBUG:colcon:Parsed command line arguments: Namespace(allow_overriding=[], ament_cmake_args=None, base_paths=['.'], build_base='build', catkin_cmake_args=None, catkin_skip_building_tests=False, cmake_args=None, cmake_clean_cache=False, cmake_clean_first=False, cmake_force_configure=False, cmake_target=None, cmake_target_skip_unavailable=False, continue_on_error=False, event_handlers=None, executor='parallel', ignore_user_meta=False, install_base='install', log_base=None, log_level=None, main=<bound method BuildVerb.main of <colcon_core.verb.build.BuildVerb object at 0x7f1eaaf08d00>>, merge_install=False, metas=['./colcon.meta'], packages_above=None, packages_above_and_dependencies=None, packages_above_depth=None, packages_end=None, packages_ignore=None, packages_ignore_regex=None, packages_select=None, packages_select_build_failed=False, packages_select_by_dep=None, packages_select_regex=None, packages_select_test_failures=False, packages_skip=None, packages_skip_build_finished=False, packages_skip_by_dep=None, packages_skip_regex=None, packages_skip_test_passed=False, packages_skip_up_to=None, packages_start=None, packages_up_to=None, packages_up_to_regex=None, parallel_workers=12, paths=None, symlink_install=True, test_result_base=None, verb_extension=<colcon_core.verb.build.BuildVerb object at 0x7f1eaaf08d00>, verb_name='build', verb_parser=<colcon_defaults.argument_parser.defaults.DefaultArgumentsDecorator object at 0x7f1eaaf152b0>)
[0.307s] Level 1:colcon.colcon_core.package_discovery:discover_packages(colcon_meta) check parameters
[0.307s] Level 1:colcon.colcon_core.package_discovery:discover_packages(recursive) check parameters
[0.307s] Level 1:colcon.colcon_core.package_discovery:discover_packages(ignore) check parameters
[0.307s] Level 1:colcon.colcon_core.package_discovery:discover_packages(path) check parameters
[0.307s] Level 1:colcon.colcon_core.package_discovery:discover_packages(colcon_meta) discover
[0.307s] Level 1:colcon.colcon_core.package_discovery:discover_packages(recursive) discover
[0.307s] INFO:colcon.colcon_core.package_discovery:Crawling recursively for packages in '/home/theo/ros2_workspace'
[0.307s] Level 1:colcon.colcon_core.package_identification:_identify(.) by extensions ['ignore', 'ignore_ament_install']
[0.307s] Level 1:colcon.colcon_core.package_identification:_identify(.) by extension 'ignore'
[0.307s] Level 1:colcon.colcon_core.package_identification:_identify(.) by extension 'ignore_ament_install'
[0.307s] Level 1:colcon.colcon_core.package_identification:_identify(.) by extensions ['colcon_pkg']
[0.307s] Level 1:colcon.colcon_core.package_identification:_identify(.) by extension 'colcon_pkg'
[0.307s] Level 1:colcon.colcon_core.package_identification:_identify(.) by extensions ['colcon_meta']
[0.307s] Level 1:colcon.colcon_core.package_identification:_identify(.) by extension 'colcon_meta'
[0.307s] Level 1:colcon.colcon_core.package_identification:_identify(.) by extensions ['ros']
[0.307s] Level 1:colcon.colcon_core.package_identification:_identify(.) by extension 'ros'
[0.316s] Level 1:colcon.colcon_core.package_identification:_identify(.) by extensions ['cmake', 'python']
[0.316s] Level 1:colcon.colcon_core.package_identification:_identify(.) by extension 'cmake'
[0.316s] Level 1:colcon.colcon_core.package_identification:_identify(.) by extension 'python'
[0.316s] Level 1:colcon.colcon_core.package_identification:_identify(.) by extensions ['python_setup_py']
[0.316s] Level 1:colcon.colcon_core.package_identification:_identify(.) by extension 'python_setup_py'
[0.316s] Level 1:colcon.colcon_core.package_identification:_identify(build) by extensions ['ignore', 'ignore_ament_install']
[0.316s] Level 1:colcon.colcon_core.package_identification:_identify(build) by extension 'ignore'
[0.316s] Level 1:colcon.colcon_core.package_identification:_identify(build) ignored
[0.316s] Level 1:colcon.colcon_core.package_identification:_identify(install) by extensions ['ignore', 'ignore_ament_install']
[0.316s] Level 1:colcon.colcon_core.package_identification:_identify(install) by extension 'ignore'
[0.316s] Level 1:colcon.colcon_core.package_identification:_identify(install) ignored
[0.316s] Level 1:colcon.colcon_core.package_identification:_identify(log) by extensions ['ignore', 'ignore_ament_install']
[0.316s] Level 1:colcon.colcon_core.package_identification:_identify(log) by extension 'ignore'
[0.316s] Level 1:colcon.colcon_core.package_identification:_identify(log) ignored
[0.317s] Level 1:colcon.colcon_core.package_identification:_identify(src) by extensions ['ignore', 'ignore_ament_install']
[0.317s] Level 1:colcon.colcon_core.package_identification:_identify(src) by extension 'ignore'
[0.317s] Level 1:colcon.colcon_core.package_identification:_identify(src) by extension 'ignore_ament_install'
[0.317s] Level 1:colcon.colcon_core.package_identification:_identify(src) by extensions ['colcon_pkg']
[0.317s] Level 1:colcon.colcon_core.package_identification:_identify(src) by extension 'colcon_pkg'
[0.317s] Level 1:colcon.colcon_core.package_identification:_identify(src) by extensions ['colcon_meta']
[0.317s] Level 1:colcon.colcon_core.package_identification:_identify(src) by extension 'colcon_meta'
[0.317s] Level 1:colcon.colcon_core.package_identification:_identify(src) by extensions ['ros']
[0.317s] Level 1:colcon.colcon_core.package_identification:_identify(src) by extension 'ros'
[0.317s] Level 1:colcon.colcon_core.package_identification:_identify(src) by extensions ['cmake', 'python']
[0.317s] Level 1:colcon.colcon_core.package_identification:_identify(src) by extension 'cmake'
[0.317s] Level 1:colcon.colcon_core.package_identification:_identify(src) by extension 'python'
[0.317s] Level 1:colcon.colcon_core.package_identification:_identify(src) by extensions ['python_setup_py']
[0.317s] Level 1:colcon.colcon_core.package_identification:_identify(src) by extension 'python_setup_py'
[0.317s] Level 1:colcon.colcon_core.package_identification:_identify(src/arduino_pck) by extensions ['ignore', 'ignore_ament_install']
[0.317s] Level 1:colcon.colcon_core.package_identification:_identify(src/arduino_pck) by extension 'ignore'
[0.317s] Level 1:colcon.colcon_core.package_identification:_identify(src/arduino_pck) by extension 'ignore_ament_install'
[0.317s] Level 1:colcon.colcon_core.package_identification:_identify(src/arduino_pck) by extensions ['colcon_pkg']
[0.317s] Level 1:colcon.colcon_core.package_identification:_identify(src/arduino_pck) by extension 'colcon_pkg'
[0.317s] Level 1:colcon.colcon_core.package_identification:_identify(src/arduino_pck) by extensions ['colcon_meta']
[0.317s] Level 1:colcon.colcon_core.package_identification:_identify(src/arduino_pck) by extension 'colcon_meta'
[0.317s] Level 1:colcon.colcon_core.package_identification:_identify(src/arduino_pck) by extensions ['ros']
[0.317s] Level 1:colcon.colcon_core.package_identification:_identify(src/arduino_pck) by extension 'ros'
[0.319s] DEBUG:colcon.colcon_core.package_identification:Package 'src/arduino_pck' with type 'ros.ament_cmake' and name 'arduino_pck'
[0.319s] Level 1:colcon.colcon_core.package_identification:_identify(src/articubot_one) by extensions ['ignore', 'ignore_ament_install']
[0.319s] Level 1:colcon.colcon_core.package_identification:_identify(src/articubot_one) by extension 'ignore'
[0.319s] Level 1:colcon.colcon_core.package_identification:_identify(src/articubot_one) by extension 'ignore_ament_install'
[0.320s] Level 1:colcon.colcon_core.package_identification:_identify(src/articubot_one) by extensions ['colcon_pkg']
[0.320s] Level 1:colcon.colcon_core.package_identification:_identify(src/articubot_one) by extension 'colcon_pkg'
[0.320s] Level 1:colcon.colcon_core.package_identification:_identify(src/articubot_one) by extensions ['colcon_meta']
[0.320s] Level 1:colcon.colcon_core.package_identification:_identify(src/articubot_one) by extension 'colcon_meta'
[0.320s] Level 1:colcon.colcon_core.package_identification:_identify(src/articubot_one) by extensions ['ros']
[0.320s] Level 1:colcon.colcon_core.package_identification:_identify(src/articubot_one) by extension 'ros'
[0.320s] DEBUG:colcon.colcon_core.package_identification:Package 'src/articubot_one' with type 'ros.ament_cmake' and name 'articubot_one'
[0.320s] Level 1:colcon.colcon_core.package_identification:_identify(src/diffdrive_arduino) by extensions ['ignore', 'ignore_ament_install']
[0.320s] Level 1:colcon.colcon_core.package_identification:_identify(src/diffdrive_arduino) by extension 'ignore'
[0.320s] Level 1:colcon.colcon_core.package_identification:_identify(src/diffdrive_arduino) by extension 'ignore_ament_install'
[0.320s] Level 1:colcon.colcon_core.package_identification:_identify(src/diffdrive_arduino) by extensions ['colcon_pkg']
[0.320s] Level 1:colcon.colcon_core.package_identification:_identify(src/diffdrive_arduino) by extension 'colcon_pkg'
[0.320s] Level 1:colcon.colcon_core.package_identification:_identify(src/diffdrive_arduino) by extensions ['colcon_meta']
[0.320s] Level 1:colcon.colcon_core.package_identification:_identify(src/diffdrive_arduino) by extension 'colcon_meta'
[0.320s] Level 1:colcon.colcon_core.package_identification:_identify(src/diffdrive_arduino) by extensions ['ros']
[0.320s] Level 1:colcon.colcon_core.package_identification:_identify(src/diffdrive_arduino) by extension 'ros'
[0.321s] DEBUG:colcon.colcon_core.package_identification:Package 'src/diffdrive_arduino' with type 'ros.ament_cmake' and name 'diffdrive_arduino'
[0.321s] Level 1:colcon.colcon_core.package_identification:_identify(src/my_package) by extensions ['ignore', 'ignore_ament_install']
[0.321s] Level 1:colcon.colcon_core.package_identification:_identify(src/my_package) by extension 'ignore'
[0.321s] Level 1:colcon.colcon_core.package_identification:_identify(src/my_package) by extension 'ignore_ament_install'
[0.321s] Level 1:colcon.colcon_core.package_identification:_identify(src/my_package) by extensions ['colcon_pkg']
[0.321s] Level 1:colcon.colcon_core.package_identification:_identify(src/my_package) by extension 'colcon_pkg'
[0.321s] Level 1:colcon.colcon_core.package_identification:_identify(src/my_package) by extensions ['colcon_meta']
[0.321s] Level 1:colcon.colcon_core.package_identification:_identify(src/my_package) by extension 'colcon_meta'
[0.321s] Level 1:colcon.colcon_core.package_identification:_identify(src/my_package) by extensions ['ros']
[0.321s] Level 1:colcon.colcon_core.package_identification:_identify(src/my_package) by extension 'ros'
[0.322s] DEBUG:colcon.colcon_core.package_identification:Package 'src/my_package' with type 'ros.ament_cmake' and name 'my_package'
[0.322s] Level 1:colcon.colcon_core.package_identification:_identify(src/serial) by extensions ['ignore', 'ignore_ament_install']
[0.322s] Level 1:colcon.colcon_core.package_identification:_identify(src/serial) by extension 'ignore'
[0.322s] Level 1:colcon.colcon_core.package_identification:_identify(src/serial) by extension 'ignore_ament_install'
[0.322s] Level 1:colcon.colcon_core.package_identification:_identify(src/serial) by extensions ['colcon_pkg']
[0.322s] Level 1:colcon.colcon_core.package_identification:_identify(src/serial) by extension 'colcon_pkg'
[0.322s] Level 1:colcon.colcon_core.package_identification:_identify(src/serial) by extensions ['colcon_meta']
[0.322s] Level 1:colcon.colcon_core.package_identification:_identify(src/serial) by extension 'colcon_meta'
[0.322s] Level 1:colcon.colcon_core.package_identification:_identify(src/serial) by extensions ['ros']
[0.322s] Level 1:colcon.colcon_core.package_identification:_identify(src/serial) by extension 'ros'
[0.323s] DEBUG:colcon.colcon_core.package_identification:Package 'src/serial' with type 'ros.ament_cmake' and name 'serial'
[0.323s] Level 1:colcon.colcon_core.package_identification:_identify(src/test_package) by extensions ['ignore', 'ignore_ament_install']
[0.323s] Level 1:colcon.colcon_core.package_identification:_identify(src/test_package) by extension 'ignore'
[0.323s] Level 1:colcon.colcon_core.package_identification:_identify(src/test_package) by extension 'ignore_ament_install'
[0.323s] Level 1:colcon.colcon_core.package_identification:_identify(src/test_package) by extensions ['colcon_pkg']
[0.323s] Level 1:colcon.colcon_core.package_identification:_identify(src/test_package) by extension 'colcon_pkg'
[0.323s] Level 1:colcon.colcon_core.package_identification:_identify(src/test_package) by extensions ['colcon_meta']
[0.323s] Level 1:colcon.colcon_core.package_identification:_identify(src/test_package) by extension 'colcon_meta'
[0.323s] Level 1:colcon.colcon_core.package_identification:_identify(src/test_package) by extensions ['ros']
[0.323s] Level 1:colcon.colcon_core.package_identification:_identify(src/test_package) by extension 'ros'
[0.323s] DEBUG:colcon.colcon_core.package_identification:Package 'src/test_package' with type 'ros.ament_cmake' and name 'test_package'
[0.324s] Level 1:colcon.colcon_core.package_discovery:discover_packages(recursive) using defaults
[0.324s] Level 1:colcon.colcon_core.package_discovery:discover_packages(ignore) discover
[0.324s] Level 1:colcon.colcon_core.package_discovery:discover_packages(ignore) using defaults
[0.324s] Level 1:colcon.colcon_core.package_discovery:discover_packages(path) discover
[0.324s] Level 1:colcon.colcon_core.package_discovery:discover_packages(path) using defaults
[0.342s] Level 1:colcon.colcon_core.package_discovery:discover_packages(prefix_path) check parameters
[0.342s] Level 1:colcon.colcon_core.package_discovery:discover_packages(prefix_path) discover
[0.345s] DEBUG:colcon.colcon_installed_package_information.package_discovery:Found 2 installed packages in /home/theo/colcon_ws/install
[0.347s] DEBUG:colcon.colcon_installed_package_information.package_discovery:Found 345 installed packages in /opt/ros/foxy
[0.348s] Level 1:colcon.colcon_core.package_discovery:discover_packages(prefix_path) using defaults
[0.414s] Level 5:colcon.colcon_core.verb:set package 'arduino_pck' build argument 'cmake_args' from command line to 'None'
[0.415s] Level 5:colcon.colcon_core.verb:set package 'arduino_pck' build argument 'cmake_target' from command line to 'None'
[0.415s] Level 5:colcon.colcon_core.verb:set package 'arduino_pck' build argument 'cmake_target_skip_unavailable' from command line to 'False'
[0.415s] Level 5:colcon.colcon_core.verb:set package 'arduino_pck' build argument 'cmake_clean_cache' from command line to 'False'
[0.415s] Level 5:colcon.colcon_core.verb:set package 'arduino_pck' build argument 'cmake_clean_first' from command line to 'False'
[0.415s] Level 5:colcon.colcon_core.verb:set package 'arduino_pck' build argument 'cmake_force_configure' from command line to 'False'
[0.415s] Level 5:colcon.colcon_core.verb:set package 'arduino_pck' build argument 'ament_cmake_args' from command line to 'None'
[0.415s] Level 5:colcon.colcon_core.verb:set package 'arduino_pck' build argument 'catkin_cmake_args' from command line to 'None'
[0.415s] Level 5:colcon.colcon_core.verb:set package 'arduino_pck' build argument 'catkin_skip_building_tests' from command line to 'False'
[0.415s] DEBUG:colcon.colcon_core.verb:Building package 'arduino_pck' with the following arguments: {'ament_cmake_args': None, 'build_base': '/home/theo/ros2_workspace/build/arduino_pck', 'catkin_cmake_args': None, 'catkin_skip_building_tests': False, 'cmake_args': None, 'cmake_clean_cache': False, 'cmake_clean_first': False, 'cmake_force_configure': False, 'cmake_target': None, 'cmake_target_skip_unavailable': False, 'install_base': '/home/theo/ros2_workspace/install/arduino_pck', 'merge_install': False, 'path': '/home/theo/ros2_workspace/src/arduino_pck', 'symlink_install': True, 'test_result_base': None}
[0.416s] Level 5:colcon.colcon_core.verb:set package 'articubot_one' build argument 'cmake_args' from command line to 'None'
[0.416s] Level 5:colcon.colcon_core.verb:set package 'articubot_one' build argument 'cmake_target' from command line to 'None'
[0.416s] Level 5:colcon.colcon_core.verb:set package 'articubot_one' build argument 'cmake_target_skip_unavailable' from command line to 'False'
[0.416s] Level 5:colcon.colcon_core.verb:set package 'articubot_one' build argument 'cmake_clean_cache' from command line to 'False'
[0.416s] Level 5:colcon.colcon_core.verb:set package 'articubot_one' build argument 'cmake_clean_first' from command line to 'False'
[0.416s] Level 5:colcon.colcon_core.verb:set package 'articubot_one' build argument 'cmake_force_configure' from command line to 'False'
[0.416s] Level 5:colcon.colcon_core.verb:set package 'articubot_one' build argument 'ament_cmake_args' from command line to 'None'
[0.416s] Level 5:colcon.colcon_core.verb:set package 'articubot_one' build argument 'catkin_cmake_args' from command line to 'None'
[0.416s] Level 5:colcon.colcon_core.verb:set package 'articubot_one' build argument 'catkin_skip_building_tests' from command line to 'False'
[0.416s] DEBUG:colcon.colcon_core.verb:Building package 'articubot_one' with the following arguments: {'ament_cmake_args': None, 'build_base': '/home/theo/ros2_workspace/build/articubot_one', 'catkin_cmake_args': None, 'catkin_skip_building_tests': False, 'cmake_args': None, 'cmake_clean_cache': False, 'cmake_clean_first': False, 'cmake_force_configure': False, 'cmake_target': None, 'cmake_target_skip_unavailable': False, 'install_base': '/home/theo/ros2_workspace/install/articubot_one', 'merge_install': False, 'path': '/home/theo/ros2_workspace/src/articubot_one', 'symlink_install': True, 'test_result_base': None}
[0.417s] Level 5:colcon.colcon_core.verb:set package 'my_package' build argument 'cmake_args' from command line to 'None'
[0.417s] Level 5:colcon.colcon_core.verb:set package 'my_package' build argument 'cmake_target' from command line to 'None'
[0.417s] Level 5:colcon.colcon_core.verb:set package 'my_package' build argument 'cmake_target_skip_unavailable' from command line to 'False'
[0.417s] Level 5:colcon.colcon_core.verb:set package 'my_package' build argument 'cmake_clean_cache' from command line to 'False'
[0.417s] Level 5:colcon.colcon_core.verb:set package 'my_package' build argument 'cmake_clean_first' from command line to 'False'
[0.417s] Level 5:colcon.colcon_core.verb:set package 'my_package' build argument 'cmake_force_configure' from command line to 'False'
[0.417s] Level 5:colcon.colcon_core.verb:set package 'my_package' build argument 'ament_cmake_args' from command line to 'None'
[0.417s] Level 5:colcon.colcon_core.verb:set package 'my_package' build argument 'catkin_cmake_args' from command line to 'None'
[0.417s] Level 5:colcon.colcon_core.verb:set package 'my_package' build argument 'catkin_skip_building_tests' from command line to 'False'
[0.417s] DEBUG:colcon.colcon_core.verb:Building package 'my_package' with the following arguments: {'ament_cmake_args': None, 'build_base': '/home/theo/ros2_workspace/build/my_package', 'catkin_cmake_args': None, 'catkin_skip_building_tests': False, 'cmake_args': None, 'cmake_clean_cache': False, 'cmake_clean_first': False, 'cmake_force_configure': False, 'cmake_target': None, 'cmake_target_skip_unavailable': False, 'install_base': '/home/theo/ros2_workspace/install/my_package', 'merge_install': False, 'path': '/home/theo/ros2_workspace/src/my_package', 'symlink_install': True, 'test_result_base': None}
[0.419s] Level 5:colcon.colcon_core.verb:set package 'serial' build argument 'cmake_args' from command line to 'None'
[0.419s] Level 5:colcon.colcon_core.verb:set package 'serial' build argument 'cmake_target' from command line to 'None'
[0.419s] Level 5:colcon.colcon_core.verb:set package 'serial' build argument 'cmake_target_skip_unavailable' from command line to 'False'
[0.419s] Level 5:colcon.colcon_core.verb:set package 'serial' build argument 'cmake_clean_cache' from command line to 'False'
[0.419s] Level 5:colcon.colcon_core.verb:set package 'serial' build argument 'cmake_clean_first' from command line to 'False'
[0.419s] Level 5:colcon.colcon_core.verb:set package 'serial' build argument 'cmake_force_configure' from command line to 'False'
[0.419s] Level 5:colcon.colcon_core.verb:set package 'serial' build argument 'ament_cmake_args' from command line to 'None'
[0.419s] Level 5:colcon.colcon_core.verb:set package 'serial' build argument 'catkin_cmake_args' from command line to 'None'
[0.419s] Level 5:colcon.colcon_core.verb:set package 'serial' build argument 'catkin_skip_building_tests' from command line to 'False'
[0.419s] DEBUG:colcon.colcon_core.verb:Building package 'serial' with the following arguments: {'ament_cmake_args': None, 'build_base': '/home/theo/ros2_workspace/build/serial', 'catkin_cmake_args': None, 'catkin_skip_building_tests': False, 'cmake_args': None, 'cmake_clean_cache': False, 'cmake_clean_first': False, 'cmake_force_configure': False, 'cmake_target': None, 'cmake_target_skip_unavailable': False, 'install_base': '/home/theo/ros2_workspace/install/serial', 'merge_install': False, 'path': '/home/theo/ros2_workspace/src/serial', 'symlink_install': True, 'test_result_base': None}
[0.420s] Level 5:colcon.colcon_core.verb:set package 'test_package' build argument 'cmake_args' from command line to 'None'
[0.420s] Level 5:colcon.colcon_core.verb:set package 'test_package' build argument 'cmake_target' from command line to 'None'
[0.420s] Level 5:colcon.colcon_core.verb:set package 'test_package' build argument 'cmake_target_skip_unavailable' from command line to 'False'
[0.420s] Level 5:colcon.colcon_core.verb:set package 'test_package' build argument 'cmake_clean_cache' from command line to 'False'
[0.420s] Level 5:colcon.colcon_core.verb:set package 'test_package' build argument 'cmake_clean_first' from command line to 'False'
[0.420s] Level 5:colcon.colcon_core.verb:set package 'test_package' build argument 'cmake_force_configure' from command line to 'False'
[0.420s] Level 5:colcon.colcon_core.verb:set package 'test_package' build argument 'ament_cmake_args' from command line to 'None'
[0.420s] Level 5:colcon.colcon_core.verb:set package 'test_package' build argument 'catkin_cmake_args' from command line to 'None'
[0.420s] Level 5:colcon.colcon_core.verb:set package 'test_package' build argument 'catkin_skip_building_tests' from command line to 'False'
[0.420s] DEBUG:colcon.colcon_core.verb:Building package 'test_package' with the following arguments: {'ament_cmake_args': None, 'build_base': '/home/theo/ros2_workspace/build/test_package', 'catkin_cmake_args': None, 'catkin_skip_building_tests': False, 'cmake_args': None, 'cmake_clean_cache': False, 'cmake_clean_first': False, 'cmake_force_configure': False, 'cmake_target': None, 'cmake_target_skip_unavailable': False, 'install_base': '/home/theo/ros2_workspace/install/test_package', 'merge_install': False, 'path': '/home/theo/ros2_workspace/src/test_package', 'symlink_install': True, 'test_result_base': None}
[0.421s] Level 5:colcon.colcon_core.verb:set package 'diffdrive_arduino' build argument 'cmake_args' from command line to 'None'
[0.421s] Level 5:colcon.colcon_core.verb:set package 'diffdrive_arduino' build argument 'cmake_target' from command line to 'None'
[0.421s] Level 5:colcon.colcon_core.verb:set package 'diffdrive_arduino' build argument 'cmake_target_skip_unavailable' from command line to 'False'
[0.421s] Level 5:colcon.colcon_core.verb:set package 'diffdrive_arduino' build argument 'cmake_clean_cache' from command line to 'False'
[0.421s] Level 5:colcon.colcon_core.verb:set package 'diffdrive_arduino' build argument 'cmake_clean_first' from command line to 'False'
[0.421s] Level 5:colcon.colcon_core.verb:set package 'diffdrive_arduino' build argument 'cmake_force_configure' from command line to 'False'
[0.421s] Level 5:colcon.colcon_core.verb:set package 'diffdrive_arduino' build argument 'ament_cmake_args' from command line to 'None'
[0.421s] Level 5:colcon.colcon_core.verb:set package 'diffdrive_arduino' build argument 'catkin_cmake_args' from command line to 'None'
[0.421s] Level 5:colcon.colcon_core.verb:set package 'diffdrive_arduino' build argument 'catkin_skip_building_tests' from command line to 'False'
[0.421s] DEBUG:colcon.colcon_core.verb:Building package 'diffdrive_arduino' with the following arguments: {'ament_cmake_args': None, 'build_base': '/home/theo/ros2_workspace/build/diffdrive_arduino', 'catkin_cmake_args': None, 'catkin_skip_building_tests': False, 'cmake_args': None, 'cmake_clean_cache': False, 'cmake_clean_first': False, 'cmake_force_configure': False, 'cmake_target': None, 'cmake_target_skip_unavailable': False, 'install_base': '/home/theo/ros2_workspace/install/diffdrive_arduino', 'merge_install': False, 'path': '/home/theo/ros2_workspace/src/diffdrive_arduino', 'symlink_install': True, 'test_result_base': None}
[0.422s] INFO:colcon.colcon_core.executor:Executing jobs using 'parallel' executor
[0.427s] DEBUG:colcon.colcon_parallel_executor.executor.parallel:run_until_complete
[0.427s] INFO:colcon.colcon_ros.task.ament_cmake.build:Building ROS package in '/home/theo/ros2_workspace/src/serial' with build type 'ament_cmake'
[0.427s] INFO:colcon.colcon_cmake.task.cmake.build:Building CMake package in '/home/theo/ros2_workspace/src/serial'
[0.432s] INFO:colcon.colcon_core.plugin_system:Skipping extension 'colcon_core.shell.bat': Not used on non-Windows systems
[0.432s] INFO:colcon.colcon_core.shell:Skip shell extension 'powershell' for command environment: Not usable outside of PowerShell
[0.432s] DEBUG:colcon.colcon_core.shell:Skip shell extension 'dsv' for command environment
[0.439s] INFO:colcon.colcon_ros.task.ament_cmake.build:Building ROS package in '/home/theo/ros2_workspace/src/arduino_pck' with build type 'ament_cmake'
[0.439s] INFO:colcon.colcon_cmake.task.cmake.build:Building CMake package in '/home/theo/ros2_workspace/src/arduino_pck'
[0.441s] INFO:colcon.colcon_core.shell:Skip shell extension 'powershell' for command environment: Not usable outside of PowerShell
[0.441s] DEBUG:colcon.colcon_core.shell:Skip shell extension 'dsv' for command environment
[0.449s] INFO:colcon.colcon_ros.task.ament_cmake.build:Building ROS package in '/home/theo/ros2_workspace/src/articubot_one' with build type 'ament_cmake'
[0.449s] INFO:colcon.colcon_cmake.task.cmake.build:Building CMake package in '/home/theo/ros2_workspace/src/articubot_one'
[0.453s] INFO:colcon.colcon_core.shell:Skip shell extension 'powershell' for command environment: Not usable outside of PowerShell
[0.453s] DEBUG:colcon.colcon_core.shell:Skip shell extension 'dsv' for command environment
[0.460s] INFO:colcon.colcon_ros.task.ament_cmake.build:Building ROS package in '/home/theo/ros2_workspace/src/my_package' with build type 'ament_cmake'
[0.461s] INFO:colcon.colcon_cmake.task.cmake.build:Building CMake package in '/home/theo/ros2_workspace/src/my_package'
[0.463s] INFO:colcon.colcon_core.shell:Skip shell extension 'powershell' for command environment: Not usable outside of PowerShell
[0.463s] DEBUG:colcon.colcon_core.shell:Skip shell extension 'dsv' for command environment
[0.472s] INFO:colcon.colcon_ros.task.ament_cmake.build:Building ROS package in '/home/theo/ros2_workspace/src/test_package' with build type 'ament_cmake'
[0.473s] INFO:colcon.colcon_cmake.task.cmake.build:Building CMake package in '/home/theo/ros2_workspace/src/test_package'
[0.476s] INFO:colcon.colcon_core.shell:Skip shell extension 'powershell' for command environment: Not usable outside of PowerShell
[0.476s] DEBUG:colcon.colcon_core.shell:Skip shell extension 'dsv' for command environment
[0.492s] DEBUG:colcon.colcon_core.event_handler.log_command:Invoking command in '/home/theo/ros2_workspace/build/serial': CMAKE_PREFIX_PATH=/home/theo/colcon_ws/install/autonomous_tb3:/opt/ros/foxy /usr/bin/cmake --build /home/theo/ros2_workspace/build/serial -- -j12 -l12
[0.499s] DEBUG:colcon.colcon_core.event_handler.log_command:Invoking command in '/home/theo/ros2_workspace/build/arduino_pck': CMAKE_PREFIX_PATH=/home/theo/colcon_ws/install/autonomous_tb3:/opt/ros/foxy /usr/bin/cmake --build /home/theo/ros2_workspace/build/arduino_pck -- -j12 -l12
[0.502s] DEBUG:colcon.colcon_core.event_handler.log_command:Invoking command in '/home/theo/ros2_workspace/build/articubot_one': CMAKE_PREFIX_PATH=/home/theo/colcon_ws/install/autonomous_tb3:/opt/ros/foxy /usr/bin/cmake --build /home/theo/ros2_workspace/build/articubot_one -- -j12 -l12
[0.508s] DEBUG:colcon.colcon_core.event_handler.log_command:Invoking command in '/home/theo/ros2_workspace/build/my_package': CMAKE_PREFIX_PATH=/home/theo/colcon_ws/install/autonomous_tb3:/opt/ros/foxy /usr/bin/cmake --build /home/theo/ros2_workspace/build/my_package -- -j12 -l12
[0.515s] DEBUG:colcon.colcon_core.event_handler.log_command:Invoking command in '/home/theo/ros2_workspace/build/test_package': CMAKE_PREFIX_PATH=/home/theo/colcon_ws/install/autonomous_tb3:/opt/ros/foxy /usr/bin/cmake --build /home/theo/ros2_workspace/build/test_package -- -j12 -l12
[0.541s] DEBUG:colcon.colcon_core.event_handler.log_command:Invoked command in '/home/theo/ros2_workspace/build/arduino_pck' returned '0': CMAKE_PREFIX_PATH=/home/theo/colcon_ws/install/autonomous_tb3:/opt/ros/foxy /usr/bin/cmake --build /home/theo/ros2_workspace/build/arduino_pck -- -j12 -l12
[0.546s] DEBUG:colcon.colcon_core.event_handler.log_command:Invoked command in '/home/theo/ros2_workspace/build/articubot_one' returned '0': CMAKE_PREFIX_PATH=/home/theo/colcon_ws/install/autonomous_tb3:/opt/ros/foxy /usr/bin/cmake --build /home/theo/ros2_workspace/build/articubot_one -- -j12 -l12
[0.554s] DEBUG:colcon.colcon_core.event_handler.log_command:Invoked command in '/home/theo/ros2_workspace/build/test_package' returned '0': CMAKE_PREFIX_PATH=/home/theo/colcon_ws/install/autonomous_tb3:/opt/ros/foxy /usr/bin/cmake --build /home/theo/ros2_workspace/build/test_package -- -j12 -l12
[0.578s] DEBUG:colcon.colcon_core.event_handler.log_command:Invoking command in '/home/theo/ros2_workspace/build/arduino_pck': CMAKE_PREFIX_PATH=/home/theo/colcon_ws/install/autonomous_tb3:/opt/ros/foxy /usr/bin/cmake --install /home/theo/ros2_workspace/build/arduino_pck
[0.582s] DEBUG:colcon.colcon_core.event_handler.log_command:Invoking command in '/home/theo/ros2_workspace/build/articubot_one': CMAKE_PREFIX_PATH=/home/theo/colcon_ws/install/autonomous_tb3:/opt/ros/foxy /usr/bin/cmake --install /home/theo/ros2_workspace/build/articubot_one
[0.586s] DEBUG:colcon.colcon_core.event_handler.log_command:Invoking command in '/home/theo/ros2_workspace/build/test_package': CMAKE_PREFIX_PATH=/home/theo/colcon_ws/install/autonomous_tb3:/opt/ros/foxy /usr/bin/cmake --install /home/theo/ros2_workspace/build/test_package
[0.589s] DEBUG:colcon.colcon_core.event_handler.log_command:Invoked command in '/home/theo/ros2_workspace/build/my_package' returned '0': CMAKE_PREFIX_PATH=/home/theo/colcon_ws/install/autonomous_tb3:/opt/ros/foxy /usr/bin/cmake --build /home/theo/ros2_workspace/build/my_package -- -j12 -l12
[0.604s] DEBUG:colcon.colcon_core.event_handler.log_command:Invoked command in '/home/theo/ros2_workspace/build/serial' returned '0': CMAKE_PREFIX_PATH=/home/theo/colcon_ws/install/autonomous_tb3:/opt/ros/foxy /usr/bin/cmake --build /home/theo/ros2_workspace/build/serial -- -j12 -l12
[0.610s] Level 1:colcon.colcon_core.environment:create_environment_scripts_only(arduino_pck)
[0.625s] Level 1:colcon.colcon_core.environment:checking '/home/theo/ros2_workspace/install/arduino_pck' for CMake module files
[0.626s] Level 1:colcon.colcon_core.environment:checking '/home/theo/ros2_workspace/install/arduino_pck' for CMake config files
[0.628s] DEBUG:colcon.colcon_core.event_handler.log_command:Invoked command in '/home/theo/ros2_workspace/build/arduino_pck' returned '0': CMAKE_PREFIX_PATH=/home/theo/colcon_ws/install/autonomous_tb3:/opt/ros/foxy /usr/bin/cmake --install /home/theo/ros2_workspace/build/arduino_pck
[0.628s] Level 1:colcon.colcon_core.shell:create_environment_hook('arduino_pck', 'cmake_prefix_path')
[0.631s] INFO:colcon.colcon_core.shell:Creating environment hook '/home/theo/ros2_workspace/install/arduino_pck/share/arduino_pck/hook/cmake_prefix_path.ps1'
[0.631s] INFO:colcon.colcon_core.shell:Creating environment descriptor '/home/theo/ros2_workspace/install/arduino_pck/share/arduino_pck/hook/cmake_prefix_path.dsv'
[0.632s] INFO:colcon.colcon_core.shell:Creating environment hook '/home/theo/ros2_workspace/install/arduino_pck/share/arduino_pck/hook/cmake_prefix_path.sh'
[0.633s] Level 1:colcon.colcon_core.environment:checking '/home/theo/ros2_workspace/install/arduino_pck/bin'
[0.633s] Level 1:colcon.colcon_core.environment:checking '/home/theo/ros2_workspace/install/arduino_pck/lib/pkgconfig/arduino_pck.pc'
[0.633s] Level 1:colcon.colcon_core.environment:checking '/home/theo/ros2_workspace/install/arduino_pck/lib/python3.8/site-packages'
[0.633s] Level 1:colcon.colcon_core.environment:checking '/home/theo/ros2_workspace/install/arduino_pck/bin'
[0.636s] INFO:colcon.colcon_core.shell:Creating package script '/home/theo/ros2_workspace/install/arduino_pck/share/arduino_pck/package.ps1'
[0.636s] INFO:colcon.colcon_core.shell:Creating package descriptor '/home/theo/ros2_workspace/install/arduino_pck/share/arduino_pck/package.dsv'
[0.637s] INFO:colcon.colcon_core.shell:Creating package script '/home/theo/ros2_workspace/install/arduino_pck/share/arduino_pck/package.sh'
[0.638s] INFO:colcon.colcon_core.shell:Creating package script '/home/theo/ros2_workspace/install/arduino_pck/share/arduino_pck/package.bash'
[0.638s] INFO:colcon.colcon_core.shell:Creating package script '/home/theo/ros2_workspace/install/arduino_pck/share/arduino_pck/package.zsh'
[0.639s] Level 1:colcon.colcon_core.environment:create_file_with_runtime_dependencies(/home/theo/ros2_workspace/install/arduino_pck/share/colcon-core/packages/arduino_pck)
[0.643s] Level 1:colcon.colcon_core.environment:create_environment_scripts_only(test_package)
[0.648s] Level 1:colcon.colcon_core.environment:checking '/home/theo/ros2_workspace/install/test_package' for CMake module files
[0.649s] DEBUG:colcon.colcon_core.event_handler.log_command:Invoked command in '/home/theo/ros2_workspace/build/test_package' returned '0': CMAKE_PREFIX_PATH=/home/theo/colcon_ws/install/autonomous_tb3:/opt/ros/foxy /usr/bin/cmake --install /home/theo/ros2_workspace/build/test_package
[0.649s] Level 1:colcon.colcon_core.environment:checking '/home/theo/ros2_workspace/install/test_package' for CMake config files
[0.649s] Level 1:colcon.colcon_core.shell:create_environment_hook('test_package', 'cmake_prefix_path')
[0.652s] INFO:colcon.colcon_core.shell:Creating environment hook '/home/theo/ros2_workspace/install/test_package/share/test_package/hook/cmake_prefix_path.ps1'
[0.652s] INFO:colcon.colcon_core.shell:Creating environment descriptor '/home/theo/ros2_workspace/install/test_package/share/test_package/hook/cmake_prefix_path.dsv'
[0.653s] INFO:colcon.colcon_core.shell:Creating environment hook '/home/theo/ros2_workspace/install/test_package/share/test_package/hook/cmake_prefix_path.sh'
[0.653s] Level 1:colcon.colcon_core.environment:checking '/home/theo/ros2_workspace/install/test_package/bin'
[0.653s] Level 1:colcon.colcon_core.environment:checking '/home/theo/ros2_workspace/install/test_package/lib/pkgconfig/test_package.pc'
[0.653s] Level 1:colcon.colcon_core.environment:checking '/home/theo/ros2_workspace/install/test_package/lib/python3.8/site-packages'
[0.654s] Level 1:colcon.colcon_core.environment:checking '/home/theo/ros2_workspace/install/test_package/bin'
[0.656s] INFO:colcon.colcon_core.shell:Creating package script '/home/theo/ros2_workspace/install/test_package/share/test_package/package.ps1'
[0.657s] INFO:colcon.colcon_core.shell:Creating package descriptor '/home/theo/ros2_workspace/install/test_package/share/test_package/package.dsv'
[0.657s] INFO:colcon.colcon_core.shell:Creating package script '/home/theo/ros2_workspace/install/test_package/share/test_package/package.sh'
[0.658s] INFO:colcon.colcon_core.shell:Creating package script '/home/theo/ros2_workspace/install/test_package/share/test_package/package.bash'
[0.658s] INFO:colcon.colcon_core.shell:Creating package script '/home/theo/ros2_workspace/install/test_package/share/test_package/package.zsh'
[0.658s] Level 1:colcon.colcon_core.environment:create_file_with_runtime_dependencies(/home/theo/ros2_workspace/install/test_package/share/colcon-core/packages/test_package)
[0.661s] Level 1:colcon.colcon_core.environment:create_environment_scripts_only(articubot_one)
[0.665s] Level 1:colcon.colcon_core.environment:checking '/home/theo/ros2_workspace/install/articubot_one' for CMake module files
[0.666s] DEBUG:colcon.colcon_core.event_handler.log_command:Invoked command in '/home/theo/ros2_workspace/build/articubot_one' returned '0': CMAKE_PREFIX_PATH=/home/theo/colcon_ws/install/autonomous_tb3:/opt/ros/foxy /usr/bin/cmake --install /home/theo/ros2_workspace/build/articubot_one
[0.667s] Level 1:colcon.colcon_core.environment:checking '/home/theo/ros2_workspace/install/articubot_one' for CMake config files
[0.667s] Level 1:colcon.colcon_core.shell:create_environment_hook('articubot_one', 'cmake_prefix_path')
[0.669s] INFO:colcon.colcon_core.shell:Creating environment hook '/home/theo/ros2_workspace/install/articubot_one/share/articubot_one/hook/cmake_prefix_path.ps1'
[0.670s] INFO:colcon.colcon_core.shell:Creating environment descriptor '/home/theo/ros2_workspace/install/articubot_one/share/articubot_one/hook/cmake_prefix_path.dsv'
[0.670s] INFO:colcon.colcon_core.shell:Creating environment hook '/home/theo/ros2_workspace/install/articubot_one/share/articubot_one/hook/cmake_prefix_path.sh'
[0.670s] Level 1:colcon.colcon_core.environment:checking '/home/theo/ros2_workspace/install/articubot_one/bin'
[0.671s] Level 1:colcon.colcon_core.environment:checking '/home/theo/ros2_workspace/install/articubot_one/lib/pkgconfig/articubot_one.pc'
[0.671s] Level 1:colcon.colcon_core.environment:checking '/home/theo/ros2_workspace/install/articubot_one/lib/python3.8/site-packages'
[0.671s] Level 1:colcon.colcon_core.environment:checking '/home/theo/ros2_workspace/install/articubot_one/bin'
[0.673s] INFO:colcon.colcon_core.shell:Creating package script '/home/theo/ros2_workspace/install/articubot_one/share/articubot_one/package.ps1'
[0.673s] INFO:colcon.colcon_core.shell:Creating package descriptor '/home/theo/ros2_workspace/install/articubot_one/share/articubot_one/package.dsv'
[0.674s] INFO:colcon.colcon_core.shell:Creating package script '/home/theo/ros2_workspace/install/articubot_one/share/articubot_one/package.sh'
[0.674s] INFO:colcon.colcon_core.shell:Creating package script '/home/theo/ros2_workspace/install/articubot_one/share/articubot_one/package.bash'
[0.674s] INFO:colcon.colcon_core.shell:Creating package script '/home/theo/ros2_workspace/install/articubot_one/share/articubot_one/package.zsh'
[0.675s] Level 1:colcon.colcon_core.environment:create_file_with_runtime_dependencies(/home/theo/ros2_workspace/install/articubot_one/share/colcon-core/packages/articubot_one)
[0.681s] DEBUG:colcon.colcon_core.event_handler.log_command:Invoking command in '/home/theo/ros2_workspace/build/my_package': CMAKE_PREFIX_PATH=/home/theo/colcon_ws/install/autonomous_tb3:/opt/ros/foxy /usr/bin/cmake --install /home/theo/ros2_workspace/build/my_package
[0.684s] DEBUG:colcon.colcon_core.event_handler.log_command:Invoking command in '/home/theo/ros2_workspace/build/serial': CMAKE_PREFIX_PATH=/home/theo/colcon_ws/install/autonomous_tb3:/opt/ros/foxy /usr/bin/cmake --install /home/theo/ros2_workspace/build/serial
[0.690s] Level 1:colcon.colcon_core.environment:create_environment_scripts_only(arduino_pck)
[0.699s] Level 1:colcon.colcon_core.environment:checking '/home/theo/ros2_workspace/install/arduino_pck' for CMake module files
[0.701s] Level 1:colcon.colcon_core.environment:checking '/home/theo/ros2_workspace/install/arduino_pck' for CMake config files
[0.703s] Level 1:colcon.colcon_core.shell:create_environment_hook('arduino_pck', 'cmake_prefix_path')
[0.707s] INFO:colcon.colcon_core.shell:Creating environment hook '/home/theo/ros2_workspace/install/arduino_pck/share/arduino_pck/hook/cmake_prefix_path.ps1'
[0.708s] INFO:colcon.colcon_core.shell:Creating environment descriptor '/home/theo/ros2_workspace/install/arduino_pck/share/arduino_pck/hook/cmake_prefix_path.dsv'
[0.709s] INFO:colcon.colcon_core.shell:Creating environment hook '/home/theo/ros2_workspace/install/arduino_pck/share/arduino_pck/hook/cmake_prefix_path.sh'
[0.710s] Level 1:colcon.colcon_core.environment:checking '/home/theo/ros2_workspace/install/arduino_pck/bin'
[0.710s] Level 1:colcon.colcon_core.environment:checking '/home/theo/ros2_workspace/install/arduino_pck/lib/pkgconfig/arduino_pck.pc'
[0.711s] Level 1:colcon.colcon_core.environment:checking '/home/theo/ros2_workspace/install/arduino_pck/lib/python3.8/site-packages'
[0.711s] Level 1:colcon.colcon_core.environment:checking '/home/theo/ros2_workspace/install/arduino_pck/bin'
[0.715s] INFO:colcon.colcon_core.shell:Creating package script '/home/theo/ros2_workspace/install/arduino_pck/share/arduino_pck/package.ps1'
[0.716s] INFO:colcon.colcon_core.shell:Creating package descriptor '/home/theo/ros2_workspace/install/arduino_pck/share/arduino_pck/package.dsv'
[0.717s] INFO:colcon.colcon_core.shell:Creating package script '/home/theo/ros2_workspace/install/arduino_pck/share/arduino_pck/package.sh'
[0.718s] INFO:colcon.colcon_core.shell:Creating package script '/home/theo/ros2_workspace/install/arduino_pck/share/arduino_pck/package.bash'
[0.719s] INFO:colcon.colcon_core.shell:Creating package script '/home/theo/ros2_workspace/install/arduino_pck/share/arduino_pck/package.zsh'
[0.720s] Level 1:colcon.colcon_core.environment:create_file_with_runtime_dependencies(/home/theo/ros2_workspace/install/arduino_pck/share/colcon-core/packages/arduino_pck)
[0.725s] Level 1:colcon.colcon_core.environment:create_environment_scripts_only(test_package)
[0.729s] Level 1:colcon.colcon_core.environment:checking '/home/theo/ros2_workspace/install/test_package' for CMake module files
[0.730s] Level 1:colcon.colcon_core.environment:checking '/home/theo/ros2_workspace/install/test_package' for CMake config files
[0.730s] Level 1:colcon.colcon_core.shell:create_environment_hook('test_package', 'cmake_prefix_path')
[0.734s] INFO:colcon.colcon_core.shell:Creating environment hook '/home/theo/ros2_workspace/install/test_package/share/test_package/hook/cmake_prefix_path.ps1'
[0.735s] INFO:colcon.colcon_core.shell:Creating environment descriptor '/home/theo/ros2_workspace/install/test_package/share/test_package/hook/cmake_prefix_path.dsv'
[0.735s] INFO:colcon.colcon_core.shell:Creating environment hook '/home/theo/ros2_workspace/install/test_package/share/test_package/hook/cmake_prefix_path.sh'
[0.735s] Level 1:colcon.colcon_core.environment:checking '/home/theo/ros2_workspace/install/test_package/bin'
[0.735s] Level 1:colcon.colcon_core.environment:checking '/home/theo/ros2_workspace/install/test_package/lib/pkgconfig/test_package.pc'
[0.736s] Level 1:colcon.colcon_core.environment:checking '/home/theo/ros2_workspace/install/test_package/lib/python3.8/site-packages'
[0.736s] Level 1:colcon.colcon_core.environment:checking '/home/theo/ros2_workspace/install/test_package/bin'
[0.738s] INFO:colcon.colcon_core.shell:Creating package script '/home/theo/ros2_workspace/install/test_package/share/test_package/package.ps1'
[0.739s] INFO:colcon.colcon_core.shell:Creating package descriptor '/home/theo/ros2_workspace/install/test_package/share/test_package/package.dsv'
[0.739s] INFO:colcon.colcon_core.shell:Creating package script '/home/theo/ros2_workspace/install/test_package/share/test_package/package.sh'
[0.740s] INFO:colcon.colcon_core.shell:Creating package script '/home/theo/ros2_workspace/install/test_package/share/test_package/package.bash'
[0.740s] INFO:colcon.colcon_core.shell:Creating package script '/home/theo/ros2_workspace/install/test_package/share/test_package/package.zsh'
[0.741s] Level 1:colcon.colcon_core.environment:create_file_with_runtime_dependencies(/home/theo/ros2_workspace/install/test_package/share/colcon-core/packages/test_package)
[0.744s] Level 1:colcon.colcon_core.environment:create_environment_scripts_only(articubot_one)
[0.748s] Level 1:colcon.colcon_core.environment:checking '/home/theo/ros2_workspace/install/articubot_one' for CMake module files
[0.749s] Level 1:colcon.colcon_core.environment:checking '/home/theo/ros2_workspace/install/articubot_one' for CMake config files
[0.749s] Level 1:colcon.colcon_core.shell:create_environment_hook('articubot_one', 'cmake_prefix_path')
[0.752s] INFO:colcon.colcon_core.shell:Creating environment hook '/home/theo/ros2_workspace/install/articubot_one/share/articubot_one/hook/cmake_prefix_path.ps1'
[0.752s] INFO:colcon.colcon_core.shell:Creating environment descriptor '/home/theo/ros2_workspace/install/articubot_one/share/articubot_one/hook/cmake_prefix_path.dsv'
[0.752s] INFO:colcon.colcon_core.shell:Creating environment hook '/home/theo/ros2_workspace/install/articubot_one/share/articubot_one/hook/cmake_prefix_path.sh'
[0.753s] Level 1:colcon.colcon_core.environment:checking '/home/theo/ros2_workspace/install/articubot_one/bin'
[0.753s] Level 1:colcon.colcon_core.environment:checking '/home/theo/ros2_workspace/install/articubot_one/lib/pkgconfig/articubot_one.pc'
[0.753s] Level 1:colcon.colcon_core.environment:checking '/home/theo/ros2_workspace/install/articubot_one/lib/python3.8/site-packages'
[0.753s] Level 1:colcon.colcon_core.environment:checking '/home/theo/ros2_workspace/install/articubot_one/bin'
[0.756s] INFO:colcon.colcon_core.shell:Creating package script '/home/theo/ros2_workspace/install/articubot_one/share/articubot_one/package.ps1'
[0.756s] INFO:colcon.colcon_core.shell:Creating package descriptor '/home/theo/ros2_workspace/install/articubot_one/share/articubot_one/package.dsv'
[0.757s] INFO:colcon.colcon_core.shell:Creating package script '/home/theo/ros2_workspace/install/articubot_one/share/articubot_one/package.sh'
[0.757s] INFO:colcon.colcon_core.shell:Creating package script '/home/theo/ros2_workspace/install/articubot_one/share/articubot_one/package.bash'
[0.757s] INFO:colcon.colcon_core.shell:Creating package script '/home/theo/ros2_workspace/install/articubot_one/share/articubot_one/package.zsh'
[0.758s] Level 1:colcon.colcon_core.environment:create_file_with_runtime_dependencies(/home/theo/ros2_workspace/install/articubot_one/share/colcon-core/packages/articubot_one)
[0.758s] Level 1:colcon.colcon_core.environment:create_environment_scripts_only(serial)
[0.763s] Level 1:colcon.colcon_core.environment:checking '/home/theo/ros2_workspace/install/serial' for CMake module files
[0.764s] DEBUG:colcon.colcon_core.event_handler.log_command:Invoked command in '/home/theo/ros2_workspace/build/serial' returned '0': CMAKE_PREFIX_PATH=/home/theo/colcon_ws/install/autonomous_tb3:/opt/ros/foxy /usr/bin/cmake --install /home/theo/ros2_workspace/build/serial
[0.764s] Level 1:colcon.colcon_core.environment:checking '/home/theo/ros2_workspace/install/serial' for CMake config files
[0.765s] Level 1:colcon.colcon_core.shell:create_environment_hook('serial', 'cmake_prefix_path')
[0.767s] INFO:colcon.colcon_core.shell:Creating environment hook '/home/theo/ros2_workspace/install/serial/share/serial/hook/cmake_prefix_path.ps1'
[0.768s] INFO:colcon.colcon_core.shell:Creating environment descriptor '/home/theo/ros2_workspace/install/serial/share/serial/hook/cmake_prefix_path.dsv'
[0.768s] INFO:colcon.colcon_core.shell:Creating environment hook '/home/theo/ros2_workspace/install/serial/share/serial/hook/cmake_prefix_path.sh'
[0.768s] Level 1:colcon.colcon_core.environment:checking '/home/theo/ros2_workspace/install/serial/lib'
[0.769s] Level 1:colcon.colcon_core.environment:checking '/home/theo/ros2_workspace/install/serial/bin'
[0.769s] Level 1:colcon.colcon_core.environment:checking '/home/theo/ros2_workspace/install/serial/lib/pkgconfig/serial.pc'
[0.769s] Level 1:colcon.colcon_core.environment:checking '/home/theo/ros2_workspace/install/serial/lib/python3.8/site-packages'
[0.769s] Level 1:colcon.colcon_core.environment:checking '/home/theo/ros2_workspace/install/serial/bin'
[0.772s] INFO:colcon.colcon_core.shell:Creating package script '/home/theo/ros2_workspace/install/serial/share/serial/package.ps1'
[0.772s] INFO:colcon.colcon_core.shell:Creating package descriptor '/home/theo/ros2_workspace/install/serial/share/serial/package.dsv'
[0.772s] INFO:colcon.colcon_core.shell:Creating package script '/home/theo/ros2_workspace/install/serial/share/serial/package.sh'
[0.773s] INFO:colcon.colcon_core.shell:Creating package script '/home/theo/ros2_workspace/install/serial/share/serial/package.bash'
[0.773s] INFO:colcon.colcon_core.shell:Creating package script '/home/theo/ros2_workspace/install/serial/share/serial/package.zsh'
[0.773s] Level 1:colcon.colcon_core.environment:create_file_with_runtime_dependencies(/home/theo/ros2_workspace/install/serial/share/colcon-core/packages/serial)
[0.776s] Level 1:colcon.colcon_core.environment:create_environment_scripts_only(my_package)
[0.781s] Level 1:colcon.colcon_core.environment:checking '/home/theo/ros2_workspace/install/my_package' for CMake module files
[0.782s] DEBUG:colcon.colcon_core.event_handler.log_command:Invoked command in '/home/theo/ros2_workspace/build/my_package' returned '0': CMAKE_PREFIX_PATH=/home/theo/colcon_ws/install/autonomous_tb3:/opt/ros/foxy /usr/bin/cmake --install /home/theo/ros2_workspace/build/my_package
[0.782s] Level 1:colcon.colcon_core.environment:checking '/home/theo/ros2_workspace/install/my_package' for CMake config files
[0.782s] Level 1:colcon.colcon_core.shell:create_environment_hook('my_package', 'cmake_prefix_path')
[0.787s] INFO:colcon.colcon_core.shell:Creating environment hook '/home/theo/ros2_workspace/install/my_package/share/my_package/hook/cmake_prefix_path.ps1'
[0.787s] INFO:colcon.colcon_core.shell:Creating environment descriptor '/home/theo/ros2_workspace/install/my_package/share/my_package/hook/cmake_prefix_path.dsv'
[0.788s] INFO:colcon.colcon_core.shell:Creating environment hook '/home/theo/ros2_workspace/install/my_package/share/my_package/hook/cmake_prefix_path.sh'
[0.788s] Level 1:colcon.colcon_core.environment:checking '/home/theo/ros2_workspace/install/my_package/lib'
[0.788s] Level 1:colcon.colcon_core.environment:checking '/home/theo/ros2_workspace/install/my_package/bin'
[0.788s] Level 1:colcon.colcon_core.environment:checking '/home/theo/ros2_workspace/install/my_package/lib/pkgconfig/my_package.pc'
[0.789s] Level 1:colcon.colcon_core.environment:checking '/home/theo/ros2_workspace/install/my_package/lib/python3.8/site-packages'
[0.789s] Level 1:colcon.colcon_core.environment:checking '/home/theo/ros2_workspace/install/my_package/bin'
[0.792s] INFO:colcon.colcon_core.shell:Creating package script '/home/theo/ros2_workspace/install/my_package/share/my_package/package.ps1'
[0.792s] INFO:colcon.colcon_core.shell:Creating package descriptor '/home/theo/ros2_workspace/install/my_package/share/my_package/package.dsv'
[0.793s] INFO:colcon.colcon_core.shell:Creating package script '/home/theo/ros2_workspace/install/my_package/share/my_package/package.sh'
[0.793s] INFO:colcon.colcon_core.shell:Creating package script '/home/theo/ros2_workspace/install/my_package/share/my_package/package.bash'
[0.793s] INFO:colcon.colcon_core.shell:Creating package script '/home/theo/ros2_workspace/install/my_package/share/my_package/package.zsh'
[0.794s] Level 1:colcon.colcon_core.environment:create_file_with_runtime_dependencies(/home/theo/ros2_workspace/install/my_package/share/colcon-core/packages/my_package)
[0.807s] Level 1:colcon.colcon_core.environment:create_environment_scripts_only(serial)
[0.810s] Level 1:colcon.colcon_core.environment:checking '/home/theo/ros2_workspace/install/serial' for CMake module files
[0.811s] Level 1:colcon.colcon_core.environment:checking '/home/theo/ros2_workspace/install/serial' for CMake config files
[0.811s] Level 1:colcon.colcon_core.shell:create_environment_hook('serial', 'cmake_prefix_path')
[0.813s] INFO:colcon.colcon_core.shell:Creating environment hook '/home/theo/ros2_workspace/install/serial/share/serial/hook/cmake_prefix_path.ps1'
[0.814s] INFO:colcon.colcon_core.shell:Creating environment descriptor '/home/theo/ros2_workspace/install/serial/share/serial/hook/cmake_prefix_path.dsv'
[0.814s] INFO:colcon.colcon_core.shell:Creating environment hook '/home/theo/ros2_workspace/install/serial/share/serial/hook/cmake_prefix_path.sh'
[0.815s] Level 1:colcon.colcon_core.environment:checking '/home/theo/ros2_workspace/install/serial/lib'
[0.815s] Level 1:colcon.colcon_core.environment:checking '/home/theo/ros2_workspace/install/serial/bin'
[0.815s] Level 1:colcon.colcon_core.environment:checking '/home/theo/ros2_workspace/install/serial/lib/pkgconfig/serial.pc'
[0.815s] Level 1:colcon.colcon_core.environment:checking '/home/theo/ros2_workspace/install/serial/lib/python3.8/site-packages'
[0.815s] Level 1:colcon.colcon_core.environment:checking '/home/theo/ros2_workspace/install/serial/bin'
[0.817s] INFO:colcon.colcon_core.shell:Creating package script '/home/theo/ros2_workspace/install/serial/share/serial/package.ps1'
[0.818s] INFO:colcon.colcon_core.shell:Creating package descriptor '/home/theo/ros2_workspace/install/serial/share/serial/package.dsv'
[0.818s] INFO:colcon.colcon_core.shell:Creating package script '/home/theo/ros2_workspace/install/serial/share/serial/package.sh'
[0.818s] INFO:colcon.colcon_core.shell:Creating package script '/home/theo/ros2_workspace/install/serial/share/serial/package.bash'
[0.819s] INFO:colcon.colcon_core.shell:Creating package script '/home/theo/ros2_workspace/install/serial/share/serial/package.zsh'
[0.819s] Level 1:colcon.colcon_core.environment:create_file_with_runtime_dependencies(/home/theo/ros2_workspace/install/serial/share/colcon-core/packages/serial)
[0.820s] INFO:colcon.colcon_ros.task.ament_cmake.build:Building ROS package in '/home/theo/ros2_workspace/src/diffdrive_arduino' with build type 'ament_cmake'
[0.820s] INFO:colcon.colcon_cmake.task.cmake.build:Building CMake package in '/home/theo/ros2_workspace/src/diffdrive_arduino'
[0.822s] INFO:colcon.colcon_core.shell:Skip shell extension 'powershell' for command environment: Not usable outside of PowerShell
[0.822s] DEBUG:colcon.colcon_core.shell:Skip shell extension 'dsv' for command environment
[0.832s] Level 1:colcon.colcon_core.environment:create_environment_scripts_only(my_package)
[0.835s] Level 1:colcon.colcon_core.environment:checking '/home/theo/ros2_workspace/install/my_package' for CMake module files
[0.836s] Level 1:colcon.colcon_core.environment:checking '/home/theo/ros2_workspace/install/my_package' for CMake config files
[0.836s] Level 1:colcon.colcon_core.shell:create_environment_hook('my_package', 'cmake_prefix_path')
[0.839s] INFO:colcon.colcon_core.shell:Creating environment hook '/home/theo/ros2_workspace/install/my_package/share/my_package/hook/cmake_prefix_path.ps1'
[0.839s] INFO:colcon.colcon_core.shell:Creating environment descriptor '/home/theo/ros2_workspace/install/my_package/share/my_package/hook/cmake_prefix_path.dsv'
[0.839s] INFO:colcon.colcon_core.shell:Creating environment hook '/home/theo/ros2_workspace/install/my_package/share/my_package/hook/cmake_prefix_path.sh'
[0.840s] Level 1:colcon.colcon_core.environment:checking '/home/theo/ros2_workspace/install/my_package/lib'
[0.840s] Level 1:colcon.colcon_core.environment:checking '/home/theo/ros2_workspace/install/my_package/bin'
[0.840s] Level 1:colcon.colcon_core.environment:checking '/home/theo/ros2_workspace/install/my_package/lib/pkgconfig/my_package.pc'
[0.840s] Level 1:colcon.colcon_core.environment:checking '/home/theo/ros2_workspace/install/my_package/lib/python3.8/site-packages'
[0.840s] Level 1:colcon.colcon_core.environment:checking '/home/theo/ros2_workspace/install/my_package/bin'
[0.843s] INFO:colcon.colcon_core.shell:Creating package script '/home/theo/ros2_workspace/install/my_package/share/my_package/package.ps1'
[0.843s] INFO:colcon.colcon_core.shell:Creating package descriptor '/home/theo/ros2_workspace/install/my_package/share/my_package/package.dsv'
[0.843s] INFO:colcon.colcon_core.shell:Creating package script '/home/theo/ros2_workspace/install/my_package/share/my_package/package.sh'
[0.844s] INFO:colcon.colcon_core.shell:Creating package script '/home/theo/ros2_workspace/install/my_package/share/my_package/package.bash'
[0.844s] INFO:colcon.colcon_core.shell:Creating package script '/home/theo/ros2_workspace/install/my_package/share/my_package/package.zsh'
[0.844s] Level 1:colcon.colcon_core.environment:create_file_with_runtime_dependencies(/home/theo/ros2_workspace/install/my_package/share/colcon-core/packages/my_package)
[0.850s] DEBUG:colcon.colcon_core.event_handler.log_command:Invoking command in '/home/theo/ros2_workspace/build/diffdrive_arduino': AMENT_PREFIX_PATH=/home/theo/ros2_workspace/install/serial:${AMENT_PREFIX_PATH} CMAKE_PREFIX_PATH=/home/theo/ros2_workspace/install/serial:/home/theo/colcon_ws/install/autonomous_tb3:/opt/ros/foxy LD_LIBRARY_PATH=/home/theo/ros2_workspace/install/serial/lib:${LD_LIBRARY_PATH} /usr/bin/cmake --build /home/theo/ros2_workspace/build/diffdrive_arduino -- -j12 -l12
[0.917s] DEBUG:colcon.colcon_core.event_handler.log_command:Invoked command in '/home/theo/ros2_workspace/build/diffdrive_arduino' returned '0': AMENT_PREFIX_PATH=/home/theo/ros2_workspace/install/serial:${AMENT_PREFIX_PATH} CMAKE_PREFIX_PATH=/home/theo/ros2_workspace/install/serial:/home/theo/colcon_ws/install/autonomous_tb3:/opt/ros/foxy LD_LIBRARY_PATH=/home/theo/ros2_workspace/install/serial/lib:${LD_LIBRARY_PATH} /usr/bin/cmake --build /home/theo/ros2_workspace/build/diffdrive_arduino -- -j12 -l12
[0.946s] DEBUG:colcon.colcon_core.event_handler.log_command:Invoking command in '/home/theo/ros2_workspace/build/diffdrive_arduino': AMENT_PREFIX_PATH=/home/theo/ros2_workspace/install/serial:${AMENT_PREFIX_PATH} CMAKE_PREFIX_PATH=/home/theo/ros2_workspace/install/serial:/home/theo/colcon_ws/install/autonomous_tb3:/opt/ros/foxy LD_LIBRARY_PATH=/home/theo/ros2_workspace/install/serial/lib:${LD_LIBRARY_PATH} /usr/bin/cmake --install /home/theo/ros2_workspace/build/diffdrive_arduino
[0.972s] Level 1:colcon.colcon_core.environment:create_environment_scripts_only(diffdrive_arduino)
[0.976s] Level 1:colcon.colcon_core.environment:checking '/home/theo/ros2_workspace/install/diffdrive_arduino' for CMake module files
[0.976s] DEBUG:colcon.colcon_core.event_handler.log_command:Invoked command in '/home/theo/ros2_workspace/build/diffdrive_arduino' returned '0': AMENT_PREFIX_PATH=/home/theo/ros2_workspace/install/serial:${AMENT_PREFIX_PATH} CMAKE_PREFIX_PATH=/home/theo/ros2_workspace/install/serial:/home/theo/colcon_ws/install/autonomous_tb3:/opt/ros/foxy LD_LIBRARY_PATH=/home/theo/ros2_workspace/install/serial/lib:${LD_LIBRARY_PATH} /usr/bin/cmake --install /home/theo/ros2_workspace/build/diffdrive_arduino
[0.977s] Level 1:colcon.colcon_core.environment:checking '/home/theo/ros2_workspace/install/diffdrive_arduino' for CMake config files
[0.977s] Level 1:colcon.colcon_core.shell:create_environment_hook('diffdrive_arduino', 'cmake_prefix_path')
[0.979s] INFO:colcon.colcon_core.shell:Creating environment hook '/home/theo/ros2_workspace/install/diffdrive_arduino/share/diffdrive_arduino/hook/cmake_prefix_path.ps1'
[0.980s] INFO:colcon.colcon_core.shell:Creating environment descriptor '/home/theo/ros2_workspace/install/diffdrive_arduino/share/diffdrive_arduino/hook/cmake_prefix_path.dsv'
[0.980s] INFO:colcon.colcon_core.shell:Creating environment hook '/home/theo/ros2_workspace/install/diffdrive_arduino/share/diffdrive_arduino/hook/cmake_prefix_path.sh'
[0.981s] Level 1:colcon.colcon_core.environment:checking '/home/theo/ros2_workspace/install/diffdrive_arduino/lib'
[0.981s] Level 1:colcon.colcon_core.shell:create_environment_hook('diffdrive_arduino', 'ld_library_path_lib')
[0.983s] INFO:colcon.colcon_core.shell:Creating environment hook '/home/theo/ros2_workspace/install/diffdrive_arduino/share/diffdrive_arduino/hook/ld_library_path_lib.ps1'
[0.983s] INFO:colcon.colcon_core.shell:Creating environment descriptor '/home/theo/ros2_workspace/install/diffdrive_arduino/share/diffdrive_arduino/hook/ld_library_path_lib.dsv'
[0.983s] INFO:colcon.colcon_core.shell:Creating environment hook '/home/theo/ros2_workspace/install/diffdrive_arduino/share/diffdrive_arduino/hook/ld_library_path_lib.sh'
[0.984s] Level 1:colcon.colcon_core.environment:checking '/home/theo/ros2_workspace/install/diffdrive_arduino/bin'
[0.984s] Level 1:colcon.colcon_core.environment:checking '/home/theo/ros2_workspace/install/diffdrive_arduino/lib/pkgconfig/diffdrive_arduino.pc'
[0.984s] Level 1:colcon.colcon_core.environment:checking '/home/theo/ros2_workspace/install/diffdrive_arduino/lib/python3.8/site-packages'
[0.984s] Level 1:colcon.colcon_core.environment:checking '/home/theo/ros2_workspace/install/diffdrive_arduino/bin'
[0.986s] INFO:colcon.colcon_core.shell:Creating package script '/home/theo/ros2_workspace/install/diffdrive_arduino/share/diffdrive_arduino/package.ps1'
[0.987s] INFO:colcon.colcon_core.shell:Creating package descriptor '/home/theo/ros2_workspace/install/diffdrive_arduino/share/diffdrive_arduino/package.dsv'
[0.987s] INFO:colcon.colcon_core.shell:Creating package script '/home/theo/ros2_workspace/install/diffdrive_arduino/share/diffdrive_arduino/package.sh'
[0.987s] INFO:colcon.colcon_core.shell:Creating package script '/home/theo/ros2_workspace/install/diffdrive_arduino/share/diffdrive_arduino/package.bash'
[0.988s] INFO:colcon.colcon_core.shell:Creating package script '/home/theo/ros2_workspace/install/diffdrive_arduino/share/diffdrive_arduino/package.zsh'
[0.988s] Level 1:colcon.colcon_core.environment:create_file_with_runtime_dependencies(/home/theo/ros2_workspace/install/diffdrive_arduino/share/colcon-core/packages/diffdrive_arduino)
[1.016s] Level 1:colcon.colcon_core.environment:create_environment_scripts_only(diffdrive_arduino)
[1.019s] Level 1:colcon.colcon_core.environment:checking '/home/theo/ros2_workspace/install/diffdrive_arduino' for CMake module files
[1.020s] Level 1:colcon.colcon_core.environment:checking '/home/theo/ros2_workspace/install/diffdrive_arduino' for CMake config files
[1.020s] Level 1:colcon.colcon_core.shell:create_environment_hook('diffdrive_arduino', 'cmake_prefix_path')
[1.022s] INFO:colcon.colcon_core.shell:Creating environment hook '/home/theo/ros2_workspace/install/diffdrive_arduino/share/diffdrive_arduino/hook/cmake_prefix_path.ps1'
[1.023s] INFO:colcon.colcon_core.shell:Creating environment descriptor '/home/theo/ros2_workspace/install/diffdrive_arduino/share/diffdrive_arduino/hook/cmake_prefix_path.dsv'
[1.023s] INFO:colcon.colcon_core.shell:Creating environment hook '/home/theo/ros2_workspace/install/diffdrive_arduino/share/diffdrive_arduino/hook/cmake_prefix_path.sh'
[1.023s] Level 1:colcon.colcon_core.environment:checking '/home/theo/ros2_workspace/install/diffdrive_arduino/lib'
[1.023s] Level 1:colcon.colcon_core.shell:create_environment_hook('diffdrive_arduino', 'ld_library_path_lib')
[1.025s] INFO:colcon.colcon_core.shell:Creating environment hook '/home/theo/ros2_workspace/install/diffdrive_arduino/share/diffdrive_arduino/hook/ld_library_path_lib.ps1'
[1.026s] INFO:colcon.colcon_core.shell:Creating environment descriptor '/home/theo/ros2_workspace/install/diffdrive_arduino/share/diffdrive_arduino/hook/ld_library_path_lib.dsv'
[1.026s] INFO:colcon.colcon_core.shell:Creating environment hook '/home/theo/ros2_workspace/install/diffdrive_arduino/share/diffdrive_arduino/hook/ld_library_path_lib.sh'
[1.026s] Level 1:colcon.colcon_core.environment:checking '/home/theo/ros2_workspace/install/diffdrive_arduino/bin'
[1.026s] Level 1:colcon.colcon_core.environment:checking '/home/theo/ros2_workspace/install/diffdrive_arduino/lib/pkgconfig/diffdrive_arduino.pc'
[1.027s] Level 1:colcon.colcon_core.environment:checking '/home/theo/ros2_workspace/install/diffdrive_arduino/lib/python3.8/site-packages'
[1.027s] Level 1:colcon.colcon_core.environment:checking '/home/theo/ros2_workspace/install/diffdrive_arduino/bin'
[1.029s] INFO:colcon.colcon_core.shell:Creating package script '/home/theo/ros2_workspace/install/diffdrive_arduino/share/diffdrive_arduino/package.ps1'
[1.029s] INFO:colcon.colcon_core.shell:Creating package descriptor '/home/theo/ros2_workspace/install/diffdrive_arduino/share/diffdrive_arduino/package.dsv'
[1.030s] INFO:colcon.colcon_core.shell:Creating package script '/home/theo/ros2_workspace/install/diffdrive_arduino/share/diffdrive_arduino/package.sh'
[1.030s] INFO:colcon.colcon_core.shell:Creating package script '/home/theo/ros2_workspace/install/diffdrive_arduino/share/diffdrive_arduino/package.bash'
[1.030s] INFO:colcon.colcon_core.shell:Creating package script '/home/theo/ros2_workspace/install/diffdrive_arduino/share/diffdrive_arduino/package.zsh'
[1.031s] Level 1:colcon.colcon_core.environment:create_file_with_runtime_dependencies(/home/theo/ros2_workspace/install/diffdrive_arduino/share/colcon-core/packages/diffdrive_arduino)
[1.031s] DEBUG:colcon.colcon_parallel_executor.executor.parallel:closing loop
[1.031s] DEBUG:colcon.colcon_parallel_executor.executor.parallel:loop closed
[1.032s] DEBUG:colcon.colcon_parallel_executor.executor.parallel:run_until_complete finished with '0'
[1.032s] DEBUG:colcon.colcon_core.event_reactor:joining thread
[1.037s] INFO:colcon.colcon_core.plugin_system:Skipping extension 'colcon_notification.desktop_notification.terminal_notifier': Not used on non-Darwin systems
[1.037s] INFO:colcon.colcon_core.plugin_system:Skipping extension 'colcon_notification.desktop_notification.win32': Not used on non-Windows systems
[1.037s] INFO:colcon.colcon_notification.desktop_notification:Sending desktop notification using 'notify2'
[1.050s] DEBUG:colcon.colcon_core.event_reactor:joined thread
[1.053s] INFO:colcon.colcon_core.shell:Creating prefix script '/home/theo/ros2_workspace/install/local_setup.ps1'
[1.054s] INFO:colcon.colcon_core.shell:Creating prefix util module '/home/theo/ros2_workspace/install/_local_setup_util_ps1.py'
[1.055s] INFO:colcon.colcon_core.shell:Creating prefix chain script '/home/theo/ros2_workspace/install/setup.ps1'
[1.056s] INFO:colcon.colcon_core.shell:Creating prefix script '/home/theo/ros2_workspace/install/local_setup.sh'
[1.056s] INFO:colcon.colcon_core.shell:Creating prefix util module '/home/theo/ros2_workspace/install/_local_setup_util_sh.py'
[1.057s] INFO:colcon.colcon_core.shell:Creating prefix chain script '/home/theo/ros2_workspace/install/setup.sh'
[1.058s] INFO:colcon.colcon_core.shell:Creating prefix script '/home/theo/ros2_workspace/install/local_setup.bash'
[1.059s] INFO:colcon.colcon_core.shell:Creating prefix chain script '/home/theo/ros2_workspace/install/setup.bash'
[1.061s] INFO:colcon.colcon_core.shell:Creating prefix script '/home/theo/ros2_workspace/install/local_setup.zsh'
[1.061s] INFO:colcon.colcon_core.shell:Creating prefix chain script '/home/theo/ros2_workspace/install/setup.zsh'
