running egg_info
creating ../../build/vel_send/vel_send.egg-info
writing ../../build/vel_send/vel_send.egg-info/PKG-INFO
writing dependency_links to ../../build/vel_send/vel_send.egg-info/dependency_links.txt
writing entry points to ../../build/vel_send/vel_send.egg-info/entry_points.txt
writing requirements to ../../build/vel_send/vel_send.egg-info/requires.txt
writing top-level names to ../../build/vel_send/vel_send.egg-info/top_level.txt
writing manifest file '../../build/vel_send/vel_send.egg-info/SOURCES.txt'
reading manifest file '../../build/vel_send/vel_send.egg-info/SOURCES.txt'
writing manifest file '../../build/vel_send/vel_send.egg-info/SOURCES.txt'
running build
running build_py
creating /home/imjunhyung/turtlebot3_ws/build/vel_send/build
creating /home/imjunhyung/turtlebot3_ws/build/vel_send/build/lib
creating /home/imjunhyung/turtlebot3_ws/build/vel_send/build/lib/vel_send
copying vel_send/vel_send.py -> /home/imjunhyung/turtlebot3_ws/build/vel_send/build/lib/vel_send
copying vel_send/__init__.py -> /home/imjunhyung/turtlebot3_ws/build/vel_send/build/lib/vel_send
running install
running install_lib
creating /home/imjunhyung/turtlebot3_ws/install/vel_send/lib/python3.8/site-packages/vel_send
copying /home/imjunhyung/turtlebot3_ws/build/vel_send/build/lib/vel_send/vel_send.py -> /home/imjunhyung/turtlebot3_ws/install/vel_send/lib/python3.8/site-packages/vel_send
copying /home/imjunhyung/turtlebot3_ws/build/vel_send/build/lib/vel_send/__init__.py -> /home/imjunhyung/turtlebot3_ws/install/vel_send/lib/python3.8/site-packages/vel_send
byte-compiling /home/imjunhyung/turtlebot3_ws/install/vel_send/lib/python3.8/site-packages/vel_send/vel_send.py to vel_send.cpython-38.pyc
byte-compiling /home/imjunhyung/turtlebot3_ws/install/vel_send/lib/python3.8/site-packages/vel_send/__init__.py to __init__.cpython-38.pyc
running install_data
creating /home/imjunhyung/turtlebot3_ws/install/vel_send/share/ament_index
creating /home/imjunhyung/turtlebot3_ws/install/vel_send/share/ament_index/resource_index
creating /home/imjunhyung/turtlebot3_ws/install/vel_send/share/ament_index/resource_index/packages
copying resource/vel_send -> /home/imjunhyung/turtlebot3_ws/install/vel_send/share/ament_index/resource_index/packages
copying package.xml -> /home/imjunhyung/turtlebot3_ws/install/vel_send/share/vel_send
running install_egg_info
Copying ../../build/vel_send/vel_send.egg-info to /home/imjunhyung/turtlebot3_ws/install/vel_send/lib/python3.8/site-packages/vel_send-0.0.0-py3.8.egg-info
running install_scripts
Installing vel_send script to /home/imjunhyung/turtlebot3_ws/install/vel_send/lib/vel_send
writing list of installed files to '/home/imjunhyung/turtlebot3_ws/build/vel_send/install.log'
