[3.024s] Invoking command in '/home/imjunhyung/turtlebot3_ws/src/detection': PYTHONPATH=/home/imjunhyung/turtlebot3_ws/build/detection/prefix_override:/home/imjunhyung/turtlebot3_ws/install/detection/lib/python3.8/site-packages:${PYTHONPATH} /usr/bin/python3 setup.py egg_info --egg-base ../../build/detection build --build-base /home/imjunhyung/turtlebot3_ws/build/detection/build install --record /home/imjunhyung/turtlebot3_ws/build/detection/install.log --install-scripts $base/lib/detection --single-version-externally-managed
[3.858s] running egg_info
[3.858s] creating ../../build/detection/detection.egg-info
[3.858s] writing ../../build/detection/detection.egg-info/PKG-INFO
[3.858s] writing dependency_links to ../../build/detection/detection.egg-info/dependency_links.txt
[3.859s] writing entry points to ../../build/detection/detection.egg-info/entry_points.txt
[3.859s] writing requirements to ../../build/detection/detection.egg-info/requires.txt
[3.859s] writing top-level names to ../../build/detection/detection.egg-info/top_level.txt
[3.859s] writing manifest file '../../build/detection/detection.egg-info/SOURCES.txt'
[3.859s] reading manifest file '../../build/detection/detection.egg-info/SOURCES.txt'
[3.860s] writing manifest file '../../build/detection/detection.egg-info/SOURCES.txt'
[3.860s] running build
[3.860s] running build_py
[3.860s] creating /home/imjunhyung/turtlebot3_ws/build/detection/build
[3.860s] creating /home/imjunhyung/turtlebot3_ws/build/detection/build/lib
[3.861s] creating /home/imjunhyung/turtlebot3_ws/build/detection/build/lib/detection
[3.861s] copying detection/__init__.py -> /home/imjunhyung/turtlebot3_ws/build/detection/build/lib/detection
[3.861s] copying detection/detection.py -> /home/imjunhyung/turtlebot3_ws/build/detection/build/lib/detection
[3.861s] running install
[3.861s] running install_lib
[3.862s] creating /home/imjunhyung/turtlebot3_ws/install/detection/lib/python3.8/site-packages/detection
[3.862s] copying /home/imjunhyung/turtlebot3_ws/build/detection/build/lib/detection/__init__.py -> /home/imjunhyung/turtlebot3_ws/install/detection/lib/python3.8/site-packages/detection
[3.862s] copying /home/imjunhyung/turtlebot3_ws/build/detection/build/lib/detection/detection.py -> /home/imjunhyung/turtlebot3_ws/install/detection/lib/python3.8/site-packages/detection
[3.862s] byte-compiling /home/imjunhyung/turtlebot3_ws/install/detection/lib/python3.8/site-packages/detection/__init__.py to __init__.cpython-38.pyc
[3.862s] byte-compiling /home/imjunhyung/turtlebot3_ws/install/detection/lib/python3.8/site-packages/detection/detection.py to detection.cpython-38.pyc
[3.869s] running install_data
[3.870s] creating /home/imjunhyung/turtlebot3_ws/install/detection/share/ament_index
[3.870s] creating /home/imjunhyung/turtlebot3_ws/install/detection/share/ament_index/resource_index
[3.870s] creating /home/imjunhyung/turtlebot3_ws/install/detection/share/ament_index/resource_index/packages
[3.870s] copying resource/detection -> /home/imjunhyung/turtlebot3_ws/install/detection/share/ament_index/resource_index/packages
[3.870s] copying package.xml -> /home/imjunhyung/turtlebot3_ws/install/detection/share/detection
[3.871s] running install_egg_info
[3.871s] Copying ../../build/detection/detection.egg-info to /home/imjunhyung/turtlebot3_ws/install/detection/lib/python3.8/site-packages/detection-0.0.0-py3.8.egg-info
[3.871s] running install_scripts
[3.872s] Installing detection script to /home/imjunhyung/turtlebot3_ws/install/detection/lib/detection
[3.872s] writing list of installed files to '/home/imjunhyung/turtlebot3_ws/build/detection/install.log'
[3.976s] Invoked command in '/home/imjunhyung/turtlebot3_ws/src/detection' returned '0': PYTHONPATH=/home/imjunhyung/turtlebot3_ws/build/detection/prefix_override:/home/imjunhyung/turtlebot3_ws/install/detection/lib/python3.8/site-packages:${PYTHONPATH} /usr/bin/python3 setup.py egg_info --egg-base ../../build/detection build --build-base /home/imjunhyung/turtlebot3_ws/build/detection/build install --record /home/imjunhyung/turtlebot3_ws/build/detection/install.log --install-scripts $base/lib/detection --single-version-externally-managed
