[0.012s] Invoking command in '/home/theo/ros2_workspace/build/diffdrive_arduino': AMENT_PREFIX_PATH=/home/theo/ros2_workspace/install/serial:${AMENT_PREFIX_PATH} CMAKE_PREFIX_PATH=/home/theo/ros2_workspace/install/serial:/home/theo/colcon_ws/install/autonomous_tb3:/opt/ros/foxy LD_LIBRARY_PATH=/home/theo/ros2_workspace/install/serial/lib:${LD_LIBRARY_PATH} /usr/bin/cmake /home/theo/ros2_workspace/src/diffdrive_arduino -DAMENT_CMAKE_SYMLINK_INSTALL=1 -DCMAKE_INSTALL_PREFIX=/home/theo/ros2_workspace/install/diffdrive_arduino
[0.061s] -- The C compiler identification is GNU 9.4.0
[0.111s] -- The CXX compiler identification is GNU 9.4.0
[0.115s] -- Check for working C compiler: /usr/bin/cc
[0.177s] -- Check for working C compiler: /usr/bin/cc -- works
[0.177s] -- Detecting C compiler ABI info
[0.238s] -- Detecting C compiler ABI info - done
[0.248s] -- Detecting C compile features
[0.249s] -- Detecting C compile features - done
[0.251s] -- Check for working CXX compiler: /usr/bin/c++
[0.323s] -- Check for working CXX compiler: /usr/bin/c++ -- works
[0.324s] -- Detecting CXX compiler ABI info
[0.391s] -- Detecting CXX compiler ABI info - done
[0.402s] -- Detecting CXX compile features
[0.402s] -- Detecting CXX compile features - done
[0.404s] -- Found ament_cmake: 0.9.12 (/opt/ros/foxy/share/ament_cmake/cmake)
[0.425s] -- Found PythonInterp: /usr/bin/python3 (found suitable version "3.8.10", minimum required is "3") 
[0.425s] -- Using PYTHON_EXECUTABLE: /usr/bin/python3
[0.580s] -- Override CMake install command with custom implementation using symlinks instead of copying resources
[0.602s] -- Found serial: 1.2.1 (/home/theo/ros2_workspace/install/serial/share/serial/cmake)
[0.632s] -- Found hardware_interface: 0.11.0 (/opt/ros/foxy/share/hardware_interface/cmake)
[1.009s] -- Using all available rosidl_typesupport_c: rosidl_typesupport_fastrtps_c;rosidl_typesupport_introspection_c
[1.093s] -- Found rosidl_adapter: 1.3.1 (/opt/ros/foxy/share/rosidl_adapter/cmake)
[1.501s] -- Found OpenSSL: /usr/lib/x86_64-linux-gnu/libcrypto.so (found version "1.1.1f")  
[1.537s] -- Found FastRTPS: /opt/ros/foxy/include  
[1.830s] -- Using all available rosidl_typesupport_cpp: rosidl_typesupport_fastrtps_cpp;rosidl_typesupport_introspection_cpp
[2.858s] -- Found controller_manager: 0.11.0 (/opt/ros/foxy/share/controller_manager/cmake)
[3.412s] -- Found rmw_implementation_cmake: 1.0.4 (/opt/ros/foxy/share/rmw_implementation_cmake/cmake)
[3.450s] -- Using RMW implementation 'rmw_fastrtps_cpp' as default
[3.454s] -- Looking for pthread.h
[3.561s] -- Looking for pthread.h - found
[3.562s] -- Performing Test CMAKE_HAVE_LIBC_PTHREAD
[3.637s] -- Performing Test CMAKE_HAVE_LIBC_PTHREAD - Failed
[3.637s] -- Looking for pthread_create in pthreads
[3.717s] -- Looking for pthread_create in pthreads - not found
[3.717s] -- Looking for pthread_create in pthread
[3.776s] -- Looking for pthread_create in pthread - found
[3.777s] -- Found Threads: TRUE  
[5.141s] -- Configuring done
[5.975s] -- Generating done
[5.976s] -- Build files have been written to: /home/theo/ros2_workspace/build/diffdrive_arduino
[5.984s] Invoked command in '/home/theo/ros2_workspace/build/diffdrive_arduino' returned '0': AMENT_PREFIX_PATH=/home/theo/ros2_workspace/install/serial:${AMENT_PREFIX_PATH} CMAKE_PREFIX_PATH=/home/theo/ros2_workspace/install/serial:/home/theo/colcon_ws/install/autonomous_tb3:/opt/ros/foxy LD_LIBRARY_PATH=/home/theo/ros2_workspace/install/serial/lib:${LD_LIBRARY_PATH} /usr/bin/cmake /home/theo/ros2_workspace/src/diffdrive_arduino -DAMENT_CMAKE_SYMLINK_INSTALL=1 -DCMAKE_INSTALL_PREFIX=/home/theo/ros2_workspace/install/diffdrive_arduino
[5.987s] Invoking command in '/home/theo/ros2_workspace/build/diffdrive_arduino': AMENT_PREFIX_PATH=/home/theo/ros2_workspace/install/serial:${AMENT_PREFIX_PATH} CMAKE_PREFIX_PATH=/home/theo/ros2_workspace/install/serial:/home/theo/colcon_ws/install/autonomous_tb3:/opt/ros/foxy LD_LIBRARY_PATH=/home/theo/ros2_workspace/install/serial/lib:${LD_LIBRARY_PATH} /usr/bin/cmake --build /home/theo/ros2_workspace/build/diffdrive_arduino -- -j12 -l12
[6.028s] [35m[1mScanning dependencies of target diffdrive_arduino[0m
[6.028s] [35m[1mScanning dependencies of target fake_robot[0m
[6.162s] [ 14%] [32mBuilding CXX object CMakeFiles/diffdrive_arduino.dir/src/diffdrive_arduino.cpp.o[0m
[6.162s] [ 28%] [32mBuilding CXX object CMakeFiles/diffdrive_arduino.dir/src/wheel.cpp.o[0m
[6.165s] [ 42%] [32mBuilding CXX object CMakeFiles/diffdrive_arduino.dir/src/arduino_comms.cpp.o[0m
[6.166s] [ 57%] [32mBuilding CXX object CMakeFiles/fake_robot.dir/src/wheel.cpp.o[0m
[6.166s] [ 71%] [32mBuilding CXX object CMakeFiles/fake_robot.dir/src/fake_robot.cpp.o[0m
[8.405s] [ 85%] [32m[1mLinking CXX shared library libfake_robot.so[0m
[8.408s] [100%] [32m[1mLinking CXX shared library libdiffdrive_arduino.so[0m
[9.095s] [100%] Built target fake_robot
[9.102s] [100%] Built target diffdrive_arduino
[9.114s] Invoked command in '/home/theo/ros2_workspace/build/diffdrive_arduino' returned '0': AMENT_PREFIX_PATH=/home/theo/ros2_workspace/install/serial:${AMENT_PREFIX_PATH} CMAKE_PREFIX_PATH=/home/theo/ros2_workspace/install/serial:/home/theo/colcon_ws/install/autonomous_tb3:/opt/ros/foxy LD_LIBRARY_PATH=/home/theo/ros2_workspace/install/serial/lib:${LD_LIBRARY_PATH} /usr/bin/cmake --build /home/theo/ros2_workspace/build/diffdrive_arduino -- -j12 -l12
[9.141s] Invoking command in '/home/theo/ros2_workspace/build/diffdrive_arduino': AMENT_PREFIX_PATH=/home/theo/ros2_workspace/install/serial:${AMENT_PREFIX_PATH} CMAKE_PREFIX_PATH=/home/theo/ros2_workspace/install/serial:/home/theo/colcon_ws/install/autonomous_tb3:/opt/ros/foxy LD_LIBRARY_PATH=/home/theo/ros2_workspace/install/serial/lib:${LD_LIBRARY_PATH} /usr/bin/cmake --install /home/theo/ros2_workspace/build/diffdrive_arduino
[9.148s] -- Install configuration: ""
[9.148s] -- Execute custom install script
[9.149s] -- Symlinking: /home/theo/ros2_workspace/install/diffdrive_arduino/share/diffdrive_arduino//robot_hardware.xml
[9.157s] -- Symlinking: /home/theo/ros2_workspace/install/diffdrive_arduino/share/diffdrive_arduino//fake_robot_hardware.xml
[9.165s] -- Symlinking: /home/theo/ros2_workspace/install/diffdrive_arduino/lib/libdiffdrive_arduino.so
[9.173s] -- Symlinking: /home/theo/ros2_workspace/install/diffdrive_arduino/lib/libfake_robot.so
[9.181s] -- Symlinking: /home/theo/ros2_workspace/install/diffdrive_arduino/share/diffdrive_arduino/controllers/robot_controller_example.yaml
[9.189s] -- Symlinking: /home/theo/ros2_workspace/install/diffdrive_arduino/share/diffdrive_arduino/fake_robot.launch.py
[9.197s] -- Symlinking: /home/theo/ros2_workspace/install/diffdrive_arduino/share/diffdrive_arduino/test_robot.launch.py
[9.205s] -- Symlinking: /home/theo/ros2_workspace/install/diffdrive_arduino/share/diffdrive_arduino/environment/library_path.sh
[9.213s] -- Symlinking: /home/theo/ros2_workspace/install/diffdrive_arduino/share/diffdrive_arduino/environment/library_path.dsv
[9.221s] -- Symlinking: /home/theo/ros2_workspace/install/diffdrive_arduino/share/ament_index/resource_index/package_run_dependencies/diffdrive_arduino
[9.230s] -- Symlinking: /home/theo/ros2_workspace/install/diffdrive_arduino/share/ament_index/resource_index/parent_prefix_path/diffdrive_arduino
[9.238s] -- Symlinking: /home/theo/ros2_workspace/install/diffdrive_arduino/share/diffdrive_arduino/environment/ament_prefix_path.sh
[9.246s] -- Symlinking: /home/theo/ros2_workspace/install/diffdrive_arduino/share/diffdrive_arduino/environment/ament_prefix_path.dsv
[9.254s] -- Symlinking: /home/theo/ros2_workspace/install/diffdrive_arduino/share/diffdrive_arduino/environment/path.sh
[9.261s] -- Symlinking: /home/theo/ros2_workspace/install/diffdrive_arduino/share/diffdrive_arduino/environment/path.dsv
[9.269s] -- Symlinking: /home/theo/ros2_workspace/install/diffdrive_arduino/share/diffdrive_arduino/local_setup.bash
[9.277s] -- Symlinking: /home/theo/ros2_workspace/install/diffdrive_arduino/share/diffdrive_arduino/local_setup.sh
[9.285s] -- Symlinking: /home/theo/ros2_workspace/install/diffdrive_arduino/share/diffdrive_arduino/local_setup.zsh
[9.293s] -- Symlinking: /home/theo/ros2_workspace/install/diffdrive_arduino/share/diffdrive_arduino/local_setup.dsv
[9.300s] -- Symlinking: /home/theo/ros2_workspace/install/diffdrive_arduino/share/diffdrive_arduino/package.dsv
[9.308s] -- Symlinking: /home/theo/ros2_workspace/install/diffdrive_arduino/share/ament_index/resource_index/packages/diffdrive_arduino
[9.317s] -- Symlinking: /home/theo/ros2_workspace/install/diffdrive_arduino/share/ament_index/resource_index/hardware_interface__pluginlib__plugin/diffdrive_arduino
[9.325s] -- Symlinking: /home/theo/ros2_workspace/install/diffdrive_arduino/share/diffdrive_arduino/cmake/ament_cmake_export_libraries-extras.cmake
[9.332s] -- Symlinking: /home/theo/ros2_workspace/install/diffdrive_arduino/share/diffdrive_arduino/cmake/ament_cmake_export_dependencies-extras.cmake
[9.340s] -- Symlinking: /home/theo/ros2_workspace/install/diffdrive_arduino/share/diffdrive_arduino/cmake/diffdrive_arduinoConfig.cmake
[9.348s] -- Symlinking: /home/theo/ros2_workspace/install/diffdrive_arduino/share/diffdrive_arduino/cmake/diffdrive_arduinoConfig-version.cmake
[9.356s] -- Symlinking: /home/theo/ros2_workspace/install/diffdrive_arduino/share/diffdrive_arduino/package.xml
[9.370s] Invoked command in '/home/theo/ros2_workspace/build/diffdrive_arduino' returned '0': AMENT_PREFIX_PATH=/home/theo/ros2_workspace/install/serial:${AMENT_PREFIX_PATH} CMAKE_PREFIX_PATH=/home/theo/ros2_workspace/install/serial:/home/theo/colcon_ws/install/autonomous_tb3:/opt/ros/foxy LD_LIBRARY_PATH=/home/theo/ros2_workspace/install/serial/lib:${LD_LIBRARY_PATH} /usr/bin/cmake --install /home/theo/ros2_workspace/build/diffdrive_arduino
