[0.012s] Invoking command in '/home/theo/ros2_workspace/build/diffdrive_arduino': AMENT_PREFIX_PATH=/home/theo/ros2_workspace/install/serial:${AMENT_PREFIX_PATH} CMAKE_PREFIX_PATH=/home/theo/ros2_workspace/install/serial:/home/theo/colcon_ws/install/autonomous_tb3:/opt/ros/foxy LD_LIBRARY_PATH=/home/theo/ros2_workspace/install/serial/lib:${LD_LIBRARY_PATH} /usr/bin/cmake --build /home/theo/ros2_workspace/build/diffdrive_arduino -- -j12 -l12
[0.067s] [ 42%] Built target fake_robot
[0.067s] [100%] Built target diffdrive_arduino
[0.079s] Invoked command in '/home/theo/ros2_workspace/build/diffdrive_arduino' returned '0': AMENT_PREFIX_PATH=/home/theo/ros2_workspace/install/serial:${AMENT_PREFIX_PATH} CMAKE_PREFIX_PATH=/home/theo/ros2_workspace/install/serial:/home/theo/colcon_ws/install/autonomous_tb3:/opt/ros/foxy LD_LIBRARY_PATH=/home/theo/ros2_workspace/install/serial/lib:${LD_LIBRARY_PATH} /usr/bin/cmake --build /home/theo/ros2_workspace/build/diffdrive_arduino -- -j12 -l12
[0.105s] Invoking command in '/home/theo/ros2_workspace/build/diffdrive_arduino': AMENT_PREFIX_PATH=/home/theo/ros2_workspace/install/serial:${AMENT_PREFIX_PATH} CMAKE_PREFIX_PATH=/home/theo/ros2_workspace/install/serial:/home/theo/colcon_ws/install/autonomous_tb3:/opt/ros/foxy LD_LIBRARY_PATH=/home/theo/ros2_workspace/install/serial/lib:${LD_LIBRARY_PATH} /usr/bin/cmake --install /home/theo/ros2_workspace/build/diffdrive_arduino
[0.112s] -- Install configuration: ""
[0.113s] -- Execute custom install script
[0.113s] -- Up-to-date symlink: /home/theo/ros2_workspace/install/diffdrive_arduino/share/diffdrive_arduino//robot_hardware.xml
[0.113s] -- Up-to-date symlink: /home/theo/ros2_workspace/install/diffdrive_arduino/share/diffdrive_arduino//fake_robot_hardware.xml
[0.114s] -- Up-to-date symlink: /home/theo/ros2_workspace/install/diffdrive_arduino/lib/libdiffdrive_arduino.so
[0.114s] -- Up-to-date symlink: /home/theo/ros2_workspace/install/diffdrive_arduino/lib/libfake_robot.so
[0.114s] -- Up-to-date symlink: /home/theo/ros2_workspace/install/diffdrive_arduino/share/diffdrive_arduino/controllers/robot_controller_example.yaml
[0.114s] -- Up-to-date symlink: /home/theo/ros2_workspace/install/diffdrive_arduino/share/diffdrive_arduino/fake_robot.launch.py
[0.115s] -- Up-to-date symlink: /home/theo/ros2_workspace/install/diffdrive_arduino/share/diffdrive_arduino/test_robot.launch.py
[0.115s] -- Up-to-date symlink: /home/theo/ros2_workspace/install/diffdrive_arduino/share/diffdrive_arduino/environment/library_path.sh
[0.115s] -- Up-to-date symlink: /home/theo/ros2_workspace/install/diffdrive_arduino/share/diffdrive_arduino/environment/library_path.dsv
[0.115s] -- Up-to-date symlink: /home/theo/ros2_workspace/install/diffdrive_arduino/share/ament_index/resource_index/package_run_dependencies/diffdrive_arduino
[0.116s] -- Up-to-date symlink: /home/theo/ros2_workspace/install/diffdrive_arduino/share/ament_index/resource_index/parent_prefix_path/diffdrive_arduino
[0.116s] -- Up-to-date symlink: /home/theo/ros2_workspace/install/diffdrive_arduino/share/diffdrive_arduino/environment/ament_prefix_path.sh
[0.116s] -- Up-to-date symlink: /home/theo/ros2_workspace/install/diffdrive_arduino/share/diffdrive_arduino/environment/ament_prefix_path.dsv
[0.117s] -- Up-to-date symlink: /home/theo/ros2_workspace/install/diffdrive_arduino/share/diffdrive_arduino/environment/path.sh
[0.117s] -- Up-to-date symlink: /home/theo/ros2_workspace/install/diffdrive_arduino/share/diffdrive_arduino/environment/path.dsv
[0.117s] -- Up-to-date symlink: /home/theo/ros2_workspace/install/diffdrive_arduino/share/diffdrive_arduino/local_setup.bash
[0.117s] -- Up-to-date symlink: /home/theo/ros2_workspace/install/diffdrive_arduino/share/diffdrive_arduino/local_setup.sh
[0.118s] -- Up-to-date symlink: /home/theo/ros2_workspace/install/diffdrive_arduino/share/diffdrive_arduino/local_setup.zsh
[0.118s] -- Up-to-date symlink: /home/theo/ros2_workspace/install/diffdrive_arduino/share/diffdrive_arduino/local_setup.dsv
[0.118s] -- Symlinking: /home/theo/ros2_workspace/install/diffdrive_arduino/share/diffdrive_arduino/package.dsv
[0.126s] -- Up-to-date symlink: /home/theo/ros2_workspace/install/diffdrive_arduino/share/ament_index/resource_index/packages/diffdrive_arduino
[0.126s] -- Up-to-date symlink: /home/theo/ros2_workspace/install/diffdrive_arduino/share/ament_index/resource_index/hardware_interface__pluginlib__plugin/diffdrive_arduino
[0.127s] -- Up-to-date symlink: /home/theo/ros2_workspace/install/diffdrive_arduino/share/diffdrive_arduino/cmake/ament_cmake_export_libraries-extras.cmake
[0.127s] -- Up-to-date symlink: /home/theo/ros2_workspace/install/diffdrive_arduino/share/diffdrive_arduino/cmake/ament_cmake_export_dependencies-extras.cmake
[0.127s] -- Up-to-date symlink: /home/theo/ros2_workspace/install/diffdrive_arduino/share/diffdrive_arduino/cmake/diffdrive_arduinoConfig.cmake
[0.127s] -- Up-to-date symlink: /home/theo/ros2_workspace/install/diffdrive_arduino/share/diffdrive_arduino/cmake/diffdrive_arduinoConfig-version.cmake
[0.127s] -- Up-to-date symlink: /home/theo/ros2_workspace/install/diffdrive_arduino/share/diffdrive_arduino/package.xml
[0.133s] Invoked command in '/home/theo/ros2_workspace/build/diffdrive_arduino' returned '0': AMENT_PREFIX_PATH=/home/theo/ros2_workspace/install/serial:${AMENT_PREFIX_PATH} CMAKE_PREFIX_PATH=/home/theo/ros2_workspace/install/serial:/home/theo/colcon_ws/install/autonomous_tb3:/opt/ros/foxy LD_LIBRARY_PATH=/home/theo/ros2_workspace/install/serial/lib:${LD_LIBRARY_PATH} /usr/bin/cmake --install /home/theo/ros2_workspace/build/diffdrive_arduino
