-- The C compiler identification is GNU 9.4.0
-- The CXX compiler identification is GNU 9.4.0
-- Check for working C compiler: /usr/bin/cc
-- Check for working C compiler: /usr/bin/cc -- works
-- Detecting C compiler ABI info
-- Detecting C compiler ABI info - done
-- Detecting C compile features
-- Detecting C compile features - done
-- Check for working CXX compiler: /usr/bin/c++
-- Check for working CXX compiler: /usr/bin/c++ -- works
-- Detecting CXX compiler ABI info
-- Detecting CXX compiler ABI info - done
-- Detecting CXX compile features
-- Detecting CXX compile features - done
-- Found ament_cmake: 0.9.12 (/opt/ros/foxy/share/ament_cmake/cmake)
-- Found PythonInterp: /usr/bin/python3 (found suitable version "3.8.10", minimum required is "3") 
-- Using PYTHON_EXECUTABLE: /usr/bin/python3
-- Found ament_lint_auto: 0.9.8 (/opt/ros/foxy/share/ament_lint_auto/cmake)
-- Added test 'copyright' to check source files copyright and LICENSE
-- Added test 'lint_cmake' to check CMake code style
-- Added test 'xmllint' to check XML markup files
-- Configuring done
-- Generating done
-- Build files have been written to: /home/theo/ros2_workspace/build/arduino_pck
-- Install configuration: ""
-- Installing: /home/theo/ros2_workspace/install/arduino_pck/share/ament_index/resource_index/package_run_dependencies/arduino_pck
-- Installing: /home/theo/ros2_workspace/install/arduino_pck/share/ament_index/resource_index/parent_prefix_path/arduino_pck
-- Installing: /home/theo/ros2_workspace/install/arduino_pck/share/arduino_pck/environment/ament_prefix_path.sh
-- Installing: /home/theo/ros2_workspace/install/arduino_pck/share/arduino_pck/environment/ament_prefix_path.dsv
-- Installing: /home/theo/ros2_workspace/install/arduino_pck/share/arduino_pck/environment/path.sh
-- Installing: /home/theo/ros2_workspace/install/arduino_pck/share/arduino_pck/environment/path.dsv
-- Installing: /home/theo/ros2_workspace/install/arduino_pck/share/arduino_pck/local_setup.bash
-- Installing: /home/theo/ros2_workspace/install/arduino_pck/share/arduino_pck/local_setup.sh
-- Installing: /home/theo/ros2_workspace/install/arduino_pck/share/arduino_pck/local_setup.zsh
-- Installing: /home/theo/ros2_workspace/install/arduino_pck/share/arduino_pck/local_setup.dsv
-- Installing: /home/theo/ros2_workspace/install/arduino_pck/share/arduino_pck/package.dsv
-- Installing: /home/theo/ros2_workspace/install/arduino_pck/share/ament_index/resource_index/packages/arduino_pck
-- Installing: /home/theo/ros2_workspace/install/arduino_pck/share/arduino_pck/cmake/arduino_pckConfig.cmake
-- Installing: /home/theo/ros2_workspace/install/arduino_pck/share/arduino_pck/cmake/arduino_pckConfig-version.cmake
-- Installing: /home/theo/ros2_workspace/install/arduino_pck/share/arduino_pck/package.xml
