[2.436s] Invoking command in '/home/imjunhyung/turtlebot3_ws/src/detection': PYTHONPATH=/home/imjunhyung/turtlebot3_ws/build/detection/prefix_override:/home/imjunhyung/turtlebot3_ws/install/detection/lib/python3.8/site-packages:${PYTHONPATH} /usr/bin/python3 setup.py egg_info --egg-base ../../build/detection build --build-base /home/imjunhyung/turtlebot3_ws/build/detection/build install --record /home/imjunhyung/turtlebot3_ws/build/detection/install.log --install-scripts $base/lib/detection --single-version-externally-managed
[3.053s] running egg_info
[3.054s] writing ../../build/detection/detection.egg-info/PKG-INFO
[3.055s] writing dependency_links to ../../build/detection/detection.egg-info/dependency_links.txt
[3.055s] writing entry points to ../../build/detection/detection.egg-info/entry_points.txt
[3.055s] writing requirements to ../../build/detection/detection.egg-info/requires.txt
[3.055s] writing top-level names to ../../build/detection/detection.egg-info/top_level.txt
[3.128s] reading manifest file '../../build/detection/detection.egg-info/SOURCES.txt'
[3.129s] writing manifest file '../../build/detection/detection.egg-info/SOURCES.txt'
[3.325s] running build
[3.327s] running build_py
[3.327s] running install
[3.328s] running install_lib
[3.344s] running install_data
[3.345s] running install_egg_info
[3.347s] removing '/home/imjunhyung/turtlebot3_ws/install/detection/lib/python3.8/site-packages/detection-0.0.0-py3.8.egg-info' (and everything under it)
[3.348s] Copying ../../build/detection/detection.egg-info to /home/imjunhyung/turtlebot3_ws/install/detection/lib/python3.8/site-packages/detection-0.0.0-py3.8.egg-info
[3.348s] running install_scripts
[3.367s] Installing detection script to /home/imjunhyung/turtlebot3_ws/install/detection/lib/detection
[3.367s] writing list of installed files to '/home/imjunhyung/turtlebot3_ws/build/detection/install.log'
[3.645s] Invoked command in '/home/imjunhyung/turtlebot3_ws/src/detection' returned '0': PYTHONPATH=/home/imjunhyung/turtlebot3_ws/build/detection/prefix_override:/home/imjunhyung/turtlebot3_ws/install/detection/lib/python3.8/site-packages:${PYTHONPATH} /usr/bin/python3 setup.py egg_info --egg-base ../../build/detection build --build-base /home/imjunhyung/turtlebot3_ws/build/detection/build install --record /home/imjunhyung/turtlebot3_ws/build/detection/install.log --install-scripts $base/lib/detection --single-version-externally-managed
