running egg_info
creating ../../build/motor/motor.egg-info
writing ../../build/motor/motor.egg-info/PKG-INFO
writing dependency_links to ../../build/motor/motor.egg-info/dependency_links.txt
writing entry points to ../../build/motor/motor.egg-info/entry_points.txt
writing requirements to ../../build/motor/motor.egg-info/requires.txt
writing top-level names to ../../build/motor/motor.egg-info/top_level.txt
writing manifest file '../../build/motor/motor.egg-info/SOURCES.txt'
reading manifest file '../../build/motor/motor.egg-info/SOURCES.txt'
writing manifest file '../../build/motor/motor.egg-info/SOURCES.txt'
running build
running build_py
creating /home/imjunhyung/turtlebot3_ws/build/motor/build
creating /home/imjunhyung/turtlebot3_ws/build/motor/build/lib
creating /home/imjunhyung/turtlebot3_ws/build/motor/build/lib/motor
copying motor/motor.py -> /home/imjunhyung/turtlebot3_ws/build/motor/build/lib/motor
copying motor/motor1.py -> /home/imjunhyung/turtlebot3_ws/build/motor/build/lib/motor
copying motor/__init__.py -> /home/imjunhyung/turtlebot3_ws/build/motor/build/lib/motor
running install
running install_lib
creating /home/imjunhyung/turtlebot3_ws/install/motor/lib/python3.8/site-packages/motor
copying /home/imjunhyung/turtlebot3_ws/build/motor/build/lib/motor/motor.py -> /home/imjunhyung/turtlebot3_ws/install/motor/lib/python3.8/site-packages/motor
copying /home/imjunhyung/turtlebot3_ws/build/motor/build/lib/motor/motor1.py -> /home/imjunhyung/turtlebot3_ws/install/motor/lib/python3.8/site-packages/motor
copying /home/imjunhyung/turtlebot3_ws/build/motor/build/lib/motor/__init__.py -> /home/imjunhyung/turtlebot3_ws/install/motor/lib/python3.8/site-packages/motor
byte-compiling /home/imjunhyung/turtlebot3_ws/install/motor/lib/python3.8/site-packages/motor/motor.py to motor.cpython-38.pyc
byte-compiling /home/imjunhyung/turtlebot3_ws/install/motor/lib/python3.8/site-packages/motor/motor1.py to motor1.cpython-38.pyc
byte-compiling /home/imjunhyung/turtlebot3_ws/install/motor/lib/python3.8/site-packages/motor/__init__.py to __init__.cpython-38.pyc
running install_data
creating /home/imjunhyung/turtlebot3_ws/install/motor/share/ament_index
creating /home/imjunhyung/turtlebot3_ws/install/motor/share/ament_index/resource_index
creating /home/imjunhyung/turtlebot3_ws/install/motor/share/ament_index/resource_index/packages
copying resource/motor -> /home/imjunhyung/turtlebot3_ws/install/motor/share/ament_index/resource_index/packages
copying package.xml -> /home/imjunhyung/turtlebot3_ws/install/motor/share/motor
running install_egg_info
Copying ../../build/motor/motor.egg-info to /home/imjunhyung/turtlebot3_ws/install/motor/lib/python3.8/site-packages/motor-0.0.0-py3.8.egg-info
running install_scripts
Installing motor script to /home/imjunhyung/turtlebot3_ws/install/motor/lib/motor
writing list of installed files to '/home/imjunhyung/turtlebot3_ws/build/motor/install.log'
