[3.879s] Invoking command in '/home/imjunhyung/turtlebot3_ws/src/motor': PYTHONPATH=/home/imjunhyung/turtlebot3_ws/build/motor/prefix_override:/home/imjunhyung/turtlebot3_ws/install/motor/lib/python3.8/site-packages:${PYTHONPATH} /usr/bin/python3 setup.py egg_info --egg-base ../../build/motor build --build-base /home/imjunhyung/turtlebot3_ws/build/motor/build install --record /home/imjunhyung/turtlebot3_ws/build/motor/install.log --install-scripts $base/lib/motor --single-version-externally-managed
[5.516s] running egg_info
[5.518s] creating ../../build/motor/motor.egg-info
[5.518s] writing ../../build/motor/motor.egg-info/PKG-INFO
[5.519s] writing dependency_links to ../../build/motor/motor.egg-info/dependency_links.txt
[5.520s] writing entry points to ../../build/motor/motor.egg-info/entry_points.txt
[5.520s] writing requirements to ../../build/motor/motor.egg-info/requires.txt
[5.520s] writing top-level names to ../../build/motor/motor.egg-info/top_level.txt
[5.525s] writing manifest file '../../build/motor/motor.egg-info/SOURCES.txt'
[5.635s] reading manifest file '../../build/motor/motor.egg-info/SOURCES.txt'
[5.637s] writing manifest file '../../build/motor/motor.egg-info/SOURCES.txt'
[5.638s] running build
[5.638s] running build_py
[5.639s] creating /home/imjunhyung/turtlebot3_ws/build/motor/build
[5.639s] creating /home/imjunhyung/turtlebot3_ws/build/motor/build/lib
[5.640s] creating /home/imjunhyung/turtlebot3_ws/build/motor/build/lib/motor
[5.641s] copying motor/motor.py -> /home/imjunhyung/turtlebot3_ws/build/motor/build/lib/motor
[5.641s] copying motor/motor1.py -> /home/imjunhyung/turtlebot3_ws/build/motor/build/lib/motor
[5.642s] copying motor/__init__.py -> /home/imjunhyung/turtlebot3_ws/build/motor/build/lib/motor
[5.643s] running install
[5.645s] running install_lib
[5.648s] creating /home/imjunhyung/turtlebot3_ws/install/motor/lib/python3.8/site-packages/motor
[5.649s] copying /home/imjunhyung/turtlebot3_ws/build/motor/build/lib/motor/motor.py -> /home/imjunhyung/turtlebot3_ws/install/motor/lib/python3.8/site-packages/motor
[5.649s] copying /home/imjunhyung/turtlebot3_ws/build/motor/build/lib/motor/motor1.py -> /home/imjunhyung/turtlebot3_ws/install/motor/lib/python3.8/site-packages/motor
[5.651s] copying /home/imjunhyung/turtlebot3_ws/build/motor/build/lib/motor/__init__.py -> /home/imjunhyung/turtlebot3_ws/install/motor/lib/python3.8/site-packages/motor
[5.653s] byte-compiling /home/imjunhyung/turtlebot3_ws/install/motor/lib/python3.8/site-packages/motor/motor.py to motor.cpython-38.pyc
[5.657s] byte-compiling /home/imjunhyung/turtlebot3_ws/install/motor/lib/python3.8/site-packages/motor/motor1.py to motor1.cpython-38.pyc
[5.660s] byte-compiling /home/imjunhyung/turtlebot3_ws/install/motor/lib/python3.8/site-packages/motor/__init__.py to __init__.cpython-38.pyc
[5.661s] running install_data
[5.663s] creating /home/imjunhyung/turtlebot3_ws/install/motor/share/ament_index
[5.663s] creating /home/imjunhyung/turtlebot3_ws/install/motor/share/ament_index/resource_index
[5.664s] creating /home/imjunhyung/turtlebot3_ws/install/motor/share/ament_index/resource_index/packages
[5.664s] copying resource/motor -> /home/imjunhyung/turtlebot3_ws/install/motor/share/ament_index/resource_index/packages
[5.665s] copying package.xml -> /home/imjunhyung/turtlebot3_ws/install/motor/share/motor
[5.665s] running install_egg_info
[5.672s] Copying ../../build/motor/motor.egg-info to /home/imjunhyung/turtlebot3_ws/install/motor/lib/python3.8/site-packages/motor-0.0.0-py3.8.egg-info
[5.677s] running install_scripts
[5.795s] Installing motor script to /home/imjunhyung/turtlebot3_ws/install/motor/lib/motor
[5.795s] writing list of installed files to '/home/imjunhyung/turtlebot3_ws/build/motor/install.log'
[5.952s] Invoked command in '/home/imjunhyung/turtlebot3_ws/src/motor' returned '0': PYTHONPATH=/home/imjunhyung/turtlebot3_ws/build/motor/prefix_override:/home/imjunhyung/turtlebot3_ws/install/motor/lib/python3.8/site-packages:${PYTHONPATH} /usr/bin/python3 setup.py egg_info --egg-base ../../build/motor build --build-base /home/imjunhyung/turtlebot3_ws/build/motor/build install --record /home/imjunhyung/turtlebot3_ws/build/motor/install.log --install-scripts $base/lib/motor --single-version-externally-managed
