[0.025s] Invoking command in '/home/imjunhyung/turtlebot3_ws/build/turtlebot3_bringup': CMAKE_PREFIX_PATH=/home/imjunhyung/turtlebot3_ws/install/turtlebot3_node:/home/imjunhyung/turtlebot3_ws/install/turtlebot3_description:/home/imjunhyung/ros2_ws/install/rplidar_ros:/home/imjunhyung/turtlebot3_ws/install/turtlebot3:/home/imjunhyung/turtlebot3_ws/install/turtlebot3_simulations:/home/imjunhyung/turtlebot3_ws/install/turtlebot3_bringup:/home/imjunhyung/turtlebot3_ws/install/turtlebot3_navigation2:/home/imjunhyung/turtlebot3_ws/install/turtlebot3_gazebo:/home/imjunhyung/turtlebot3_ws/install/turtlebot3_fake_node:/home/imjunhyung/turtlebot3_ws/install/turtlebot3_cartographer:/home/imjunhyung/turtlebot3_ws/install/turtlebot3_teleop:/home/imjunhyung/turtlebot3_ws/install/turtlebot3_example:/home/imjunhyung/turtlebot3_ws/install/detection:/opt/ros/foxy /usr/bin/cmake /home/imjunhyung/turtlebot3_ws/src/turtlebot3/turtlebot3_bringup -DAMENT_CMAKE_SYMLINK_INSTALL=1 -DCMAKE_INSTALL_PREFIX=/home/imjunhyung/turtlebot3_ws/install/turtlebot3_bringup
[0.127s] -- The C compiler identification is GNU 9.4.0
[0.246s] -- The CXX compiler identification is GNU 9.4.0
[0.256s] -- Check for working C compiler: /usr/bin/cc
[0.391s] -- Check for working C compiler: /usr/bin/cc -- works
[0.393s] -- Detecting C compiler ABI info
[0.528s] -- Detecting C compiler ABI info - done
[0.550s] -- Detecting C compile features
[0.551s] -- Detecting C compile features - done
[0.555s] -- Check for working CXX compiler: /usr/bin/c++
[0.682s] -- Check for working CXX compiler: /usr/bin/c++ -- works
[0.683s] -- Detecting CXX compiler ABI info
[0.895s] -- Detecting CXX compiler ABI info - done
[0.947s] -- Detecting CXX compile features
[0.949s] -- Detecting CXX compile features - done
[0.957s] -- Found ament_cmake: 0.9.12 (/opt/ros/foxy/share/ament_cmake/cmake)
[1.026s] -- Found PythonInterp: /usr/bin/python3 (found suitable version "3.8.10", minimum required is "3") 
[1.026s] -- Using PYTHON_EXECUTABLE: /usr/bin/python3
[1.251s] -- Override CMake install command with custom implementation using symlinks instead of copying resources
[1.373s] -- Configuring done
[1.376s] -- Generating done
[1.377s] -- Build files have been written to: /home/imjunhyung/turtlebot3_ws/build/turtlebot3_bringup
[1.382s] Invoked command in '/home/imjunhyung/turtlebot3_ws/build/turtlebot3_bringup' returned '0': CMAKE_PREFIX_PATH=/home/imjunhyung/turtlebot3_ws/install/turtlebot3_node:/home/imjunhyung/turtlebot3_ws/install/turtlebot3_description:/home/imjunhyung/ros2_ws/install/rplidar_ros:/home/imjunhyung/turtlebot3_ws/install/turtlebot3:/home/imjunhyung/turtlebot3_ws/install/turtlebot3_simulations:/home/imjunhyung/turtlebot3_ws/install/turtlebot3_bringup:/home/imjunhyung/turtlebot3_ws/install/turtlebot3_navigation2:/home/imjunhyung/turtlebot3_ws/install/turtlebot3_gazebo:/home/imjunhyung/turtlebot3_ws/install/turtlebot3_fake_node:/home/imjunhyung/turtlebot3_ws/install/turtlebot3_cartographer:/home/imjunhyung/turtlebot3_ws/install/turtlebot3_teleop:/home/imjunhyung/turtlebot3_ws/install/turtlebot3_example:/home/imjunhyung/turtlebot3_ws/install/detection:/opt/ros/foxy /usr/bin/cmake /home/imjunhyung/turtlebot3_ws/src/turtlebot3/turtlebot3_bringup -DAMENT_CMAKE_SYMLINK_INSTALL=1 -DCMAKE_INSTALL_PREFIX=/home/imjunhyung/turtlebot3_ws/install/turtlebot3_bringup
[1.386s] Invoking command in '/home/imjunhyung/turtlebot3_ws/build/turtlebot3_bringup': CMAKE_PREFIX_PATH=/home/imjunhyung/turtlebot3_ws/install/turtlebot3_node:/home/imjunhyung/turtlebot3_ws/install/turtlebot3_description:/home/imjunhyung/ros2_ws/install/rplidar_ros:/home/imjunhyung/turtlebot3_ws/install/turtlebot3:/home/imjunhyung/turtlebot3_ws/install/turtlebot3_simulations:/home/imjunhyung/turtlebot3_ws/install/turtlebot3_bringup:/home/imjunhyung/turtlebot3_ws/install/turtlebot3_navigation2:/home/imjunhyung/turtlebot3_ws/install/turtlebot3_gazebo:/home/imjunhyung/turtlebot3_ws/install/turtlebot3_fake_node:/home/imjunhyung/turtlebot3_ws/install/turtlebot3_cartographer:/home/imjunhyung/turtlebot3_ws/install/turtlebot3_teleop:/home/imjunhyung/turtlebot3_ws/install/turtlebot3_example:/home/imjunhyung/turtlebot3_ws/install/detection:/opt/ros/foxy /usr/bin/cmake --build /home/imjunhyung/turtlebot3_ws/build/turtlebot3_bringup -- -j8 -l8
[1.443s] Invoked command in '/home/imjunhyung/turtlebot3_ws/build/turtlebot3_bringup' returned '0': CMAKE_PREFIX_PATH=/home/imjunhyung/turtlebot3_ws/install/turtlebot3_node:/home/imjunhyung/turtlebot3_ws/install/turtlebot3_description:/home/imjunhyung/ros2_ws/install/rplidar_ros:/home/imjunhyung/turtlebot3_ws/install/turtlebot3:/home/imjunhyung/turtlebot3_ws/install/turtlebot3_simulations:/home/imjunhyung/turtlebot3_ws/install/turtlebot3_bringup:/home/imjunhyung/turtlebot3_ws/install/turtlebot3_navigation2:/home/imjunhyung/turtlebot3_ws/install/turtlebot3_gazebo:/home/imjunhyung/turtlebot3_ws/install/turtlebot3_fake_node:/home/imjunhyung/turtlebot3_ws/install/turtlebot3_cartographer:/home/imjunhyung/turtlebot3_ws/install/turtlebot3_teleop:/home/imjunhyung/turtlebot3_ws/install/turtlebot3_example:/home/imjunhyung/turtlebot3_ws/install/detection:/opt/ros/foxy /usr/bin/cmake --build /home/imjunhyung/turtlebot3_ws/build/turtlebot3_bringup -- -j8 -l8
[1.474s] Invoking command in '/home/imjunhyung/turtlebot3_ws/build/turtlebot3_bringup': CMAKE_PREFIX_PATH=/home/imjunhyung/turtlebot3_ws/install/turtlebot3_node:/home/imjunhyung/turtlebot3_ws/install/turtlebot3_description:/home/imjunhyung/ros2_ws/install/rplidar_ros:/home/imjunhyung/turtlebot3_ws/install/turtlebot3:/home/imjunhyung/turtlebot3_ws/install/turtlebot3_simulations:/home/imjunhyung/turtlebot3_ws/install/turtlebot3_bringup:/home/imjunhyung/turtlebot3_ws/install/turtlebot3_navigation2:/home/imjunhyung/turtlebot3_ws/install/turtlebot3_gazebo:/home/imjunhyung/turtlebot3_ws/install/turtlebot3_fake_node:/home/imjunhyung/turtlebot3_ws/install/turtlebot3_cartographer:/home/imjunhyung/turtlebot3_ws/install/turtlebot3_teleop:/home/imjunhyung/turtlebot3_ws/install/turtlebot3_example:/home/imjunhyung/turtlebot3_ws/install/detection:/opt/ros/foxy /usr/bin/cmake --install /home/imjunhyung/turtlebot3_ws/build/turtlebot3_bringup
[1.487s] -- Install configuration: ""
[1.488s] -- Execute custom install script
[1.489s] -- Symlinking: /home/imjunhyung/turtlebot3_ws/install/turtlebot3_bringup/share/turtlebot3_bringup/launch/robot.launch.py
[1.506s] -- Symlinking: /home/imjunhyung/turtlebot3_ws/install/turtlebot3_bringup/share/turtlebot3_bringup/launch/rviz2.launch.py
[1.526s] -- Symlinking: /home/imjunhyung/turtlebot3_ws/install/turtlebot3_bringup/share/turtlebot3_bringup/launch/turtlebot3_state_publisher.launch.py
[1.553s] -- Symlinking: /home/imjunhyung/turtlebot3_ws/install/turtlebot3_bringup/share/turtlebot3_bringup/param/burger.yaml
[1.574s] -- Symlinking: /home/imjunhyung/turtlebot3_ws/install/turtlebot3_bringup/share/turtlebot3_bringup/param/waffle.yaml
[1.594s] -- Symlinking: /home/imjunhyung/turtlebot3_ws/install/turtlebot3_bringup/share/turtlebot3_bringup/param/waffle_pi.yaml
[1.617s] -- Symlinking: /home/imjunhyung/turtlebot3_ws/install/turtlebot3_bringup/share/turtlebot3_bringup/script/99-turtlebot3-cdc.rules
[1.638s] -- Symlinking: /home/imjunhyung/turtlebot3_ws/install/turtlebot3_bringup/share/turtlebot3_bringup/script/create_udev_rules
[1.658s] -- Symlinking: /home/imjunhyung/turtlebot3_ws/install/turtlebot3_bringup/share/ament_index/resource_index/package_run_dependencies/turtlebot3_bringup
[1.685s] -- Symlinking: /home/imjunhyung/turtlebot3_ws/install/turtlebot3_bringup/share/ament_index/resource_index/parent_prefix_path/turtlebot3_bringup
[1.708s] -- Symlinking: /home/imjunhyung/turtlebot3_ws/install/turtlebot3_bringup/share/turtlebot3_bringup/environment/ament_prefix_path.sh
[1.725s] -- Symlinking: /home/imjunhyung/turtlebot3_ws/install/turtlebot3_bringup/share/turtlebot3_bringup/environment/ament_prefix_path.dsv
[1.741s] -- Symlinking: /home/imjunhyung/turtlebot3_ws/install/turtlebot3_bringup/share/turtlebot3_bringup/environment/path.sh
[1.758s] -- Symlinking: /home/imjunhyung/turtlebot3_ws/install/turtlebot3_bringup/share/turtlebot3_bringup/environment/path.dsv
[1.773s] -- Symlinking: /home/imjunhyung/turtlebot3_ws/install/turtlebot3_bringup/share/turtlebot3_bringup/local_setup.bash
[1.787s] -- Symlinking: /home/imjunhyung/turtlebot3_ws/install/turtlebot3_bringup/share/turtlebot3_bringup/local_setup.sh
[1.800s] -- Symlinking: /home/imjunhyung/turtlebot3_ws/install/turtlebot3_bringup/share/turtlebot3_bringup/local_setup.zsh
[1.813s] -- Symlinking: /home/imjunhyung/turtlebot3_ws/install/turtlebot3_bringup/share/turtlebot3_bringup/local_setup.dsv
[1.830s] -- Symlinking: /home/imjunhyung/turtlebot3_ws/install/turtlebot3_bringup/share/turtlebot3_bringup/package.dsv
[1.846s] -- Symlinking: /home/imjunhyung/turtlebot3_ws/install/turtlebot3_bringup/share/ament_index/resource_index/packages/turtlebot3_bringup
[1.862s] -- Symlinking: /home/imjunhyung/turtlebot3_ws/install/turtlebot3_bringup/share/turtlebot3_bringup/cmake/turtlebot3_bringupConfig.cmake
[1.879s] -- Symlinking: /home/imjunhyung/turtlebot3_ws/install/turtlebot3_bringup/share/turtlebot3_bringup/cmake/turtlebot3_bringupConfig-version.cmake
[1.894s] -- Symlinking: /home/imjunhyung/turtlebot3_ws/install/turtlebot3_bringup/share/turtlebot3_bringup/package.xml
[1.917s] Invoked command in '/home/imjunhyung/turtlebot3_ws/build/turtlebot3_bringup' returned '0': CMAKE_PREFIX_PATH=/home/imjunhyung/turtlebot3_ws/install/turtlebot3_node:/home/imjunhyung/turtlebot3_ws/install/turtlebot3_description:/home/imjunhyung/ros2_ws/install/rplidar_ros:/home/imjunhyung/turtlebot3_ws/install/turtlebot3:/home/imjunhyung/turtlebot3_ws/install/turtlebot3_simulations:/home/imjunhyung/turtlebot3_ws/install/turtlebot3_bringup:/home/imjunhyung/turtlebot3_ws/install/turtlebot3_navigation2:/home/imjunhyung/turtlebot3_ws/install/turtlebot3_gazebo:/home/imjunhyung/turtlebot3_ws/install/turtlebot3_fake_node:/home/imjunhyung/turtlebot3_ws/install/turtlebot3_cartographer:/home/imjunhyung/turtlebot3_ws/install/turtlebot3_teleop:/home/imjunhyung/turtlebot3_ws/install/turtlebot3_example:/home/imjunhyung/turtlebot3_ws/install/detection:/opt/ros/foxy /usr/bin/cmake --install /home/imjunhyung/turtlebot3_ws/build/turtlebot3_bringup
