[2.922s] Invoking command in '/home/imjunhyung/turtlebot3_ws/src/turtlebot3/turtlebot3_teleop': PYTHONPATH=/home/imjunhyung/turtlebot3_ws/build/turtlebot3_teleop/prefix_override:/home/imjunhyung/turtlebot3_ws/install/turtlebot3_teleop/lib/python3.8/site-packages:${PYTHONPATH} /usr/bin/python3 setup.py egg_info --egg-base ../../../build/turtlebot3_teleop build --build-base /home/imjunhyung/turtlebot3_ws/build/turtlebot3_teleop/build install --record /home/imjunhyung/turtlebot3_ws/build/turtlebot3_teleop/install.log --single-version-externally-managed
[3.751s] running egg_info
[3.751s] creating ../../../build/turtlebot3_teleop/turtlebot3_teleop.egg-info
[3.751s] writing ../../../build/turtlebot3_teleop/turtlebot3_teleop.egg-info/PKG-INFO
[3.751s] writing dependency_links to ../../../build/turtlebot3_teleop/turtlebot3_teleop.egg-info/dependency_links.txt
[3.752s] writing entry points to ../../../build/turtlebot3_teleop/turtlebot3_teleop.egg-info/entry_points.txt
[3.752s] writing requirements to ../../../build/turtlebot3_teleop/turtlebot3_teleop.egg-info/requires.txt
[3.752s] writing top-level names to ../../../build/turtlebot3_teleop/turtlebot3_teleop.egg-info/top_level.txt
[3.752s] writing manifest file '../../../build/turtlebot3_teleop/turtlebot3_teleop.egg-info/SOURCES.txt'
[3.752s] reading manifest file '../../../build/turtlebot3_teleop/turtlebot3_teleop.egg-info/SOURCES.txt'
[3.752s] writing manifest file '../../../build/turtlebot3_teleop/turtlebot3_teleop.egg-info/SOURCES.txt'
[3.753s] running build
[3.753s] running build_py
[3.753s] creating /home/imjunhyung/turtlebot3_ws/build/turtlebot3_teleop/build
[3.753s] creating /home/imjunhyung/turtlebot3_ws/build/turtlebot3_teleop/build/lib
[3.753s] creating /home/imjunhyung/turtlebot3_ws/build/turtlebot3_teleop/build/lib/turtlebot3_teleop
[3.753s] copying turtlebot3_teleop/__init__.py -> /home/imjunhyung/turtlebot3_ws/build/turtlebot3_teleop/build/lib/turtlebot3_teleop
[3.754s] creating /home/imjunhyung/turtlebot3_ws/build/turtlebot3_teleop/build/lib/turtlebot3_teleop/script
[3.754s] copying turtlebot3_teleop/script/__init__.py -> /home/imjunhyung/turtlebot3_ws/build/turtlebot3_teleop/build/lib/turtlebot3_teleop/script
[3.754s] copying turtlebot3_teleop/script/teleop_keyboard.py -> /home/imjunhyung/turtlebot3_ws/build/turtlebot3_teleop/build/lib/turtlebot3_teleop/script
[3.754s] running install
[3.754s] running install_lib
[3.754s] creating /home/imjunhyung/turtlebot3_ws/install/turtlebot3_teleop/lib/python3.8/site-packages/turtlebot3_teleop
[3.754s] creating /home/imjunhyung/turtlebot3_ws/install/turtlebot3_teleop/lib/python3.8/site-packages/turtlebot3_teleop/script
[3.755s] copying /home/imjunhyung/turtlebot3_ws/build/turtlebot3_teleop/build/lib/turtlebot3_teleop/script/__init__.py -> /home/imjunhyung/turtlebot3_ws/install/turtlebot3_teleop/lib/python3.8/site-packages/turtlebot3_teleop/script
[3.755s] copying /home/imjunhyung/turtlebot3_ws/build/turtlebot3_teleop/build/lib/turtlebot3_teleop/script/teleop_keyboard.py -> /home/imjunhyung/turtlebot3_ws/install/turtlebot3_teleop/lib/python3.8/site-packages/turtlebot3_teleop/script
[3.755s] copying /home/imjunhyung/turtlebot3_ws/build/turtlebot3_teleop/build/lib/turtlebot3_teleop/__init__.py -> /home/imjunhyung/turtlebot3_ws/install/turtlebot3_teleop/lib/python3.8/site-packages/turtlebot3_teleop
[3.755s] byte-compiling /home/imjunhyung/turtlebot3_ws/install/turtlebot3_teleop/lib/python3.8/site-packages/turtlebot3_teleop/script/__init__.py to __init__.cpython-38.pyc
[3.755s] byte-compiling /home/imjunhyung/turtlebot3_ws/install/turtlebot3_teleop/lib/python3.8/site-packages/turtlebot3_teleop/script/teleop_keyboard.py to teleop_keyboard.cpython-38.pyc
[3.755s] byte-compiling /home/imjunhyung/turtlebot3_ws/install/turtlebot3_teleop/lib/python3.8/site-packages/turtlebot3_teleop/__init__.py to __init__.cpython-38.pyc
[3.756s] running install_data
[3.756s] creating /home/imjunhyung/turtlebot3_ws/install/turtlebot3_teleop/share/ament_index
[3.756s] creating /home/imjunhyung/turtlebot3_ws/install/turtlebot3_teleop/share/ament_index/resource_index
[3.756s] creating /home/imjunhyung/turtlebot3_ws/install/turtlebot3_teleop/share/ament_index/resource_index/packages
[3.756s] copying resource/turtlebot3_teleop -> /home/imjunhyung/turtlebot3_ws/install/turtlebot3_teleop/share/ament_index/resource_index/packages
[3.756s] copying package.xml -> /home/imjunhyung/turtlebot3_ws/install/turtlebot3_teleop/share/turtlebot3_teleop
[3.757s] running install_egg_info
[3.757s] Copying ../../../build/turtlebot3_teleop/turtlebot3_teleop.egg-info to /home/imjunhyung/turtlebot3_ws/install/turtlebot3_teleop/lib/python3.8/site-packages/turtlebot3_teleop-2.1.4-py3.8.egg-info
[3.757s] running install_scripts
[3.757s] Installing teleop_keyboard script to /home/imjunhyung/turtlebot3_ws/install/turtlebot3_teleop/lib/turtlebot3_teleop
[3.757s] writing list of installed files to '/home/imjunhyung/turtlebot3_ws/build/turtlebot3_teleop/install.log'
[3.804s] Invoked command in '/home/imjunhyung/turtlebot3_ws/src/turtlebot3/turtlebot3_teleop' returned '0': PYTHONPATH=/home/imjunhyung/turtlebot3_ws/build/turtlebot3_teleop/prefix_override:/home/imjunhyung/turtlebot3_ws/install/turtlebot3_teleop/lib/python3.8/site-packages:${PYTHONPATH} /usr/bin/python3 setup.py egg_info --egg-base ../../../build/turtlebot3_teleop build --build-base /home/imjunhyung/turtlebot3_ws/build/turtlebot3_teleop/build install --record /home/imjunhyung/turtlebot3_ws/build/turtlebot3_teleop/install.log --single-version-externally-managed
