[0.108s] Invoking command in '/home/imjunhyung/turtlebot3_ws/build/turtlebot3_description': CMAKE_PREFIX_PATH=${CMAKE_PREFIX_PATH}:/opt/ros/foxy /home/imjunhyung/.local/bin/cmake /home/imjunhyung/turtlebot3_ws/src/turtlebot3/turtlebot3_description -DCMAKE_INSTALL_PREFIX=/home/imjunhyung/turtlebot3_ws/install/turtlebot3_description
[1.641s] -- The C compiler identification is GNU 9.4.0
[1.643s] -- The CXX compiler identification is GNU 9.4.0
[1.643s] -- Detecting C compiler ABI info
[1.643s] -- Detecting C compiler ABI info - done
[1.644s] -- Check for working C compiler: /usr/bin/cc - skipped
[1.644s] -- Detecting C compile features
[1.645s] -- Detecting C compile features - done
[1.645s] -- Detecting CXX compiler ABI info
[1.645s] -- Detecting CXX compiler ABI info - done
[1.646s] -- Check for working CXX compiler: /usr/bin/c++ - skipped
[1.646s] -- Detecting CXX compile features
[1.646s] -- Detecting CXX compile features - done
[1.647s] -- Found ament_cmake: 0.9.12 (/opt/ros/foxy/share/ament_cmake/cmake)
[1.647s] -- Found PythonInterp: /usr/bin/python3 (found suitable version "3.8.10", minimum required is "3") 
[1.647s] -- Using PYTHON_EXECUTABLE: /usr/bin/python3
[1.648s] -- Found urdf: 2.4.0 (/opt/ros/foxy/share/urdf/cmake)
[1.648s] -- Configuring done (1.1s)
[1.649s] -- Generating done (0.0s)
[1.649s] -- Build files have been written to: /home/imjunhyung/turtlebot3_ws/build/turtlebot3_description
[1.704s] Invoked command in '/home/imjunhyung/turtlebot3_ws/build/turtlebot3_description' returned '0': CMAKE_PREFIX_PATH=${CMAKE_PREFIX_PATH}:/opt/ros/foxy /home/imjunhyung/.local/bin/cmake /home/imjunhyung/turtlebot3_ws/src/turtlebot3/turtlebot3_description -DCMAKE_INSTALL_PREFIX=/home/imjunhyung/turtlebot3_ws/install/turtlebot3_description
[1.705s] Invoking command in '/home/imjunhyung/turtlebot3_ws/build/turtlebot3_description': CMAKE_PREFIX_PATH=${CMAKE_PREFIX_PATH}:/opt/ros/foxy /home/imjunhyung/.local/bin/cmake --build /home/imjunhyung/turtlebot3_ws/build/turtlebot3_description -- -j8 -l8
[1.771s] Invoked command in '/home/imjunhyung/turtlebot3_ws/build/turtlebot3_description' returned '0': CMAKE_PREFIX_PATH=${CMAKE_PREFIX_PATH}:/opt/ros/foxy /home/imjunhyung/.local/bin/cmake --build /home/imjunhyung/turtlebot3_ws/build/turtlebot3_description -- -j8 -l8
[1.959s] Invoking command in '/home/imjunhyung/turtlebot3_ws/build/turtlebot3_description': CMAKE_PREFIX_PATH=${CMAKE_PREFIX_PATH}:/opt/ros/foxy /home/imjunhyung/.local/bin/cmake --install /home/imjunhyung/turtlebot3_ws/build/turtlebot3_description
[2.029s] -- Install configuration: ""
[2.029s] -- Installing: /home/imjunhyung/turtlebot3_ws/install/turtlebot3_description/share/turtlebot3_description/meshes
[2.029s] -- Installing: /home/imjunhyung/turtlebot3_ws/install/turtlebot3_description/share/turtlebot3_description/meshes/bases
[2.029s] -- Installing: /home/imjunhyung/turtlebot3_ws/install/turtlebot3_description/share/turtlebot3_description/meshes/bases/waffle_pi_base.stl
[2.050s] -- Installing: /home/imjunhyung/turtlebot3_ws/install/turtlebot3_description/share/turtlebot3_description/meshes/bases/waffle_base.stl
[2.087s] -- Installing: /home/imjunhyung/turtlebot3_ws/install/turtlebot3_description/share/turtlebot3_description/meshes/bases/burger_base.stl
[2.100s] -- Installing: /home/imjunhyung/turtlebot3_ws/install/turtlebot3_description/share/turtlebot3_description/meshes/wheels
[2.100s] -- Installing: /home/imjunhyung/turtlebot3_ws/install/turtlebot3_description/share/turtlebot3_description/meshes/wheels/right_tire.stl
[2.100s] -- Installing: /home/imjunhyung/turtlebot3_ws/install/turtlebot3_description/share/turtlebot3_description/meshes/wheels/left_tire.stl
[2.101s] -- Installing: /home/imjunhyung/turtlebot3_ws/install/turtlebot3_description/share/turtlebot3_description/meshes/sensors
[2.102s] -- Installing: /home/imjunhyung/turtlebot3_ws/install/turtlebot3_description/share/turtlebot3_description/meshes/sensors/lds.stl
[2.107s] -- Installing: /home/imjunhyung/turtlebot3_ws/install/turtlebot3_description/share/turtlebot3_description/meshes/sensors/astra.jpg
[2.107s] -- Installing: /home/imjunhyung/turtlebot3_ws/install/turtlebot3_description/share/turtlebot3_description/meshes/sensors/astra.dae
[2.124s] -- Installing: /home/imjunhyung/turtlebot3_ws/install/turtlebot3_description/share/turtlebot3_description/meshes/sensors/r200.dae
[2.125s] -- Installing: /home/imjunhyung/turtlebot3_ws/install/turtlebot3_description/share/turtlebot3_description/meshes/sensors/r200.jpg
[2.125s] -- Installing: /home/imjunhyung/turtlebot3_ws/install/turtlebot3_description/share/turtlebot3_description/rviz
[2.126s] -- Installing: /home/imjunhyung/turtlebot3_ws/install/turtlebot3_description/share/turtlebot3_description/rviz/model.rviz
[2.126s] -- Installing: /home/imjunhyung/turtlebot3_ws/install/turtlebot3_description/share/turtlebot3_description/urdf
[2.126s] -- Installing: /home/imjunhyung/turtlebot3_ws/install/turtlebot3_description/share/turtlebot3_description/urdf/turtlebot3_waffle_pi.urdf
[2.126s] -- Installing: /home/imjunhyung/turtlebot3_ws/install/turtlebot3_description/share/turtlebot3_description/urdf/turtlebot3_waffle.urdf
[2.126s] -- Installing: /home/imjunhyung/turtlebot3_ws/install/turtlebot3_description/share/turtlebot3_description/urdf/common_properties.urdf
[2.127s] -- Installing: /home/imjunhyung/turtlebot3_ws/install/turtlebot3_description/share/turtlebot3_description/urdf/turtlebot3_burger.urdf
[2.127s] -- Installing: /home/imjunhyung/turtlebot3_ws/install/turtlebot3_description/share/ament_index/resource_index/package_run_dependencies/turtlebot3_description
[2.127s] -- Installing: /home/imjunhyung/turtlebot3_ws/install/turtlebot3_description/share/ament_index/resource_index/parent_prefix_path/turtlebot3_description
[2.127s] -- Installing: /home/imjunhyung/turtlebot3_ws/install/turtlebot3_description/share/turtlebot3_description/environment/ament_prefix_path.sh
[2.128s] -- Installing: /home/imjunhyung/turtlebot3_ws/install/turtlebot3_description/share/turtlebot3_description/environment/ament_prefix_path.dsv
[2.128s] -- Installing: /home/imjunhyung/turtlebot3_ws/install/turtlebot3_description/share/turtlebot3_description/environment/path.sh
[2.128s] -- Installing: /home/imjunhyung/turtlebot3_ws/install/turtlebot3_description/share/turtlebot3_description/environment/path.dsv
[2.128s] -- Installing: /home/imjunhyung/turtlebot3_ws/install/turtlebot3_description/share/turtlebot3_description/local_setup.bash
[2.129s] -- Installing: /home/imjunhyung/turtlebot3_ws/install/turtlebot3_description/share/turtlebot3_description/local_setup.sh
[2.129s] -- Installing: /home/imjunhyung/turtlebot3_ws/install/turtlebot3_description/share/turtlebot3_description/local_setup.zsh
[2.129s] -- Installing: /home/imjunhyung/turtlebot3_ws/install/turtlebot3_description/share/turtlebot3_description/local_setup.dsv
[2.130s] -- Installing: /home/imjunhyung/turtlebot3_ws/install/turtlebot3_description/share/turtlebot3_description/package.dsv
[2.130s] -- Installing: /home/imjunhyung/turtlebot3_ws/install/turtlebot3_description/share/ament_index/resource_index/packages/turtlebot3_description
[2.130s] -- Installing: /home/imjunhyung/turtlebot3_ws/install/turtlebot3_description/share/turtlebot3_description/cmake/turtlebot3_descriptionConfig.cmake
[2.131s] -- Installing: /home/imjunhyung/turtlebot3_ws/install/turtlebot3_description/share/turtlebot3_description/cmake/turtlebot3_descriptionConfig-version.cmake
[2.131s] -- Installing: /home/imjunhyung/turtlebot3_ws/install/turtlebot3_description/share/turtlebot3_description/package.xml
[2.164s] Invoked command in '/home/imjunhyung/turtlebot3_ws/build/turtlebot3_description' returned '0': CMAKE_PREFIX_PATH=${CMAKE_PREFIX_PATH}:/opt/ros/foxy /home/imjunhyung/.local/bin/cmake --install /home/imjunhyung/turtlebot3_ws/build/turtlebot3_description
