[0.147s] Invoking command in '/home/imjunhyung/turtlebot3_ws/build/turtlebot3_node': CMAKE_PREFIX_PATH=${CMAKE_PREFIX_PATH}:/home/imjunhyung/turtlebot3_ws/install/vel_send:/home/imjunhyung/turtlebot3_ws/install/turtlebot3_teleop:/home/imjunhyung/turtlebot3_ws/install/turtlebot3_example:/home/imjunhyung/turtlebot3_ws/install/roi:/home/imjunhyung/turtlebot3_ws/install/motor:/home/imjunhyung/turtlebot3_ws/install/detection:/opt/ros/foxy /home/imjunhyung/.local/bin/cmake --build /home/imjunhyung/turtlebot3_ws/build/turtlebot3_node -- -j8 -l8
[1.128s] [ 85%] Built target turtlebot3_node_lib
[1.128s] [100%] Built target turtlebot3_ros
[1.137s] Invoked command in '/home/imjunhyung/turtlebot3_ws/build/turtlebot3_node' returned '0': CMAKE_PREFIX_PATH=${CMAKE_PREFIX_PATH}:/home/imjunhyung/turtlebot3_ws/install/vel_send:/home/imjunhyung/turtlebot3_ws/install/turtlebot3_teleop:/home/imjunhyung/turtlebot3_ws/install/turtlebot3_example:/home/imjunhyung/turtlebot3_ws/install/roi:/home/imjunhyung/turtlebot3_ws/install/motor:/home/imjunhyung/turtlebot3_ws/install/detection:/opt/ros/foxy /home/imjunhyung/.local/bin/cmake --build /home/imjunhyung/turtlebot3_ws/build/turtlebot3_node -- -j8 -l8
[1.342s] Invoking command in '/home/imjunhyung/turtlebot3_ws/build/turtlebot3_node': CMAKE_PREFIX_PATH=${CMAKE_PREFIX_PATH}:/home/imjunhyung/turtlebot3_ws/install/vel_send:/home/imjunhyung/turtlebot3_ws/install/turtlebot3_teleop:/home/imjunhyung/turtlebot3_ws/install/turtlebot3_example:/home/imjunhyung/turtlebot3_ws/install/roi:/home/imjunhyung/turtlebot3_ws/install/motor:/home/imjunhyung/turtlebot3_ws/install/detection:/opt/ros/foxy /home/imjunhyung/.local/bin/cmake --install /home/imjunhyung/turtlebot3_ws/build/turtlebot3_node
[1.442s] -- Install configuration: ""
[1.442s] -- Up-to-date: /home/imjunhyung/turtlebot3_ws/install/turtlebot3_node/share/turtlebot3_node/param
[1.443s] -- Up-to-date: /home/imjunhyung/turtlebot3_ws/install/turtlebot3_node/share/turtlebot3_node/param/waffle_pi.yaml
[1.443s] -- Up-to-date: /home/imjunhyung/turtlebot3_ws/install/turtlebot3_node/share/turtlebot3_node/param/burger.yaml
[1.443s] -- Up-to-date: /home/imjunhyung/turtlebot3_ws/install/turtlebot3_node/share/turtlebot3_node/param/waffle.yaml
[1.444s] -- Up-to-date: /home/imjunhyung/turtlebot3_ws/install/turtlebot3_node/lib/turtlebot3_node/turtlebot3_ros
[1.445s] -- Up-to-date: /home/imjunhyung/turtlebot3_ws/install/turtlebot3_node/share/ament_index/resource_index/package_run_dependencies/turtlebot3_node
[1.445s] -- Up-to-date: /home/imjunhyung/turtlebot3_ws/install/turtlebot3_node/share/ament_index/resource_index/parent_prefix_path/turtlebot3_node
[1.449s] -- Up-to-date: /home/imjunhyung/turtlebot3_ws/install/turtlebot3_node/share/turtlebot3_node/environment/ament_prefix_path.sh
[1.450s] -- Up-to-date: /home/imjunhyung/turtlebot3_ws/install/turtlebot3_node/share/turtlebot3_node/environment/ament_prefix_path.dsv
[1.450s] -- Up-to-date: /home/imjunhyung/turtlebot3_ws/install/turtlebot3_node/share/turtlebot3_node/environment/path.sh
[1.451s] -- Up-to-date: /home/imjunhyung/turtlebot3_ws/install/turtlebot3_node/share/turtlebot3_node/environment/path.dsv
[1.451s] -- Up-to-date: /home/imjunhyung/turtlebot3_ws/install/turtlebot3_node/share/turtlebot3_node/local_setup.bash
[1.452s] -- Up-to-date: /home/imjunhyung/turtlebot3_ws/install/turtlebot3_node/share/turtlebot3_node/local_setup.sh
[1.453s] -- Up-to-date: /home/imjunhyung/turtlebot3_ws/install/turtlebot3_node/share/turtlebot3_node/local_setup.zsh
[1.453s] -- Up-to-date: /home/imjunhyung/turtlebot3_ws/install/turtlebot3_node/share/turtlebot3_node/local_setup.dsv
[1.454s] -- Installing: /home/imjunhyung/turtlebot3_ws/install/turtlebot3_node/share/turtlebot3_node/package.dsv
[1.454s] -- Up-to-date: /home/imjunhyung/turtlebot3_ws/install/turtlebot3_node/share/ament_index/resource_index/packages/turtlebot3_node
[1.455s] -- Up-to-date: /home/imjunhyung/turtlebot3_ws/install/turtlebot3_node/share/turtlebot3_node/cmake/ament_cmake_export_include_directories-extras.cmake
[1.456s] -- Up-to-date: /home/imjunhyung/turtlebot3_ws/install/turtlebot3_node/share/turtlebot3_node/cmake/turtlebot3_nodeConfig.cmake
[1.456s] -- Up-to-date: /home/imjunhyung/turtlebot3_ws/install/turtlebot3_node/share/turtlebot3_node/cmake/turtlebot3_nodeConfig-version.cmake
[1.456s] -- Up-to-date: /home/imjunhyung/turtlebot3_ws/install/turtlebot3_node/share/turtlebot3_node/package.xml
[1.515s] Invoked command in '/home/imjunhyung/turtlebot3_ws/build/turtlebot3_node' returned '0': CMAKE_PREFIX_PATH=${CMAKE_PREFIX_PATH}:/home/imjunhyung/turtlebot3_ws/install/vel_send:/home/imjunhyung/turtlebot3_ws/install/turtlebot3_teleop:/home/imjunhyung/turtlebot3_ws/install/turtlebot3_example:/home/imjunhyung/turtlebot3_ws/install/roi:/home/imjunhyung/turtlebot3_ws/install/motor:/home/imjunhyung/turtlebot3_ws/install/detection:/opt/ros/foxy /home/imjunhyung/.local/bin/cmake --install /home/imjunhyung/turtlebot3_ws/build/turtlebot3_node
