[0.809s] Invoking command in '/home/theo/ros2_workspace/build/my_arduino': PYTHONPATH=/home/theo/ros2_workspace/build/my_arduino/prefix_override:/home/theo/ros2_workspace/install/my_arduino/lib/python3.8/site-packages:${PYTHONPATH} /usr/bin/python3 setup.py develop --editable --build-directory /home/theo/ros2_workspace/build/my_arduino/build --no-deps install_data
[1.039s] running develop
[1.175s] running egg_info
[1.175s] creating my_arduino.egg-info
[1.175s] writing my_arduino.egg-info/PKG-INFO
[1.175s] writing dependency_links to my_arduino.egg-info/dependency_links.txt
[1.175s] writing entry points to my_arduino.egg-info/entry_points.txt
[1.176s] writing requirements to my_arduino.egg-info/requires.txt
[1.176s] writing top-level names to my_arduino.egg-info/top_level.txt
[1.176s] writing manifest file 'my_arduino.egg-info/SOURCES.txt'
[1.208s] reading manifest file 'my_arduino.egg-info/SOURCES.txt'
[1.209s] writing manifest file 'my_arduino.egg-info/SOURCES.txt'
[1.241s] running build_ext
[1.242s] Creating /home/theo/ros2_workspace/install/my_arduino/lib/python3.8/site-packages/site.py
[1.243s] Creating /home/theo/ros2_workspace/install/my_arduino/lib/python3.8/site-packages/my-arduino.egg-link (link to .)
[1.244s] 
[1.245s] Installed /home/theo/ros2_workspace/build/my_arduino
[1.245s] running install_data
[1.245s] creating /home/theo/ros2_workspace/install/my_arduino/share/ament_index
[1.245s] creating /home/theo/ros2_workspace/install/my_arduino/share/ament_index/resource_index
[1.245s] creating /home/theo/ros2_workspace/install/my_arduino/share/ament_index/resource_index/packages
[1.245s] copying resource/my_arduino -> /home/theo/ros2_workspace/install/my_arduino/share/ament_index/resource_index/packages
[1.246s] copying package.xml -> /home/theo/ros2_workspace/install/my_arduino/share/my_arduino
[1.275s] Invoked command in '/home/theo/ros2_workspace/build/my_arduino' returned '0': PYTHONPATH=/home/theo/ros2_workspace/build/my_arduino/prefix_override:/home/theo/ros2_workspace/install/my_arduino/lib/python3.8/site-packages:${PYTHONPATH} /usr/bin/python3 setup.py develop --editable --build-directory /home/theo/ros2_workspace/build/my_arduino/build --no-deps install_data
