[0.031s] Invoking command in '/home/theo/ros2_workspace/build/my_package': CMAKE_PREFIX_PATH=${CMAKE_PREFIX_PATH}:/home/theo/colcon_ws/install/autonomous_tb3:/opt/ros/foxy /usr/bin/cmake --build /home/theo/ros2_workspace/build/my_package -- -j12 -l12
[0.077s] [100%] Built target arduino_publisher
[0.103s] Invoked command in '/home/theo/ros2_workspace/build/my_package' returned '0': CMAKE_PREFIX_PATH=${CMAKE_PREFIX_PATH}:/home/theo/colcon_ws/install/autonomous_tb3:/opt/ros/foxy /usr/bin/cmake --build /home/theo/ros2_workspace/build/my_package -- -j12 -l12
[0.149s] Invoking command in '/home/theo/ros2_workspace/build/my_package': CMAKE_PREFIX_PATH=${CMAKE_PREFIX_PATH}:/home/theo/colcon_ws/install/autonomous_tb3:/opt/ros/foxy /usr/bin/cmake --install /home/theo/ros2_workspace/build/my_package
[0.153s] -- Install configuration: ""
[0.154s] -- Up-to-date: /home/theo/ros2_workspace/install/my_package/lib/my_package/arduino_publisher
[0.154s] -- Up-to-date: /home/theo/ros2_workspace/install/my_package/share/ament_index/resource_index/package_run_dependencies/my_package
[0.154s] -- Up-to-date: /home/theo/ros2_workspace/install/my_package/share/ament_index/resource_index/parent_prefix_path/my_package
[0.155s] -- Up-to-date: /home/theo/ros2_workspace/install/my_package/share/my_package/environment/ament_prefix_path.sh
[0.155s] -- Up-to-date: /home/theo/ros2_workspace/install/my_package/share/my_package/environment/ament_prefix_path.dsv
[0.156s] -- Up-to-date: /home/theo/ros2_workspace/install/my_package/share/my_package/environment/path.sh
[0.159s] -- Up-to-date: /home/theo/ros2_workspace/install/my_package/share/my_package/environment/path.dsv
[0.159s] -- Up-to-date: /home/theo/ros2_workspace/install/my_package/share/my_package/local_setup.bash
[0.159s] -- Up-to-date: /home/theo/ros2_workspace/install/my_package/share/my_package/local_setup.sh
[0.159s] -- Up-to-date: /home/theo/ros2_workspace/install/my_package/share/my_package/local_setup.zsh
[0.159s] -- Up-to-date: /home/theo/ros2_workspace/install/my_package/share/my_package/local_setup.dsv
[0.160s] -- Installing: /home/theo/ros2_workspace/install/my_package/share/my_package/package.dsv
[0.160s] -- Up-to-date: /home/theo/ros2_workspace/install/my_package/share/ament_index/resource_index/packages/my_package
[0.160s] -- Up-to-date: /home/theo/ros2_workspace/install/my_package/share/my_package/cmake/my_packageConfig.cmake
[0.160s] -- Up-to-date: /home/theo/ros2_workspace/install/my_package/share/my_package/cmake/my_packageConfig-version.cmake
[0.161s] -- Up-to-date: /home/theo/ros2_workspace/install/my_package/share/my_package/package.xml
[0.184s] Invoked command in '/home/theo/ros2_workspace/build/my_package' returned '0': CMAKE_PREFIX_PATH=${CMAKE_PREFIX_PATH}:/home/theo/colcon_ws/install/autonomous_tb3:/opt/ros/foxy /usr/bin/cmake --install /home/theo/ros2_workspace/build/my_package
