[4.453s] Invoking command in '/home/imjunhyung/turtlebot3_ws/src/detection': PYTHONPATH=/home/imjunhyung/turtlebot3_ws/build/detection/prefix_override:/home/imjunhyung/turtlebot3_ws/install/detection/lib/python3.8/site-packages:${PYTHONPATH} /usr/bin/python3 setup.py egg_info --egg-base ../../build/detection build --build-base /home/imjunhyung/turtlebot3_ws/build/detection/build install --record /home/imjunhyung/turtlebot3_ws/build/detection/install.log --install-scripts $base/lib/detection --single-version-externally-managed
[5.084s] running egg_info
[5.085s] writing ../../build/detection/detection.egg-info/PKG-INFO
[5.086s] writing dependency_links to ../../build/detection/detection.egg-info/dependency_links.txt
[5.087s] writing entry points to ../../build/detection/detection.egg-info/entry_points.txt
[5.087s] writing requirements to ../../build/detection/detection.egg-info/requires.txt
[5.087s] writing top-level names to ../../build/detection/detection.egg-info/top_level.txt
[5.208s] reading manifest file '../../build/detection/detection.egg-info/SOURCES.txt'
[5.214s] writing manifest file '../../build/detection/detection.egg-info/SOURCES.txt'
[5.215s] running build
[5.215s] running build_py
[5.216s] running install
[5.218s] running install_lib
[5.222s] running install_data
[5.223s] running install_egg_info
[5.227s] removing '/home/imjunhyung/turtlebot3_ws/install/detection/lib/python3.8/site-packages/detection-0.0.0-py3.8.egg-info' (and everything under it)
[5.227s] Copying ../../build/detection/detection.egg-info to /home/imjunhyung/turtlebot3_ws/install/detection/lib/python3.8/site-packages/detection-0.0.0-py3.8.egg-info
[5.241s] running install_scripts
[5.287s] Installing detection script to /home/imjunhyung/turtlebot3_ws/install/detection/lib/detection
[5.287s] writing list of installed files to '/home/imjunhyung/turtlebot3_ws/build/detection/install.log'
[5.410s] Invoked command in '/home/imjunhyung/turtlebot3_ws/src/detection' returned '0': PYTHONPATH=/home/imjunhyung/turtlebot3_ws/build/detection/prefix_override:/home/imjunhyung/turtlebot3_ws/install/detection/lib/python3.8/site-packages:${PYTHONPATH} /usr/bin/python3 setup.py egg_info --egg-base ../../build/detection build --build-base /home/imjunhyung/turtlebot3_ws/build/detection/build install --record /home/imjunhyung/turtlebot3_ws/build/detection/install.log --install-scripts $base/lib/detection --single-version-externally-managed
