[2.500s] Invoking command in '/home/imjunhyung/turtlebot3_ws/src/detection': PYTHONPATH=/home/imjunhyung/turtlebot3_ws/build/detection/prefix_override:/home/imjunhyung/turtlebot3_ws/install/detection/lib/python3.8/site-packages:${PYTHONPATH} /usr/bin/python3 setup.py egg_info --egg-base ../../build/detection build --build-base /home/imjunhyung/turtlebot3_ws/build/detection/build install --record /home/imjunhyung/turtlebot3_ws/build/detection/install.log --install-scripts $base/lib/detection --single-version-externally-managed
[3.162s] running egg_info
[3.163s] writing ../../build/detection/detection.egg-info/PKG-INFO
[3.163s] writing dependency_links to ../../build/detection/detection.egg-info/dependency_links.txt
[3.163s] writing entry points to ../../build/detection/detection.egg-info/entry_points.txt
[3.164s] writing requirements to ../../build/detection/detection.egg-info/requires.txt
[3.164s] writing top-level names to ../../build/detection/detection.egg-info/top_level.txt
[3.245s] reading manifest file '../../build/detection/detection.egg-info/SOURCES.txt'
[3.247s] writing manifest file '../../build/detection/detection.egg-info/SOURCES.txt'
[3.247s] running build
[3.247s] running build_py
[3.247s] running install
[3.249s] running install_lib
[3.252s] running install_data
[3.253s] running install_egg_info
[3.256s] removing '/home/imjunhyung/turtlebot3_ws/install/detection/lib/python3.8/site-packages/detection-0.0.0-py3.8.egg-info' (and everything under it)
[3.257s] Copying ../../build/detection/detection.egg-info to /home/imjunhyung/turtlebot3_ws/install/detection/lib/python3.8/site-packages/detection-0.0.0-py3.8.egg-info
[3.258s] running install_scripts
[3.292s] Installing detection script to /home/imjunhyung/turtlebot3_ws/install/detection/lib/detection
[3.292s] writing list of installed files to '/home/imjunhyung/turtlebot3_ws/build/detection/install.log'
[3.521s] Invoked command in '/home/imjunhyung/turtlebot3_ws/src/detection' returned '0': PYTHONPATH=/home/imjunhyung/turtlebot3_ws/build/detection/prefix_override:/home/imjunhyung/turtlebot3_ws/install/detection/lib/python3.8/site-packages:${PYTHONPATH} /usr/bin/python3 setup.py egg_info --egg-base ../../build/detection build --build-base /home/imjunhyung/turtlebot3_ws/build/detection/build install --record /home/imjunhyung/turtlebot3_ws/build/detection/install.log --install-scripts $base/lib/detection --single-version-externally-managed
