[0.160s] Invoking command in '/home/imjunhyung/turtlebot3_ws/build/getpo': CMAKE_PREFIX_PATH=${CMAKE_PREFIX_PATH}:/opt/ros/foxy /home/imjunhyung/.local/bin/cmake --build /home/imjunhyung/turtlebot3_ws/build/getpo -- -j8 -l8
[0.305s] [100%] Built target getpo
[0.917s] Invoked command in '/home/imjunhyung/turtlebot3_ws/build/getpo' returned '0': CMAKE_PREFIX_PATH=${CMAKE_PREFIX_PATH}:/opt/ros/foxy /home/imjunhyung/.local/bin/cmake --build /home/imjunhyung/turtlebot3_ws/build/getpo -- -j8 -l8
[1.038s] Invoking command in '/home/imjunhyung/turtlebot3_ws/build/getpo': CMAKE_PREFIX_PATH=${CMAKE_PREFIX_PATH}:/opt/ros/foxy /home/imjunhyung/.local/bin/cmake --install /home/imjunhyung/turtlebot3_ws/build/getpo
[1.162s] -- Install configuration: ""
[1.163s] -- Up-to-date: /home/imjunhyung/turtlebot3_ws/install/getpo/lib/getpo/getpo
[1.163s] -- Up-to-date: /home/imjunhyung/turtlebot3_ws/install/getpo/share/ament_index/resource_index/package_run_dependencies/getpo
[1.164s] -- Up-to-date: /home/imjunhyung/turtlebot3_ws/install/getpo/share/ament_index/resource_index/parent_prefix_path/getpo
[1.164s] -- Up-to-date: /home/imjunhyung/turtlebot3_ws/install/getpo/share/getpo/environment/ament_prefix_path.sh
[1.164s] -- Up-to-date: /home/imjunhyung/turtlebot3_ws/install/getpo/share/getpo/environment/ament_prefix_path.dsv
[1.165s] -- Up-to-date: /home/imjunhyung/turtlebot3_ws/install/getpo/share/getpo/environment/path.sh
[1.165s] -- Up-to-date: /home/imjunhyung/turtlebot3_ws/install/getpo/share/getpo/environment/path.dsv
[1.165s] -- Up-to-date: /home/imjunhyung/turtlebot3_ws/install/getpo/share/getpo/local_setup.bash
[1.165s] -- Up-to-date: /home/imjunhyung/turtlebot3_ws/install/getpo/share/getpo/local_setup.sh
[1.166s] -- Up-to-date: /home/imjunhyung/turtlebot3_ws/install/getpo/share/getpo/local_setup.zsh
[1.166s] -- Up-to-date: /home/imjunhyung/turtlebot3_ws/install/getpo/share/getpo/local_setup.dsv
[1.167s] -- Installing: /home/imjunhyung/turtlebot3_ws/install/getpo/share/getpo/package.dsv
[1.167s] -- Up-to-date: /home/imjunhyung/turtlebot3_ws/install/getpo/share/ament_index/resource_index/packages/getpo
[1.167s] -- Up-to-date: /home/imjunhyung/turtlebot3_ws/install/getpo/share/getpo/cmake/getpoConfig.cmake
[1.168s] -- Up-to-date: /home/imjunhyung/turtlebot3_ws/install/getpo/share/getpo/cmake/getpoConfig-version.cmake
[1.168s] -- Up-to-date: /home/imjunhyung/turtlebot3_ws/install/getpo/share/getpo/package.xml
[1.196s] Invoked command in '/home/imjunhyung/turtlebot3_ws/build/getpo' returned '0': CMAKE_PREFIX_PATH=${CMAKE_PREFIX_PATH}:/opt/ros/foxy /home/imjunhyung/.local/bin/cmake --install /home/imjunhyung/turtlebot3_ws/build/getpo
