[0.078s] Invoking command in '/home/theo/ros2_workspace/build/arduino_pck': CMAKE_PREFIX_PATH=${CMAKE_PREFIX_PATH}:/home/theo/ros2_workspace/install/serial_arduino_python_pkg:/home/theo/ros2_workspace/install/ros2_serial_interface:/home/theo/ros2_workspace/install/py_pubsub:/home/theo/ros2_workspace/install/pubsub_py:/home/theo/ros2_workspace/install/my_arduino:/home/theo/colcon_ws/install/autonomous_tb3:/opt/ros/foxy /usr/bin/cmake --build /home/theo/ros2_workspace/build/arduino_pck -- -j12 -l12
[0.546s] Invoked command in '/home/theo/ros2_workspace/build/arduino_pck' returned '0': CMAKE_PREFIX_PATH=${CMAKE_PREFIX_PATH}:/home/theo/ros2_workspace/install/serial_arduino_python_pkg:/home/theo/ros2_workspace/install/ros2_serial_interface:/home/theo/ros2_workspace/install/py_pubsub:/home/theo/ros2_workspace/install/pubsub_py:/home/theo/ros2_workspace/install/my_arduino:/home/theo/colcon_ws/install/autonomous_tb3:/opt/ros/foxy /usr/bin/cmake --build /home/theo/ros2_workspace/build/arduino_pck -- -j12 -l12
[0.581s] Invoking command in '/home/theo/ros2_workspace/build/arduino_pck': CMAKE_PREFIX_PATH=${CMAKE_PREFIX_PATH}:/home/theo/ros2_workspace/install/serial_arduino_python_pkg:/home/theo/ros2_workspace/install/ros2_serial_interface:/home/theo/ros2_workspace/install/py_pubsub:/home/theo/ros2_workspace/install/pubsub_py:/home/theo/ros2_workspace/install/my_arduino:/home/theo/colcon_ws/install/autonomous_tb3:/opt/ros/foxy /usr/bin/cmake --install /home/theo/ros2_workspace/build/arduino_pck
[0.595s] -- Install configuration: ""
[0.597s] -- Execute custom install script
[0.599s] -- Up-to-date symlink: /home/theo/ros2_workspace/install/arduino_pck/share/ament_index/resource_index/package_run_dependencies/arduino_pck
[0.600s] -- Up-to-date symlink: /home/theo/ros2_workspace/install/arduino_pck/share/ament_index/resource_index/parent_prefix_path/arduino_pck
[0.600s] -- Up-to-date symlink: /home/theo/ros2_workspace/install/arduino_pck/share/arduino_pck/environment/ament_prefix_path.sh
[0.600s] -- Up-to-date symlink: /home/theo/ros2_workspace/install/arduino_pck/share/arduino_pck/environment/ament_prefix_path.dsv
[0.600s] -- Up-to-date symlink: /home/theo/ros2_workspace/install/arduino_pck/share/arduino_pck/environment/path.sh
[0.600s] -- Up-to-date symlink: /home/theo/ros2_workspace/install/arduino_pck/share/arduino_pck/environment/path.dsv
[0.600s] -- Up-to-date symlink: /home/theo/ros2_workspace/install/arduino_pck/share/arduino_pck/local_setup.bash
[0.601s] -- Up-to-date symlink: /home/theo/ros2_workspace/install/arduino_pck/share/arduino_pck/local_setup.sh
[0.602s] -- Up-to-date symlink: /home/theo/ros2_workspace/install/arduino_pck/share/arduino_pck/local_setup.zsh
[0.602s] -- Up-to-date symlink: /home/theo/ros2_workspace/install/arduino_pck/share/arduino_pck/local_setup.dsv
[0.602s] -- Symlinking: /home/theo/ros2_workspace/install/arduino_pck/share/arduino_pck/package.dsv
[0.607s] -- Up-to-date symlink: /home/theo/ros2_workspace/install/arduino_pck/share/ament_index/resource_index/packages/arduino_pck
[0.608s] -- Up-to-date symlink: /home/theo/ros2_workspace/install/arduino_pck/share/arduino_pck/cmake/arduino_pckConfig.cmake
[0.608s] -- Up-to-date symlink: /home/theo/ros2_workspace/install/arduino_pck/share/arduino_pck/cmake/arduino_pckConfig-version.cmake
[0.608s] -- Up-to-date symlink: /home/theo/ros2_workspace/install/arduino_pck/share/arduino_pck/package.xml
[0.611s] Invoked command in '/home/theo/ros2_workspace/build/arduino_pck' returned '0': CMAKE_PREFIX_PATH=${CMAKE_PREFIX_PATH}:/home/theo/ros2_workspace/install/serial_arduino_python_pkg:/home/theo/ros2_workspace/install/ros2_serial_interface:/home/theo/ros2_workspace/install/py_pubsub:/home/theo/ros2_workspace/install/pubsub_py:/home/theo/ros2_workspace/install/my_arduino:/home/theo/colcon_ws/install/autonomous_tb3:/opt/ros/foxy /usr/bin/cmake --install /home/theo/ros2_workspace/build/arduino_pck
