[0.297s] Invoking command in '/home/imjunhyung/turtlebot3_ws/build/getpo': CMAKE_PREFIX_PATH=${CMAKE_PREFIX_PATH}:/opt/ros/foxy /home/imjunhyung/.local/bin/cmake /home/imjunhyung/turtlebot3_ws/src/getpo -DCMAKE_INSTALL_PREFIX=/home/imjunhyung/turtlebot3_ws/install/getpo
[0.439s] -- The C compiler identification is GNU 9.4.0
[0.585s] -- The CXX compiler identification is GNU 9.4.0
[0.608s] -- Detecting C compiler ABI info
[0.685s] -- Detecting C compiler ABI info - done
[0.698s] -- Check for working C compiler: /usr/bin/cc - skipped
[0.699s] -- Detecting C compile features
[0.700s] -- Detecting C compile features - done
[0.705s] -- Detecting CXX compiler ABI info
[0.798s] -- Detecting CXX compiler ABI info - done
[0.813s] -- Check for working CXX compiler: /usr/bin/c++ - skipped
[0.813s] -- Detecting CXX compile features
[0.814s] -- Detecting CXX compile features - done
[0.818s] -- Found ament_cmake: 0.9.12 (/opt/ros/foxy/share/ament_cmake/cmake)
[0.900s] -- Found PythonInterp: /usr/bin/python3 (found suitable version "3.8.10", minimum required is "3") 
[0.900s] -- Using PYTHON_EXECUTABLE: /usr/bin/python3
[1.513s] -- Found rclcpp: 2.4.3 (/opt/ros/foxy/share/rclcpp/cmake)
[1.965s] -- Using all available rosidl_typesupport_c: rosidl_typesupport_fastrtps_c;rosidl_typesupport_introspection_c
[2.041s] -- Found rosidl_adapter: 1.3.1 (/opt/ros/foxy/share/rosidl_adapter/cmake)
[2.539s] -- Found OpenSSL: /usr/lib/x86_64-linux-gnu/libcrypto.so (found version "1.1.1f")  
[2.618s] -- Found FastRTPS: /opt/ros/foxy/include  
[2.826s] -- Using all available rosidl_typesupport_cpp: rosidl_typesupport_fastrtps_cpp;rosidl_typesupport_introspection_cpp
[3.072s] -- Found rmw_implementation_cmake: 1.0.4 (/opt/ros/foxy/share/rmw_implementation_cmake/cmake)
[3.073s] -- Using RMW implementation 'rmw_fastrtps_cpp' as default
[3.127s] -- Performing Test CMAKE_HAVE_LIBC_PTHREAD
[3.433s] -- Performing Test CMAKE_HAVE_LIBC_PTHREAD - Failed
[3.433s] -- Looking for pthread_create in pthreads
[3.518s] -- Looking for pthread_create in pthreads - not found
[3.519s] -- Looking for pthread_create in pthread
[3.610s] -- Looking for pthread_create in pthread - found
[3.613s] -- Found Threads: TRUE  
[4.130s] -- Found sensor_msgs: 2.0.5 (/opt/ros/foxy/share/sensor_msgs/cmake)
[4.352s] -- Found ament_lint_auto: 0.9.8 (/opt/ros/foxy/share/ament_lint_auto/cmake)
[4.645s] -- Added test 'copyright' to check source files copyright and LICENSE
[4.650s] -- Added test 'cppcheck' to perform static code analysis on C / C++ code
[4.651s] -- Configured cppcheck include dirs: 
[4.651s] -- Configured cppcheck exclude dirs and/or files: 
[4.654s] -- Added test 'cpplint' to check C / C++ code against the Google style
[4.654s] -- Configured cpplint exclude dirs and/or files: 
[4.658s] -- Added test 'lint_cmake' to check CMake code style
[4.683s] -- Added test 'uncrustify' to check C / C++ code style
[4.683s] -- Configured uncrustify additional arguments: 
[4.684s] -- Added test 'xmllint' to check XML markup files
[4.686s] -- Configuring done (4.3s)
[4.700s] -- Generating done (0.0s)
[4.703s] -- Build files have been written to: /home/imjunhyung/turtlebot3_ws/build/getpo
[4.721s] Invoked command in '/home/imjunhyung/turtlebot3_ws/build/getpo' returned '0': CMAKE_PREFIX_PATH=${CMAKE_PREFIX_PATH}:/opt/ros/foxy /home/imjunhyung/.local/bin/cmake /home/imjunhyung/turtlebot3_ws/src/getpo -DCMAKE_INSTALL_PREFIX=/home/imjunhyung/turtlebot3_ws/install/getpo
[4.724s] Invoking command in '/home/imjunhyung/turtlebot3_ws/build/getpo': CMAKE_PREFIX_PATH=${CMAKE_PREFIX_PATH}:/opt/ros/foxy /home/imjunhyung/.local/bin/cmake --build /home/imjunhyung/turtlebot3_ws/build/getpo -- -j8 -l8
[4.789s] [ 50%] [32mBuilding CXX object CMakeFiles/getpo.dir/src/getpo.cpp.o[0m
[22.471s] [100%] [32m[1mLinking CXX executable getpo[0m
[24.053s] [100%] Built target getpo
[24.081s] Invoked command in '/home/imjunhyung/turtlebot3_ws/build/getpo' returned '0': CMAKE_PREFIX_PATH=${CMAKE_PREFIX_PATH}:/opt/ros/foxy /home/imjunhyung/.local/bin/cmake --build /home/imjunhyung/turtlebot3_ws/build/getpo -- -j8 -l8
[24.172s] Invoking command in '/home/imjunhyung/turtlebot3_ws/build/getpo': CMAKE_PREFIX_PATH=${CMAKE_PREFIX_PATH}:/opt/ros/foxy /home/imjunhyung/.local/bin/cmake --install /home/imjunhyung/turtlebot3_ws/build/getpo
[24.238s] -- Install configuration: ""
[24.239s] -- Installing: /home/imjunhyung/turtlebot3_ws/install/getpo/lib/getpo/getpo
[24.242s] -- Set runtime path of "/home/imjunhyung/turtlebot3_ws/install/getpo/lib/getpo/getpo" to ""
[24.243s] -- Installing: /home/imjunhyung/turtlebot3_ws/install/getpo/share/ament_index/resource_index/package_run_dependencies/getpo
[24.243s] -- Installing: /home/imjunhyung/turtlebot3_ws/install/getpo/share/ament_index/resource_index/parent_prefix_path/getpo
[24.243s] -- Installing: /home/imjunhyung/turtlebot3_ws/install/getpo/share/getpo/environment/ament_prefix_path.sh
[24.244s] -- Installing: /home/imjunhyung/turtlebot3_ws/install/getpo/share/getpo/environment/ament_prefix_path.dsv
[24.244s] -- Installing: /home/imjunhyung/turtlebot3_ws/install/getpo/share/getpo/environment/path.sh
[24.244s] -- Installing: /home/imjunhyung/turtlebot3_ws/install/getpo/share/getpo/environment/path.dsv
[24.245s] -- Installing: /home/imjunhyung/turtlebot3_ws/install/getpo/share/getpo/local_setup.bash
[24.245s] -- Installing: /home/imjunhyung/turtlebot3_ws/install/getpo/share/getpo/local_setup.sh
[24.245s] -- Installing: /home/imjunhyung/turtlebot3_ws/install/getpo/share/getpo/local_setup.zsh
[24.245s] -- Installing: /home/imjunhyung/turtlebot3_ws/install/getpo/share/getpo/local_setup.dsv
[24.246s] -- Installing: /home/imjunhyung/turtlebot3_ws/install/getpo/share/getpo/package.dsv
[24.246s] -- Installing: /home/imjunhyung/turtlebot3_ws/install/getpo/share/ament_index/resource_index/packages/getpo
[24.246s] -- Installing: /home/imjunhyung/turtlebot3_ws/install/getpo/share/getpo/cmake/getpoConfig.cmake
[24.246s] -- Installing: /home/imjunhyung/turtlebot3_ws/install/getpo/share/getpo/cmake/getpoConfig-version.cmake
[24.247s] -- Installing: /home/imjunhyung/turtlebot3_ws/install/getpo/share/getpo/package.xml
[24.255s] Invoked command in '/home/imjunhyung/turtlebot3_ws/build/getpo' returned '0': CMAKE_PREFIX_PATH=${CMAKE_PREFIX_PATH}:/opt/ros/foxy /home/imjunhyung/.local/bin/cmake --install /home/imjunhyung/turtlebot3_ws/build/getpo
