[0.561s] Invoking command in '/home/imjunhyung/turtlebot3_ws/build/turtlebot3_fake_node': CMAKE_PREFIX_PATH=${CMAKE_PREFIX_PATH}:/opt/ros/foxy /home/imjunhyung/.local/bin/cmake /home/imjunhyung/turtlebot3_ws/src/turtlebot3_simulations/turtlebot3_fake_node -DCMAKE_INSTALL_PREFIX=/home/imjunhyung/turtlebot3_ws/install/turtlebot3_fake_node
[1.611s] -- The C compiler identification is GNU 9.4.0
[1.611s] -- The CXX compiler identification is GNU 9.4.0
[1.611s] -- Detecting C compiler ABI info
[1.611s] -- Detecting C compiler ABI info - done
[1.611s] -- Check for working C compiler: /usr/bin/cc - skipped
[1.611s] -- Detecting C compile features
[1.612s] -- Detecting C compile features - done
[1.612s] -- Detecting CXX compiler ABI info
[1.612s] -- Detecting CXX compiler ABI info - done
[1.612s] -- Check for working CXX compiler: /usr/bin/c++ - skipped
[1.612s] -- Detecting CXX compile features
[1.612s] -- Detecting CXX compile features - done
[1.613s] -- Found ament_cmake: 0.9.12 (/opt/ros/foxy/share/ament_cmake/cmake)
[1.613s] -- Found PythonInterp: /usr/bin/python3 (found suitable version "3.8.10", minimum required is "3") 
[1.613s] -- Using PYTHON_EXECUTABLE: /usr/bin/python3
[1.738s] -- Found geometry_msgs: 2.0.5 (/opt/ros/foxy/share/geometry_msgs/cmake)
[1.835s] -- Using all available rosidl_typesupport_c: rosidl_typesupport_fastrtps_c;rosidl_typesupport_introspection_c
[1.861s] -- Found rosidl_adapter: 1.3.1 (/opt/ros/foxy/share/rosidl_adapter/cmake)
[2.055s] -- Found OpenSSL: /usr/lib/x86_64-linux-gnu/libcrypto.so (found version "1.1.1f")  
[2.153s] -- Found FastRTPS: /opt/ros/foxy/include  
[2.381s] -- Using all available rosidl_typesupport_cpp: rosidl_typesupport_fastrtps_cpp;rosidl_typesupport_introspection_cpp
[2.648s] -- Found nav_msgs: 2.0.5 (/opt/ros/foxy/share/nav_msgs/cmake)
[2.882s] -- Found rclcpp: 2.4.3 (/opt/ros/foxy/share/rclcpp/cmake)
[2.984s] -- Found rmw_implementation_cmake: 1.0.4 (/opt/ros/foxy/share/rmw_implementation_cmake/cmake)
[2.987s] -- Using RMW implementation 'rmw_fastrtps_cpp' as default
[2.990s] -- Performing Test CMAKE_HAVE_LIBC_PTHREAD
[3.112s] -- Performing Test CMAKE_HAVE_LIBC_PTHREAD - Failed
[3.112s] -- Looking for pthread_create in pthreads
[3.191s] -- Looking for pthread_create in pthreads - not found
[3.191s] -- Looking for pthread_create in pthread
[3.326s] -- Looking for pthread_create in pthread - found
[3.328s] -- Found Threads: TRUE  
[3.746s] -- Found sensor_msgs: 2.0.5 (/opt/ros/foxy/share/sensor_msgs/cmake)
[3.973s] -- Found tf2: 0.13.14 (/opt/ros/foxy/share/tf2/cmake)
[4.007s] -- Found tf2_msgs: 0.13.14 (/opt/ros/foxy/share/tf2_msgs/cmake)
[4.528s] -- Found turtlebot3_msgs: 2.2.1 (/opt/ros/foxy/share/turtlebot3_msgs/cmake)
[4.791s] -- Configuring done (4.2s)
[4.814s] -- Generating done (0.0s)
[4.816s] -- Build files have been written to: /home/imjunhyung/turtlebot3_ws/build/turtlebot3_fake_node
[4.876s] Invoked command in '/home/imjunhyung/turtlebot3_ws/build/turtlebot3_fake_node' returned '0': CMAKE_PREFIX_PATH=${CMAKE_PREFIX_PATH}:/opt/ros/foxy /home/imjunhyung/.local/bin/cmake /home/imjunhyung/turtlebot3_ws/src/turtlebot3_simulations/turtlebot3_fake_node -DCMAKE_INSTALL_PREFIX=/home/imjunhyung/turtlebot3_ws/install/turtlebot3_fake_node
[4.881s] Invoking command in '/home/imjunhyung/turtlebot3_ws/build/turtlebot3_fake_node': CMAKE_PREFIX_PATH=${CMAKE_PREFIX_PATH}:/opt/ros/foxy /home/imjunhyung/.local/bin/cmake --build /home/imjunhyung/turtlebot3_ws/build/turtlebot3_fake_node -- -j8 -l8
[6.431s] [ 50%] [32mBuilding CXX object CMakeFiles/turtlebot3_fake_node.dir/src/turtlebot3_fake_node.cpp.o[0m
[32.205s] [100%] [32m[1mLinking CXX executable turtlebot3_fake_node[0m
[33.790s] [100%] Built target turtlebot3_fake_node
[33.825s] Invoked command in '/home/imjunhyung/turtlebot3_ws/build/turtlebot3_fake_node' returned '0': CMAKE_PREFIX_PATH=${CMAKE_PREFIX_PATH}:/opt/ros/foxy /home/imjunhyung/.local/bin/cmake --build /home/imjunhyung/turtlebot3_ws/build/turtlebot3_fake_node -- -j8 -l8
[34.273s] Invoking command in '/home/imjunhyung/turtlebot3_ws/build/turtlebot3_fake_node': CMAKE_PREFIX_PATH=${CMAKE_PREFIX_PATH}:/opt/ros/foxy /home/imjunhyung/.local/bin/cmake --install /home/imjunhyung/turtlebot3_ws/build/turtlebot3_fake_node
[34.356s] -- Install configuration: ""
[34.356s] -- Installing: /home/imjunhyung/turtlebot3_ws/install/turtlebot3_fake_node/lib/turtlebot3_fake_node/turtlebot3_fake_node
[34.362s] -- Set runtime path of "/home/imjunhyung/turtlebot3_ws/install/turtlebot3_fake_node/lib/turtlebot3_fake_node/turtlebot3_fake_node" to ""
[34.362s] -- Installing: /home/imjunhyung/turtlebot3_ws/install/turtlebot3_fake_node/share/turtlebot3_fake_node/launch
[34.363s] -- Installing: /home/imjunhyung/turtlebot3_ws/install/turtlebot3_fake_node/share/turtlebot3_fake_node/launch/turtlebot3_fake_node.launch.py
[34.363s] -- Installing: /home/imjunhyung/turtlebot3_ws/install/turtlebot3_fake_node/share/turtlebot3_fake_node/launch/rviz2.launch.py
[34.363s] -- Installing: /home/imjunhyung/turtlebot3_ws/install/turtlebot3_fake_node/share/turtlebot3_fake_node/param
[34.363s] -- Installing: /home/imjunhyung/turtlebot3_ws/install/turtlebot3_fake_node/share/turtlebot3_fake_node/param/waffle_pi.yaml
[34.364s] -- Installing: /home/imjunhyung/turtlebot3_ws/install/turtlebot3_fake_node/share/turtlebot3_fake_node/param/burger.yaml
[34.364s] -- Installing: /home/imjunhyung/turtlebot3_ws/install/turtlebot3_fake_node/share/turtlebot3_fake_node/param/waffle.yaml
[34.364s] -- Installing: /home/imjunhyung/turtlebot3_ws/install/turtlebot3_fake_node/share/turtlebot3_fake_node/rviz
[34.364s] -- Installing: /home/imjunhyung/turtlebot3_ws/install/turtlebot3_fake_node/share/turtlebot3_fake_node/rviz/model.rviz
[34.365s] -- Installing: /home/imjunhyung/turtlebot3_ws/install/turtlebot3_fake_node/include/
[34.365s] -- Installing: /home/imjunhyung/turtlebot3_ws/install/turtlebot3_fake_node/include//turtlebot3_fake_node
[34.365s] -- Installing: /home/imjunhyung/turtlebot3_ws/install/turtlebot3_fake_node/include//turtlebot3_fake_node/turtlebot3_fake_node.hpp
[34.366s] -- Installing: /home/imjunhyung/turtlebot3_ws/install/turtlebot3_fake_node/share/ament_index/resource_index/package_run_dependencies/turtlebot3_fake_node
[34.366s] -- Installing: /home/imjunhyung/turtlebot3_ws/install/turtlebot3_fake_node/share/ament_index/resource_index/parent_prefix_path/turtlebot3_fake_node
[34.366s] -- Installing: /home/imjunhyung/turtlebot3_ws/install/turtlebot3_fake_node/share/turtlebot3_fake_node/environment/ament_prefix_path.sh
[34.366s] -- Installing: /home/imjunhyung/turtlebot3_ws/install/turtlebot3_fake_node/share/turtlebot3_fake_node/environment/ament_prefix_path.dsv
[34.367s] -- Installing: /home/imjunhyung/turtlebot3_ws/install/turtlebot3_fake_node/share/turtlebot3_fake_node/environment/path.sh
[34.367s] -- Installing: /home/imjunhyung/turtlebot3_ws/install/turtlebot3_fake_node/share/turtlebot3_fake_node/environment/path.dsv
[34.367s] -- Installing: /home/imjunhyung/turtlebot3_ws/install/turtlebot3_fake_node/share/turtlebot3_fake_node/local_setup.bash
[34.368s] -- Installing: /home/imjunhyung/turtlebot3_ws/install/turtlebot3_fake_node/share/turtlebot3_fake_node/local_setup.sh
[34.368s] -- Installing: /home/imjunhyung/turtlebot3_ws/install/turtlebot3_fake_node/share/turtlebot3_fake_node/local_setup.zsh
[34.368s] -- Installing: /home/imjunhyung/turtlebot3_ws/install/turtlebot3_fake_node/share/turtlebot3_fake_node/local_setup.dsv
[34.369s] -- Installing: /home/imjunhyung/turtlebot3_ws/install/turtlebot3_fake_node/share/turtlebot3_fake_node/package.dsv
[34.369s] -- Installing: /home/imjunhyung/turtlebot3_ws/install/turtlebot3_fake_node/share/ament_index/resource_index/packages/turtlebot3_fake_node
[34.369s] -- Installing: /home/imjunhyung/turtlebot3_ws/install/turtlebot3_fake_node/share/turtlebot3_fake_node/cmake/ament_cmake_export_include_directories-extras.cmake
[34.370s] -- Installing: /home/imjunhyung/turtlebot3_ws/install/turtlebot3_fake_node/share/turtlebot3_fake_node/cmake/ament_cmake_export_dependencies-extras.cmake
[34.370s] -- Installing: /home/imjunhyung/turtlebot3_ws/install/turtlebot3_fake_node/share/turtlebot3_fake_node/cmake/turtlebot3_fake_nodeConfig.cmake
[34.370s] -- Installing: /home/imjunhyung/turtlebot3_ws/install/turtlebot3_fake_node/share/turtlebot3_fake_node/cmake/turtlebot3_fake_nodeConfig-version.cmake
[34.371s] -- Installing: /home/imjunhyung/turtlebot3_ws/install/turtlebot3_fake_node/share/turtlebot3_fake_node/package.xml
[34.389s] Invoked command in '/home/imjunhyung/turtlebot3_ws/build/turtlebot3_fake_node' returned '0': CMAKE_PREFIX_PATH=${CMAKE_PREFIX_PATH}:/opt/ros/foxy /home/imjunhyung/.local/bin/cmake --install /home/imjunhyung/turtlebot3_ws/build/turtlebot3_fake_node
