[0.284s] DEBUG:colcon:Command line arguments: ['/usr/bin/colcon', 'build', '--symlink-install']
[0.284s] DEBUG:colcon:Parsed command line arguments: Namespace(allow_overriding=[], ament_cmake_args=None, base_paths=['.'], build_base='build', catkin_cmake_args=None, catkin_skip_building_tests=False, cmake_args=None, cmake_clean_cache=False, cmake_clean_first=False, cmake_force_configure=False, cmake_target=None, cmake_target_skip_unavailable=False, continue_on_error=False, event_handlers=None, executor='parallel', ignore_user_meta=False, install_base='install', log_base=None, log_level=None, main=<bound method BuildVerb.main of <colcon_core.verb.build.BuildVerb object at 0x7fba24ebe220>>, merge_install=False, metas=['./colcon.meta'], packages_above=None, packages_above_and_dependencies=None, packages_above_depth=None, packages_end=None, packages_ignore=None, packages_ignore_regex=None, packages_select=None, packages_select_build_failed=False, packages_select_by_dep=None, packages_select_regex=None, packages_select_test_failures=False, packages_skip=None, packages_skip_build_finished=False, packages_skip_by_dep=None, packages_skip_regex=None, packages_skip_test_passed=False, packages_skip_up_to=None, packages_start=None, packages_up_to=None, packages_up_to_regex=None, parallel_workers=12, paths=None, symlink_install=True, test_result_base=None, verb_extension=<colcon_core.verb.build.BuildVerb object at 0x7fba24ebe220>, verb_name='build', verb_parser=<colcon_defaults.argument_parser.defaults.DefaultArgumentsDecorator object at 0x7fba24ebe760>)
[0.323s] Level 1:colcon.colcon_core.package_discovery:discover_packages(colcon_meta) check parameters
[0.323s] Level 1:colcon.colcon_core.package_discovery:discover_packages(recursive) check parameters
[0.323s] Level 1:colcon.colcon_core.package_discovery:discover_packages(ignore) check parameters
[0.323s] Level 1:colcon.colcon_core.package_discovery:discover_packages(path) check parameters
[0.323s] Level 1:colcon.colcon_core.package_discovery:discover_packages(colcon_meta) discover
[0.323s] Level 1:colcon.colcon_core.package_discovery:discover_packages(recursive) discover
[0.323s] INFO:colcon.colcon_core.package_discovery:Crawling recursively for packages in '/home/theo/ros2_workspace'
[0.323s] Level 1:colcon.colcon_core.package_identification:_identify(.) by extensions ['ignore', 'ignore_ament_install']
[0.323s] Level 1:colcon.colcon_core.package_identification:_identify(.) by extension 'ignore'
[0.323s] Level 1:colcon.colcon_core.package_identification:_identify(.) by extension 'ignore_ament_install'
[0.323s] Level 1:colcon.colcon_core.package_identification:_identify(.) by extensions ['colcon_pkg']
[0.323s] Level 1:colcon.colcon_core.package_identification:_identify(.) by extension 'colcon_pkg'
[0.323s] Level 1:colcon.colcon_core.package_identification:_identify(.) by extensions ['colcon_meta']
[0.323s] Level 1:colcon.colcon_core.package_identification:_identify(.) by extension 'colcon_meta'
[0.323s] Level 1:colcon.colcon_core.package_identification:_identify(.) by extensions ['ros']
[0.323s] Level 1:colcon.colcon_core.package_identification:_identify(.) by extension 'ros'
[0.333s] Level 1:colcon.colcon_core.package_identification:_identify(.) by extensions ['cmake', 'python']
[0.333s] Level 1:colcon.colcon_core.package_identification:_identify(.) by extension 'cmake'
[0.333s] Level 1:colcon.colcon_core.package_identification:_identify(.) by extension 'python'
[0.333s] Level 1:colcon.colcon_core.package_identification:_identify(.) by extensions ['python_setup_py']
[0.333s] Level 1:colcon.colcon_core.package_identification:_identify(.) by extension 'python_setup_py'
[0.333s] Level 1:colcon.colcon_core.package_identification:_identify(build) by extensions ['ignore', 'ignore_ament_install']
[0.333s] Level 1:colcon.colcon_core.package_identification:_identify(build) by extension 'ignore'
[0.333s] Level 1:colcon.colcon_core.package_identification:_identify(build) ignored
[0.333s] Level 1:colcon.colcon_core.package_identification:_identify(install) by extensions ['ignore', 'ignore_ament_install']
[0.333s] Level 1:colcon.colcon_core.package_identification:_identify(install) by extension 'ignore'
[0.333s] Level 1:colcon.colcon_core.package_identification:_identify(install) ignored
[0.333s] Level 1:colcon.colcon_core.package_identification:_identify(log) by extensions ['ignore', 'ignore_ament_install']
[0.333s] Level 1:colcon.colcon_core.package_identification:_identify(log) by extension 'ignore'
[0.333s] Level 1:colcon.colcon_core.package_identification:_identify(log) ignored
[0.334s] Level 1:colcon.colcon_core.package_identification:_identify(src) by extensions ['ignore', 'ignore_ament_install']
[0.334s] Level 1:colcon.colcon_core.package_identification:_identify(src) by extension 'ignore'
[0.334s] Level 1:colcon.colcon_core.package_identification:_identify(src) by extension 'ignore_ament_install'
[0.334s] Level 1:colcon.colcon_core.package_identification:_identify(src) by extensions ['colcon_pkg']
[0.334s] Level 1:colcon.colcon_core.package_identification:_identify(src) by extension 'colcon_pkg'
[0.334s] Level 1:colcon.colcon_core.package_identification:_identify(src) by extensions ['colcon_meta']
[0.334s] Level 1:colcon.colcon_core.package_identification:_identify(src) by extension 'colcon_meta'
[0.334s] Level 1:colcon.colcon_core.package_identification:_identify(src) by extensions ['ros']
[0.334s] Level 1:colcon.colcon_core.package_identification:_identify(src) by extension 'ros'
[0.334s] Level 1:colcon.colcon_core.package_identification:_identify(src) by extensions ['cmake', 'python']
[0.334s] Level 1:colcon.colcon_core.package_identification:_identify(src) by extension 'cmake'
[0.334s] Level 1:colcon.colcon_core.package_identification:_identify(src) by extension 'python'
[0.334s] Level 1:colcon.colcon_core.package_identification:_identify(src) by extensions ['python_setup_py']
[0.334s] Level 1:colcon.colcon_core.package_identification:_identify(src) by extension 'python_setup_py'
[0.334s] Level 1:colcon.colcon_core.package_identification:_identify(src/arduino_pck) by extensions ['ignore', 'ignore_ament_install']
[0.334s] Level 1:colcon.colcon_core.package_identification:_identify(src/arduino_pck) by extension 'ignore'
[0.334s] Level 1:colcon.colcon_core.package_identification:_identify(src/arduino_pck) by extension 'ignore_ament_install'
[0.334s] Level 1:colcon.colcon_core.package_identification:_identify(src/arduino_pck) by extensions ['colcon_pkg']
[0.334s] Level 1:colcon.colcon_core.package_identification:_identify(src/arduino_pck) by extension 'colcon_pkg'
[0.334s] Level 1:colcon.colcon_core.package_identification:_identify(src/arduino_pck) by extensions ['colcon_meta']
[0.334s] Level 1:colcon.colcon_core.package_identification:_identify(src/arduino_pck) by extension 'colcon_meta'
[0.334s] Level 1:colcon.colcon_core.package_identification:_identify(src/arduino_pck) by extensions ['ros']
[0.334s] Level 1:colcon.colcon_core.package_identification:_identify(src/arduino_pck) by extension 'ros'
[0.336s] DEBUG:colcon.colcon_core.package_identification:Package 'src/arduino_pck' with type 'ros.ament_cmake' and name 'arduino_pck'
[0.336s] Level 1:colcon.colcon_core.package_identification:_identify(src/articubot_one) by extensions ['ignore', 'ignore_ament_install']
[0.336s] Level 1:colcon.colcon_core.package_identification:_identify(src/articubot_one) by extension 'ignore'
[0.337s] Level 1:colcon.colcon_core.package_identification:_identify(src/articubot_one) by extension 'ignore_ament_install'
[0.337s] Level 1:colcon.colcon_core.package_identification:_identify(src/articubot_one) by extensions ['colcon_pkg']
[0.337s] Level 1:colcon.colcon_core.package_identification:_identify(src/articubot_one) by extension 'colcon_pkg'
[0.337s] Level 1:colcon.colcon_core.package_identification:_identify(src/articubot_one) by extensions ['colcon_meta']
[0.337s] Level 1:colcon.colcon_core.package_identification:_identify(src/articubot_one) by extension 'colcon_meta'
[0.337s] Level 1:colcon.colcon_core.package_identification:_identify(src/articubot_one) by extensions ['ros']
[0.337s] Level 1:colcon.colcon_core.package_identification:_identify(src/articubot_one) by extension 'ros'
[0.337s] DEBUG:colcon.colcon_core.package_identification:Package 'src/articubot_one' with type 'ros.ament_cmake' and name 'articubot_one'
[0.337s] Level 1:colcon.colcon_core.package_identification:_identify(src/diffdrive_arduino) by extensions ['ignore', 'ignore_ament_install']
[0.337s] Level 1:colcon.colcon_core.package_identification:_identify(src/diffdrive_arduino) by extension 'ignore'
[0.337s] Level 1:colcon.colcon_core.package_identification:_identify(src/diffdrive_arduino) by extension 'ignore_ament_install'
[0.337s] Level 1:colcon.colcon_core.package_identification:_identify(src/diffdrive_arduino) by extensions ['colcon_pkg']
[0.337s] Level 1:colcon.colcon_core.package_identification:_identify(src/diffdrive_arduino) by extension 'colcon_pkg'
[0.337s] Level 1:colcon.colcon_core.package_identification:_identify(src/diffdrive_arduino) by extensions ['colcon_meta']
[0.337s] Level 1:colcon.colcon_core.package_identification:_identify(src/diffdrive_arduino) by extension 'colcon_meta'
[0.338s] Level 1:colcon.colcon_core.package_identification:_identify(src/diffdrive_arduino) by extensions ['ros']
[0.338s] Level 1:colcon.colcon_core.package_identification:_identify(src/diffdrive_arduino) by extension 'ros'
[0.338s] DEBUG:colcon.colcon_core.package_identification:Package 'src/diffdrive_arduino' with type 'ros.ament_cmake' and name 'diffdrive_arduino'
[0.338s] Level 1:colcon.colcon_core.package_identification:_identify(src/my_arduino_pkg) by extensions ['ignore', 'ignore_ament_install']
[0.338s] Level 1:colcon.colcon_core.package_identification:_identify(src/my_arduino_pkg) by extension 'ignore'
[0.339s] Level 1:colcon.colcon_core.package_identification:_identify(src/my_arduino_pkg) by extension 'ignore_ament_install'
[0.339s] Level 1:colcon.colcon_core.package_identification:_identify(src/my_arduino_pkg) by extensions ['colcon_pkg']
[0.339s] Level 1:colcon.colcon_core.package_identification:_identify(src/my_arduino_pkg) by extension 'colcon_pkg'
[0.339s] Level 1:colcon.colcon_core.package_identification:_identify(src/my_arduino_pkg) by extensions ['colcon_meta']
[0.339s] Level 1:colcon.colcon_core.package_identification:_identify(src/my_arduino_pkg) by extension 'colcon_meta'
[0.339s] Level 1:colcon.colcon_core.package_identification:_identify(src/my_arduino_pkg) by extensions ['ros']
[0.339s] Level 1:colcon.colcon_core.package_identification:_identify(src/my_arduino_pkg) by extension 'ros'
[0.339s] DEBUG:colcon.colcon_core.package_identification:Package 'src/my_arduino_pkg' with type 'ros.ament_cmake' and name 'my_arduino_pkg'
[0.339s] Level 1:colcon.colcon_core.package_identification:_identify(src/ros2_serial_interface) by extensions ['ignore', 'ignore_ament_install']
[0.340s] Level 1:colcon.colcon_core.package_identification:_identify(src/ros2_serial_interface) by extension 'ignore'
[0.340s] Level 1:colcon.colcon_core.package_identification:_identify(src/ros2_serial_interface) by extension 'ignore_ament_install'
[0.340s] Level 1:colcon.colcon_core.package_identification:_identify(src/ros2_serial_interface) by extensions ['colcon_pkg']
[0.340s] Level 1:colcon.colcon_core.package_identification:_identify(src/ros2_serial_interface) by extension 'colcon_pkg'
[0.340s] Level 1:colcon.colcon_core.package_identification:_identify(src/ros2_serial_interface) by extensions ['colcon_meta']
[0.340s] Level 1:colcon.colcon_core.package_identification:_identify(src/ros2_serial_interface) by extension 'colcon_meta'
[0.340s] Level 1:colcon.colcon_core.package_identification:_identify(src/ros2_serial_interface) by extensions ['ros']
[0.340s] Level 1:colcon.colcon_core.package_identification:_identify(src/ros2_serial_interface) by extension 'ros'
[0.341s] DEBUG:colcon.colcon_core.package_identification:Package 'src/ros2_serial_interface' with type 'ros.ament_python' and name 'ros2_serial_interface'
[0.341s] Level 1:colcon.colcon_core.package_identification:_identify(src/serial) by extensions ['ignore', 'ignore_ament_install']
[0.341s] Level 1:colcon.colcon_core.package_identification:_identify(src/serial) by extension 'ignore'
[0.341s] Level 1:colcon.colcon_core.package_identification:_identify(src/serial) by extension 'ignore_ament_install'
[0.341s] Level 1:colcon.colcon_core.package_identification:_identify(src/serial) by extensions ['colcon_pkg']
[0.341s] Level 1:colcon.colcon_core.package_identification:_identify(src/serial) by extension 'colcon_pkg'
[0.341s] Level 1:colcon.colcon_core.package_identification:_identify(src/serial) by extensions ['colcon_meta']
[0.341s] Level 1:colcon.colcon_core.package_identification:_identify(src/serial) by extension 'colcon_meta'
[0.341s] Level 1:colcon.colcon_core.package_identification:_identify(src/serial) by extensions ['ros']
[0.341s] Level 1:colcon.colcon_core.package_identification:_identify(src/serial) by extension 'ros'
[0.342s] DEBUG:colcon.colcon_core.package_identification:Package 'src/serial' with type 'ros.ament_cmake' and name 'serial'
[0.342s] Level 1:colcon.colcon_core.package_identification:_identify(src/serial_arduino_python_pkg) by extensions ['ignore', 'ignore_ament_install']
[0.342s] Level 1:colcon.colcon_core.package_identification:_identify(src/serial_arduino_python_pkg) by extension 'ignore'
[0.342s] Level 1:colcon.colcon_core.package_identification:_identify(src/serial_arduino_python_pkg) by extension 'ignore_ament_install'
[0.342s] Level 1:colcon.colcon_core.package_identification:_identify(src/serial_arduino_python_pkg) by extensions ['colcon_pkg']
[0.342s] Level 1:colcon.colcon_core.package_identification:_identify(src/serial_arduino_python_pkg) by extension 'colcon_pkg'
[0.342s] Level 1:colcon.colcon_core.package_identification:_identify(src/serial_arduino_python_pkg) by extensions ['colcon_meta']
[0.342s] Level 1:colcon.colcon_core.package_identification:_identify(src/serial_arduino_python_pkg) by extension 'colcon_meta'
[0.342s] Level 1:colcon.colcon_core.package_identification:_identify(src/serial_arduino_python_pkg) by extensions ['ros']
[0.342s] Level 1:colcon.colcon_core.package_identification:_identify(src/serial_arduino_python_pkg) by extension 'ros'
[0.342s] DEBUG:colcon.colcon_core.package_identification:Package 'src/serial_arduino_python_pkg' with type 'ros.ament_python' and name 'serial_arduino_python_pkg'
[0.342s] Level 1:colcon.colcon_core.package_identification:_identify(src/test_package) by extensions ['ignore', 'ignore_ament_install']
[0.343s] Level 1:colcon.colcon_core.package_identification:_identify(src/test_package) by extension 'ignore'
[0.343s] Level 1:colcon.colcon_core.package_identification:_identify(src/test_package) by extension 'ignore_ament_install'
[0.343s] Level 1:colcon.colcon_core.package_identification:_identify(src/test_package) by extensions ['colcon_pkg']
[0.343s] Level 1:colcon.colcon_core.package_identification:_identify(src/test_package) by extension 'colcon_pkg'
[0.343s] Level 1:colcon.colcon_core.package_identification:_identify(src/test_package) by extensions ['colcon_meta']
[0.343s] Level 1:colcon.colcon_core.package_identification:_identify(src/test_package) by extension 'colcon_meta'
[0.343s] Level 1:colcon.colcon_core.package_identification:_identify(src/test_package) by extensions ['ros']
[0.343s] Level 1:colcon.colcon_core.package_identification:_identify(src/test_package) by extension 'ros'
[0.344s] DEBUG:colcon.colcon_core.package_identification:Package 'src/test_package' with type 'ros.ament_cmake' and name 'test_package'
[0.344s] Level 1:colcon.colcon_core.package_discovery:discover_packages(recursive) using defaults
[0.344s] Level 1:colcon.colcon_core.package_discovery:discover_packages(ignore) discover
[0.344s] Level 1:colcon.colcon_core.package_discovery:discover_packages(ignore) using defaults
[0.344s] Level 1:colcon.colcon_core.package_discovery:discover_packages(path) discover
[0.344s] Level 1:colcon.colcon_core.package_discovery:discover_packages(path) using defaults
[0.364s] Level 1:colcon.colcon_core.package_discovery:discover_packages(prefix_path) check parameters
[0.365s] Level 1:colcon.colcon_core.package_discovery:discover_packages(prefix_path) discover
[0.368s] DEBUG:colcon.colcon_installed_package_information.package_discovery:Found 11 installed packages in /home/theo/ros2_workspace/install
[0.369s] DEBUG:colcon.colcon_installed_package_information.package_discovery:Found 2 installed packages in /home/theo/colcon_ws/install
[0.371s] DEBUG:colcon.colcon_installed_package_information.package_discovery:Found 345 installed packages in /opt/ros/foxy
[0.373s] Level 1:colcon.colcon_core.package_discovery:discover_packages(prefix_path) using defaults
[0.443s] Level 5:colcon.colcon_core.verb:set package 'arduino_pck' build argument 'cmake_args' from command line to 'None'
[0.443s] Level 5:colcon.colcon_core.verb:set package 'arduino_pck' build argument 'cmake_target' from command line to 'None'
[0.443s] Level 5:colcon.colcon_core.verb:set package 'arduino_pck' build argument 'cmake_target_skip_unavailable' from command line to 'False'
[0.443s] Level 5:colcon.colcon_core.verb:set package 'arduino_pck' build argument 'cmake_clean_cache' from command line to 'False'
[0.443s] Level 5:colcon.colcon_core.verb:set package 'arduino_pck' build argument 'cmake_clean_first' from command line to 'False'
[0.443s] Level 5:colcon.colcon_core.verb:set package 'arduino_pck' build argument 'cmake_force_configure' from command line to 'False'
[0.443s] Level 5:colcon.colcon_core.verb:set package 'arduino_pck' build argument 'ament_cmake_args' from command line to 'None'
[0.443s] Level 5:colcon.colcon_core.verb:set package 'arduino_pck' build argument 'catkin_cmake_args' from command line to 'None'
[0.443s] Level 5:colcon.colcon_core.verb:set package 'arduino_pck' build argument 'catkin_skip_building_tests' from command line to 'False'
[0.443s] DEBUG:colcon.colcon_core.verb:Building package 'arduino_pck' with the following arguments: {'ament_cmake_args': None, 'build_base': '/home/theo/ros2_workspace/build/arduino_pck', 'catkin_cmake_args': None, 'catkin_skip_building_tests': False, 'cmake_args': None, 'cmake_clean_cache': False, 'cmake_clean_first': False, 'cmake_force_configure': False, 'cmake_target': None, 'cmake_target_skip_unavailable': False, 'install_base': '/home/theo/ros2_workspace/install/arduino_pck', 'merge_install': False, 'path': '/home/theo/ros2_workspace/src/arduino_pck', 'symlink_install': True, 'test_result_base': None}
[0.444s] Level 5:colcon.colcon_core.verb:set package 'articubot_one' build argument 'cmake_args' from command line to 'None'
[0.444s] Level 5:colcon.colcon_core.verb:set package 'articubot_one' build argument 'cmake_target' from command line to 'None'
[0.444s] Level 5:colcon.colcon_core.verb:set package 'articubot_one' build argument 'cmake_target_skip_unavailable' from command line to 'False'
[0.444s] Level 5:colcon.colcon_core.verb:set package 'articubot_one' build argument 'cmake_clean_cache' from command line to 'False'
[0.444s] Level 5:colcon.colcon_core.verb:set package 'articubot_one' build argument 'cmake_clean_first' from command line to 'False'
[0.444s] Level 5:colcon.colcon_core.verb:set package 'articubot_one' build argument 'cmake_force_configure' from command line to 'False'
[0.444s] Level 5:colcon.colcon_core.verb:set package 'articubot_one' build argument 'ament_cmake_args' from command line to 'None'
[0.444s] Level 5:colcon.colcon_core.verb:set package 'articubot_one' build argument 'catkin_cmake_args' from command line to 'None'
[0.444s] Level 5:colcon.colcon_core.verb:set package 'articubot_one' build argument 'catkin_skip_building_tests' from command line to 'False'
[0.444s] DEBUG:colcon.colcon_core.verb:Building package 'articubot_one' with the following arguments: {'ament_cmake_args': None, 'build_base': '/home/theo/ros2_workspace/build/articubot_one', 'catkin_cmake_args': None, 'catkin_skip_building_tests': False, 'cmake_args': None, 'cmake_clean_cache': False, 'cmake_clean_first': False, 'cmake_force_configure': False, 'cmake_target': None, 'cmake_target_skip_unavailable': False, 'install_base': '/home/theo/ros2_workspace/install/articubot_one', 'merge_install': False, 'path': '/home/theo/ros2_workspace/src/articubot_one', 'symlink_install': True, 'test_result_base': None}
[0.446s] Level 5:colcon.colcon_core.verb:set package 'serial' build argument 'cmake_args' from command line to 'None'
[0.446s] Level 5:colcon.colcon_core.verb:set package 'serial' build argument 'cmake_target' from command line to 'None'
[0.446s] Level 5:colcon.colcon_core.verb:set package 'serial' build argument 'cmake_target_skip_unavailable' from command line to 'False'
[0.446s] Level 5:colcon.colcon_core.verb:set package 'serial' build argument 'cmake_clean_cache' from command line to 'False'
[0.446s] Level 5:colcon.colcon_core.verb:set package 'serial' build argument 'cmake_clean_first' from command line to 'False'
[0.446s] Level 5:colcon.colcon_core.verb:set package 'serial' build argument 'cmake_force_configure' from command line to 'False'
[0.446s] Level 5:colcon.colcon_core.verb:set package 'serial' build argument 'ament_cmake_args' from command line to 'None'
[0.446s] Level 5:colcon.colcon_core.verb:set package 'serial' build argument 'catkin_cmake_args' from command line to 'None'
[0.446s] Level 5:colcon.colcon_core.verb:set package 'serial' build argument 'catkin_skip_building_tests' from command line to 'False'
[0.446s] DEBUG:colcon.colcon_core.verb:Building package 'serial' with the following arguments: {'ament_cmake_args': None, 'build_base': '/home/theo/ros2_workspace/build/serial', 'catkin_cmake_args': None, 'catkin_skip_building_tests': False, 'cmake_args': None, 'cmake_clean_cache': False, 'cmake_clean_first': False, 'cmake_force_configure': False, 'cmake_target': None, 'cmake_target_skip_unavailable': False, 'install_base': '/home/theo/ros2_workspace/install/serial', 'merge_install': False, 'path': '/home/theo/ros2_workspace/src/serial', 'symlink_install': True, 'test_result_base': None}
[0.447s] Level 5:colcon.colcon_core.verb:set package 'serial_arduino_python_pkg' build argument 'cmake_args' from command line to 'None'
[0.447s] Level 5:colcon.colcon_core.verb:set package 'serial_arduino_python_pkg' build argument 'cmake_target' from command line to 'None'
[0.447s] Level 5:colcon.colcon_core.verb:set package 'serial_arduino_python_pkg' build argument 'cmake_target_skip_unavailable' from command line to 'False'
[0.447s] Level 5:colcon.colcon_core.verb:set package 'serial_arduino_python_pkg' build argument 'cmake_clean_cache' from command line to 'False'
[0.447s] Level 5:colcon.colcon_core.verb:set package 'serial_arduino_python_pkg' build argument 'cmake_clean_first' from command line to 'False'
[0.447s] Level 5:colcon.colcon_core.verb:set package 'serial_arduino_python_pkg' build argument 'cmake_force_configure' from command line to 'False'
[0.447s] Level 5:colcon.colcon_core.verb:set package 'serial_arduino_python_pkg' build argument 'ament_cmake_args' from command line to 'None'
[0.447s] Level 5:colcon.colcon_core.verb:set package 'serial_arduino_python_pkg' build argument 'catkin_cmake_args' from command line to 'None'
[0.447s] Level 5:colcon.colcon_core.verb:set package 'serial_arduino_python_pkg' build argument 'catkin_skip_building_tests' from command line to 'False'
[0.447s] DEBUG:colcon.colcon_core.verb:Building package 'serial_arduino_python_pkg' with the following arguments: {'ament_cmake_args': None, 'build_base': '/home/theo/ros2_workspace/build/serial_arduino_python_pkg', 'catkin_cmake_args': None, 'catkin_skip_building_tests': False, 'cmake_args': None, 'cmake_clean_cache': False, 'cmake_clean_first': False, 'cmake_force_configure': False, 'cmake_target': None, 'cmake_target_skip_unavailable': False, 'install_base': '/home/theo/ros2_workspace/install/serial_arduino_python_pkg', 'merge_install': False, 'path': '/home/theo/ros2_workspace/src/serial_arduino_python_pkg', 'symlink_install': True, 'test_result_base': None}
[0.449s] Level 5:colcon.colcon_core.verb:set package 'test_package' build argument 'cmake_args' from command line to 'None'
[0.449s] Level 5:colcon.colcon_core.verb:set package 'test_package' build argument 'cmake_target' from command line to 'None'
[0.449s] Level 5:colcon.colcon_core.verb:set package 'test_package' build argument 'cmake_target_skip_unavailable' from command line to 'False'
[0.449s] Level 5:colcon.colcon_core.verb:set package 'test_package' build argument 'cmake_clean_cache' from command line to 'False'
[0.449s] Level 5:colcon.colcon_core.verb:set package 'test_package' build argument 'cmake_clean_first' from command line to 'False'
[0.449s] Level 5:colcon.colcon_core.verb:set package 'test_package' build argument 'cmake_force_configure' from command line to 'False'
[0.449s] Level 5:colcon.colcon_core.verb:set package 'test_package' build argument 'ament_cmake_args' from command line to 'None'
[0.449s] Level 5:colcon.colcon_core.verb:set package 'test_package' build argument 'catkin_cmake_args' from command line to 'None'
[0.449s] Level 5:colcon.colcon_core.verb:set package 'test_package' build argument 'catkin_skip_building_tests' from command line to 'False'
[0.449s] DEBUG:colcon.colcon_core.verb:Building package 'test_package' with the following arguments: {'ament_cmake_args': None, 'build_base': '/home/theo/ros2_workspace/build/test_package', 'catkin_cmake_args': None, 'catkin_skip_building_tests': False, 'cmake_args': None, 'cmake_clean_cache': False, 'cmake_clean_first': False, 'cmake_force_configure': False, 'cmake_target': None, 'cmake_target_skip_unavailable': False, 'install_base': '/home/theo/ros2_workspace/install/test_package', 'merge_install': False, 'path': '/home/theo/ros2_workspace/src/test_package', 'symlink_install': True, 'test_result_base': None}
[0.450s] Level 5:colcon.colcon_core.verb:set package 'diffdrive_arduino' build argument 'cmake_args' from command line to 'None'
[0.450s] Level 5:colcon.colcon_core.verb:set package 'diffdrive_arduino' build argument 'cmake_target' from command line to 'None'
[0.450s] Level 5:colcon.colcon_core.verb:set package 'diffdrive_arduino' build argument 'cmake_target_skip_unavailable' from command line to 'False'
[0.450s] Level 5:colcon.colcon_core.verb:set package 'diffdrive_arduino' build argument 'cmake_clean_cache' from command line to 'False'
[0.450s] Level 5:colcon.colcon_core.verb:set package 'diffdrive_arduino' build argument 'cmake_clean_first' from command line to 'False'
[0.450s] Level 5:colcon.colcon_core.verb:set package 'diffdrive_arduino' build argument 'cmake_force_configure' from command line to 'False'
[0.450s] Level 5:colcon.colcon_core.verb:set package 'diffdrive_arduino' build argument 'ament_cmake_args' from command line to 'None'
[0.450s] Level 5:colcon.colcon_core.verb:set package 'diffdrive_arduino' build argument 'catkin_cmake_args' from command line to 'None'
[0.450s] Level 5:colcon.colcon_core.verb:set package 'diffdrive_arduino' build argument 'catkin_skip_building_tests' from command line to 'False'
[0.450s] DEBUG:colcon.colcon_core.verb:Building package 'diffdrive_arduino' with the following arguments: {'ament_cmake_args': None, 'build_base': '/home/theo/ros2_workspace/build/diffdrive_arduino', 'catkin_cmake_args': None, 'catkin_skip_building_tests': False, 'cmake_args': None, 'cmake_clean_cache': False, 'cmake_clean_first': False, 'cmake_force_configure': False, 'cmake_target': None, 'cmake_target_skip_unavailable': False, 'install_base': '/home/theo/ros2_workspace/install/diffdrive_arduino', 'merge_install': False, 'path': '/home/theo/ros2_workspace/src/diffdrive_arduino', 'symlink_install': True, 'test_result_base': None}
[0.452s] Level 5:colcon.colcon_core.verb:set package 'my_arduino_pkg' build argument 'cmake_args' from command line to 'None'
[0.452s] Level 5:colcon.colcon_core.verb:set package 'my_arduino_pkg' build argument 'cmake_target' from command line to 'None'
[0.452s] Level 5:colcon.colcon_core.verb:set package 'my_arduino_pkg' build argument 'cmake_target_skip_unavailable' from command line to 'False'
[0.452s] Level 5:colcon.colcon_core.verb:set package 'my_arduino_pkg' build argument 'cmake_clean_cache' from command line to 'False'
[0.452s] Level 5:colcon.colcon_core.verb:set package 'my_arduino_pkg' build argument 'cmake_clean_first' from command line to 'False'
[0.452s] Level 5:colcon.colcon_core.verb:set package 'my_arduino_pkg' build argument 'cmake_force_configure' from command line to 'False'
[0.452s] Level 5:colcon.colcon_core.verb:set package 'my_arduino_pkg' build argument 'ament_cmake_args' from command line to 'None'
[0.452s] Level 5:colcon.colcon_core.verb:set package 'my_arduino_pkg' build argument 'catkin_cmake_args' from command line to 'None'
[0.452s] Level 5:colcon.colcon_core.verb:set package 'my_arduino_pkg' build argument 'catkin_skip_building_tests' from command line to 'False'
[0.452s] DEBUG:colcon.colcon_core.verb:Building package 'my_arduino_pkg' with the following arguments: {'ament_cmake_args': None, 'build_base': '/home/theo/ros2_workspace/build/my_arduino_pkg', 'catkin_cmake_args': None, 'catkin_skip_building_tests': False, 'cmake_args': None, 'cmake_clean_cache': False, 'cmake_clean_first': False, 'cmake_force_configure': False, 'cmake_target': None, 'cmake_target_skip_unavailable': False, 'install_base': '/home/theo/ros2_workspace/install/my_arduino_pkg', 'merge_install': False, 'path': '/home/theo/ros2_workspace/src/my_arduino_pkg', 'symlink_install': True, 'test_result_base': None}
[0.453s] Level 5:colcon.colcon_core.verb:set package 'ros2_serial_interface' build argument 'cmake_args' from command line to 'None'
[0.453s] Level 5:colcon.colcon_core.verb:set package 'ros2_serial_interface' build argument 'cmake_target' from command line to 'None'
[0.453s] Level 5:colcon.colcon_core.verb:set package 'ros2_serial_interface' build argument 'cmake_target_skip_unavailable' from command line to 'False'
[0.453s] Level 5:colcon.colcon_core.verb:set package 'ros2_serial_interface' build argument 'cmake_clean_cache' from command line to 'False'
[0.453s] Level 5:colcon.colcon_core.verb:set package 'ros2_serial_interface' build argument 'cmake_clean_first' from command line to 'False'
[0.453s] Level 5:colcon.colcon_core.verb:set package 'ros2_serial_interface' build argument 'cmake_force_configure' from command line to 'False'
[0.453s] Level 5:colcon.colcon_core.verb:set package 'ros2_serial_interface' build argument 'ament_cmake_args' from command line to 'None'
[0.453s] Level 5:colcon.colcon_core.verb:set package 'ros2_serial_interface' build argument 'catkin_cmake_args' from command line to 'None'
[0.453s] Level 5:colcon.colcon_core.verb:set package 'ros2_serial_interface' build argument 'catkin_skip_building_tests' from command line to 'False'
[0.453s] DEBUG:colcon.colcon_core.verb:Building package 'ros2_serial_interface' with the following arguments: {'ament_cmake_args': None, 'build_base': '/home/theo/ros2_workspace/build/ros2_serial_interface', 'catkin_cmake_args': None, 'catkin_skip_building_tests': False, 'cmake_args': None, 'cmake_clean_cache': False, 'cmake_clean_first': False, 'cmake_force_configure': False, 'cmake_target': None, 'cmake_target_skip_unavailable': False, 'install_base': '/home/theo/ros2_workspace/install/ros2_serial_interface', 'merge_install': False, 'path': '/home/theo/ros2_workspace/src/ros2_serial_interface', 'symlink_install': True, 'test_result_base': None}
[0.454s] INFO:colcon.colcon_core.executor:Executing jobs using 'parallel' executor
[0.459s] DEBUG:colcon.colcon_parallel_executor.executor.parallel:run_until_complete
[0.459s] INFO:colcon.colcon_ros.task.ament_cmake.build:Building ROS package in '/home/theo/ros2_workspace/src/serial' with build type 'ament_cmake'
[0.459s] INFO:colcon.colcon_cmake.task.cmake.build:Building CMake package in '/home/theo/ros2_workspace/src/serial'
[0.464s] INFO:colcon.colcon_core.plugin_system:Skipping extension 'colcon_core.shell.bat': Not used on non-Windows systems
[0.464s] INFO:colcon.colcon_core.shell:Skip shell extension 'powershell' for command environment: Not usable outside of PowerShell
[0.464s] DEBUG:colcon.colcon_core.shell:Skip shell extension 'dsv' for command environment
[0.473s] INFO:colcon.colcon_ros.task.ament_cmake.build:Building ROS package in '/home/theo/ros2_workspace/src/arduino_pck' with build type 'ament_cmake'
[0.473s] INFO:colcon.colcon_cmake.task.cmake.build:Building CMake package in '/home/theo/ros2_workspace/src/arduino_pck'
[0.475s] INFO:colcon.colcon_core.shell:Skip shell extension 'powershell' for command environment: Not usable outside of PowerShell
[0.475s] DEBUG:colcon.colcon_core.shell:Skip shell extension 'dsv' for command environment
[0.484s] INFO:colcon.colcon_ros.task.ament_cmake.build:Building ROS package in '/home/theo/ros2_workspace/src/articubot_one' with build type 'ament_cmake'
[0.484s] INFO:colcon.colcon_cmake.task.cmake.build:Building CMake package in '/home/theo/ros2_workspace/src/articubot_one'
[0.487s] INFO:colcon.colcon_core.shell:Skip shell extension 'powershell' for command environment: Not usable outside of PowerShell
[0.487s] DEBUG:colcon.colcon_core.shell:Skip shell extension 'dsv' for command environment
[0.496s] INFO:colcon.colcon_ros.task.ament_python.build:Building ROS package in '/home/theo/ros2_workspace/src/serial_arduino_python_pkg' with build type 'ament_python'
[0.497s] Level 1:colcon.colcon_core.shell:create_environment_hook('serial_arduino_python_pkg', 'ament_prefix_path')
[0.500s] INFO:colcon.colcon_core.shell:Creating environment hook '/home/theo/ros2_workspace/install/serial_arduino_python_pkg/share/serial_arduino_python_pkg/hook/ament_prefix_path.ps1'
[0.501s] INFO:colcon.colcon_core.shell:Creating environment descriptor '/home/theo/ros2_workspace/install/serial_arduino_python_pkg/share/serial_arduino_python_pkg/hook/ament_prefix_path.dsv'
[0.502s] INFO:colcon.colcon_core.shell:Creating environment hook '/home/theo/ros2_workspace/install/serial_arduino_python_pkg/share/serial_arduino_python_pkg/hook/ament_prefix_path.sh'
[0.504s] INFO:colcon.colcon_core.shell:Skip shell extension 'powershell' for command environment: Not usable outside of PowerShell
[0.504s] DEBUG:colcon.colcon_core.shell:Skip shell extension 'dsv' for command environment
[0.513s] INFO:colcon.colcon_ros.task.ament_cmake.build:Building ROS package in '/home/theo/ros2_workspace/src/test_package' with build type 'ament_cmake'
[0.513s] INFO:colcon.colcon_cmake.task.cmake.build:Building CMake package in '/home/theo/ros2_workspace/src/test_package'
[0.516s] INFO:colcon.colcon_core.shell:Skip shell extension 'powershell' for command environment: Not usable outside of PowerShell
[0.516s] DEBUG:colcon.colcon_core.shell:Skip shell extension 'dsv' for command environment
[0.530s] DEBUG:colcon.colcon_core.event_handler.log_command:Invoking command in '/home/theo/ros2_workspace/build/serial': CMAKE_PREFIX_PATH=${CMAKE_PREFIX_PATH}:/home/theo/ros2_workspace/install/serial_arduino_python_pkg:/home/theo/ros2_workspace/install/ros2_serial_interface:/home/theo/ros2_workspace/install/my_arduino:/home/theo/colcon_ws/install/autonomous_tb3:/opt/ros/foxy /usr/bin/cmake --build /home/theo/ros2_workspace/build/serial -- -j12 -l12
[0.538s] DEBUG:colcon.colcon_core.event_handler.log_command:Invoking command in '/home/theo/ros2_workspace/build/arduino_pck': CMAKE_PREFIX_PATH=${CMAKE_PREFIX_PATH}:/home/theo/ros2_workspace/install/serial_arduino_python_pkg:/home/theo/ros2_workspace/install/ros2_serial_interface:/home/theo/ros2_workspace/install/my_arduino:/home/theo/colcon_ws/install/autonomous_tb3:/opt/ros/foxy /usr/bin/cmake --build /home/theo/ros2_workspace/build/arduino_pck -- -j12 -l12
[0.543s] DEBUG:colcon.colcon_core.event_handler.log_command:Invoking command in '/home/theo/ros2_workspace/build/articubot_one': CMAKE_PREFIX_PATH=${CMAKE_PREFIX_PATH}:/home/theo/ros2_workspace/install/serial_arduino_python_pkg:/home/theo/ros2_workspace/install/ros2_serial_interface:/home/theo/ros2_workspace/install/my_arduino:/home/theo/colcon_ws/install/autonomous_tb3:/opt/ros/foxy /usr/bin/cmake --build /home/theo/ros2_workspace/build/articubot_one -- -j12 -l12
[0.756s] INFO:colcon.colcon_core.task.python.build:Building Python package in '/home/theo/ros2_workspace/src/serial_arduino_python_pkg'
[0.759s] INFO:colcon.colcon_core.shell:Skip shell extension 'powershell' for command environment: Not usable outside of PowerShell
[0.759s] DEBUG:colcon.colcon_core.shell:Skip shell extension 'dsv' for command environment
[0.775s] DEBUG:colcon.colcon_core.event_handler.log_command:Invoking command in '/home/theo/ros2_workspace/build/test_package': CMAKE_PREFIX_PATH=${CMAKE_PREFIX_PATH}:/home/theo/ros2_workspace/install/serial_arduino_python_pkg:/home/theo/ros2_workspace/install/ros2_serial_interface:/home/theo/ros2_workspace/install/my_arduino:/home/theo/colcon_ws/install/autonomous_tb3:/opt/ros/foxy /usr/bin/cmake --build /home/theo/ros2_workspace/build/test_package -- -j12 -l12
[0.778s] DEBUG:colcon.colcon_core.event_handler.log_command:Invoked command in '/home/theo/ros2_workspace/build/serial' returned '0': CMAKE_PREFIX_PATH=${CMAKE_PREFIX_PATH}:/home/theo/ros2_workspace/install/serial_arduino_python_pkg:/home/theo/ros2_workspace/install/ros2_serial_interface:/home/theo/ros2_workspace/install/my_arduino:/home/theo/colcon_ws/install/autonomous_tb3:/opt/ros/foxy /usr/bin/cmake --build /home/theo/ros2_workspace/build/serial -- -j12 -l12
[0.781s] DEBUG:colcon.colcon_core.event_handler.log_command:Invoked command in '/home/theo/ros2_workspace/build/arduino_pck' returned '0': CMAKE_PREFIX_PATH=${CMAKE_PREFIX_PATH}:/home/theo/ros2_workspace/install/serial_arduino_python_pkg:/home/theo/ros2_workspace/install/ros2_serial_interface:/home/theo/ros2_workspace/install/my_arduino:/home/theo/colcon_ws/install/autonomous_tb3:/opt/ros/foxy /usr/bin/cmake --build /home/theo/ros2_workspace/build/arduino_pck -- -j12 -l12
[0.784s] DEBUG:colcon.colcon_core.event_handler.log_command:Invoked command in '/home/theo/ros2_workspace/build/articubot_one' returned '0': CMAKE_PREFIX_PATH=${CMAKE_PREFIX_PATH}:/home/theo/ros2_workspace/install/serial_arduino_python_pkg:/home/theo/ros2_workspace/install/ros2_serial_interface:/home/theo/ros2_workspace/install/my_arduino:/home/theo/colcon_ws/install/autonomous_tb3:/opt/ros/foxy /usr/bin/cmake --build /home/theo/ros2_workspace/build/articubot_one -- -j12 -l12
[0.819s] DEBUG:colcon.colcon_core.event_handler.log_command:Invoking command in '/home/theo/ros2_workspace/build/arduino_pck': CMAKE_PREFIX_PATH=${CMAKE_PREFIX_PATH}:/home/theo/ros2_workspace/install/serial_arduino_python_pkg:/home/theo/ros2_workspace/install/ros2_serial_interface:/home/theo/ros2_workspace/install/my_arduino:/home/theo/colcon_ws/install/autonomous_tb3:/opt/ros/foxy /usr/bin/cmake --install /home/theo/ros2_workspace/build/arduino_pck
[0.821s] DEBUG:colcon.colcon_core.event_handler.log_command:Invoked command in '/home/theo/ros2_workspace/build/test_package' returned '0': CMAKE_PREFIX_PATH=${CMAKE_PREFIX_PATH}:/home/theo/ros2_workspace/install/serial_arduino_python_pkg:/home/theo/ros2_workspace/install/ros2_serial_interface:/home/theo/ros2_workspace/install/my_arduino:/home/theo/colcon_ws/install/autonomous_tb3:/opt/ros/foxy /usr/bin/cmake --build /home/theo/ros2_workspace/build/test_package -- -j12 -l12
[0.825s] DEBUG:colcon.colcon_core.event_handler.log_command:Invoking command in '/home/theo/ros2_workspace/build/serial': CMAKE_PREFIX_PATH=${CMAKE_PREFIX_PATH}:/home/theo/ros2_workspace/install/serial_arduino_python_pkg:/home/theo/ros2_workspace/install/ros2_serial_interface:/home/theo/ros2_workspace/install/my_arduino:/home/theo/colcon_ws/install/autonomous_tb3:/opt/ros/foxy /usr/bin/cmake --install /home/theo/ros2_workspace/build/serial
[0.831s] DEBUG:colcon.colcon_core.event_handler.log_command:Invoking command in '/home/theo/ros2_workspace/build/articubot_one': CMAKE_PREFIX_PATH=${CMAKE_PREFIX_PATH}:/home/theo/ros2_workspace/install/serial_arduino_python_pkg:/home/theo/ros2_workspace/install/ros2_serial_interface:/home/theo/ros2_workspace/install/my_arduino:/home/theo/colcon_ws/install/autonomous_tb3:/opt/ros/foxy /usr/bin/cmake --install /home/theo/ros2_workspace/build/articubot_one
[0.846s] Level 1:colcon.colcon_core.environment:create_environment_scripts_only(arduino_pck)
[0.852s] DEBUG:colcon.colcon_core.event_handler.log_command:Invoking command in '/home/theo/ros2_workspace/build/test_package': CMAKE_PREFIX_PATH=${CMAKE_PREFIX_PATH}:/home/theo/ros2_workspace/install/serial_arduino_python_pkg:/home/theo/ros2_workspace/install/ros2_serial_interface:/home/theo/ros2_workspace/install/my_arduino:/home/theo/colcon_ws/install/autonomous_tb3:/opt/ros/foxy /usr/bin/cmake --install /home/theo/ros2_workspace/build/test_package
[0.859s] DEBUG:colcon.colcon_core.event_handler.log_command:Invoked command in '/home/theo/ros2_workspace/build/arduino_pck' returned '0': CMAKE_PREFIX_PATH=${CMAKE_PREFIX_PATH}:/home/theo/ros2_workspace/install/serial_arduino_python_pkg:/home/theo/ros2_workspace/install/ros2_serial_interface:/home/theo/ros2_workspace/install/my_arduino:/home/theo/colcon_ws/install/autonomous_tb3:/opt/ros/foxy /usr/bin/cmake --install /home/theo/ros2_workspace/build/arduino_pck
[0.862s] Level 1:colcon.colcon_core.environment:checking '/home/theo/ros2_workspace/install/arduino_pck' for CMake module files
[0.863s] Level 1:colcon.colcon_core.environment:checking '/home/theo/ros2_workspace/install/arduino_pck' for CMake config files
[0.865s] Level 1:colcon.colcon_core.shell:create_environment_hook('arduino_pck', 'cmake_prefix_path')
[0.869s] INFO:colcon.colcon_core.shell:Creating environment hook '/home/theo/ros2_workspace/install/arduino_pck/share/arduino_pck/hook/cmake_prefix_path.ps1'
[0.870s] INFO:colcon.colcon_core.shell:Creating environment descriptor '/home/theo/ros2_workspace/install/arduino_pck/share/arduino_pck/hook/cmake_prefix_path.dsv'
[0.871s] INFO:colcon.colcon_core.shell:Creating environment hook '/home/theo/ros2_workspace/install/arduino_pck/share/arduino_pck/hook/cmake_prefix_path.sh'
[0.872s] Level 1:colcon.colcon_core.environment:checking '/home/theo/ros2_workspace/install/arduino_pck/bin'
[0.872s] Level 1:colcon.colcon_core.environment:checking '/home/theo/ros2_workspace/install/arduino_pck/lib/pkgconfig/arduino_pck.pc'
[0.873s] Level 1:colcon.colcon_core.environment:checking '/home/theo/ros2_workspace/install/arduino_pck/lib/python3.8/site-packages'
[0.873s] Level 1:colcon.colcon_core.environment:checking '/home/theo/ros2_workspace/install/arduino_pck/bin'
[0.877s] INFO:colcon.colcon_core.shell:Creating package script '/home/theo/ros2_workspace/install/arduino_pck/share/arduino_pck/package.ps1'
[0.878s] INFO:colcon.colcon_core.shell:Creating package descriptor '/home/theo/ros2_workspace/install/arduino_pck/share/arduino_pck/package.dsv'
[0.879s] INFO:colcon.colcon_core.shell:Creating package script '/home/theo/ros2_workspace/install/arduino_pck/share/arduino_pck/package.sh'
[0.880s] INFO:colcon.colcon_core.shell:Creating package script '/home/theo/ros2_workspace/install/arduino_pck/share/arduino_pck/package.bash'
[0.882s] INFO:colcon.colcon_core.shell:Creating package script '/home/theo/ros2_workspace/install/arduino_pck/share/arduino_pck/package.zsh'
[0.883s] Level 1:colcon.colcon_core.environment:create_file_with_runtime_dependencies(/home/theo/ros2_workspace/install/arduino_pck/share/colcon-core/packages/arduino_pck)
[0.888s] Level 1:colcon.colcon_core.environment:create_environment_scripts_only(test_package)
[0.892s] Level 1:colcon.colcon_core.environment:checking '/home/theo/ros2_workspace/install/test_package' for CMake module files
[0.893s] DEBUG:colcon.colcon_core.event_handler.log_command:Invoked command in '/home/theo/ros2_workspace/build/test_package' returned '0': CMAKE_PREFIX_PATH=${CMAKE_PREFIX_PATH}:/home/theo/ros2_workspace/install/serial_arduino_python_pkg:/home/theo/ros2_workspace/install/ros2_serial_interface:/home/theo/ros2_workspace/install/my_arduino:/home/theo/colcon_ws/install/autonomous_tb3:/opt/ros/foxy /usr/bin/cmake --install /home/theo/ros2_workspace/build/test_package
[0.893s] Level 1:colcon.colcon_core.environment:checking '/home/theo/ros2_workspace/install/test_package' for CMake config files
[0.893s] Level 1:colcon.colcon_core.shell:create_environment_hook('test_package', 'cmake_prefix_path')
[0.896s] INFO:colcon.colcon_core.shell:Creating environment hook '/home/theo/ros2_workspace/install/test_package/share/test_package/hook/cmake_prefix_path.ps1'
[0.896s] INFO:colcon.colcon_core.shell:Creating environment descriptor '/home/theo/ros2_workspace/install/test_package/share/test_package/hook/cmake_prefix_path.dsv'
[0.897s] INFO:colcon.colcon_core.shell:Creating environment hook '/home/theo/ros2_workspace/install/test_package/share/test_package/hook/cmake_prefix_path.sh'
[0.897s] Level 1:colcon.colcon_core.environment:checking '/home/theo/ros2_workspace/install/test_package/bin'
[0.897s] Level 1:colcon.colcon_core.environment:checking '/home/theo/ros2_workspace/install/test_package/lib/pkgconfig/test_package.pc'
[0.897s] Level 1:colcon.colcon_core.environment:checking '/home/theo/ros2_workspace/install/test_package/lib/python3.8/site-packages'
[0.898s] Level 1:colcon.colcon_core.environment:checking '/home/theo/ros2_workspace/install/test_package/bin'
[0.901s] INFO:colcon.colcon_core.shell:Creating package script '/home/theo/ros2_workspace/install/test_package/share/test_package/package.ps1'
[0.901s] INFO:colcon.colcon_core.shell:Creating package descriptor '/home/theo/ros2_workspace/install/test_package/share/test_package/package.dsv'
[0.901s] INFO:colcon.colcon_core.shell:Creating package script '/home/theo/ros2_workspace/install/test_package/share/test_package/package.sh'
[0.902s] INFO:colcon.colcon_core.shell:Creating package script '/home/theo/ros2_workspace/install/test_package/share/test_package/package.bash'
[0.902s] INFO:colcon.colcon_core.shell:Creating package script '/home/theo/ros2_workspace/install/test_package/share/test_package/package.zsh'
[0.902s] Level 1:colcon.colcon_core.environment:create_file_with_runtime_dependencies(/home/theo/ros2_workspace/install/test_package/share/colcon-core/packages/test_package)
[0.905s] Level 1:colcon.colcon_core.environment:create_environment_scripts_only(serial)
[0.909s] Level 1:colcon.colcon_core.environment:checking '/home/theo/ros2_workspace/install/serial' for CMake module files
[0.910s] DEBUG:colcon.colcon_core.event_handler.log_command:Invoked command in '/home/theo/ros2_workspace/build/serial' returned '0': CMAKE_PREFIX_PATH=${CMAKE_PREFIX_PATH}:/home/theo/ros2_workspace/install/serial_arduino_python_pkg:/home/theo/ros2_workspace/install/ros2_serial_interface:/home/theo/ros2_workspace/install/my_arduino:/home/theo/colcon_ws/install/autonomous_tb3:/opt/ros/foxy /usr/bin/cmake --install /home/theo/ros2_workspace/build/serial
[0.910s] Level 1:colcon.colcon_core.environment:checking '/home/theo/ros2_workspace/install/serial' for CMake config files
[0.911s] Level 1:colcon.colcon_core.shell:create_environment_hook('serial', 'cmake_prefix_path')
[0.913s] INFO:colcon.colcon_core.shell:Creating environment hook '/home/theo/ros2_workspace/install/serial/share/serial/hook/cmake_prefix_path.ps1'
[0.914s] INFO:colcon.colcon_core.shell:Creating environment descriptor '/home/theo/ros2_workspace/install/serial/share/serial/hook/cmake_prefix_path.dsv'
[0.914s] INFO:colcon.colcon_core.shell:Creating environment hook '/home/theo/ros2_workspace/install/serial/share/serial/hook/cmake_prefix_path.sh'
[0.914s] Level 1:colcon.colcon_core.environment:checking '/home/theo/ros2_workspace/install/serial/lib'
[0.915s] Level 1:colcon.colcon_core.environment:checking '/home/theo/ros2_workspace/install/serial/bin'
[0.915s] Level 1:colcon.colcon_core.environment:checking '/home/theo/ros2_workspace/install/serial/lib/pkgconfig/serial.pc'
[0.915s] Level 1:colcon.colcon_core.environment:checking '/home/theo/ros2_workspace/install/serial/lib/python3.8/site-packages'
[0.915s] Level 1:colcon.colcon_core.environment:checking '/home/theo/ros2_workspace/install/serial/bin'
[0.918s] INFO:colcon.colcon_core.shell:Creating package script '/home/theo/ros2_workspace/install/serial/share/serial/package.ps1'
[0.918s] INFO:colcon.colcon_core.shell:Creating package descriptor '/home/theo/ros2_workspace/install/serial/share/serial/package.dsv'
[0.919s] INFO:colcon.colcon_core.shell:Creating package script '/home/theo/ros2_workspace/install/serial/share/serial/package.sh'
[0.919s] INFO:colcon.colcon_core.shell:Creating package script '/home/theo/ros2_workspace/install/serial/share/serial/package.bash'
[0.919s] INFO:colcon.colcon_core.shell:Creating package script '/home/theo/ros2_workspace/install/serial/share/serial/package.zsh'
[0.919s] Level 1:colcon.colcon_core.environment:create_file_with_runtime_dependencies(/home/theo/ros2_workspace/install/serial/share/colcon-core/packages/serial)
[0.922s] Level 1:colcon.colcon_core.environment:create_environment_scripts_only(articubot_one)
[0.926s] Level 1:colcon.colcon_core.environment:checking '/home/theo/ros2_workspace/install/articubot_one' for CMake module files
[0.927s] DEBUG:colcon.colcon_core.event_handler.log_command:Invoked command in '/home/theo/ros2_workspace/build/articubot_one' returned '0': CMAKE_PREFIX_PATH=${CMAKE_PREFIX_PATH}:/home/theo/ros2_workspace/install/serial_arduino_python_pkg:/home/theo/ros2_workspace/install/ros2_serial_interface:/home/theo/ros2_workspace/install/my_arduino:/home/theo/colcon_ws/install/autonomous_tb3:/opt/ros/foxy /usr/bin/cmake --install /home/theo/ros2_workspace/build/articubot_one
[0.927s] Level 1:colcon.colcon_core.environment:checking '/home/theo/ros2_workspace/install/articubot_one' for CMake config files
[0.928s] Level 1:colcon.colcon_core.shell:create_environment_hook('articubot_one', 'cmake_prefix_path')
[0.930s] INFO:colcon.colcon_core.shell:Creating environment hook '/home/theo/ros2_workspace/install/articubot_one/share/articubot_one/hook/cmake_prefix_path.ps1'
[0.931s] INFO:colcon.colcon_core.shell:Creating environment descriptor '/home/theo/ros2_workspace/install/articubot_one/share/articubot_one/hook/cmake_prefix_path.dsv'
[0.931s] INFO:colcon.colcon_core.shell:Creating environment hook '/home/theo/ros2_workspace/install/articubot_one/share/articubot_one/hook/cmake_prefix_path.sh'
[0.931s] Level 1:colcon.colcon_core.environment:checking '/home/theo/ros2_workspace/install/articubot_one/bin'
[0.931s] Level 1:colcon.colcon_core.environment:checking '/home/theo/ros2_workspace/install/articubot_one/lib/pkgconfig/articubot_one.pc'
[0.932s] Level 1:colcon.colcon_core.environment:checking '/home/theo/ros2_workspace/install/articubot_one/lib/python3.8/site-packages'
[0.932s] Level 1:colcon.colcon_core.environment:checking '/home/theo/ros2_workspace/install/articubot_one/bin'
[0.934s] INFO:colcon.colcon_core.shell:Creating package script '/home/theo/ros2_workspace/install/articubot_one/share/articubot_one/package.ps1'
[0.934s] INFO:colcon.colcon_core.shell:Creating package descriptor '/home/theo/ros2_workspace/install/articubot_one/share/articubot_one/package.dsv'
[0.935s] INFO:colcon.colcon_core.shell:Creating package script '/home/theo/ros2_workspace/install/articubot_one/share/articubot_one/package.sh'
[0.935s] INFO:colcon.colcon_core.shell:Creating package script '/home/theo/ros2_workspace/install/articubot_one/share/articubot_one/package.bash'
[0.935s] INFO:colcon.colcon_core.shell:Creating package script '/home/theo/ros2_workspace/install/articubot_one/share/articubot_one/package.zsh'
[0.936s] Level 1:colcon.colcon_core.environment:create_file_with_runtime_dependencies(/home/theo/ros2_workspace/install/articubot_one/share/colcon-core/packages/articubot_one)
[0.942s] Level 1:colcon.colcon_core.environment:create_environment_scripts_only(arduino_pck)
[0.945s] Level 1:colcon.colcon_core.environment:checking '/home/theo/ros2_workspace/install/arduino_pck' for CMake module files
[0.945s] Level 1:colcon.colcon_core.environment:checking '/home/theo/ros2_workspace/install/arduino_pck' for CMake config files
[0.946s] Level 1:colcon.colcon_core.shell:create_environment_hook('arduino_pck', 'cmake_prefix_path')
[0.948s] INFO:colcon.colcon_core.shell:Creating environment hook '/home/theo/ros2_workspace/install/arduino_pck/share/arduino_pck/hook/cmake_prefix_path.ps1'
[0.949s] INFO:colcon.colcon_core.shell:Creating environment descriptor '/home/theo/ros2_workspace/install/arduino_pck/share/arduino_pck/hook/cmake_prefix_path.dsv'
[0.949s] INFO:colcon.colcon_core.shell:Creating environment hook '/home/theo/ros2_workspace/install/arduino_pck/share/arduino_pck/hook/cmake_prefix_path.sh'
[0.950s] Level 1:colcon.colcon_core.environment:checking '/home/theo/ros2_workspace/install/arduino_pck/bin'
[0.950s] Level 1:colcon.colcon_core.environment:checking '/home/theo/ros2_workspace/install/arduino_pck/lib/pkgconfig/arduino_pck.pc'
[0.950s] Level 1:colcon.colcon_core.environment:checking '/home/theo/ros2_workspace/install/arduino_pck/lib/python3.8/site-packages'
[0.950s] Level 1:colcon.colcon_core.environment:checking '/home/theo/ros2_workspace/install/arduino_pck/bin'
[0.953s] INFO:colcon.colcon_core.shell:Creating package script '/home/theo/ros2_workspace/install/arduino_pck/share/arduino_pck/package.ps1'
[0.953s] INFO:colcon.colcon_core.shell:Creating package descriptor '/home/theo/ros2_workspace/install/arduino_pck/share/arduino_pck/package.dsv'
[0.953s] INFO:colcon.colcon_core.shell:Creating package script '/home/theo/ros2_workspace/install/arduino_pck/share/arduino_pck/package.sh'
[0.954s] INFO:colcon.colcon_core.shell:Creating package script '/home/theo/ros2_workspace/install/arduino_pck/share/arduino_pck/package.bash'
[0.954s] INFO:colcon.colcon_core.shell:Creating package script '/home/theo/ros2_workspace/install/arduino_pck/share/arduino_pck/package.zsh'
[0.955s] Level 1:colcon.colcon_core.environment:create_file_with_runtime_dependencies(/home/theo/ros2_workspace/install/arduino_pck/share/colcon-core/packages/arduino_pck)
[0.958s] Level 1:colcon.colcon_core.environment:create_environment_scripts_only(test_package)
[0.961s] Level 1:colcon.colcon_core.environment:checking '/home/theo/ros2_workspace/install/test_package' for CMake module files
[0.963s] Level 1:colcon.colcon_core.environment:checking '/home/theo/ros2_workspace/install/test_package' for CMake config files
[0.963s] Level 1:colcon.colcon_core.shell:create_environment_hook('test_package', 'cmake_prefix_path')
[0.966s] INFO:colcon.colcon_core.shell:Creating environment hook '/home/theo/ros2_workspace/install/test_package/share/test_package/hook/cmake_prefix_path.ps1'
[0.966s] INFO:colcon.colcon_core.shell:Creating environment descriptor '/home/theo/ros2_workspace/install/test_package/share/test_package/hook/cmake_prefix_path.dsv'
[0.966s] INFO:colcon.colcon_core.shell:Creating environment hook '/home/theo/ros2_workspace/install/test_package/share/test_package/hook/cmake_prefix_path.sh'
[0.967s] Level 1:colcon.colcon_core.environment:checking '/home/theo/ros2_workspace/install/test_package/bin'
[0.967s] Level 1:colcon.colcon_core.environment:checking '/home/theo/ros2_workspace/install/test_package/lib/pkgconfig/test_package.pc'
[0.967s] Level 1:colcon.colcon_core.environment:checking '/home/theo/ros2_workspace/install/test_package/lib/python3.8/site-packages'
[0.967s] Level 1:colcon.colcon_core.environment:checking '/home/theo/ros2_workspace/install/test_package/bin'
[0.970s] INFO:colcon.colcon_core.shell:Creating package script '/home/theo/ros2_workspace/install/test_package/share/test_package/package.ps1'
[0.970s] INFO:colcon.colcon_core.shell:Creating package descriptor '/home/theo/ros2_workspace/install/test_package/share/test_package/package.dsv'
[0.971s] INFO:colcon.colcon_core.shell:Creating package script '/home/theo/ros2_workspace/install/test_package/share/test_package/package.sh'
[0.971s] INFO:colcon.colcon_core.shell:Creating package script '/home/theo/ros2_workspace/install/test_package/share/test_package/package.bash'
[0.971s] INFO:colcon.colcon_core.shell:Creating package script '/home/theo/ros2_workspace/install/test_package/share/test_package/package.zsh'
[0.971s] Level 1:colcon.colcon_core.environment:create_file_with_runtime_dependencies(/home/theo/ros2_workspace/install/test_package/share/colcon-core/packages/test_package)
[0.975s] Level 1:colcon.colcon_core.environment:create_environment_scripts_only(serial)
[0.978s] Level 1:colcon.colcon_core.environment:checking '/home/theo/ros2_workspace/install/serial' for CMake module files
[0.978s] Level 1:colcon.colcon_core.environment:checking '/home/theo/ros2_workspace/install/serial' for CMake config files
[0.979s] Level 1:colcon.colcon_core.shell:create_environment_hook('serial', 'cmake_prefix_path')
[0.981s] INFO:colcon.colcon_core.shell:Creating environment hook '/home/theo/ros2_workspace/install/serial/share/serial/hook/cmake_prefix_path.ps1'
[0.982s] INFO:colcon.colcon_core.shell:Creating environment descriptor '/home/theo/ros2_workspace/install/serial/share/serial/hook/cmake_prefix_path.dsv'
[0.982s] INFO:colcon.colcon_core.shell:Creating environment hook '/home/theo/ros2_workspace/install/serial/share/serial/hook/cmake_prefix_path.sh'
[0.982s] Level 1:colcon.colcon_core.environment:checking '/home/theo/ros2_workspace/install/serial/lib'
[0.982s] Level 1:colcon.colcon_core.environment:checking '/home/theo/ros2_workspace/install/serial/bin'
[0.982s] Level 1:colcon.colcon_core.environment:checking '/home/theo/ros2_workspace/install/serial/lib/pkgconfig/serial.pc'
[0.983s] Level 1:colcon.colcon_core.environment:checking '/home/theo/ros2_workspace/install/serial/lib/python3.8/site-packages'
[0.983s] Level 1:colcon.colcon_core.environment:checking '/home/theo/ros2_workspace/install/serial/bin'
[0.985s] INFO:colcon.colcon_core.shell:Creating package script '/home/theo/ros2_workspace/install/serial/share/serial/package.ps1'
[0.986s] INFO:colcon.colcon_core.shell:Creating package descriptor '/home/theo/ros2_workspace/install/serial/share/serial/package.dsv'
[0.986s] INFO:colcon.colcon_core.shell:Creating package script '/home/theo/ros2_workspace/install/serial/share/serial/package.sh'
[0.986s] INFO:colcon.colcon_core.shell:Creating package script '/home/theo/ros2_workspace/install/serial/share/serial/package.bash'
[0.987s] INFO:colcon.colcon_core.shell:Creating package script '/home/theo/ros2_workspace/install/serial/share/serial/package.zsh'
[0.987s] Level 1:colcon.colcon_core.environment:create_file_with_runtime_dependencies(/home/theo/ros2_workspace/install/serial/share/colcon-core/packages/serial)
[0.989s] Level 1:colcon.colcon_core.environment:create_environment_scripts_only(articubot_one)
[0.993s] Level 1:colcon.colcon_core.environment:checking '/home/theo/ros2_workspace/install/articubot_one' for CMake module files
[0.994s] Level 1:colcon.colcon_core.environment:checking '/home/theo/ros2_workspace/install/articubot_one' for CMake config files
[0.994s] Level 1:colcon.colcon_core.shell:create_environment_hook('articubot_one', 'cmake_prefix_path')
[0.996s] INFO:colcon.colcon_core.shell:Creating environment hook '/home/theo/ros2_workspace/install/articubot_one/share/articubot_one/hook/cmake_prefix_path.ps1'
[0.996s] INFO:colcon.colcon_core.shell:Creating environment descriptor '/home/theo/ros2_workspace/install/articubot_one/share/articubot_one/hook/cmake_prefix_path.dsv'
[0.997s] INFO:colcon.colcon_core.shell:Creating environment hook '/home/theo/ros2_workspace/install/articubot_one/share/articubot_one/hook/cmake_prefix_path.sh'
[0.997s] Level 1:colcon.colcon_core.environment:checking '/home/theo/ros2_workspace/install/articubot_one/bin'
[0.997s] Level 1:colcon.colcon_core.environment:checking '/home/theo/ros2_workspace/install/articubot_one/lib/pkgconfig/articubot_one.pc'
[0.997s] Level 1:colcon.colcon_core.environment:checking '/home/theo/ros2_workspace/install/articubot_one/lib/python3.8/site-packages'
[0.997s] Level 1:colcon.colcon_core.environment:checking '/home/theo/ros2_workspace/install/articubot_one/bin'
[1.000s] INFO:colcon.colcon_core.shell:Creating package script '/home/theo/ros2_workspace/install/articubot_one/share/articubot_one/package.ps1'
[1.000s] INFO:colcon.colcon_core.shell:Creating package descriptor '/home/theo/ros2_workspace/install/articubot_one/share/articubot_one/package.dsv'
[1.000s] INFO:colcon.colcon_core.shell:Creating package script '/home/theo/ros2_workspace/install/articubot_one/share/articubot_one/package.sh'
[1.001s] INFO:colcon.colcon_core.shell:Creating package script '/home/theo/ros2_workspace/install/articubot_one/share/articubot_one/package.bash'
[1.001s] INFO:colcon.colcon_core.shell:Creating package script '/home/theo/ros2_workspace/install/articubot_one/share/articubot_one/package.zsh'
[1.001s] Level 1:colcon.colcon_core.environment:create_file_with_runtime_dependencies(/home/theo/ros2_workspace/install/articubot_one/share/colcon-core/packages/articubot_one)
[1.001s] INFO:colcon.colcon_ros.task.ament_cmake.build:Building ROS package in '/home/theo/ros2_workspace/src/diffdrive_arduino' with build type 'ament_cmake'
[1.002s] INFO:colcon.colcon_cmake.task.cmake.build:Building CMake package in '/home/theo/ros2_workspace/src/diffdrive_arduino'
[1.004s] INFO:colcon.colcon_core.shell:Skip shell extension 'powershell' for command environment: Not usable outside of PowerShell
[1.004s] DEBUG:colcon.colcon_core.shell:Skip shell extension 'dsv' for command environment
[1.012s] INFO:colcon.colcon_ros.task.ament_cmake.build:Building ROS package in '/home/theo/ros2_workspace/src/my_arduino_pkg' with build type 'ament_cmake'
[1.013s] INFO:colcon.colcon_cmake.task.cmake.build:Building CMake package in '/home/theo/ros2_workspace/src/my_arduino_pkg'
[1.016s] INFO:colcon.colcon_core.shell:Skip shell extension 'powershell' for command environment: Not usable outside of PowerShell
[1.016s] DEBUG:colcon.colcon_core.shell:Skip shell extension 'dsv' for command environment
[1.027s] INFO:colcon.colcon_ros.task.ament_python.build:Building ROS package in '/home/theo/ros2_workspace/src/ros2_serial_interface' with build type 'ament_python'
[1.028s] Level 1:colcon.colcon_core.shell:create_environment_hook('ros2_serial_interface', 'ament_prefix_path')
[1.030s] INFO:colcon.colcon_core.shell:Creating environment hook '/home/theo/ros2_workspace/install/ros2_serial_interface/share/ros2_serial_interface/hook/ament_prefix_path.ps1'
[1.031s] INFO:colcon.colcon_core.shell:Creating environment descriptor '/home/theo/ros2_workspace/install/ros2_serial_interface/share/ros2_serial_interface/hook/ament_prefix_path.dsv'
[1.031s] INFO:colcon.colcon_core.shell:Creating environment hook '/home/theo/ros2_workspace/install/ros2_serial_interface/share/ros2_serial_interface/hook/ament_prefix_path.sh'
[1.034s] INFO:colcon.colcon_core.shell:Skip shell extension 'powershell' for command environment: Not usable outside of PowerShell
[1.034s] DEBUG:colcon.colcon_core.shell:Skip shell extension 'dsv' for command environment
[1.051s] DEBUG:colcon.colcon_core.event_handler.log_command:Invoking command in '/home/theo/ros2_workspace/build/diffdrive_arduino': CMAKE_PREFIX_PATH=/home/theo/ros2_workspace/install/serial:/home/theo/ros2_workspace/install/test_package:/home/theo/ros2_workspace/install/diffdrive_arduino:/home/theo/ros2_workspace/install/my_package:/home/theo/ros2_workspace/install/my_arduino_pkg:/home/theo/ros2_workspace/install/my_arduino_Cmakeversion:/home/theo/ros2_workspace/install/articubot_one:/home/theo/ros2_workspace/install/arduino_pck:/home/theo/ros2_workspace/install/serial_arduino_python_pkg:/home/theo/ros2_workspace/install/ros2_serial_interface:/home/theo/ros2_workspace/install/my_arduino:/home/theo/colcon_ws/install/autonomous_tb3:/opt/ros/foxy /usr/bin/cmake --build /home/theo/ros2_workspace/build/diffdrive_arduino -- -j12 -l12
[1.055s] DEBUG:colcon.colcon_core.event_handler.log_command:Invoking command in '/home/theo/ros2_workspace/build/my_arduino_pkg': CMAKE_PREFIX_PATH=/home/theo/ros2_workspace/install/serial:/home/theo/ros2_workspace/install/test_package:/home/theo/ros2_workspace/install/diffdrive_arduino:/home/theo/ros2_workspace/install/my_package:/home/theo/ros2_workspace/install/my_arduino_pkg:/home/theo/ros2_workspace/install/my_arduino_Cmakeversion:/home/theo/ros2_workspace/install/articubot_one:/home/theo/ros2_workspace/install/arduino_pck:/home/theo/ros2_workspace/install/serial_arduino_python_pkg:/home/theo/ros2_workspace/install/ros2_serial_interface:/home/theo/ros2_workspace/install/my_arduino:/home/theo/colcon_ws/install/autonomous_tb3:/opt/ros/foxy /usr/bin/cmake --build /home/theo/ros2_workspace/build/my_arduino_pkg -- -j12 -l12
[1.277s] INFO:colcon.colcon_core.task.python.build:Building Python package in '/home/theo/ros2_workspace/src/ros2_serial_interface'
[1.280s] INFO:colcon.colcon_core.shell:Skip shell extension 'powershell' for command environment: Not usable outside of PowerShell
[1.280s] DEBUG:colcon.colcon_core.shell:Skip shell extension 'dsv' for command environment
[1.293s] DEBUG:colcon.colcon_core.event_handler.log_command:Invoking command in '/home/theo/ros2_workspace/build/serial_arduino_python_pkg': PYTHONPATH=/home/theo/ros2_workspace/build/serial_arduino_python_pkg/prefix_override:/home/theo/ros2_workspace/install/serial_arduino_python_pkg/lib/python3.8/site-packages:${PYTHONPATH} /usr/bin/python3 setup.py develop --editable --build-directory /home/theo/ros2_workspace/build/serial_arduino_python_pkg/build --no-deps install_data
[1.295s] DEBUG:colcon.colcon_core.event_handler.log_command:Invoked command in '/home/theo/ros2_workspace/build/diffdrive_arduino' returned '0': CMAKE_PREFIX_PATH=/home/theo/ros2_workspace/install/serial:/home/theo/ros2_workspace/install/test_package:/home/theo/ros2_workspace/install/diffdrive_arduino:/home/theo/ros2_workspace/install/my_package:/home/theo/ros2_workspace/install/my_arduino_pkg:/home/theo/ros2_workspace/install/my_arduino_Cmakeversion:/home/theo/ros2_workspace/install/articubot_one:/home/theo/ros2_workspace/install/arduino_pck:/home/theo/ros2_workspace/install/serial_arduino_python_pkg:/home/theo/ros2_workspace/install/ros2_serial_interface:/home/theo/ros2_workspace/install/my_arduino:/home/theo/colcon_ws/install/autonomous_tb3:/opt/ros/foxy /usr/bin/cmake --build /home/theo/ros2_workspace/build/diffdrive_arduino -- -j12 -l12
[1.298s] DEBUG:colcon.colcon_core.event_handler.log_command:Invoked command in '/home/theo/ros2_workspace/build/my_arduino_pkg' returned '0': CMAKE_PREFIX_PATH=/home/theo/ros2_workspace/install/serial:/home/theo/ros2_workspace/install/test_package:/home/theo/ros2_workspace/install/diffdrive_arduino:/home/theo/ros2_workspace/install/my_package:/home/theo/ros2_workspace/install/my_arduino_pkg:/home/theo/ros2_workspace/install/my_arduino_Cmakeversion:/home/theo/ros2_workspace/install/articubot_one:/home/theo/ros2_workspace/install/arduino_pck:/home/theo/ros2_workspace/install/serial_arduino_python_pkg:/home/theo/ros2_workspace/install/ros2_serial_interface:/home/theo/ros2_workspace/install/my_arduino:/home/theo/colcon_ws/install/autonomous_tb3:/opt/ros/foxy /usr/bin/cmake --build /home/theo/ros2_workspace/build/my_arduino_pkg -- -j12 -l12
[1.321s] DEBUG:colcon.colcon_core.event_handler.log_command:Invoking command in '/home/theo/ros2_workspace/build/my_arduino_pkg': CMAKE_PREFIX_PATH=/home/theo/ros2_workspace/install/serial:/home/theo/ros2_workspace/install/test_package:/home/theo/ros2_workspace/install/diffdrive_arduino:/home/theo/ros2_workspace/install/my_package:/home/theo/ros2_workspace/install/my_arduino_pkg:/home/theo/ros2_workspace/install/my_arduino_Cmakeversion:/home/theo/ros2_workspace/install/articubot_one:/home/theo/ros2_workspace/install/arduino_pck:/home/theo/ros2_workspace/install/serial_arduino_python_pkg:/home/theo/ros2_workspace/install/ros2_serial_interface:/home/theo/ros2_workspace/install/my_arduino:/home/theo/colcon_ws/install/autonomous_tb3:/opt/ros/foxy /usr/bin/cmake --install /home/theo/ros2_workspace/build/my_arduino_pkg
[1.327s] DEBUG:colcon.colcon_core.event_handler.log_command:Invoking command in '/home/theo/ros2_workspace/build/diffdrive_arduino': CMAKE_PREFIX_PATH=/home/theo/ros2_workspace/install/serial:/home/theo/ros2_workspace/install/test_package:/home/theo/ros2_workspace/install/diffdrive_arduino:/home/theo/ros2_workspace/install/my_package:/home/theo/ros2_workspace/install/my_arduino_pkg:/home/theo/ros2_workspace/install/my_arduino_Cmakeversion:/home/theo/ros2_workspace/install/articubot_one:/home/theo/ros2_workspace/install/arduino_pck:/home/theo/ros2_workspace/install/serial_arduino_python_pkg:/home/theo/ros2_workspace/install/ros2_serial_interface:/home/theo/ros2_workspace/install/my_arduino:/home/theo/colcon_ws/install/autonomous_tb3:/opt/ros/foxy /usr/bin/cmake --install /home/theo/ros2_workspace/build/diffdrive_arduino
[1.346s] Level 1:colcon.colcon_core.environment:create_environment_scripts_only(my_arduino_pkg)
[1.354s] Level 1:colcon.colcon_core.environment:checking '/home/theo/ros2_workspace/install/my_arduino_pkg' for CMake module files
[1.355s] DEBUG:colcon.colcon_core.event_handler.log_command:Invoked command in '/home/theo/ros2_workspace/build/my_arduino_pkg' returned '0': CMAKE_PREFIX_PATH=/home/theo/ros2_workspace/install/serial:/home/theo/ros2_workspace/install/test_package:/home/theo/ros2_workspace/install/diffdrive_arduino:/home/theo/ros2_workspace/install/my_package:/home/theo/ros2_workspace/install/my_arduino_pkg:/home/theo/ros2_workspace/install/my_arduino_Cmakeversion:/home/theo/ros2_workspace/install/articubot_one:/home/theo/ros2_workspace/install/arduino_pck:/home/theo/ros2_workspace/install/serial_arduino_python_pkg:/home/theo/ros2_workspace/install/ros2_serial_interface:/home/theo/ros2_workspace/install/my_arduino:/home/theo/colcon_ws/install/autonomous_tb3:/opt/ros/foxy /usr/bin/cmake --install /home/theo/ros2_workspace/build/my_arduino_pkg
[1.357s] Level 1:colcon.colcon_core.environment:checking '/home/theo/ros2_workspace/install/my_arduino_pkg' for CMake config files
[1.357s] Level 1:colcon.colcon_core.shell:create_environment_hook('my_arduino_pkg', 'cmake_prefix_path')
[1.361s] INFO:colcon.colcon_core.shell:Creating environment hook '/home/theo/ros2_workspace/install/my_arduino_pkg/share/my_arduino_pkg/hook/cmake_prefix_path.ps1'
[1.362s] INFO:colcon.colcon_core.shell:Creating environment descriptor '/home/theo/ros2_workspace/install/my_arduino_pkg/share/my_arduino_pkg/hook/cmake_prefix_path.dsv'
[1.362s] INFO:colcon.colcon_core.shell:Creating environment hook '/home/theo/ros2_workspace/install/my_arduino_pkg/share/my_arduino_pkg/hook/cmake_prefix_path.sh'
[1.363s] Level 1:colcon.colcon_core.environment:checking '/home/theo/ros2_workspace/install/my_arduino_pkg/bin'
[1.363s] Level 1:colcon.colcon_core.environment:checking '/home/theo/ros2_workspace/install/my_arduino_pkg/lib/pkgconfig/my_arduino_pkg.pc'
[1.364s] Level 1:colcon.colcon_core.environment:checking '/home/theo/ros2_workspace/install/my_arduino_pkg/lib/python3.8/site-packages'
[1.364s] Level 1:colcon.colcon_core.environment:checking '/home/theo/ros2_workspace/install/my_arduino_pkg/bin'
[1.368s] INFO:colcon.colcon_core.shell:Creating package script '/home/theo/ros2_workspace/install/my_arduino_pkg/share/my_arduino_pkg/package.ps1'
[1.369s] INFO:colcon.colcon_core.shell:Creating package descriptor '/home/theo/ros2_workspace/install/my_arduino_pkg/share/my_arduino_pkg/package.dsv'
[1.369s] INFO:colcon.colcon_core.shell:Creating package script '/home/theo/ros2_workspace/install/my_arduino_pkg/share/my_arduino_pkg/package.sh'
[1.370s] INFO:colcon.colcon_core.shell:Creating package script '/home/theo/ros2_workspace/install/my_arduino_pkg/share/my_arduino_pkg/package.bash'
[1.370s] INFO:colcon.colcon_core.shell:Creating package script '/home/theo/ros2_workspace/install/my_arduino_pkg/share/my_arduino_pkg/package.zsh'
[1.371s] Level 1:colcon.colcon_core.environment:create_file_with_runtime_dependencies(/home/theo/ros2_workspace/install/my_arduino_pkg/share/colcon-core/packages/my_arduino_pkg)
[1.375s] Level 1:colcon.colcon_core.environment:create_environment_scripts_only(diffdrive_arduino)
[1.382s] Level 1:colcon.colcon_core.environment:checking '/home/theo/ros2_workspace/install/diffdrive_arduino' for CMake module files
[1.383s] DEBUG:colcon.colcon_core.event_handler.log_command:Invoked command in '/home/theo/ros2_workspace/build/diffdrive_arduino' returned '0': CMAKE_PREFIX_PATH=/home/theo/ros2_workspace/install/serial:/home/theo/ros2_workspace/install/test_package:/home/theo/ros2_workspace/install/diffdrive_arduino:/home/theo/ros2_workspace/install/my_package:/home/theo/ros2_workspace/install/my_arduino_pkg:/home/theo/ros2_workspace/install/my_arduino_Cmakeversion:/home/theo/ros2_workspace/install/articubot_one:/home/theo/ros2_workspace/install/arduino_pck:/home/theo/ros2_workspace/install/serial_arduino_python_pkg:/home/theo/ros2_workspace/install/ros2_serial_interface:/home/theo/ros2_workspace/install/my_arduino:/home/theo/colcon_ws/install/autonomous_tb3:/opt/ros/foxy /usr/bin/cmake --install /home/theo/ros2_workspace/build/diffdrive_arduino
[1.384s] Level 1:colcon.colcon_core.environment:checking '/home/theo/ros2_workspace/install/diffdrive_arduino' for CMake config files
[1.384s] Level 1:colcon.colcon_core.shell:create_environment_hook('diffdrive_arduino', 'cmake_prefix_path')
[1.388s] INFO:colcon.colcon_core.shell:Creating environment hook '/home/theo/ros2_workspace/install/diffdrive_arduino/share/diffdrive_arduino/hook/cmake_prefix_path.ps1'
[1.389s] INFO:colcon.colcon_core.shell:Creating environment descriptor '/home/theo/ros2_workspace/install/diffdrive_arduino/share/diffdrive_arduino/hook/cmake_prefix_path.dsv'
[1.389s] INFO:colcon.colcon_core.shell:Creating environment hook '/home/theo/ros2_workspace/install/diffdrive_arduino/share/diffdrive_arduino/hook/cmake_prefix_path.sh'
[1.390s] Level 1:colcon.colcon_core.environment:checking '/home/theo/ros2_workspace/install/diffdrive_arduino/lib'
[1.390s] Level 1:colcon.colcon_core.shell:create_environment_hook('diffdrive_arduino', 'ld_library_path_lib')
[1.394s] INFO:colcon.colcon_core.shell:Creating environment hook '/home/theo/ros2_workspace/install/diffdrive_arduino/share/diffdrive_arduino/hook/ld_library_path_lib.ps1'
[1.395s] INFO:colcon.colcon_core.shell:Creating environment descriptor '/home/theo/ros2_workspace/install/diffdrive_arduino/share/diffdrive_arduino/hook/ld_library_path_lib.dsv'
[1.395s] INFO:colcon.colcon_core.shell:Creating environment hook '/home/theo/ros2_workspace/install/diffdrive_arduino/share/diffdrive_arduino/hook/ld_library_path_lib.sh'
[1.396s] Level 1:colcon.colcon_core.environment:checking '/home/theo/ros2_workspace/install/diffdrive_arduino/bin'
[1.396s] Level 1:colcon.colcon_core.environment:checking '/home/theo/ros2_workspace/install/diffdrive_arduino/lib/pkgconfig/diffdrive_arduino.pc'
[1.396s] Level 1:colcon.colcon_core.environment:checking '/home/theo/ros2_workspace/install/diffdrive_arduino/lib/python3.8/site-packages'
[1.396s] Level 1:colcon.colcon_core.environment:checking '/home/theo/ros2_workspace/install/diffdrive_arduino/bin'
[1.401s] INFO:colcon.colcon_core.shell:Creating package script '/home/theo/ros2_workspace/install/diffdrive_arduino/share/diffdrive_arduino/package.ps1'
[1.401s] INFO:colcon.colcon_core.shell:Creating package descriptor '/home/theo/ros2_workspace/install/diffdrive_arduino/share/diffdrive_arduino/package.dsv'
[1.402s] INFO:colcon.colcon_core.shell:Creating package script '/home/theo/ros2_workspace/install/diffdrive_arduino/share/diffdrive_arduino/package.sh'
[1.402s] INFO:colcon.colcon_core.shell:Creating package script '/home/theo/ros2_workspace/install/diffdrive_arduino/share/diffdrive_arduino/package.bash'
[1.403s] INFO:colcon.colcon_core.shell:Creating package script '/home/theo/ros2_workspace/install/diffdrive_arduino/share/diffdrive_arduino/package.zsh'
[1.403s] Level 1:colcon.colcon_core.environment:create_file_with_runtime_dependencies(/home/theo/ros2_workspace/install/diffdrive_arduino/share/colcon-core/packages/diffdrive_arduino)
[1.410s] Level 1:colcon.colcon_core.environment:create_environment_scripts_only(my_arduino_pkg)
[1.413s] Level 1:colcon.colcon_core.environment:checking '/home/theo/ros2_workspace/install/my_arduino_pkg' for CMake module files
[1.414s] Level 1:colcon.colcon_core.environment:checking '/home/theo/ros2_workspace/install/my_arduino_pkg' for CMake config files
[1.414s] Level 1:colcon.colcon_core.shell:create_environment_hook('my_arduino_pkg', 'cmake_prefix_path')
[1.416s] INFO:colcon.colcon_core.shell:Creating environment hook '/home/theo/ros2_workspace/install/my_arduino_pkg/share/my_arduino_pkg/hook/cmake_prefix_path.ps1'
[1.417s] INFO:colcon.colcon_core.shell:Creating environment descriptor '/home/theo/ros2_workspace/install/my_arduino_pkg/share/my_arduino_pkg/hook/cmake_prefix_path.dsv'
[1.417s] INFO:colcon.colcon_core.shell:Creating environment hook '/home/theo/ros2_workspace/install/my_arduino_pkg/share/my_arduino_pkg/hook/cmake_prefix_path.sh'
[1.418s] Level 1:colcon.colcon_core.environment:checking '/home/theo/ros2_workspace/install/my_arduino_pkg/bin'
[1.418s] Level 1:colcon.colcon_core.environment:checking '/home/theo/ros2_workspace/install/my_arduino_pkg/lib/pkgconfig/my_arduino_pkg.pc'
[1.418s] Level 1:colcon.colcon_core.environment:checking '/home/theo/ros2_workspace/install/my_arduino_pkg/lib/python3.8/site-packages'
[1.418s] Level 1:colcon.colcon_core.environment:checking '/home/theo/ros2_workspace/install/my_arduino_pkg/bin'
[1.420s] INFO:colcon.colcon_core.shell:Creating package script '/home/theo/ros2_workspace/install/my_arduino_pkg/share/my_arduino_pkg/package.ps1'
[1.421s] INFO:colcon.colcon_core.shell:Creating package descriptor '/home/theo/ros2_workspace/install/my_arduino_pkg/share/my_arduino_pkg/package.dsv'
[1.421s] INFO:colcon.colcon_core.shell:Creating package script '/home/theo/ros2_workspace/install/my_arduino_pkg/share/my_arduino_pkg/package.sh'
[1.422s] INFO:colcon.colcon_core.shell:Creating package script '/home/theo/ros2_workspace/install/my_arduino_pkg/share/my_arduino_pkg/package.bash'
[1.422s] INFO:colcon.colcon_core.shell:Creating package script '/home/theo/ros2_workspace/install/my_arduino_pkg/share/my_arduino_pkg/package.zsh'
[1.422s] Level 1:colcon.colcon_core.environment:create_file_with_runtime_dependencies(/home/theo/ros2_workspace/install/my_arduino_pkg/share/colcon-core/packages/my_arduino_pkg)
[1.435s] Level 1:colcon.colcon_core.environment:create_environment_scripts_only(diffdrive_arduino)
[1.438s] Level 1:colcon.colcon_core.environment:checking '/home/theo/ros2_workspace/install/diffdrive_arduino' for CMake module files
[1.438s] Level 1:colcon.colcon_core.environment:checking '/home/theo/ros2_workspace/install/diffdrive_arduino' for CMake config files
[1.439s] Level 1:colcon.colcon_core.shell:create_environment_hook('diffdrive_arduino', 'cmake_prefix_path')
[1.441s] INFO:colcon.colcon_core.shell:Creating environment hook '/home/theo/ros2_workspace/install/diffdrive_arduino/share/diffdrive_arduino/hook/cmake_prefix_path.ps1'
[1.441s] INFO:colcon.colcon_core.shell:Creating environment descriptor '/home/theo/ros2_workspace/install/diffdrive_arduino/share/diffdrive_arduino/hook/cmake_prefix_path.dsv'
[1.442s] INFO:colcon.colcon_core.shell:Creating environment hook '/home/theo/ros2_workspace/install/diffdrive_arduino/share/diffdrive_arduino/hook/cmake_prefix_path.sh'
[1.442s] Level 1:colcon.colcon_core.environment:checking '/home/theo/ros2_workspace/install/diffdrive_arduino/lib'
[1.442s] Level 1:colcon.colcon_core.shell:create_environment_hook('diffdrive_arduino', 'ld_library_path_lib')
[1.445s] INFO:colcon.colcon_core.shell:Creating environment hook '/home/theo/ros2_workspace/install/diffdrive_arduino/share/diffdrive_arduino/hook/ld_library_path_lib.ps1'
[1.445s] INFO:colcon.colcon_core.shell:Creating environment descriptor '/home/theo/ros2_workspace/install/diffdrive_arduino/share/diffdrive_arduino/hook/ld_library_path_lib.dsv'
[1.445s] INFO:colcon.colcon_core.shell:Creating environment hook '/home/theo/ros2_workspace/install/diffdrive_arduino/share/diffdrive_arduino/hook/ld_library_path_lib.sh'
[1.446s] Level 1:colcon.colcon_core.environment:checking '/home/theo/ros2_workspace/install/diffdrive_arduino/bin'
[1.446s] Level 1:colcon.colcon_core.environment:checking '/home/theo/ros2_workspace/install/diffdrive_arduino/lib/pkgconfig/diffdrive_arduino.pc'
[1.446s] Level 1:colcon.colcon_core.environment:checking '/home/theo/ros2_workspace/install/diffdrive_arduino/lib/python3.8/site-packages'
[1.446s] Level 1:colcon.colcon_core.environment:checking '/home/theo/ros2_workspace/install/diffdrive_arduino/bin'
[1.448s] INFO:colcon.colcon_core.shell:Creating package script '/home/theo/ros2_workspace/install/diffdrive_arduino/share/diffdrive_arduino/package.ps1'
[1.449s] INFO:colcon.colcon_core.shell:Creating package descriptor '/home/theo/ros2_workspace/install/diffdrive_arduino/share/diffdrive_arduino/package.dsv'
[1.449s] INFO:colcon.colcon_core.shell:Creating package script '/home/theo/ros2_workspace/install/diffdrive_arduino/share/diffdrive_arduino/package.sh'
[1.450s] INFO:colcon.colcon_core.shell:Creating package script '/home/theo/ros2_workspace/install/diffdrive_arduino/share/diffdrive_arduino/package.bash'
[1.450s] INFO:colcon.colcon_core.shell:Creating package script '/home/theo/ros2_workspace/install/diffdrive_arduino/share/diffdrive_arduino/package.zsh'
[1.451s] Level 1:colcon.colcon_core.environment:create_file_with_runtime_dependencies(/home/theo/ros2_workspace/install/diffdrive_arduino/share/colcon-core/packages/diffdrive_arduino)
[1.678s] DEBUG:colcon.colcon_core.event_handler.log_command:Invoking command in '/home/theo/ros2_workspace/build/ros2_serial_interface': CMAKE_PREFIX_PATH=/home/theo/ros2_workspace/install/serial:/home/theo/ros2_workspace/install/test_package:/home/theo/ros2_workspace/install/diffdrive_arduino:/home/theo/ros2_workspace/install/my_package:/home/theo/ros2_workspace/install/my_arduino_pkg:/home/theo/ros2_workspace/install/my_arduino_Cmakeversion:/home/theo/ros2_workspace/install/articubot_one:/home/theo/ros2_workspace/install/arduino_pck PYTHONPATH=/home/theo/ros2_workspace/build/ros2_serial_interface/prefix_override:/home/theo/ros2_workspace/install/ros2_serial_interface/lib/python3.8/site-packages:${PYTHONPATH} /usr/bin/python3 setup.py develop --editable --build-directory /home/theo/ros2_workspace/build/ros2_serial_interface/build --no-deps install_data
[1.737s] Level 1:colcon.colcon_core.shell:create_environment_hook('serial_arduino_python_pkg', 'pythonpath_develop')
[1.739s] INFO:colcon.colcon_core.shell:Creating environment hook '/home/theo/ros2_workspace/build/serial_arduino_python_pkg/share/serial_arduino_python_pkg/hook/pythonpath_develop.ps1'
[1.740s] DEBUG:colcon.colcon_core.event_handler.log_command:Invoked command in '/home/theo/ros2_workspace/build/serial_arduino_python_pkg' returned '0': PYTHONPATH=/home/theo/ros2_workspace/build/serial_arduino_python_pkg/prefix_override:/home/theo/ros2_workspace/install/serial_arduino_python_pkg/lib/python3.8/site-packages:${PYTHONPATH} /usr/bin/python3 setup.py develop --editable --build-directory /home/theo/ros2_workspace/build/serial_arduino_python_pkg/build --no-deps install_data
[1.740s] INFO:colcon.colcon_core.shell:Creating environment descriptor '/home/theo/ros2_workspace/build/serial_arduino_python_pkg/share/serial_arduino_python_pkg/hook/pythonpath_develop.dsv'
[1.741s] INFO:colcon.colcon_core.shell:Creating environment hook '/home/theo/ros2_workspace/build/serial_arduino_python_pkg/share/serial_arduino_python_pkg/hook/pythonpath_develop.sh'
[1.744s] Level 1:colcon.colcon_core.environment:checking '/home/theo/ros2_workspace/install/serial_arduino_python_pkg' for CMake module files
[1.744s] Level 1:colcon.colcon_core.environment:checking '/home/theo/ros2_workspace/install/serial_arduino_python_pkg' for CMake config files
[1.744s] Level 1:colcon.colcon_core.environment:checking '/home/theo/ros2_workspace/install/serial_arduino_python_pkg/lib'
[1.745s] Level 1:colcon.colcon_core.environment:checking '/home/theo/ros2_workspace/install/serial_arduino_python_pkg/bin'
[1.745s] Level 1:colcon.colcon_core.environment:checking '/home/theo/ros2_workspace/install/serial_arduino_python_pkg/lib/pkgconfig/serial_arduino_python_pkg.pc'
[1.745s] Level 1:colcon.colcon_core.environment:checking '/home/theo/ros2_workspace/install/serial_arduino_python_pkg/lib/python3.8/site-packages'
[1.745s] Level 1:colcon.colcon_core.shell:create_environment_hook('serial_arduino_python_pkg', 'pythonpath')
[1.747s] INFO:colcon.colcon_core.shell:Creating environment hook '/home/theo/ros2_workspace/install/serial_arduino_python_pkg/share/serial_arduino_python_pkg/hook/pythonpath.ps1'
[1.747s] INFO:colcon.colcon_core.shell:Creating environment descriptor '/home/theo/ros2_workspace/install/serial_arduino_python_pkg/share/serial_arduino_python_pkg/hook/pythonpath.dsv'
[1.747s] INFO:colcon.colcon_core.shell:Creating environment hook '/home/theo/ros2_workspace/install/serial_arduino_python_pkg/share/serial_arduino_python_pkg/hook/pythonpath.sh'
[1.748s] Level 1:colcon.colcon_core.environment:checking '/home/theo/ros2_workspace/install/serial_arduino_python_pkg/bin'
[1.748s] Level 1:colcon.colcon_core.environment:create_environment_scripts_only(serial_arduino_python_pkg)
[1.750s] INFO:colcon.colcon_core.shell:Creating package script '/home/theo/ros2_workspace/install/serial_arduino_python_pkg/share/serial_arduino_python_pkg/package.ps1'
[1.750s] INFO:colcon.colcon_core.shell:Creating package descriptor '/home/theo/ros2_workspace/install/serial_arduino_python_pkg/share/serial_arduino_python_pkg/package.dsv'
[1.751s] INFO:colcon.colcon_core.shell:Creating package script '/home/theo/ros2_workspace/install/serial_arduino_python_pkg/share/serial_arduino_python_pkg/package.sh'
[1.751s] INFO:colcon.colcon_core.shell:Creating package script '/home/theo/ros2_workspace/install/serial_arduino_python_pkg/share/serial_arduino_python_pkg/package.bash'
[1.751s] INFO:colcon.colcon_core.shell:Creating package script '/home/theo/ros2_workspace/install/serial_arduino_python_pkg/share/serial_arduino_python_pkg/package.zsh'
[1.752s] Level 1:colcon.colcon_core.environment:create_file_with_runtime_dependencies(/home/theo/ros2_workspace/install/serial_arduino_python_pkg/share/colcon-core/packages/serial_arduino_python_pkg)
[2.079s] Level 1:colcon.colcon_core.shell:create_environment_hook('ros2_serial_interface', 'pythonpath_develop')
[2.081s] INFO:colcon.colcon_core.shell:Creating environment hook '/home/theo/ros2_workspace/build/ros2_serial_interface/share/ros2_serial_interface/hook/pythonpath_develop.ps1'
[2.081s] DEBUG:colcon.colcon_core.event_handler.log_command:Invoked command in '/home/theo/ros2_workspace/build/ros2_serial_interface' returned '0': CMAKE_PREFIX_PATH=/home/theo/ros2_workspace/install/serial:/home/theo/ros2_workspace/install/test_package:/home/theo/ros2_workspace/install/diffdrive_arduino:/home/theo/ros2_workspace/install/my_package:/home/theo/ros2_workspace/install/my_arduino_pkg:/home/theo/ros2_workspace/install/my_arduino_Cmakeversion:/home/theo/ros2_workspace/install/articubot_one:/home/theo/ros2_workspace/install/arduino_pck PYTHONPATH=/home/theo/ros2_workspace/build/ros2_serial_interface/prefix_override:/home/theo/ros2_workspace/install/ros2_serial_interface/lib/python3.8/site-packages:${PYTHONPATH} /usr/bin/python3 setup.py develop --editable --build-directory /home/theo/ros2_workspace/build/ros2_serial_interface/build --no-deps install_data
[2.082s] INFO:colcon.colcon_core.shell:Creating environment descriptor '/home/theo/ros2_workspace/build/ros2_serial_interface/share/ros2_serial_interface/hook/pythonpath_develop.dsv'
[2.082s] INFO:colcon.colcon_core.shell:Creating environment hook '/home/theo/ros2_workspace/build/ros2_serial_interface/share/ros2_serial_interface/hook/pythonpath_develop.sh'
[2.085s] Level 1:colcon.colcon_core.environment:checking '/home/theo/ros2_workspace/install/ros2_serial_interface' for CMake module files
[2.085s] Level 1:colcon.colcon_core.environment:checking '/home/theo/ros2_workspace/install/ros2_serial_interface' for CMake config files
[2.086s] Level 1:colcon.colcon_core.environment:checking '/home/theo/ros2_workspace/install/ros2_serial_interface/lib'
[2.086s] Level 1:colcon.colcon_core.environment:checking '/home/theo/ros2_workspace/install/ros2_serial_interface/bin'
[2.086s] Level 1:colcon.colcon_core.environment:checking '/home/theo/ros2_workspace/install/ros2_serial_interface/lib/pkgconfig/ros2_serial_interface.pc'
[2.086s] Level 1:colcon.colcon_core.environment:checking '/home/theo/ros2_workspace/install/ros2_serial_interface/lib/python3.8/site-packages'
[2.086s] Level 1:colcon.colcon_core.shell:create_environment_hook('ros2_serial_interface', 'pythonpath')
[2.088s] INFO:colcon.colcon_core.shell:Creating environment hook '/home/theo/ros2_workspace/install/ros2_serial_interface/share/ros2_serial_interface/hook/pythonpath.ps1'
[2.088s] INFO:colcon.colcon_core.shell:Creating environment descriptor '/home/theo/ros2_workspace/install/ros2_serial_interface/share/ros2_serial_interface/hook/pythonpath.dsv'
[2.088s] INFO:colcon.colcon_core.shell:Creating environment hook '/home/theo/ros2_workspace/install/ros2_serial_interface/share/ros2_serial_interface/hook/pythonpath.sh'
[2.089s] Level 1:colcon.colcon_core.environment:checking '/home/theo/ros2_workspace/install/ros2_serial_interface/bin'
[2.089s] Level 1:colcon.colcon_core.environment:create_environment_scripts_only(ros2_serial_interface)
[2.091s] INFO:colcon.colcon_core.shell:Creating package script '/home/theo/ros2_workspace/install/ros2_serial_interface/share/ros2_serial_interface/package.ps1'
[2.091s] INFO:colcon.colcon_core.shell:Creating package descriptor '/home/theo/ros2_workspace/install/ros2_serial_interface/share/ros2_serial_interface/package.dsv'
[2.092s] INFO:colcon.colcon_core.shell:Creating package script '/home/theo/ros2_workspace/install/ros2_serial_interface/share/ros2_serial_interface/package.sh'
[2.092s] INFO:colcon.colcon_core.shell:Creating package script '/home/theo/ros2_workspace/install/ros2_serial_interface/share/ros2_serial_interface/package.bash'
[2.092s] INFO:colcon.colcon_core.shell:Creating package script '/home/theo/ros2_workspace/install/ros2_serial_interface/share/ros2_serial_interface/package.zsh'
[2.093s] Level 1:colcon.colcon_core.environment:create_file_with_runtime_dependencies(/home/theo/ros2_workspace/install/ros2_serial_interface/share/colcon-core/packages/ros2_serial_interface)
[2.093s] DEBUG:colcon.colcon_parallel_executor.executor.parallel:closing loop
[2.093s] DEBUG:colcon.colcon_parallel_executor.executor.parallel:loop closed
[2.093s] DEBUG:colcon.colcon_parallel_executor.executor.parallel:run_until_complete finished with '0'
[2.094s] DEBUG:colcon.colcon_core.event_reactor:joining thread
[2.098s] INFO:colcon.colcon_core.plugin_system:Skipping extension 'colcon_notification.desktop_notification.terminal_notifier': Not used on non-Darwin systems
[2.099s] INFO:colcon.colcon_core.plugin_system:Skipping extension 'colcon_notification.desktop_notification.win32': Not used on non-Windows systems
[2.099s] INFO:colcon.colcon_notification.desktop_notification:Sending desktop notification using 'notify2'
[2.111s] DEBUG:colcon.colcon_core.event_reactor:joined thread
[2.113s] INFO:colcon.colcon_core.shell:Creating prefix script '/home/theo/ros2_workspace/install/local_setup.ps1'
[2.114s] INFO:colcon.colcon_core.shell:Creating prefix util module '/home/theo/ros2_workspace/install/_local_setup_util_ps1.py'
[2.114s] INFO:colcon.colcon_core.shell:Creating prefix chain script '/home/theo/ros2_workspace/install/setup.ps1'
[2.117s] INFO:colcon.colcon_core.shell:Creating prefix script '/home/theo/ros2_workspace/install/local_setup.sh'
[2.117s] INFO:colcon.colcon_core.shell:Creating prefix util module '/home/theo/ros2_workspace/install/_local_setup_util_sh.py'
[2.118s] INFO:colcon.colcon_core.shell:Creating prefix chain script '/home/theo/ros2_workspace/install/setup.sh'
[2.119s] INFO:colcon.colcon_core.shell:Creating prefix script '/home/theo/ros2_workspace/install/local_setup.bash'
[2.120s] INFO:colcon.colcon_core.shell:Creating prefix chain script '/home/theo/ros2_workspace/install/setup.bash'
[2.122s] INFO:colcon.colcon_core.shell:Creating prefix script '/home/theo/ros2_workspace/install/local_setup.zsh'
[2.122s] INFO:colcon.colcon_core.shell:Creating prefix chain script '/home/theo/ros2_workspace/install/setup.zsh'
