[0.421s] Invoking command in '/home/imjunhyung/turtlebot3_ws/build/turtlebot3_description': CMAKE_PREFIX_PATH=${CMAKE_PREFIX_PATH}:/home/imjunhyung/turtlebot3_ws/install/vel_send:/home/imjunhyung/turtlebot3_ws/install/turtlebot3_teleop:/home/imjunhyung/turtlebot3_ws/install/turtlebot3_example:/home/imjunhyung/turtlebot3_ws/install/roi:/home/imjunhyung/turtlebot3_ws/install/motor:/home/imjunhyung/turtlebot3_ws/install/detection:/opt/ros/foxy /home/imjunhyung/.local/bin/cmake --build /home/imjunhyung/turtlebot3_ws/build/turtlebot3_description -- -j8 -l8
[1.758s] Invoked command in '/home/imjunhyung/turtlebot3_ws/build/turtlebot3_description' returned '0': CMAKE_PREFIX_PATH=${CMAKE_PREFIX_PATH}:/home/imjunhyung/turtlebot3_ws/install/vel_send:/home/imjunhyung/turtlebot3_ws/install/turtlebot3_teleop:/home/imjunhyung/turtlebot3_ws/install/turtlebot3_example:/home/imjunhyung/turtlebot3_ws/install/roi:/home/imjunhyung/turtlebot3_ws/install/motor:/home/imjunhyung/turtlebot3_ws/install/detection:/opt/ros/foxy /home/imjunhyung/.local/bin/cmake --build /home/imjunhyung/turtlebot3_ws/build/turtlebot3_description -- -j8 -l8
[1.933s] Invoking command in '/home/imjunhyung/turtlebot3_ws/build/turtlebot3_description': CMAKE_PREFIX_PATH=${CMAKE_PREFIX_PATH}:/home/imjunhyung/turtlebot3_ws/install/vel_send:/home/imjunhyung/turtlebot3_ws/install/turtlebot3_teleop:/home/imjunhyung/turtlebot3_ws/install/turtlebot3_example:/home/imjunhyung/turtlebot3_ws/install/roi:/home/imjunhyung/turtlebot3_ws/install/motor:/home/imjunhyung/turtlebot3_ws/install/detection:/opt/ros/foxy /home/imjunhyung/.local/bin/cmake --install /home/imjunhyung/turtlebot3_ws/build/turtlebot3_description
[2.001s] -- Install configuration: ""
[2.002s] -- Up-to-date: /home/imjunhyung/turtlebot3_ws/install/turtlebot3_description/share/turtlebot3_description/meshes
[2.016s] -- Up-to-date: /home/imjunhyung/turtlebot3_ws/install/turtlebot3_description/share/turtlebot3_description/meshes/bases
[2.027s] -- Up-to-date: /home/imjunhyung/turtlebot3_ws/install/turtlebot3_description/share/turtlebot3_description/meshes/bases/waffle_pi_base.stl
[2.027s] -- Up-to-date: /home/imjunhyung/turtlebot3_ws/install/turtlebot3_description/share/turtlebot3_description/meshes/bases/waffle_base.stl
[2.028s] -- Up-to-date: /home/imjunhyung/turtlebot3_ws/install/turtlebot3_description/share/turtlebot3_description/meshes/bases/burger_base.stl
[2.028s] -- Up-to-date: /home/imjunhyung/turtlebot3_ws/install/turtlebot3_description/share/turtlebot3_description/meshes/wheels
[2.034s] -- Up-to-date: /home/imjunhyung/turtlebot3_ws/install/turtlebot3_description/share/turtlebot3_description/meshes/wheels/right_tire.stl
[2.034s] -- Up-to-date: /home/imjunhyung/turtlebot3_ws/install/turtlebot3_description/share/turtlebot3_description/meshes/wheels/left_tire.stl
[2.035s] -- Up-to-date: /home/imjunhyung/turtlebot3_ws/install/turtlebot3_description/share/turtlebot3_description/meshes/sensors
[2.041s] -- Up-to-date: /home/imjunhyung/turtlebot3_ws/install/turtlebot3_description/share/turtlebot3_description/meshes/sensors/lds.stl
[2.041s] -- Up-to-date: /home/imjunhyung/turtlebot3_ws/install/turtlebot3_description/share/turtlebot3_description/meshes/sensors/astra.jpg
[2.042s] -- Up-to-date: /home/imjunhyung/turtlebot3_ws/install/turtlebot3_description/share/turtlebot3_description/meshes/sensors/astra.dae
[2.042s] -- Up-to-date: /home/imjunhyung/turtlebot3_ws/install/turtlebot3_description/share/turtlebot3_description/meshes/sensors/r200.dae
[2.042s] -- Up-to-date: /home/imjunhyung/turtlebot3_ws/install/turtlebot3_description/share/turtlebot3_description/meshes/sensors/r200.jpg
[2.043s] -- Up-to-date: /home/imjunhyung/turtlebot3_ws/install/turtlebot3_description/share/turtlebot3_description/rviz
[2.043s] -- Up-to-date: /home/imjunhyung/turtlebot3_ws/install/turtlebot3_description/share/turtlebot3_description/rviz/model.rviz
[2.044s] -- Up-to-date: /home/imjunhyung/turtlebot3_ws/install/turtlebot3_description/share/turtlebot3_description/urdf
[2.044s] -- Up-to-date: /home/imjunhyung/turtlebot3_ws/install/turtlebot3_description/share/turtlebot3_description/urdf/turtlebot3_waffle_pi.urdf
[2.044s] -- Up-to-date: /home/imjunhyung/turtlebot3_ws/install/turtlebot3_description/share/turtlebot3_description/urdf/turtlebot3_waffle.urdf
[2.045s] -- Up-to-date: /home/imjunhyung/turtlebot3_ws/install/turtlebot3_description/share/turtlebot3_description/urdf/common_properties.urdf
[2.045s] -- Up-to-date: /home/imjunhyung/turtlebot3_ws/install/turtlebot3_description/share/turtlebot3_description/urdf/turtlebot3_burger.urdf
[2.045s] -- Up-to-date: /home/imjunhyung/turtlebot3_ws/install/turtlebot3_description/share/ament_index/resource_index/package_run_dependencies/turtlebot3_description
[2.046s] -- Up-to-date: /home/imjunhyung/turtlebot3_ws/install/turtlebot3_description/share/ament_index/resource_index/parent_prefix_path/turtlebot3_description
[2.047s] -- Up-to-date: /home/imjunhyung/turtlebot3_ws/install/turtlebot3_description/share/turtlebot3_description/environment/ament_prefix_path.sh
[2.047s] -- Up-to-date: /home/imjunhyung/turtlebot3_ws/install/turtlebot3_description/share/turtlebot3_description/environment/ament_prefix_path.dsv
[2.048s] -- Up-to-date: /home/imjunhyung/turtlebot3_ws/install/turtlebot3_description/share/turtlebot3_description/environment/path.sh
[2.048s] -- Up-to-date: /home/imjunhyung/turtlebot3_ws/install/turtlebot3_description/share/turtlebot3_description/environment/path.dsv
[2.048s] -- Up-to-date: /home/imjunhyung/turtlebot3_ws/install/turtlebot3_description/share/turtlebot3_description/local_setup.bash
[2.048s] -- Up-to-date: /home/imjunhyung/turtlebot3_ws/install/turtlebot3_description/share/turtlebot3_description/local_setup.sh
[2.048s] -- Up-to-date: /home/imjunhyung/turtlebot3_ws/install/turtlebot3_description/share/turtlebot3_description/local_setup.zsh
[2.048s] -- Up-to-date: /home/imjunhyung/turtlebot3_ws/install/turtlebot3_description/share/turtlebot3_description/local_setup.dsv
[2.048s] -- Installing: /home/imjunhyung/turtlebot3_ws/install/turtlebot3_description/share/turtlebot3_description/package.dsv
[2.049s] -- Up-to-date: /home/imjunhyung/turtlebot3_ws/install/turtlebot3_description/share/ament_index/resource_index/packages/turtlebot3_description
[2.050s] -- Up-to-date: /home/imjunhyung/turtlebot3_ws/install/turtlebot3_description/share/turtlebot3_description/cmake/turtlebot3_descriptionConfig.cmake
[2.050s] -- Up-to-date: /home/imjunhyung/turtlebot3_ws/install/turtlebot3_description/share/turtlebot3_description/cmake/turtlebot3_descriptionConfig-version.cmake
[2.050s] -- Up-to-date: /home/imjunhyung/turtlebot3_ws/install/turtlebot3_description/share/turtlebot3_description/package.xml
[2.062s] Invoked command in '/home/imjunhyung/turtlebot3_ws/build/turtlebot3_description' returned '0': CMAKE_PREFIX_PATH=${CMAKE_PREFIX_PATH}:/home/imjunhyung/turtlebot3_ws/install/vel_send:/home/imjunhyung/turtlebot3_ws/install/turtlebot3_teleop:/home/imjunhyung/turtlebot3_ws/install/turtlebot3_example:/home/imjunhyung/turtlebot3_ws/install/roi:/home/imjunhyung/turtlebot3_ws/install/motor:/home/imjunhyung/turtlebot3_ws/install/detection:/opt/ros/foxy /home/imjunhyung/.local/bin/cmake --install /home/imjunhyung/turtlebot3_ws/build/turtlebot3_description
