[1.286s] Invoking command in '/home/imjunhyung/turtlebot3_ws/src/vel_send': PYTHONPATH=/home/imjunhyung/turtlebot3_ws/build/vel_send/prefix_override:/home/imjunhyung/turtlebot3_ws/install/vel_send/lib/python3.8/site-packages:${PYTHONPATH} /usr/bin/python3 setup.py egg_info --egg-base ../../build/vel_send build --build-base /home/imjunhyung/turtlebot3_ws/build/vel_send/build install --record /home/imjunhyung/turtlebot3_ws/build/vel_send/install.log --install-scripts $base/lib/vel_send --single-version-externally-managed
[1.617s] running egg_info
[1.618s] creating ../../build/vel_send/vel_send.egg-info
[1.618s] writing ../../build/vel_send/vel_send.egg-info/PKG-INFO
[1.619s] writing dependency_links to ../../build/vel_send/vel_send.egg-info/dependency_links.txt
[1.619s] writing entry points to ../../build/vel_send/vel_send.egg-info/entry_points.txt
[1.619s] writing requirements to ../../build/vel_send/vel_send.egg-info/requires.txt
[1.619s] writing top-level names to ../../build/vel_send/vel_send.egg-info/top_level.txt
[1.621s] writing manifest file '../../build/vel_send/vel_send.egg-info/SOURCES.txt'
[1.682s] reading manifest file '../../build/vel_send/vel_send.egg-info/SOURCES.txt'
[1.683s] writing manifest file '../../build/vel_send/vel_send.egg-info/SOURCES.txt'
[1.683s] running build
[1.683s] running build_py
[1.684s] creating /home/imjunhyung/turtlebot3_ws/build/vel_send/build
[1.684s] creating /home/imjunhyung/turtlebot3_ws/build/vel_send/build/lib
[1.684s] creating /home/imjunhyung/turtlebot3_ws/build/vel_send/build/lib/vel_send
[1.684s] copying vel_send/vel_send.py -> /home/imjunhyung/turtlebot3_ws/build/vel_send/build/lib/vel_send
[1.705s] copying vel_send/__init__.py -> /home/imjunhyung/turtlebot3_ws/build/vel_send/build/lib/vel_send
[1.706s] running install
[1.706s] running install_lib
[1.708s] creating /home/imjunhyung/turtlebot3_ws/install/vel_send/lib/python3.8/site-packages/vel_send
[1.708s] copying /home/imjunhyung/turtlebot3_ws/build/vel_send/build/lib/vel_send/vel_send.py -> /home/imjunhyung/turtlebot3_ws/install/vel_send/lib/python3.8/site-packages/vel_send
[1.708s] copying /home/imjunhyung/turtlebot3_ws/build/vel_send/build/lib/vel_send/__init__.py -> /home/imjunhyung/turtlebot3_ws/install/vel_send/lib/python3.8/site-packages/vel_send
[1.709s] byte-compiling /home/imjunhyung/turtlebot3_ws/install/vel_send/lib/python3.8/site-packages/vel_send/vel_send.py to vel_send.cpython-38.pyc
[1.711s] byte-compiling /home/imjunhyung/turtlebot3_ws/install/vel_send/lib/python3.8/site-packages/vel_send/__init__.py to __init__.cpython-38.pyc
[1.711s] running install_data
[1.712s] creating /home/imjunhyung/turtlebot3_ws/install/vel_send/share/ament_index
[1.712s] creating /home/imjunhyung/turtlebot3_ws/install/vel_send/share/ament_index/resource_index
[1.712s] creating /home/imjunhyung/turtlebot3_ws/install/vel_send/share/ament_index/resource_index/packages
[1.712s] copying resource/vel_send -> /home/imjunhyung/turtlebot3_ws/install/vel_send/share/ament_index/resource_index/packages
[1.713s] copying package.xml -> /home/imjunhyung/turtlebot3_ws/install/vel_send/share/vel_send
[1.713s] running install_egg_info
[1.715s] Copying ../../build/vel_send/vel_send.egg-info to /home/imjunhyung/turtlebot3_ws/install/vel_send/lib/python3.8/site-packages/vel_send-0.0.0-py3.8.egg-info
[1.717s] running install_scripts
[1.738s] Installing vel_send script to /home/imjunhyung/turtlebot3_ws/install/vel_send/lib/vel_send
[1.739s] writing list of installed files to '/home/imjunhyung/turtlebot3_ws/build/vel_send/install.log'
[1.767s] Invoked command in '/home/imjunhyung/turtlebot3_ws/src/vel_send' returned '0': PYTHONPATH=/home/imjunhyung/turtlebot3_ws/build/vel_send/prefix_override:/home/imjunhyung/turtlebot3_ws/install/vel_send/lib/python3.8/site-packages:${PYTHONPATH} /usr/bin/python3 setup.py egg_info --egg-base ../../build/vel_send build --build-base /home/imjunhyung/turtlebot3_ws/build/vel_send/build install --record /home/imjunhyung/turtlebot3_ws/build/vel_send/install.log --install-scripts $base/lib/vel_send --single-version-externally-managed
