[0.021s] Invoking command in '/home/imjunhyung/turtlebot3_ws/build/turtlebot3': AMENT_PREFIX_PATH=/home/imjunhyung/turtlebot3_ws/install/turtlebot3_bringup:/home/imjunhyung/turtlebot3_ws/install/turtlebot3_teleop:/home/imjunhyung/turtlebot3_ws/install/turtlebot3_node:/home/imjunhyung/turtlebot3_ws/install/turtlebot3_navigation2:/home/imjunhyung/turtlebot3_ws/install/turtlebot3_example:/home/imjunhyung/turtlebot3_ws/install/turtlebot3_description:/home/imjunhyung/turtlebot3_ws/install/turtlebot3_cartographer:${AMENT_PREFIX_PATH} CMAKE_PREFIX_PATH=/home/imjunhyung/turtlebot3_ws/install/turtlebot3_bringup:/home/imjunhyung/turtlebot3_ws/install/turtlebot3_node:/home/imjunhyung/turtlebot3_ws/install/turtlebot3_navigation2:/home/imjunhyung/turtlebot3_ws/install/turtlebot3_description:/home/imjunhyung/turtlebot3_ws/install/turtlebot3_cartographer:/home/imjunhyung/ros2_ws/install/rplidar_ros:/opt/ros/foxy PYTHONPATH=/home/imjunhyung/turtlebot3_ws/install/turtlebot3_teleop/lib/python3.8/site-packages:/home/imjunhyung/turtlebot3_ws/install/turtlebot3_example/lib/python3.8/site-packages:${PYTHONPATH} /home/imjunhyung/.local/bin/cmake /home/imjunhyung/turtlebot3_ws/src/turtlebot3/turtlebot3 -DCMAKE_INSTALL_PREFIX=/home/imjunhyung/turtlebot3_ws/install/turtlebot3
[0.114s] -- The C compiler identification is GNU 9.4.0
[0.181s] -- The CXX compiler identification is GNU 9.4.0
[0.192s] -- Detecting C compiler ABI info
[0.256s] -- Detecting C compiler ABI info - done
[0.270s] -- Check for working C compiler: /usr/bin/cc - skipped
[0.270s] -- Detecting C compile features
[0.271s] -- Detecting C compile features - done
[0.275s] -- Detecting CXX compiler ABI info
[0.354s] -- Detecting CXX compiler ABI info - done
[0.369s] -- Check for working CXX compiler: /usr/bin/c++ - skipped
[0.369s] -- Detecting CXX compile features
[0.369s] -- Detecting CXX compile features - done
[0.373s] -- Found ament_cmake: 0.9.12 (/opt/ros/foxy/share/ament_cmake/cmake)
[0.402s] -- Found PythonInterp: /usr/bin/python3 (found suitable version "3.8.10", minimum required is "3") 
[0.402s] -- Using PYTHON_EXECUTABLE: /usr/bin/python3
[0.727s] -- Configuring done (0.7s)
[0.730s] -- Generating done (0.0s)
[0.731s] -- Build files have been written to: /home/imjunhyung/turtlebot3_ws/build/turtlebot3
[0.740s] Invoked command in '/home/imjunhyung/turtlebot3_ws/build/turtlebot3' returned '0': AMENT_PREFIX_PATH=/home/imjunhyung/turtlebot3_ws/install/turtlebot3_bringup:/home/imjunhyung/turtlebot3_ws/install/turtlebot3_teleop:/home/imjunhyung/turtlebot3_ws/install/turtlebot3_node:/home/imjunhyung/turtlebot3_ws/install/turtlebot3_navigation2:/home/imjunhyung/turtlebot3_ws/install/turtlebot3_example:/home/imjunhyung/turtlebot3_ws/install/turtlebot3_description:/home/imjunhyung/turtlebot3_ws/install/turtlebot3_cartographer:${AMENT_PREFIX_PATH} CMAKE_PREFIX_PATH=/home/imjunhyung/turtlebot3_ws/install/turtlebot3_bringup:/home/imjunhyung/turtlebot3_ws/install/turtlebot3_node:/home/imjunhyung/turtlebot3_ws/install/turtlebot3_navigation2:/home/imjunhyung/turtlebot3_ws/install/turtlebot3_description:/home/imjunhyung/turtlebot3_ws/install/turtlebot3_cartographer:/home/imjunhyung/ros2_ws/install/rplidar_ros:/opt/ros/foxy PYTHONPATH=/home/imjunhyung/turtlebot3_ws/install/turtlebot3_teleop/lib/python3.8/site-packages:/home/imjunhyung/turtlebot3_ws/install/turtlebot3_example/lib/python3.8/site-packages:${PYTHONPATH} /home/imjunhyung/.local/bin/cmake /home/imjunhyung/turtlebot3_ws/src/turtlebot3/turtlebot3 -DCMAKE_INSTALL_PREFIX=/home/imjunhyung/turtlebot3_ws/install/turtlebot3
[0.743s] Invoking command in '/home/imjunhyung/turtlebot3_ws/build/turtlebot3': AMENT_PREFIX_PATH=/home/imjunhyung/turtlebot3_ws/install/turtlebot3_bringup:/home/imjunhyung/turtlebot3_ws/install/turtlebot3_teleop:/home/imjunhyung/turtlebot3_ws/install/turtlebot3_node:/home/imjunhyung/turtlebot3_ws/install/turtlebot3_navigation2:/home/imjunhyung/turtlebot3_ws/install/turtlebot3_example:/home/imjunhyung/turtlebot3_ws/install/turtlebot3_description:/home/imjunhyung/turtlebot3_ws/install/turtlebot3_cartographer:${AMENT_PREFIX_PATH} CMAKE_PREFIX_PATH=/home/imjunhyung/turtlebot3_ws/install/turtlebot3_bringup:/home/imjunhyung/turtlebot3_ws/install/turtlebot3_node:/home/imjunhyung/turtlebot3_ws/install/turtlebot3_navigation2:/home/imjunhyung/turtlebot3_ws/install/turtlebot3_description:/home/imjunhyung/turtlebot3_ws/install/turtlebot3_cartographer:/home/imjunhyung/ros2_ws/install/rplidar_ros:/opt/ros/foxy PYTHONPATH=/home/imjunhyung/turtlebot3_ws/install/turtlebot3_teleop/lib/python3.8/site-packages:/home/imjunhyung/turtlebot3_ws/install/turtlebot3_example/lib/python3.8/site-packages:${PYTHONPATH} /home/imjunhyung/.local/bin/cmake --build /home/imjunhyung/turtlebot3_ws/build/turtlebot3 -- -j8 -l8
[0.794s] Invoked command in '/home/imjunhyung/turtlebot3_ws/build/turtlebot3' returned '0': AMENT_PREFIX_PATH=/home/imjunhyung/turtlebot3_ws/install/turtlebot3_bringup:/home/imjunhyung/turtlebot3_ws/install/turtlebot3_teleop:/home/imjunhyung/turtlebot3_ws/install/turtlebot3_node:/home/imjunhyung/turtlebot3_ws/install/turtlebot3_navigation2:/home/imjunhyung/turtlebot3_ws/install/turtlebot3_example:/home/imjunhyung/turtlebot3_ws/install/turtlebot3_description:/home/imjunhyung/turtlebot3_ws/install/turtlebot3_cartographer:${AMENT_PREFIX_PATH} CMAKE_PREFIX_PATH=/home/imjunhyung/turtlebot3_ws/install/turtlebot3_bringup:/home/imjunhyung/turtlebot3_ws/install/turtlebot3_node:/home/imjunhyung/turtlebot3_ws/install/turtlebot3_navigation2:/home/imjunhyung/turtlebot3_ws/install/turtlebot3_description:/home/imjunhyung/turtlebot3_ws/install/turtlebot3_cartographer:/home/imjunhyung/ros2_ws/install/rplidar_ros:/opt/ros/foxy PYTHONPATH=/home/imjunhyung/turtlebot3_ws/install/turtlebot3_teleop/lib/python3.8/site-packages:/home/imjunhyung/turtlebot3_ws/install/turtlebot3_example/lib/python3.8/site-packages:${PYTHONPATH} /home/imjunhyung/.local/bin/cmake --build /home/imjunhyung/turtlebot3_ws/build/turtlebot3 -- -j8 -l8
[0.847s] Invoking command in '/home/imjunhyung/turtlebot3_ws/build/turtlebot3': AMENT_PREFIX_PATH=/home/imjunhyung/turtlebot3_ws/install/turtlebot3_bringup:/home/imjunhyung/turtlebot3_ws/install/turtlebot3_teleop:/home/imjunhyung/turtlebot3_ws/install/turtlebot3_node:/home/imjunhyung/turtlebot3_ws/install/turtlebot3_navigation2:/home/imjunhyung/turtlebot3_ws/install/turtlebot3_example:/home/imjunhyung/turtlebot3_ws/install/turtlebot3_description:/home/imjunhyung/turtlebot3_ws/install/turtlebot3_cartographer:${AMENT_PREFIX_PATH} CMAKE_PREFIX_PATH=/home/imjunhyung/turtlebot3_ws/install/turtlebot3_bringup:/home/imjunhyung/turtlebot3_ws/install/turtlebot3_node:/home/imjunhyung/turtlebot3_ws/install/turtlebot3_navigation2:/home/imjunhyung/turtlebot3_ws/install/turtlebot3_description:/home/imjunhyung/turtlebot3_ws/install/turtlebot3_cartographer:/home/imjunhyung/ros2_ws/install/rplidar_ros:/opt/ros/foxy PYTHONPATH=/home/imjunhyung/turtlebot3_ws/install/turtlebot3_teleop/lib/python3.8/site-packages:/home/imjunhyung/turtlebot3_ws/install/turtlebot3_example/lib/python3.8/site-packages:${PYTHONPATH} /home/imjunhyung/.local/bin/cmake --install /home/imjunhyung/turtlebot3_ws/build/turtlebot3
[0.880s] -- Install configuration: ""
[0.881s] -- Installing: /home/imjunhyung/turtlebot3_ws/install/turtlebot3/share/ament_index/resource_index/package_run_dependencies/turtlebot3
[0.881s] -- Installing: /home/imjunhyung/turtlebot3_ws/install/turtlebot3/share/ament_index/resource_index/parent_prefix_path/turtlebot3
[0.881s] -- Installing: /home/imjunhyung/turtlebot3_ws/install/turtlebot3/share/turtlebot3/environment/ament_prefix_path.sh
[0.881s] -- Installing: /home/imjunhyung/turtlebot3_ws/install/turtlebot3/share/turtlebot3/environment/ament_prefix_path.dsv
[0.882s] -- Installing: /home/imjunhyung/turtlebot3_ws/install/turtlebot3/share/turtlebot3/environment/path.sh
[0.882s] -- Installing: /home/imjunhyung/turtlebot3_ws/install/turtlebot3/share/turtlebot3/environment/path.dsv
[0.882s] -- Installing: /home/imjunhyung/turtlebot3_ws/install/turtlebot3/share/turtlebot3/local_setup.bash
[0.882s] -- Installing: /home/imjunhyung/turtlebot3_ws/install/turtlebot3/share/turtlebot3/local_setup.sh
[0.882s] -- Installing: /home/imjunhyung/turtlebot3_ws/install/turtlebot3/share/turtlebot3/local_setup.zsh
[0.882s] -- Installing: /home/imjunhyung/turtlebot3_ws/install/turtlebot3/share/turtlebot3/local_setup.dsv
[0.882s] -- Installing: /home/imjunhyung/turtlebot3_ws/install/turtlebot3/share/turtlebot3/package.dsv
[0.883s] -- Installing: /home/imjunhyung/turtlebot3_ws/install/turtlebot3/share/ament_index/resource_index/packages/turtlebot3
[0.883s] -- Installing: /home/imjunhyung/turtlebot3_ws/install/turtlebot3/share/turtlebot3/cmake/turtlebot3Config.cmake
[0.883s] -- Installing: /home/imjunhyung/turtlebot3_ws/install/turtlebot3/share/turtlebot3/cmake/turtlebot3Config-version.cmake
[0.883s] -- Installing: /home/imjunhyung/turtlebot3_ws/install/turtlebot3/share/turtlebot3/package.xml
[0.889s] Invoked command in '/home/imjunhyung/turtlebot3_ws/build/turtlebot3' returned '0': AMENT_PREFIX_PATH=/home/imjunhyung/turtlebot3_ws/install/turtlebot3_bringup:/home/imjunhyung/turtlebot3_ws/install/turtlebot3_teleop:/home/imjunhyung/turtlebot3_ws/install/turtlebot3_node:/home/imjunhyung/turtlebot3_ws/install/turtlebot3_navigation2:/home/imjunhyung/turtlebot3_ws/install/turtlebot3_example:/home/imjunhyung/turtlebot3_ws/install/turtlebot3_description:/home/imjunhyung/turtlebot3_ws/install/turtlebot3_cartographer:${AMENT_PREFIX_PATH} CMAKE_PREFIX_PATH=/home/imjunhyung/turtlebot3_ws/install/turtlebot3_bringup:/home/imjunhyung/turtlebot3_ws/install/turtlebot3_node:/home/imjunhyung/turtlebot3_ws/install/turtlebot3_navigation2:/home/imjunhyung/turtlebot3_ws/install/turtlebot3_description:/home/imjunhyung/turtlebot3_ws/install/turtlebot3_cartographer:/home/imjunhyung/ros2_ws/install/rplidar_ros:/opt/ros/foxy PYTHONPATH=/home/imjunhyung/turtlebot3_ws/install/turtlebot3_teleop/lib/python3.8/site-packages:/home/imjunhyung/turtlebot3_ws/install/turtlebot3_example/lib/python3.8/site-packages:${PYTHONPATH} /home/imjunhyung/.local/bin/cmake --install /home/imjunhyung/turtlebot3_ws/build/turtlebot3
