[0.529s] Invoking command in '/home/imjunhyung/turtlebot3_ws/build/turtlebot3_navigation2': CMAKE_PREFIX_PATH=${CMAKE_PREFIX_PATH}:/opt/ros/foxy /home/imjunhyung/.local/bin/cmake /home/imjunhyung/turtlebot3_ws/src/turtlebot3/turtlebot3_navigation2 -DCMAKE_INSTALL_PREFIX=/home/imjunhyung/turtlebot3_ws/install/turtlebot3_navigation2
[1.639s] -- The C compiler identification is GNU 9.4.0
[1.639s] -- The CXX compiler identification is GNU 9.4.0
[1.640s] -- Detecting C compiler ABI info
[1.640s] -- Detecting C compiler ABI info - done
[1.640s] -- Check for working C compiler: /usr/bin/cc - skipped
[1.640s] -- Detecting C compile features
[1.640s] -- Detecting C compile features - done
[1.641s] -- Detecting CXX compiler ABI info
[1.641s] -- Detecting CXX compiler ABI info - done
[1.641s] -- Check for working CXX compiler: /usr/bin/c++ - skipped
[1.641s] -- Detecting CXX compile features
[1.641s] -- Detecting CXX compile features - done
[1.641s] -- Found ament_cmake: 0.9.12 (/opt/ros/foxy/share/ament_cmake/cmake)
[1.642s] -- Found PythonInterp: /usr/bin/python3 (found suitable version "3.8.10", minimum required is "3") 
[1.642s] -- Using PYTHON_EXECUTABLE: /usr/bin/python3
[1.646s] -- Configuring done (1.0s)
[1.647s] -- Generating done (0.0s)
[1.648s] -- Build files have been written to: /home/imjunhyung/turtlebot3_ws/build/turtlebot3_navigation2
[1.657s] Invoked command in '/home/imjunhyung/turtlebot3_ws/build/turtlebot3_navigation2' returned '0': CMAKE_PREFIX_PATH=${CMAKE_PREFIX_PATH}:/opt/ros/foxy /home/imjunhyung/.local/bin/cmake /home/imjunhyung/turtlebot3_ws/src/turtlebot3/turtlebot3_navigation2 -DCMAKE_INSTALL_PREFIX=/home/imjunhyung/turtlebot3_ws/install/turtlebot3_navigation2
[1.659s] Invoking command in '/home/imjunhyung/turtlebot3_ws/build/turtlebot3_navigation2': CMAKE_PREFIX_PATH=${CMAKE_PREFIX_PATH}:/opt/ros/foxy /home/imjunhyung/.local/bin/cmake --build /home/imjunhyung/turtlebot3_ws/build/turtlebot3_navigation2 -- -j8 -l8
[1.770s] Invoked command in '/home/imjunhyung/turtlebot3_ws/build/turtlebot3_navigation2' returned '0': CMAKE_PREFIX_PATH=${CMAKE_PREFIX_PATH}:/opt/ros/foxy /home/imjunhyung/.local/bin/cmake --build /home/imjunhyung/turtlebot3_ws/build/turtlebot3_navigation2 -- -j8 -l8
[1.909s] Invoking command in '/home/imjunhyung/turtlebot3_ws/build/turtlebot3_navigation2': CMAKE_PREFIX_PATH=${CMAKE_PREFIX_PATH}:/opt/ros/foxy /home/imjunhyung/.local/bin/cmake --install /home/imjunhyung/turtlebot3_ws/build/turtlebot3_navigation2
[1.986s] -- Install configuration: ""
[1.987s] -- Installing: /home/imjunhyung/turtlebot3_ws/install/turtlebot3_navigation2/share/turtlebot3_navigation2/launch
[1.987s] -- Installing: /home/imjunhyung/turtlebot3_ws/install/turtlebot3_navigation2/share/turtlebot3_navigation2/launch/navigation2.launch.py
[1.987s] -- Installing: /home/imjunhyung/turtlebot3_ws/install/turtlebot3_navigation2/share/turtlebot3_navigation2/map
[1.987s] -- Installing: /home/imjunhyung/turtlebot3_ws/install/turtlebot3_navigation2/share/turtlebot3_navigation2/map/turtlebot3_world.yaml
[1.988s] -- Installing: /home/imjunhyung/turtlebot3_ws/install/turtlebot3_navigation2/share/turtlebot3_navigation2/map/turtlebot3_world.pgm
[1.988s] -- Installing: /home/imjunhyung/turtlebot3_ws/install/turtlebot3_navigation2/share/turtlebot3_navigation2/param
[1.988s] -- Installing: /home/imjunhyung/turtlebot3_ws/install/turtlebot3_navigation2/share/turtlebot3_navigation2/param/waffle_pi.yaml
[1.988s] -- Installing: /home/imjunhyung/turtlebot3_ws/install/turtlebot3_navigation2/share/turtlebot3_navigation2/param/burger.yaml
[1.988s] -- Installing: /home/imjunhyung/turtlebot3_ws/install/turtlebot3_navigation2/share/turtlebot3_navigation2/param/waffle.yaml
[1.989s] -- Installing: /home/imjunhyung/turtlebot3_ws/install/turtlebot3_navigation2/share/turtlebot3_navigation2/rviz
[1.989s] -- Installing: /home/imjunhyung/turtlebot3_ws/install/turtlebot3_navigation2/share/turtlebot3_navigation2/rviz/tb3_navigation2.rviz
[1.989s] -- Installing: /home/imjunhyung/turtlebot3_ws/install/turtlebot3_navigation2/share/ament_index/resource_index/package_run_dependencies/turtlebot3_navigation2
[1.990s] -- Installing: /home/imjunhyung/turtlebot3_ws/install/turtlebot3_navigation2/share/ament_index/resource_index/parent_prefix_path/turtlebot3_navigation2
[1.990s] -- Installing: /home/imjunhyung/turtlebot3_ws/install/turtlebot3_navigation2/share/turtlebot3_navigation2/environment/ament_prefix_path.sh
[1.990s] -- Installing: /home/imjunhyung/turtlebot3_ws/install/turtlebot3_navigation2/share/turtlebot3_navigation2/environment/ament_prefix_path.dsv
[1.990s] -- Installing: /home/imjunhyung/turtlebot3_ws/install/turtlebot3_navigation2/share/turtlebot3_navigation2/environment/path.sh
[1.991s] -- Installing: /home/imjunhyung/turtlebot3_ws/install/turtlebot3_navigation2/share/turtlebot3_navigation2/environment/path.dsv
[1.991s] -- Installing: /home/imjunhyung/turtlebot3_ws/install/turtlebot3_navigation2/share/turtlebot3_navigation2/local_setup.bash
[1.991s] -- Installing: /home/imjunhyung/turtlebot3_ws/install/turtlebot3_navigation2/share/turtlebot3_navigation2/local_setup.sh
[1.991s] -- Installing: /home/imjunhyung/turtlebot3_ws/install/turtlebot3_navigation2/share/turtlebot3_navigation2/local_setup.zsh
[1.992s] -- Installing: /home/imjunhyung/turtlebot3_ws/install/turtlebot3_navigation2/share/turtlebot3_navigation2/local_setup.dsv
[1.992s] -- Installing: /home/imjunhyung/turtlebot3_ws/install/turtlebot3_navigation2/share/turtlebot3_navigation2/package.dsv
[1.992s] -- Installing: /home/imjunhyung/turtlebot3_ws/install/turtlebot3_navigation2/share/ament_index/resource_index/packages/turtlebot3_navigation2
[1.992s] -- Installing: /home/imjunhyung/turtlebot3_ws/install/turtlebot3_navigation2/share/turtlebot3_navigation2/cmake/turtlebot3_navigation2Config.cmake
[1.992s] -- Installing: /home/imjunhyung/turtlebot3_ws/install/turtlebot3_navigation2/share/turtlebot3_navigation2/cmake/turtlebot3_navigation2Config-version.cmake
[1.992s] -- Installing: /home/imjunhyung/turtlebot3_ws/install/turtlebot3_navigation2/share/turtlebot3_navigation2/package.xml
[2.038s] Invoked command in '/home/imjunhyung/turtlebot3_ws/build/turtlebot3_navigation2' returned '0': CMAKE_PREFIX_PATH=${CMAKE_PREFIX_PATH}:/opt/ros/foxy /home/imjunhyung/.local/bin/cmake --install /home/imjunhyung/turtlebot3_ws/build/turtlebot3_navigation2
