[0.545s] Invoking command in '/home/theo/ros2_workspace/build/py_pubsub': PYTHONPATH=/home/theo/ros2_workspace/build/py_pubsub/prefix_override:/home/theo/ros2_workspace/install/py_pubsub/lib/python3.8/site-packages:${PYTHONPATH} /usr/bin/python3 setup.py develop --uninstall --editable --build-directory /home/theo/ros2_workspace/build/py_pubsub/build
[0.753s] running develop
[0.878s] Removing /home/theo/ros2_workspace/install/py_pubsub/lib/python3.8/site-packages/py-pubsub.egg-link (link to .)
[0.892s] Invoked command in '/home/theo/ros2_workspace/build/py_pubsub' returned '0': PYTHONPATH=/home/theo/ros2_workspace/build/py_pubsub/prefix_override:/home/theo/ros2_workspace/install/py_pubsub/lib/python3.8/site-packages:${PYTHONPATH} /usr/bin/python3 setup.py develop --uninstall --editable --build-directory /home/theo/ros2_workspace/build/py_pubsub/build
[0.895s] Invoking command in '/home/theo/ros2_workspace/src/py_pubsub': PYTHONPATH=/home/theo/ros2_workspace/build/py_pubsub/prefix_override:/home/theo/ros2_workspace/install/py_pubsub/lib/python3.8/site-packages:${PYTHONPATH} /usr/bin/python3 setup.py egg_info --egg-base ../../build/py_pubsub build --build-base /home/theo/ros2_workspace/build/py_pubsub/build install --record /home/theo/ros2_workspace/build/py_pubsub/install.log --install-scripts $base/lib/py_pubsub --single-version-externally-managed
[1.081s] running egg_info
[1.081s] writing ../../build/py_pubsub/py_pubsub.egg-info/PKG-INFO
[1.082s] writing dependency_links to ../../build/py_pubsub/py_pubsub.egg-info/dependency_links.txt
[1.082s] writing entry points to ../../build/py_pubsub/py_pubsub.egg-info/entry_points.txt
[1.082s] writing requirements to ../../build/py_pubsub/py_pubsub.egg-info/requires.txt
[1.082s] writing top-level names to ../../build/py_pubsub/py_pubsub.egg-info/top_level.txt
[1.110s] reading manifest file '../../build/py_pubsub/py_pubsub.egg-info/SOURCES.txt'
[1.110s] writing manifest file '../../build/py_pubsub/py_pubsub.egg-info/SOURCES.txt'
[1.111s] running build
[1.111s] running build_py
[1.111s] creating /home/theo/ros2_workspace/build/py_pubsub/build
[1.111s] creating /home/theo/ros2_workspace/build/py_pubsub/build/lib
[1.111s] creating /home/theo/ros2_workspace/build/py_pubsub/build/lib/py_pubsub
[1.111s] copying py_pubsub/subscriber_member_function.py -> /home/theo/ros2_workspace/build/py_pubsub/build/lib/py_pubsub
[1.111s] copying py_pubsub/__init__.py -> /home/theo/ros2_workspace/build/py_pubsub/build/lib/py_pubsub
[1.111s] copying py_pubsub/publisher_member_function.py -> /home/theo/ros2_workspace/build/py_pubsub/build/lib/py_pubsub
[1.111s] running install
[1.112s] running install_lib
[1.112s] creating /home/theo/ros2_workspace/install/py_pubsub/lib/python3.8/site-packages/py_pubsub
[1.112s] copying /home/theo/ros2_workspace/build/py_pubsub/build/lib/py_pubsub/subscriber_member_function.py -> /home/theo/ros2_workspace/install/py_pubsub/lib/python3.8/site-packages/py_pubsub
[1.113s] copying /home/theo/ros2_workspace/build/py_pubsub/build/lib/py_pubsub/__init__.py -> /home/theo/ros2_workspace/install/py_pubsub/lib/python3.8/site-packages/py_pubsub
[1.113s] copying /home/theo/ros2_workspace/build/py_pubsub/build/lib/py_pubsub/publisher_member_function.py -> /home/theo/ros2_workspace/install/py_pubsub/lib/python3.8/site-packages/py_pubsub
[1.113s] byte-compiling /home/theo/ros2_workspace/install/py_pubsub/lib/python3.8/site-packages/py_pubsub/subscriber_member_function.py to subscriber_member_function.cpython-38.pyc
[1.114s] byte-compiling /home/theo/ros2_workspace/install/py_pubsub/lib/python3.8/site-packages/py_pubsub/__init__.py to __init__.cpython-38.pyc
[1.114s] byte-compiling /home/theo/ros2_workspace/install/py_pubsub/lib/python3.8/site-packages/py_pubsub/publisher_member_function.py to publisher_member_function.cpython-38.pyc
[1.115s] running install_data
[1.115s] running install_egg_info
[1.116s] Copying ../../build/py_pubsub/py_pubsub.egg-info to /home/theo/ros2_workspace/install/py_pubsub/lib/python3.8/site-packages/py_pubsub-0.0.0-py3.8.egg-info
[1.709s] running install_scripts
[1.754s] Installing listener script to /home/theo/ros2_workspace/install/py_pubsub/lib/py_pubsub
[1.754s] Installing talker script to /home/theo/ros2_workspace/install/py_pubsub/lib/py_pubsub
[1.754s] writing list of installed files to '/home/theo/ros2_workspace/build/py_pubsub/install.log'
[1.772s] Invoked command in '/home/theo/ros2_workspace/src/py_pubsub' returned '0': PYTHONPATH=/home/theo/ros2_workspace/build/py_pubsub/prefix_override:/home/theo/ros2_workspace/install/py_pubsub/lib/python3.8/site-packages:${PYTHONPATH} /usr/bin/python3 setup.py egg_info --egg-base ../../build/py_pubsub build --build-base /home/theo/ros2_workspace/build/py_pubsub/build install --record /home/theo/ros2_workspace/build/py_pubsub/install.log --install-scripts $base/lib/py_pubsub --single-version-externally-managed
