[0.021s] Invoking command in '/home/imjunhyung/turtlebot3_ws/build/turtlebot3_simulations': AMENT_PREFIX_PATH=/home/imjunhyung/turtlebot3_ws/install/turtlebot3_gazebo:/home/imjunhyung/turtlebot3_ws/install/turtlebot3_fake_node:/home/imjunhyung/turtlebot3_ws/install/turtlebot3_description:${AMENT_PREFIX_PATH} CMAKE_PREFIX_PATH=/home/imjunhyung/turtlebot3_ws/install/turtlebot3_gazebo:/home/imjunhyung/turtlebot3_ws/install/turtlebot3_fake_node:/home/imjunhyung/turtlebot3_ws/install/turtlebot3_description:/home/imjunhyung/ros2_ws/install/rplidar_ros:/opt/ros/foxy /home/imjunhyung/.local/bin/cmake /home/imjunhyung/turtlebot3_ws/src/turtlebot3_simulations/turtlebot3_simulations -DCMAKE_INSTALL_PREFIX=/home/imjunhyung/turtlebot3_ws/install/turtlebot3_simulations
[0.257s] -- The C compiler identification is GNU 9.4.0
[0.352s] -- The CXX compiler identification is GNU 9.4.0
[0.369s] -- Detecting C compiler ABI info
[0.455s] -- Detecting C compiler ABI info - done
[0.473s] -- Check for working C compiler: /usr/bin/cc - skipped
[0.474s] -- Detecting C compile features
[0.475s] -- Detecting C compile features - done
[0.482s] -- Detecting CXX compiler ABI info
[0.586s] -- Detecting CXX compiler ABI info - done
[0.603s] -- Check for working CXX compiler: /usr/bin/c++ - skipped
[0.603s] -- Detecting CXX compile features
[0.604s] -- Detecting CXX compile features - done
[0.608s] -- Found ament_cmake: 0.9.12 (/opt/ros/foxy/share/ament_cmake/cmake)
[0.649s] -- Found PythonInterp: /usr/bin/python3 (found suitable version "3.8.10", minimum required is "3") 
[0.649s] -- Using PYTHON_EXECUTABLE: /usr/bin/python3
[1.283s] -- Configuring done (1.2s)
[1.287s] -- Generating done (0.0s)
[1.288s] -- Build files have been written to: /home/imjunhyung/turtlebot3_ws/build/turtlebot3_simulations
[1.299s] Invoked command in '/home/imjunhyung/turtlebot3_ws/build/turtlebot3_simulations' returned '0': AMENT_PREFIX_PATH=/home/imjunhyung/turtlebot3_ws/install/turtlebot3_gazebo:/home/imjunhyung/turtlebot3_ws/install/turtlebot3_fake_node:/home/imjunhyung/turtlebot3_ws/install/turtlebot3_description:${AMENT_PREFIX_PATH} CMAKE_PREFIX_PATH=/home/imjunhyung/turtlebot3_ws/install/turtlebot3_gazebo:/home/imjunhyung/turtlebot3_ws/install/turtlebot3_fake_node:/home/imjunhyung/turtlebot3_ws/install/turtlebot3_description:/home/imjunhyung/ros2_ws/install/rplidar_ros:/opt/ros/foxy /home/imjunhyung/.local/bin/cmake /home/imjunhyung/turtlebot3_ws/src/turtlebot3_simulations/turtlebot3_simulations -DCMAKE_INSTALL_PREFIX=/home/imjunhyung/turtlebot3_ws/install/turtlebot3_simulations
[1.303s] Invoking command in '/home/imjunhyung/turtlebot3_ws/build/turtlebot3_simulations': AMENT_PREFIX_PATH=/home/imjunhyung/turtlebot3_ws/install/turtlebot3_gazebo:/home/imjunhyung/turtlebot3_ws/install/turtlebot3_fake_node:/home/imjunhyung/turtlebot3_ws/install/turtlebot3_description:${AMENT_PREFIX_PATH} CMAKE_PREFIX_PATH=/home/imjunhyung/turtlebot3_ws/install/turtlebot3_gazebo:/home/imjunhyung/turtlebot3_ws/install/turtlebot3_fake_node:/home/imjunhyung/turtlebot3_ws/install/turtlebot3_description:/home/imjunhyung/ros2_ws/install/rplidar_ros:/opt/ros/foxy /home/imjunhyung/.local/bin/cmake --build /home/imjunhyung/turtlebot3_ws/build/turtlebot3_simulations -- -j8 -l8
[1.362s] Invoked command in '/home/imjunhyung/turtlebot3_ws/build/turtlebot3_simulations' returned '0': AMENT_PREFIX_PATH=/home/imjunhyung/turtlebot3_ws/install/turtlebot3_gazebo:/home/imjunhyung/turtlebot3_ws/install/turtlebot3_fake_node:/home/imjunhyung/turtlebot3_ws/install/turtlebot3_description:${AMENT_PREFIX_PATH} CMAKE_PREFIX_PATH=/home/imjunhyung/turtlebot3_ws/install/turtlebot3_gazebo:/home/imjunhyung/turtlebot3_ws/install/turtlebot3_fake_node:/home/imjunhyung/turtlebot3_ws/install/turtlebot3_description:/home/imjunhyung/ros2_ws/install/rplidar_ros:/opt/ros/foxy /home/imjunhyung/.local/bin/cmake --build /home/imjunhyung/turtlebot3_ws/build/turtlebot3_simulations -- -j8 -l8
[1.419s] Invoking command in '/home/imjunhyung/turtlebot3_ws/build/turtlebot3_simulations': AMENT_PREFIX_PATH=/home/imjunhyung/turtlebot3_ws/install/turtlebot3_gazebo:/home/imjunhyung/turtlebot3_ws/install/turtlebot3_fake_node:/home/imjunhyung/turtlebot3_ws/install/turtlebot3_description:${AMENT_PREFIX_PATH} CMAKE_PREFIX_PATH=/home/imjunhyung/turtlebot3_ws/install/turtlebot3_gazebo:/home/imjunhyung/turtlebot3_ws/install/turtlebot3_fake_node:/home/imjunhyung/turtlebot3_ws/install/turtlebot3_description:/home/imjunhyung/ros2_ws/install/rplidar_ros:/opt/ros/foxy /home/imjunhyung/.local/bin/cmake --install /home/imjunhyung/turtlebot3_ws/build/turtlebot3_simulations
[1.456s] -- Install configuration: ""
[1.456s] -- Installing: /home/imjunhyung/turtlebot3_ws/install/turtlebot3_simulations/share/ament_index/resource_index/package_run_dependencies/turtlebot3_simulations
[1.457s] -- Installing: /home/imjunhyung/turtlebot3_ws/install/turtlebot3_simulations/share/ament_index/resource_index/parent_prefix_path/turtlebot3_simulations
[1.457s] -- Installing: /home/imjunhyung/turtlebot3_ws/install/turtlebot3_simulations/share/turtlebot3_simulations/environment/ament_prefix_path.sh
[1.457s] -- Installing: /home/imjunhyung/turtlebot3_ws/install/turtlebot3_simulations/share/turtlebot3_simulations/environment/ament_prefix_path.dsv
[1.457s] -- Installing: /home/imjunhyung/turtlebot3_ws/install/turtlebot3_simulations/share/turtlebot3_simulations/environment/path.sh
[1.458s] -- Installing: /home/imjunhyung/turtlebot3_ws/install/turtlebot3_simulations/share/turtlebot3_simulations/environment/path.dsv
[1.458s] -- Installing: /home/imjunhyung/turtlebot3_ws/install/turtlebot3_simulations/share/turtlebot3_simulations/local_setup.bash
[1.458s] -- Installing: /home/imjunhyung/turtlebot3_ws/install/turtlebot3_simulations/share/turtlebot3_simulations/local_setup.sh
[1.459s] -- Installing: /home/imjunhyung/turtlebot3_ws/install/turtlebot3_simulations/share/turtlebot3_simulations/local_setup.zsh
[1.459s] -- Installing: /home/imjunhyung/turtlebot3_ws/install/turtlebot3_simulations/share/turtlebot3_simulations/local_setup.dsv
[1.459s] -- Installing: /home/imjunhyung/turtlebot3_ws/install/turtlebot3_simulations/share/turtlebot3_simulations/package.dsv
[1.459s] -- Installing: /home/imjunhyung/turtlebot3_ws/install/turtlebot3_simulations/share/ament_index/resource_index/packages/turtlebot3_simulations
[1.460s] -- Installing: /home/imjunhyung/turtlebot3_ws/install/turtlebot3_simulations/share/turtlebot3_simulations/cmake/turtlebot3_simulationsConfig.cmake
[1.460s] -- Installing: /home/imjunhyung/turtlebot3_ws/install/turtlebot3_simulations/share/turtlebot3_simulations/cmake/turtlebot3_simulationsConfig-version.cmake
[1.460s] -- Installing: /home/imjunhyung/turtlebot3_ws/install/turtlebot3_simulations/share/turtlebot3_simulations/package.xml
[1.469s] Invoked command in '/home/imjunhyung/turtlebot3_ws/build/turtlebot3_simulations' returned '0': AMENT_PREFIX_PATH=/home/imjunhyung/turtlebot3_ws/install/turtlebot3_gazebo:/home/imjunhyung/turtlebot3_ws/install/turtlebot3_fake_node:/home/imjunhyung/turtlebot3_ws/install/turtlebot3_description:${AMENT_PREFIX_PATH} CMAKE_PREFIX_PATH=/home/imjunhyung/turtlebot3_ws/install/turtlebot3_gazebo:/home/imjunhyung/turtlebot3_ws/install/turtlebot3_fake_node:/home/imjunhyung/turtlebot3_ws/install/turtlebot3_description:/home/imjunhyung/ros2_ws/install/rplidar_ros:/opt/ros/foxy /home/imjunhyung/.local/bin/cmake --install /home/imjunhyung/turtlebot3_ws/build/turtlebot3_simulations
