[0.044s] Invoking command in '/home/theo/ros2_workspace/build/my_package': CMAKE_PREFIX_PATH=/home/theo/colcon_ws/install/autonomous_tb3:/opt/ros/foxy /usr/bin/cmake --build /home/theo/ros2_workspace/build/my_package -- -j12 -l12
[0.090s] [100%] Built target arduino_publisher
[0.124s] Invoked command in '/home/theo/ros2_workspace/build/my_package' returned '0': CMAKE_PREFIX_PATH=/home/theo/colcon_ws/install/autonomous_tb3:/opt/ros/foxy /usr/bin/cmake --build /home/theo/ros2_workspace/build/my_package -- -j12 -l12
[0.216s] Invoking command in '/home/theo/ros2_workspace/build/my_package': CMAKE_PREFIX_PATH=/home/theo/colcon_ws/install/autonomous_tb3:/opt/ros/foxy /usr/bin/cmake --install /home/theo/ros2_workspace/build/my_package
[0.235s] -- Install configuration: ""
[0.235s] -- Execute custom install script
[0.235s] -- Up-to-date symlink: /home/theo/ros2_workspace/install/my_package/lib/my_package/arduino_publisher
[0.236s] -- Up-to-date symlink: /home/theo/ros2_workspace/install/my_package/share/ament_index/resource_index/package_run_dependencies/my_package
[0.236s] -- Up-to-date symlink: /home/theo/ros2_workspace/install/my_package/share/ament_index/resource_index/parent_prefix_path/my_package
[0.236s] -- Up-to-date symlink: /home/theo/ros2_workspace/install/my_package/share/my_package/environment/ament_prefix_path.sh
[0.236s] -- Up-to-date symlink: /home/theo/ros2_workspace/install/my_package/share/my_package/environment/ament_prefix_path.dsv
[0.238s] -- Up-to-date symlink: /home/theo/ros2_workspace/install/my_package/share/my_package/environment/path.sh
[0.238s] -- Up-to-date symlink: /home/theo/ros2_workspace/install/my_package/share/my_package/environment/path.dsv
[0.238s] -- Up-to-date symlink: /home/theo/ros2_workspace/install/my_package/share/my_package/local_setup.bash
[0.238s] -- Up-to-date symlink: /home/theo/ros2_workspace/install/my_package/share/my_package/local_setup.sh
[0.239s] -- Up-to-date symlink: /home/theo/ros2_workspace/install/my_package/share/my_package/local_setup.zsh
[0.239s] -- Up-to-date symlink: /home/theo/ros2_workspace/install/my_package/share/my_package/local_setup.dsv
[0.243s] -- Symlinking: /home/theo/ros2_workspace/install/my_package/share/my_package/package.dsv
[0.252s] -- Up-to-date symlink: /home/theo/ros2_workspace/install/my_package/share/ament_index/resource_index/packages/my_package
[0.252s] -- Up-to-date symlink: /home/theo/ros2_workspace/install/my_package/share/my_package/cmake/my_packageConfig.cmake
[0.253s] -- Up-to-date symlink: /home/theo/ros2_workspace/install/my_package/share/my_package/cmake/my_packageConfig-version.cmake
[0.253s] -- Up-to-date symlink: /home/theo/ros2_workspace/install/my_package/share/my_package/package.xml
[0.317s] Invoked command in '/home/theo/ros2_workspace/build/my_package' returned '0': CMAKE_PREFIX_PATH=/home/theo/colcon_ws/install/autonomous_tb3:/opt/ros/foxy /usr/bin/cmake --install /home/theo/ros2_workspace/build/my_package
