[0.735s] Invoking command in '/home/imjunhyung/turtlebot3_ws/build/turtlebot3_bringup': AMENT_PREFIX_PATH=/home/imjunhyung/turtlebot3_ws/install/turtlebot3_node:/home/imjunhyung/turtlebot3_ws/install/turtlebot3_description:${AMENT_PREFIX_PATH} CMAKE_PREFIX_PATH=/home/imjunhyung/turtlebot3_ws/install/turtlebot3_node:/home/imjunhyung/turtlebot3_ws/install/turtlebot3_description:/home/imjunhyung/ros2_ws/install/rplidar_ros:/opt/ros/foxy /home/imjunhyung/.local/bin/cmake --build /home/imjunhyung/turtlebot3_ws/build/turtlebot3_bringup -- -j8 -l8
[0.832s] Invoked command in '/home/imjunhyung/turtlebot3_ws/build/turtlebot3_bringup' returned '0': AMENT_PREFIX_PATH=/home/imjunhyung/turtlebot3_ws/install/turtlebot3_node:/home/imjunhyung/turtlebot3_ws/install/turtlebot3_description:${AMENT_PREFIX_PATH} CMAKE_PREFIX_PATH=/home/imjunhyung/turtlebot3_ws/install/turtlebot3_node:/home/imjunhyung/turtlebot3_ws/install/turtlebot3_description:/home/imjunhyung/ros2_ws/install/rplidar_ros:/opt/ros/foxy /home/imjunhyung/.local/bin/cmake --build /home/imjunhyung/turtlebot3_ws/build/turtlebot3_bringup -- -j8 -l8
[1.022s] Invoking command in '/home/imjunhyung/turtlebot3_ws/build/turtlebot3_bringup': AMENT_PREFIX_PATH=/home/imjunhyung/turtlebot3_ws/install/turtlebot3_node:/home/imjunhyung/turtlebot3_ws/install/turtlebot3_description:${AMENT_PREFIX_PATH} CMAKE_PREFIX_PATH=/home/imjunhyung/turtlebot3_ws/install/turtlebot3_node:/home/imjunhyung/turtlebot3_ws/install/turtlebot3_description:/home/imjunhyung/ros2_ws/install/rplidar_ros:/opt/ros/foxy /home/imjunhyung/.local/bin/cmake --install /home/imjunhyung/turtlebot3_ws/build/turtlebot3_bringup
[1.098s] -- Install configuration: ""
[1.098s] -- Up-to-date: /home/imjunhyung/turtlebot3_ws/install/turtlebot3_bringup/share/turtlebot3_bringup/launch
[1.098s] -- Up-to-date: /home/imjunhyung/turtlebot3_ws/install/turtlebot3_bringup/share/turtlebot3_bringup/launch/turtlebot3_state_publisher.launch.py
[1.099s] -- Up-to-date: /home/imjunhyung/turtlebot3_ws/install/turtlebot3_bringup/share/turtlebot3_bringup/launch/rviz2.launch.py
[1.099s] -- Up-to-date: /home/imjunhyung/turtlebot3_ws/install/turtlebot3_bringup/share/turtlebot3_bringup/launch/robot.launch.py
[1.099s] -- Up-to-date: /home/imjunhyung/turtlebot3_ws/install/turtlebot3_bringup/share/turtlebot3_bringup/param
[1.099s] -- Up-to-date: /home/imjunhyung/turtlebot3_ws/install/turtlebot3_bringup/share/turtlebot3_bringup/param/waffle_pi.yaml
[1.099s] -- Up-to-date: /home/imjunhyung/turtlebot3_ws/install/turtlebot3_bringup/share/turtlebot3_bringup/param/burger.yaml
[1.100s] -- Up-to-date: /home/imjunhyung/turtlebot3_ws/install/turtlebot3_bringup/share/turtlebot3_bringup/param/waffle.yaml
[1.100s] -- Up-to-date: /home/imjunhyung/turtlebot3_ws/install/turtlebot3_bringup/share/turtlebot3_bringup/script
[1.100s] -- Up-to-date: /home/imjunhyung/turtlebot3_ws/install/turtlebot3_bringup/share/turtlebot3_bringup/script/99-turtlebot3-cdc.rules
[1.100s] -- Up-to-date: /home/imjunhyung/turtlebot3_ws/install/turtlebot3_bringup/share/turtlebot3_bringup/script/create_udev_rules
[1.101s] -- Up-to-date: /home/imjunhyung/turtlebot3_ws/install/turtlebot3_bringup/share/ament_index/resource_index/package_run_dependencies/turtlebot3_bringup
[1.101s] -- Up-to-date: /home/imjunhyung/turtlebot3_ws/install/turtlebot3_bringup/share/ament_index/resource_index/parent_prefix_path/turtlebot3_bringup
[1.101s] -- Up-to-date: /home/imjunhyung/turtlebot3_ws/install/turtlebot3_bringup/share/turtlebot3_bringup/environment/ament_prefix_path.sh
[1.101s] -- Up-to-date: /home/imjunhyung/turtlebot3_ws/install/turtlebot3_bringup/share/turtlebot3_bringup/environment/ament_prefix_path.dsv
[1.101s] -- Up-to-date: /home/imjunhyung/turtlebot3_ws/install/turtlebot3_bringup/share/turtlebot3_bringup/environment/path.sh
[1.102s] -- Up-to-date: /home/imjunhyung/turtlebot3_ws/install/turtlebot3_bringup/share/turtlebot3_bringup/environment/path.dsv
[1.102s] -- Up-to-date: /home/imjunhyung/turtlebot3_ws/install/turtlebot3_bringup/share/turtlebot3_bringup/local_setup.bash
[1.102s] -- Up-to-date: /home/imjunhyung/turtlebot3_ws/install/turtlebot3_bringup/share/turtlebot3_bringup/local_setup.sh
[1.102s] -- Up-to-date: /home/imjunhyung/turtlebot3_ws/install/turtlebot3_bringup/share/turtlebot3_bringup/local_setup.zsh
[1.102s] -- Up-to-date: /home/imjunhyung/turtlebot3_ws/install/turtlebot3_bringup/share/turtlebot3_bringup/local_setup.dsv
[1.103s] -- Installing: /home/imjunhyung/turtlebot3_ws/install/turtlebot3_bringup/share/turtlebot3_bringup/package.dsv
[1.103s] -- Up-to-date: /home/imjunhyung/turtlebot3_ws/install/turtlebot3_bringup/share/ament_index/resource_index/packages/turtlebot3_bringup
[1.103s] -- Up-to-date: /home/imjunhyung/turtlebot3_ws/install/turtlebot3_bringup/share/turtlebot3_bringup/cmake/turtlebot3_bringupConfig.cmake
[1.103s] -- Up-to-date: /home/imjunhyung/turtlebot3_ws/install/turtlebot3_bringup/share/turtlebot3_bringup/cmake/turtlebot3_bringupConfig-version.cmake
[1.104s] -- Up-to-date: /home/imjunhyung/turtlebot3_ws/install/turtlebot3_bringup/share/turtlebot3_bringup/package.xml
[1.131s] Invoked command in '/home/imjunhyung/turtlebot3_ws/build/turtlebot3_bringup' returned '0': AMENT_PREFIX_PATH=/home/imjunhyung/turtlebot3_ws/install/turtlebot3_node:/home/imjunhyung/turtlebot3_ws/install/turtlebot3_description:${AMENT_PREFIX_PATH} CMAKE_PREFIX_PATH=/home/imjunhyung/turtlebot3_ws/install/turtlebot3_node:/home/imjunhyung/turtlebot3_ws/install/turtlebot3_description:/home/imjunhyung/ros2_ws/install/rplidar_ros:/opt/ros/foxy /home/imjunhyung/.local/bin/cmake --install /home/imjunhyung/turtlebot3_ws/build/turtlebot3_bringup
