[0.048s] Invoking command in '/home/theo/ros2_workspace/build/my_package': CMAKE_PREFIX_PATH=${CMAKE_PREFIX_PATH}:/home/theo/colcon_ws/install/autonomous_tb3:/opt/ros/foxy /usr/bin/cmake --build /home/theo/ros2_workspace/build/my_package -- -j12 -l12
[0.105s] [100%] Built target arduino_publisher
[0.123s] Invoked command in '/home/theo/ros2_workspace/build/my_package' returned '0': CMAKE_PREFIX_PATH=${CMAKE_PREFIX_PATH}:/home/theo/colcon_ws/install/autonomous_tb3:/opt/ros/foxy /usr/bin/cmake --build /home/theo/ros2_workspace/build/my_package -- -j12 -l12
[0.172s] Invoking command in '/home/theo/ros2_workspace/build/my_package': CMAKE_PREFIX_PATH=${CMAKE_PREFIX_PATH}:/home/theo/colcon_ws/install/autonomous_tb3:/opt/ros/foxy /usr/bin/cmake --install /home/theo/ros2_workspace/build/my_package
[0.179s] -- Install configuration: ""
[0.179s] -- Execute custom install script
[0.179s] -- Up-to-date symlink: /home/theo/ros2_workspace/install/my_package/lib/my_package/arduino_publisher
[0.180s] -- Up-to-date symlink: /home/theo/ros2_workspace/install/my_package/share/ament_index/resource_index/package_run_dependencies/my_package
[0.183s] -- Up-to-date symlink: /home/theo/ros2_workspace/install/my_package/share/ament_index/resource_index/parent_prefix_path/my_package
[0.184s] -- Up-to-date symlink: /home/theo/ros2_workspace/install/my_package/share/my_package/environment/ament_prefix_path.sh
[0.184s] -- Up-to-date symlink: /home/theo/ros2_workspace/install/my_package/share/my_package/environment/ament_prefix_path.dsv
[0.184s] -- Up-to-date symlink: /home/theo/ros2_workspace/install/my_package/share/my_package/environment/path.sh
[0.185s] -- Up-to-date symlink: /home/theo/ros2_workspace/install/my_package/share/my_package/environment/path.dsv
[0.185s] -- Up-to-date symlink: /home/theo/ros2_workspace/install/my_package/share/my_package/local_setup.bash
[0.186s] -- Up-to-date symlink: /home/theo/ros2_workspace/install/my_package/share/my_package/local_setup.sh
[0.186s] -- Up-to-date symlink: /home/theo/ros2_workspace/install/my_package/share/my_package/local_setup.zsh
[0.187s] -- Up-to-date symlink: /home/theo/ros2_workspace/install/my_package/share/my_package/local_setup.dsv
[0.188s] -- Symlinking: /home/theo/ros2_workspace/install/my_package/share/my_package/package.dsv
[0.189s] -- Up-to-date symlink: /home/theo/ros2_workspace/install/my_package/share/ament_index/resource_index/packages/my_package
[0.189s] -- Up-to-date symlink: /home/theo/ros2_workspace/install/my_package/share/my_package/cmake/my_packageConfig.cmake
[0.189s] -- Up-to-date symlink: /home/theo/ros2_workspace/install/my_package/share/my_package/cmake/my_packageConfig-version.cmake
[0.189s] -- Up-to-date symlink: /home/theo/ros2_workspace/install/my_package/share/my_package/package.xml
[0.225s] Invoked command in '/home/theo/ros2_workspace/build/my_package' returned '0': CMAKE_PREFIX_PATH=${CMAKE_PREFIX_PATH}:/home/theo/colcon_ws/install/autonomous_tb3:/opt/ros/foxy /usr/bin/cmake --install /home/theo/ros2_workspace/build/my_package
