[2.489s] Invoking command in '/home/imjunhyung/turtlebot3_ws/src/detection': PYTHONPATH=/home/imjunhyung/turtlebot3_ws/build/detection/prefix_override:/home/imjunhyung/turtlebot3_ws/install/detection/lib/python3.8/site-packages:${PYTHONPATH} /usr/bin/python3 setup.py egg_info --egg-base ../../build/detection build --build-base /home/imjunhyung/turtlebot3_ws/build/detection/build install --record /home/imjunhyung/turtlebot3_ws/build/detection/install.log --install-scripts $base/lib/detection --single-version-externally-managed
[3.127s] running egg_info
[3.128s] writing ../../build/detection/detection.egg-info/PKG-INFO
[3.128s] writing dependency_links to ../../build/detection/detection.egg-info/dependency_links.txt
[3.129s] writing entry points to ../../build/detection/detection.egg-info/entry_points.txt
[3.129s] writing requirements to ../../build/detection/detection.egg-info/requires.txt
[3.129s] writing top-level names to ../../build/detection/detection.egg-info/top_level.txt
[3.216s] reading manifest file '../../build/detection/detection.egg-info/SOURCES.txt'
[3.218s] writing manifest file '../../build/detection/detection.egg-info/SOURCES.txt'
[3.218s] running build
[3.218s] running build_py
[3.219s] running install
[3.220s] running install_lib
[3.223s] running install_data
[3.224s] running install_egg_info
[3.227s] removing '/home/imjunhyung/turtlebot3_ws/install/detection/lib/python3.8/site-packages/detection-0.0.0-py3.8.egg-info' (and everything under it)
[3.227s] Copying ../../build/detection/detection.egg-info to /home/imjunhyung/turtlebot3_ws/install/detection/lib/python3.8/site-packages/detection-0.0.0-py3.8.egg-info
[3.229s] running install_scripts
[3.262s] Installing detection script to /home/imjunhyung/turtlebot3_ws/install/detection/lib/detection
[3.263s] writing list of installed files to '/home/imjunhyung/turtlebot3_ws/build/detection/install.log'
[3.462s] Invoked command in '/home/imjunhyung/turtlebot3_ws/src/detection' returned '0': PYTHONPATH=/home/imjunhyung/turtlebot3_ws/build/detection/prefix_override:/home/imjunhyung/turtlebot3_ws/install/detection/lib/python3.8/site-packages:${PYTHONPATH} /usr/bin/python3 setup.py egg_info --egg-base ../../build/detection build --build-base /home/imjunhyung/turtlebot3_ws/build/detection/build install --record /home/imjunhyung/turtlebot3_ws/build/detection/install.log --install-scripts $base/lib/detection --single-version-externally-managed
