[2.307s] Invoking command in '/home/imjunhyung/turtlebot3_ws/src/roi': PYTHONPATH=/home/imjunhyung/turtlebot3_ws/build/roi/prefix_override:/home/imjunhyung/turtlebot3_ws/install/roi/lib/python3.8/site-packages:${PYTHONPATH} /usr/bin/python3 setup.py egg_info --egg-base ../../build/roi build --build-base /home/imjunhyung/turtlebot3_ws/build/roi/build install --record /home/imjunhyung/turtlebot3_ws/build/roi/install.log --install-scripts $base/lib/roi --single-version-externally-managed
[2.862s] running egg_info
[2.863s] creating ../../build/roi/roi.egg-info
[2.863s] writing ../../build/roi/roi.egg-info/PKG-INFO
[2.863s] writing dependency_links to ../../build/roi/roi.egg-info/dependency_links.txt
[2.864s] writing entry points to ../../build/roi/roi.egg-info/entry_points.txt
[2.864s] writing requirements to ../../build/roi/roi.egg-info/requires.txt
[2.864s] writing top-level names to ../../build/roi/roi.egg-info/top_level.txt
[2.866s] writing manifest file '../../build/roi/roi.egg-info/SOURCES.txt'
[2.922s] reading manifest file '../../build/roi/roi.egg-info/SOURCES.txt'
[2.924s] writing manifest file '../../build/roi/roi.egg-info/SOURCES.txt'
[2.924s] running build
[2.924s] running build_py
[2.925s] creating /home/imjunhyung/turtlebot3_ws/build/roi/build
[2.925s] creating /home/imjunhyung/turtlebot3_ws/build/roi/build/lib
[2.925s] creating /home/imjunhyung/turtlebot3_ws/build/roi/build/lib/roi
[2.925s] copying roi/__init__.py -> /home/imjunhyung/turtlebot3_ws/build/roi/build/lib/roi
[2.926s] copying roi/roi.py -> /home/imjunhyung/turtlebot3_ws/build/roi/build/lib/roi
[2.926s] running install
[2.927s] running install_lib
[2.930s] creating /home/imjunhyung/turtlebot3_ws/install/roi/lib/python3.8/site-packages/roi
[2.930s] copying /home/imjunhyung/turtlebot3_ws/build/roi/build/lib/roi/__init__.py -> /home/imjunhyung/turtlebot3_ws/install/roi/lib/python3.8/site-packages/roi
[2.931s] copying /home/imjunhyung/turtlebot3_ws/build/roi/build/lib/roi/roi.py -> /home/imjunhyung/turtlebot3_ws/install/roi/lib/python3.8/site-packages/roi
[2.931s] byte-compiling /home/imjunhyung/turtlebot3_ws/install/roi/lib/python3.8/site-packages/roi/__init__.py to __init__.cpython-38.pyc
[2.934s] byte-compiling /home/imjunhyung/turtlebot3_ws/install/roi/lib/python3.8/site-packages/roi/roi.py to roi.cpython-38.pyc
[2.935s] running install_data
[2.936s] creating /home/imjunhyung/turtlebot3_ws/install/roi/share/ament_index
[2.937s] creating /home/imjunhyung/turtlebot3_ws/install/roi/share/ament_index/resource_index
[2.937s] creating /home/imjunhyung/turtlebot3_ws/install/roi/share/ament_index/resource_index/packages
[2.937s] copying resource/roi -> /home/imjunhyung/turtlebot3_ws/install/roi/share/ament_index/resource_index/packages
[2.937s] copying package.xml -> /home/imjunhyung/turtlebot3_ws/install/roi/share/roi
[2.937s] running install_egg_info
[2.941s] Copying ../../build/roi/roi.egg-info to /home/imjunhyung/turtlebot3_ws/install/roi/lib/python3.8/site-packages/roi-0.0.0-py3.8.egg-info
[2.942s] running install_scripts
[2.980s] Installing roi script to /home/imjunhyung/turtlebot3_ws/install/roi/lib/roi
[2.981s] writing list of installed files to '/home/imjunhyung/turtlebot3_ws/build/roi/install.log'
[3.034s] Invoked command in '/home/imjunhyung/turtlebot3_ws/src/roi' returned '0': PYTHONPATH=/home/imjunhyung/turtlebot3_ws/build/roi/prefix_override:/home/imjunhyung/turtlebot3_ws/install/roi/lib/python3.8/site-packages:${PYTHONPATH} /usr/bin/python3 setup.py egg_info --egg-base ../../build/roi build --build-base /home/imjunhyung/turtlebot3_ws/build/roi/build install --record /home/imjunhyung/turtlebot3_ws/build/roi/install.log --install-scripts $base/lib/roi --single-version-externally-managed
