[2.463s] Invoking command in '/home/imjunhyung/turtlebot3_ws/src/motor': PYTHONPATH=/home/imjunhyung/turtlebot3_ws/build/motor/prefix_override:/home/imjunhyung/turtlebot3_ws/install/motor/lib/python3.8/site-packages:${PYTHONPATH} /usr/bin/python3 setup.py egg_info --egg-base ../../build/motor build --build-base /home/imjunhyung/turtlebot3_ws/build/motor/build install --record /home/imjunhyung/turtlebot3_ws/build/motor/install.log --install-scripts $base/lib/motor --single-version-externally-managed
[3.150s] running egg_info
[3.151s] creating ../../build/motor/motor.egg-info
[3.151s] writing ../../build/motor/motor.egg-info/PKG-INFO
[3.152s] writing dependency_links to ../../build/motor/motor.egg-info/dependency_links.txt
[3.152s] writing entry points to ../../build/motor/motor.egg-info/entry_points.txt
[3.152s] writing requirements to ../../build/motor/motor.egg-info/requires.txt
[3.153s] writing top-level names to ../../build/motor/motor.egg-info/top_level.txt
[3.156s] writing manifest file '../../build/motor/motor.egg-info/SOURCES.txt'
[3.284s] reading manifest file '../../build/motor/motor.egg-info/SOURCES.txt'
[3.286s] writing manifest file '../../build/motor/motor.egg-info/SOURCES.txt'
[3.287s] running build
[3.288s] running build_py
[3.288s] creating /home/imjunhyung/turtlebot3_ws/build/motor/build
[3.289s] creating /home/imjunhyung/turtlebot3_ws/build/motor/build/lib
[3.289s] creating /home/imjunhyung/turtlebot3_ws/build/motor/build/lib/motor
[3.290s] copying motor/motor.py -> /home/imjunhyung/turtlebot3_ws/build/motor/build/lib/motor
[3.290s] copying motor/__init__.py -> /home/imjunhyung/turtlebot3_ws/build/motor/build/lib/motor
[3.291s] running install
[3.294s] running install_lib
[3.296s] creating /home/imjunhyung/turtlebot3_ws/install/motor/lib/python3.8/site-packages/motor
[3.297s] copying /home/imjunhyung/turtlebot3_ws/build/motor/build/lib/motor/motor.py -> /home/imjunhyung/turtlebot3_ws/install/motor/lib/python3.8/site-packages/motor
[3.298s] copying /home/imjunhyung/turtlebot3_ws/build/motor/build/lib/motor/__init__.py -> /home/imjunhyung/turtlebot3_ws/install/motor/lib/python3.8/site-packages/motor
[3.299s] byte-compiling /home/imjunhyung/turtlebot3_ws/install/motor/lib/python3.8/site-packages/motor/motor.py to motor.cpython-38.pyc
[3.318s] byte-compiling /home/imjunhyung/turtlebot3_ws/install/motor/lib/python3.8/site-packages/motor/__init__.py to __init__.cpython-38.pyc
[3.319s] running install_data
[3.320s] creating /home/imjunhyung/turtlebot3_ws/install/motor/share/ament_index
[3.321s] creating /home/imjunhyung/turtlebot3_ws/install/motor/share/ament_index/resource_index
[3.321s] creating /home/imjunhyung/turtlebot3_ws/install/motor/share/ament_index/resource_index/packages
[3.322s] copying resource/motor -> /home/imjunhyung/turtlebot3_ws/install/motor/share/ament_index/resource_index/packages
[3.322s] copying package.xml -> /home/imjunhyung/turtlebot3_ws/install/motor/share/motor
[3.323s] running install_egg_info
[3.328s] Copying ../../build/motor/motor.egg-info to /home/imjunhyung/turtlebot3_ws/install/motor/lib/python3.8/site-packages/motor-0.0.0-py3.8.egg-info
[3.330s] running install_scripts
[3.432s] Installing motor script to /home/imjunhyung/turtlebot3_ws/install/motor/lib/motor
[3.433s] writing list of installed files to '/home/imjunhyung/turtlebot3_ws/build/motor/install.log'
[3.555s] Invoked command in '/home/imjunhyung/turtlebot3_ws/src/motor' returned '0': PYTHONPATH=/home/imjunhyung/turtlebot3_ws/build/motor/prefix_override:/home/imjunhyung/turtlebot3_ws/install/motor/lib/python3.8/site-packages:${PYTHONPATH} /usr/bin/python3 setup.py egg_info --egg-base ../../build/motor build --build-base /home/imjunhyung/turtlebot3_ws/build/motor/build install --record /home/imjunhyung/turtlebot3_ws/build/motor/install.log --install-scripts $base/lib/motor --single-version-externally-managed
