[2.488s] Invoking command in '/home/imjunhyung/turtlebot3_ws/src/motor': PYTHONPATH=/home/imjunhyung/turtlebot3_ws/build/motor/prefix_override:/home/imjunhyung/turtlebot3_ws/install/motor/lib/python3.8/site-packages:${PYTHONPATH} /usr/bin/python3 setup.py egg_info --egg-base ../../build/motor build --build-base /home/imjunhyung/turtlebot3_ws/build/motor/build install --record /home/imjunhyung/turtlebot3_ws/build/motor/install.log --install-scripts $base/lib/motor --single-version-externally-managed
[3.654s] running egg_info
[3.655s] creating ../../build/motor/motor.egg-info
[3.659s] writing ../../build/motor/motor.egg-info/PKG-INFO
[3.659s] writing dependency_links to ../../build/motor/motor.egg-info/dependency_links.txt
[3.660s] writing entry points to ../../build/motor/motor.egg-info/entry_points.txt
[3.660s] writing requirements to ../../build/motor/motor.egg-info/requires.txt
[3.660s] writing top-level names to ../../build/motor/motor.egg-info/top_level.txt
[3.679s] writing manifest file '../../build/motor/motor.egg-info/SOURCES.txt'
[3.864s] reading manifest file '../../build/motor/motor.egg-info/SOURCES.txt'
[3.866s] writing manifest file '../../build/motor/motor.egg-info/SOURCES.txt'
[3.887s] running build
[3.888s] running build_py
[3.888s] creating /home/imjunhyung/turtlebot3_ws/build/motor/build
[3.888s] creating /home/imjunhyung/turtlebot3_ws/build/motor/build/lib
[3.888s] creating /home/imjunhyung/turtlebot3_ws/build/motor/build/lib/motor
[3.888s] copying motor/motor.py -> /home/imjunhyung/turtlebot3_ws/build/motor/build/lib/motor
[3.889s] copying motor/__init__.py -> /home/imjunhyung/turtlebot3_ws/build/motor/build/lib/motor
[3.889s] running install
[3.890s] running install_lib
[3.892s] creating /home/imjunhyung/turtlebot3_ws/install/motor/lib/python3.8/site-packages/motor
[3.893s] copying /home/imjunhyung/turtlebot3_ws/build/motor/build/lib/motor/motor.py -> /home/imjunhyung/turtlebot3_ws/install/motor/lib/python3.8/site-packages/motor
[3.893s] copying /home/imjunhyung/turtlebot3_ws/build/motor/build/lib/motor/__init__.py -> /home/imjunhyung/turtlebot3_ws/install/motor/lib/python3.8/site-packages/motor
[3.894s] byte-compiling /home/imjunhyung/turtlebot3_ws/install/motor/lib/python3.8/site-packages/motor/motor.py to motor.cpython-38.pyc
[3.911s] byte-compiling /home/imjunhyung/turtlebot3_ws/install/motor/lib/python3.8/site-packages/motor/__init__.py to __init__.cpython-38.pyc
[3.911s] running install_data
[3.913s] creating /home/imjunhyung/turtlebot3_ws/install/motor/share/ament_index
[3.913s] creating /home/imjunhyung/turtlebot3_ws/install/motor/share/ament_index/resource_index
[3.913s] creating /home/imjunhyung/turtlebot3_ws/install/motor/share/ament_index/resource_index/packages
[3.914s] copying resource/motor -> /home/imjunhyung/turtlebot3_ws/install/motor/share/ament_index/resource_index/packages
[3.914s] copying package.xml -> /home/imjunhyung/turtlebot3_ws/install/motor/share/motor
[3.914s] running install_egg_info
[3.919s] Copying ../../build/motor/motor.egg-info to /home/imjunhyung/turtlebot3_ws/install/motor/lib/python3.8/site-packages/motor-0.0.0-py3.8.egg-info
[3.921s] running install_scripts
[3.994s] Installing motor script to /home/imjunhyung/turtlebot3_ws/install/motor/lib/motor
[3.994s] writing list of installed files to '/home/imjunhyung/turtlebot3_ws/build/motor/install.log'
[4.106s] Invoked command in '/home/imjunhyung/turtlebot3_ws/src/motor' returned '0': PYTHONPATH=/home/imjunhyung/turtlebot3_ws/build/motor/prefix_override:/home/imjunhyung/turtlebot3_ws/install/motor/lib/python3.8/site-packages:${PYTHONPATH} /usr/bin/python3 setup.py egg_info --egg-base ../../build/motor build --build-base /home/imjunhyung/turtlebot3_ws/build/motor/build install --record /home/imjunhyung/turtlebot3_ws/build/motor/install.log --install-scripts $base/lib/motor --single-version-externally-managed
