[0.014s] Invoking command in '/home/imjunhyung/turtlebot3_ws/build/turtlebot3_simulations': AMENT_PREFIX_PATH=/home/imjunhyung/turtlebot3_ws/install/turtlebot3_gazebo:/home/imjunhyung/turtlebot3_ws/install/turtlebot3_fake_node:/home/imjunhyung/turtlebot3_ws/install/turtlebot3_description CMAKE_PREFIX_PATH=/home/imjunhyung/turtlebot3_ws/install/turtlebot3_gazebo:/home/imjunhyung/turtlebot3_ws/install/turtlebot3_fake_node:/home/imjunhyung/turtlebot3_ws/install/turtlebot3_description /usr/bin/cmake /home/imjunhyung/turtlebot3_ws/src/turtlebot3_simulations/turtlebot3_simulations -DAMENT_CMAKE_SYMLINK_INSTALL=1 -DCMAKE_INSTALL_PREFIX=/home/imjunhyung/turtlebot3_ws/install/turtlebot3_simulations
[0.096s] -- The C compiler identification is GNU 9.4.0
[0.161s] -- The CXX compiler identification is GNU 9.4.0
[0.167s] -- Check for working C compiler: /usr/bin/cc
[0.266s] -- Check for working C compiler: /usr/bin/cc -- works
[0.267s] -- Detecting C compiler ABI info
[0.357s] -- Detecting C compiler ABI info - done
[0.375s] -- Detecting C compile features
[0.375s] -- Detecting C compile features - done
[0.379s] -- Check for working CXX compiler: /usr/bin/c++
[0.477s] -- Check for working CXX compiler: /usr/bin/c++ -- works
[0.478s] -- Detecting CXX compiler ABI info
[0.581s] -- Detecting CXX compiler ABI info - done
[0.598s] -- Detecting CXX compile features
[0.599s] -- Detecting CXX compile features - done
[0.602s] -- Found ament_cmake: 0.9.12 (/opt/ros/foxy/share/ament_cmake/cmake)
[0.637s] -- Found PythonInterp: /usr/bin/python3 (found suitable version "3.8.10", minimum required is "3") 
[0.637s] -- Using PYTHON_EXECUTABLE: /usr/bin/python3
[0.838s] -- Override CMake install command with custom implementation using symlinks instead of copying resources
[0.948s] -- Configuring done
[0.950s] -- Generating done
[0.952s] -- Build files have been written to: /home/imjunhyung/turtlebot3_ws/build/turtlebot3_simulations
[0.955s] Invoked command in '/home/imjunhyung/turtlebot3_ws/build/turtlebot3_simulations' returned '0': AMENT_PREFIX_PATH=/home/imjunhyung/turtlebot3_ws/install/turtlebot3_gazebo:/home/imjunhyung/turtlebot3_ws/install/turtlebot3_fake_node:/home/imjunhyung/turtlebot3_ws/install/turtlebot3_description CMAKE_PREFIX_PATH=/home/imjunhyung/turtlebot3_ws/install/turtlebot3_gazebo:/home/imjunhyung/turtlebot3_ws/install/turtlebot3_fake_node:/home/imjunhyung/turtlebot3_ws/install/turtlebot3_description /usr/bin/cmake /home/imjunhyung/turtlebot3_ws/src/turtlebot3_simulations/turtlebot3_simulations -DAMENT_CMAKE_SYMLINK_INSTALL=1 -DCMAKE_INSTALL_PREFIX=/home/imjunhyung/turtlebot3_ws/install/turtlebot3_simulations
[0.958s] Invoking command in '/home/imjunhyung/turtlebot3_ws/build/turtlebot3_simulations': AMENT_PREFIX_PATH=/home/imjunhyung/turtlebot3_ws/install/turtlebot3_gazebo:/home/imjunhyung/turtlebot3_ws/install/turtlebot3_fake_node:/home/imjunhyung/turtlebot3_ws/install/turtlebot3_description CMAKE_PREFIX_PATH=/home/imjunhyung/turtlebot3_ws/install/turtlebot3_gazebo:/home/imjunhyung/turtlebot3_ws/install/turtlebot3_fake_node:/home/imjunhyung/turtlebot3_ws/install/turtlebot3_description /usr/bin/cmake --build /home/imjunhyung/turtlebot3_ws/build/turtlebot3_simulations -- -j8 -l8
[1.008s] Invoked command in '/home/imjunhyung/turtlebot3_ws/build/turtlebot3_simulations' returned '0': AMENT_PREFIX_PATH=/home/imjunhyung/turtlebot3_ws/install/turtlebot3_gazebo:/home/imjunhyung/turtlebot3_ws/install/turtlebot3_fake_node:/home/imjunhyung/turtlebot3_ws/install/turtlebot3_description CMAKE_PREFIX_PATH=/home/imjunhyung/turtlebot3_ws/install/turtlebot3_gazebo:/home/imjunhyung/turtlebot3_ws/install/turtlebot3_fake_node:/home/imjunhyung/turtlebot3_ws/install/turtlebot3_description /usr/bin/cmake --build /home/imjunhyung/turtlebot3_ws/build/turtlebot3_simulations -- -j8 -l8
[1.037s] Invoking command in '/home/imjunhyung/turtlebot3_ws/build/turtlebot3_simulations': AMENT_PREFIX_PATH=/home/imjunhyung/turtlebot3_ws/install/turtlebot3_gazebo:/home/imjunhyung/turtlebot3_ws/install/turtlebot3_fake_node:/home/imjunhyung/turtlebot3_ws/install/turtlebot3_description CMAKE_PREFIX_PATH=/home/imjunhyung/turtlebot3_ws/install/turtlebot3_gazebo:/home/imjunhyung/turtlebot3_ws/install/turtlebot3_fake_node:/home/imjunhyung/turtlebot3_ws/install/turtlebot3_description /usr/bin/cmake --install /home/imjunhyung/turtlebot3_ws/build/turtlebot3_simulations
[1.047s] -- Install configuration: ""
[1.047s] -- Execute custom install script
[1.048s] -- Symlinking: /home/imjunhyung/turtlebot3_ws/install/turtlebot3_simulations/share/ament_index/resource_index/package_run_dependencies/turtlebot3_simulations
[1.060s] -- Symlinking: /home/imjunhyung/turtlebot3_ws/install/turtlebot3_simulations/share/ament_index/resource_index/parent_prefix_path/turtlebot3_simulations
[1.072s] -- Symlinking: /home/imjunhyung/turtlebot3_ws/install/turtlebot3_simulations/share/turtlebot3_simulations/environment/ament_prefix_path.sh
[1.084s] -- Symlinking: /home/imjunhyung/turtlebot3_ws/install/turtlebot3_simulations/share/turtlebot3_simulations/environment/ament_prefix_path.dsv
[1.097s] -- Symlinking: /home/imjunhyung/turtlebot3_ws/install/turtlebot3_simulations/share/turtlebot3_simulations/environment/path.sh
[1.111s] -- Symlinking: /home/imjunhyung/turtlebot3_ws/install/turtlebot3_simulations/share/turtlebot3_simulations/environment/path.dsv
[1.122s] -- Symlinking: /home/imjunhyung/turtlebot3_ws/install/turtlebot3_simulations/share/turtlebot3_simulations/local_setup.bash
[1.134s] -- Symlinking: /home/imjunhyung/turtlebot3_ws/install/turtlebot3_simulations/share/turtlebot3_simulations/local_setup.sh
[1.145s] -- Symlinking: /home/imjunhyung/turtlebot3_ws/install/turtlebot3_simulations/share/turtlebot3_simulations/local_setup.zsh
[1.157s] -- Symlinking: /home/imjunhyung/turtlebot3_ws/install/turtlebot3_simulations/share/turtlebot3_simulations/local_setup.dsv
[1.169s] -- Symlinking: /home/imjunhyung/turtlebot3_ws/install/turtlebot3_simulations/share/turtlebot3_simulations/package.dsv
[1.182s] -- Symlinking: /home/imjunhyung/turtlebot3_ws/install/turtlebot3_simulations/share/ament_index/resource_index/packages/turtlebot3_simulations
[1.195s] -- Symlinking: /home/imjunhyung/turtlebot3_ws/install/turtlebot3_simulations/share/turtlebot3_simulations/cmake/turtlebot3_simulationsConfig.cmake
[1.208s] -- Symlinking: /home/imjunhyung/turtlebot3_ws/install/turtlebot3_simulations/share/turtlebot3_simulations/cmake/turtlebot3_simulationsConfig-version.cmake
[1.220s] -- Symlinking: /home/imjunhyung/turtlebot3_ws/install/turtlebot3_simulations/share/turtlebot3_simulations/package.xml
[1.238s] Invoked command in '/home/imjunhyung/turtlebot3_ws/build/turtlebot3_simulations' returned '0': AMENT_PREFIX_PATH=/home/imjunhyung/turtlebot3_ws/install/turtlebot3_gazebo:/home/imjunhyung/turtlebot3_ws/install/turtlebot3_fake_node:/home/imjunhyung/turtlebot3_ws/install/turtlebot3_description CMAKE_PREFIX_PATH=/home/imjunhyung/turtlebot3_ws/install/turtlebot3_gazebo:/home/imjunhyung/turtlebot3_ws/install/turtlebot3_fake_node:/home/imjunhyung/turtlebot3_ws/install/turtlebot3_description /usr/bin/cmake --install /home/imjunhyung/turtlebot3_ws/build/turtlebot3_simulations
