[1.895s] Invoking command in '/home/imjunhyung/turtlebot3_ws/src/roi': PYTHONPATH=/home/imjunhyung/turtlebot3_ws/build/roi/prefix_override:/home/imjunhyung/turtlebot3_ws/install/roi/lib/python3.8/site-packages:${PYTHONPATH} /usr/bin/python3 setup.py egg_info --egg-base ../../build/roi build --build-base /home/imjunhyung/turtlebot3_ws/build/roi/build install --record /home/imjunhyung/turtlebot3_ws/build/roi/install.log --install-scripts $base/lib/roi --single-version-externally-managed
[2.339s] running egg_info
[2.339s] writing ../../build/roi/roi.egg-info/PKG-INFO
[2.340s] writing dependency_links to ../../build/roi/roi.egg-info/dependency_links.txt
[2.340s] writing entry points to ../../build/roi/roi.egg-info/entry_points.txt
[2.340s] writing requirements to ../../build/roi/roi.egg-info/requires.txt
[2.340s] writing top-level names to ../../build/roi/roi.egg-info/top_level.txt
[2.387s] reading manifest file '../../build/roi/roi.egg-info/SOURCES.txt'
[2.388s] writing manifest file '../../build/roi/roi.egg-info/SOURCES.txt'
[2.388s] running build
[2.388s] running build_py
[2.388s] running install
[2.389s] running install_lib
[2.391s] running install_data
[2.392s] running install_egg_info
[2.394s] removing '/home/imjunhyung/turtlebot3_ws/install/roi/lib/python3.8/site-packages/roi-0.0.0-py3.8.egg-info' (and everything under it)
[2.394s] Copying ../../build/roi/roi.egg-info to /home/imjunhyung/turtlebot3_ws/install/roi/lib/python3.8/site-packages/roi-0.0.0-py3.8.egg-info
[2.395s] running install_scripts
[2.418s] Installing roi script to /home/imjunhyung/turtlebot3_ws/install/roi/lib/roi
[2.418s] writing list of installed files to '/home/imjunhyung/turtlebot3_ws/build/roi/install.log'
[2.445s] Invoked command in '/home/imjunhyung/turtlebot3_ws/src/roi' returned '0': PYTHONPATH=/home/imjunhyung/turtlebot3_ws/build/roi/prefix_override:/home/imjunhyung/turtlebot3_ws/install/roi/lib/python3.8/site-packages:${PYTHONPATH} /usr/bin/python3 setup.py egg_info --egg-base ../../build/roi build --build-base /home/imjunhyung/turtlebot3_ws/build/roi/build install --record /home/imjunhyung/turtlebot3_ws/build/roi/install.log --install-scripts $base/lib/roi --single-version-externally-managed
