[0.059s] Invoking command in '/home/theo/ros2_workspace/build/serial': CMAKE_PREFIX_PATH=/home/theo/colcon_ws/install/autonomous_tb3:/opt/ros/foxy /usr/bin/cmake /home/theo/ros2_workspace/src/serial -DAMENT_CMAKE_SYMLINK_INSTALL=1 -DCMAKE_INSTALL_PREFIX=/home/theo/ros2_workspace/install/serial
[0.113s] -- The C compiler identification is GNU 9.4.0
[0.165s] -- The CXX compiler identification is GNU 9.4.0
[0.169s] -- Check for working C compiler: /usr/bin/cc
[0.235s] -- Check for working C compiler: /usr/bin/cc -- works
[0.236s] -- Detecting C compiler ABI info
[0.303s] -- Detecting C compiler ABI info - done
[0.317s] -- Detecting C compile features
[0.317s] -- Detecting C compile features - done
[0.320s] -- Check for working CXX compiler: /usr/bin/c++
[0.400s] -- Check for working CXX compiler: /usr/bin/c++ -- works
[0.401s] -- Detecting CXX compiler ABI info
[0.501s] -- Detecting CXX compiler ABI info - done
[0.520s] -- Detecting CXX compile features
[0.520s] -- Detecting CXX compile features - done
[0.522s] -- Found ament_cmake: 0.9.12 (/opt/ros/foxy/share/ament_cmake/cmake)
[0.555s] -- Found PythonInterp: /usr/bin/python3 (found suitable version "3.8.10", minimum required is "3") 
[0.556s] -- Using PYTHON_EXECUTABLE: /usr/bin/python3
[0.750s] -- Override CMake install command with custom implementation using symlinks instead of copying resources
[0.799s] -- Found ament_cmake_gtest: 0.9.12 (/opt/ros/foxy/share/ament_cmake_gtest/cmake)
[0.893s] -- Found Boost: /usr/lib/x86_64-linux-gnu/cmake/Boost-1.71.0/BoostConfig.cmake (found version "1.71.0")  
[0.925s] -- Found gtest sources under '/opt/ros/foxy/src/gtest_vendor': C++ tests using 'Google Test' will be built
[0.954s] -- Looking for pthread.h
[1.019s] -- Looking for pthread.h - found
[1.019s] -- Performing Test CMAKE_HAVE_LIBC_PTHREAD
[1.099s] -- Performing Test CMAKE_HAVE_LIBC_PTHREAD - Failed
[1.099s] -- Check if compiler accepts -pthread
[1.167s] -- Check if compiler accepts -pthread - yes
[1.168s] -- Found Threads: TRUE  
[1.241s] -- Configuring done
[1.250s] -- Generating done
[1.252s] -- Build files have been written to: /home/theo/ros2_workspace/build/serial
[1.255s] Invoked command in '/home/theo/ros2_workspace/build/serial' returned '0': CMAKE_PREFIX_PATH=/home/theo/colcon_ws/install/autonomous_tb3:/opt/ros/foxy /usr/bin/cmake /home/theo/ros2_workspace/src/serial -DAMENT_CMAKE_SYMLINK_INSTALL=1 -DCMAKE_INSTALL_PREFIX=/home/theo/ros2_workspace/install/serial
[1.258s] Invoking command in '/home/theo/ros2_workspace/build/serial': CMAKE_PREFIX_PATH=/home/theo/colcon_ws/install/autonomous_tb3:/opt/ros/foxy /usr/bin/cmake --build /home/theo/ros2_workspace/build/serial -- -j12 -l12
[1.291s] [35m[1mScanning dependencies of target gtest_main[0m
[1.291s] [35m[1mScanning dependencies of target serial[0m
[1.291s] [35m[1mScanning dependencies of target gtest[0m
[1.302s] [  7%] [32mBuilding CXX object CMakeFiles/serial.dir/src/impl/unix.cc.o[0m
[1.302s] [ 14%] [32mBuilding CXX object CMakeFiles/serial.dir/src/serial.cc.o[0m
[1.302s] [ 21%] [32mBuilding CXX object CMakeFiles/serial.dir/src/impl/list_ports/list_ports_linux.cc.o[0m
[1.442s] [ 28%] [32mBuilding CXX object gtest/CMakeFiles/gtest_main.dir/src/gtest_main.cc.o[0m
[1.443s] [ 35%] [32mBuilding CXX object gtest/CMakeFiles/gtest.dir/src/gtest-all.cc.o[0m
[1.798s] [ 42%] [32m[1mLinking CXX static library libserial.a[0m
[1.894s] [ 42%] Built target serial
[1.903s] [35m[1mScanning dependencies of target serial_example[0m
[1.914s] [ 50%] [32mBuilding CXX object CMakeFiles/serial_example.dir/examples/serial_example.cc.o[0m
[2.048s] [ 57%] [32m[1mLinking CXX static library libgtest_main.a[0m
[2.077s] [ 57%] Built target gtest_main
[2.199s] [ 64%] [32m[1mLinking CXX executable serial_example[0m
[2.269s] [ 64%] Built target serial_example
[4.011s] [ 71%] [32m[1mLinking CXX static library libgtest.a[0m
[4.060s] [ 71%] Built target gtest
[4.069s] [35m[1mScanning dependencies of target serial-test-timer[0m
[4.069s] [35m[1mScanning dependencies of target serial-test[0m
[4.081s] [ 85%] [32mBuilding CXX object tests/CMakeFiles/serial-test.dir/unix_serial_tests.cc.o[0m
[4.081s] [ 85%] [32mBuilding CXX object tests/CMakeFiles/serial-test-timer.dir/unit/unix_timer_tests.cc.o[0m
[4.676s] [ 92%] [32m[1mLinking CXX executable serial-test-timer[0m
[4.776s] [100%] [32m[1mLinking CXX executable serial-test[0m
[4.791s] [100%] Built target serial-test-timer
[4.890s] [100%] Built target serial-test
[4.900s] Invoked command in '/home/theo/ros2_workspace/build/serial' returned '0': CMAKE_PREFIX_PATH=/home/theo/colcon_ws/install/autonomous_tb3:/opt/ros/foxy /usr/bin/cmake --build /home/theo/ros2_workspace/build/serial -- -j12 -l12
[4.929s] Invoking command in '/home/theo/ros2_workspace/build/serial': CMAKE_PREFIX_PATH=/home/theo/colcon_ws/install/autonomous_tb3:/opt/ros/foxy /usr/bin/cmake --install /home/theo/ros2_workspace/build/serial
[4.936s] -- Install configuration: ""
[4.936s] -- Execute custom install script
[4.936s] -- Symlinking: /home/theo/ros2_workspace/install/serial/lib/libserial.a
[4.944s] -- Symlinking: /home/theo/ros2_workspace/install/serial/include/serial/serial.h
[4.951s] -- Symlinking: /home/theo/ros2_workspace/install/serial/include/serial/v8stdint.h
[4.959s] -- Symlinking: /home/theo/ros2_workspace/install/serial/share/serial/environment/library_path.sh
[4.966s] -- Symlinking: /home/theo/ros2_workspace/install/serial/share/serial/environment/library_path.dsv
[4.974s] -- Symlinking: /home/theo/ros2_workspace/install/serial/share/ament_index/resource_index/package_run_dependencies/serial
[4.982s] -- Symlinking: /home/theo/ros2_workspace/install/serial/share/ament_index/resource_index/parent_prefix_path/serial
[4.989s] -- Symlinking: /home/theo/ros2_workspace/install/serial/share/serial/environment/ament_prefix_path.sh
[4.997s] -- Symlinking: /home/theo/ros2_workspace/install/serial/share/serial/environment/ament_prefix_path.dsv
[5.004s] -- Symlinking: /home/theo/ros2_workspace/install/serial/share/serial/environment/path.sh
[5.012s] -- Symlinking: /home/theo/ros2_workspace/install/serial/share/serial/environment/path.dsv
[5.019s] -- Symlinking: /home/theo/ros2_workspace/install/serial/share/serial/local_setup.bash
[5.026s] -- Symlinking: /home/theo/ros2_workspace/install/serial/share/serial/local_setup.sh
[5.034s] -- Symlinking: /home/theo/ros2_workspace/install/serial/share/serial/local_setup.zsh
[5.041s] -- Symlinking: /home/theo/ros2_workspace/install/serial/share/serial/local_setup.dsv
[5.049s] -- Symlinking: /home/theo/ros2_workspace/install/serial/share/serial/package.dsv
[5.056s] -- Symlinking: /home/theo/ros2_workspace/install/serial/share/ament_index/resource_index/packages/serial
[5.064s] -- Symlinking: /home/theo/ros2_workspace/install/serial/share/serial/cmake/ament_cmake_export_include_directories-extras.cmake
[5.071s] -- Symlinking: /home/theo/ros2_workspace/install/serial/share/serial/cmake/ament_cmake_export_libraries-extras.cmake
[5.079s] -- Symlinking: /home/theo/ros2_workspace/install/serial/share/serial/cmake/serialConfig.cmake
[5.086s] -- Symlinking: /home/theo/ros2_workspace/install/serial/share/serial/cmake/serialConfig-version.cmake
[5.094s] -- Symlinking: /home/theo/ros2_workspace/install/serial/share/serial/package.xml
[5.106s] Invoked command in '/home/theo/ros2_workspace/build/serial' returned '0': CMAKE_PREFIX_PATH=/home/theo/colcon_ws/install/autonomous_tb3:/opt/ros/foxy /usr/bin/cmake --install /home/theo/ros2_workspace/build/serial
