[1.905s] Invoking command in '/home/imjunhyung/turtlebot3_ws/src/roi': PYTHONPATH=/home/imjunhyung/turtlebot3_ws/build/roi/prefix_override:/home/imjunhyung/turtlebot3_ws/install/roi/lib/python3.8/site-packages:${PYTHONPATH} /usr/bin/python3 setup.py egg_info --egg-base ../../build/roi build --build-base /home/imjunhyung/turtlebot3_ws/build/roi/build install --record /home/imjunhyung/turtlebot3_ws/build/roi/install.log --install-scripts $base/lib/roi --single-version-externally-managed
[2.363s] running egg_info
[2.364s] writing ../../build/roi/roi.egg-info/PKG-INFO
[2.365s] writing dependency_links to ../../build/roi/roi.egg-info/dependency_links.txt
[2.365s] writing entry points to ../../build/roi/roi.egg-info/entry_points.txt
[2.365s] writing requirements to ../../build/roi/roi.egg-info/requires.txt
[2.365s] writing top-level names to ../../build/roi/roi.egg-info/top_level.txt
[2.415s] reading manifest file '../../build/roi/roi.egg-info/SOURCES.txt'
[2.416s] writing manifest file '../../build/roi/roi.egg-info/SOURCES.txt'
[2.416s] running build
[2.416s] running build_py
[2.416s] running install
[2.417s] running install_lib
[2.418s] running install_data
[2.420s] running install_egg_info
[2.422s] removing '/home/imjunhyung/turtlebot3_ws/install/roi/lib/python3.8/site-packages/roi-0.0.0-py3.8.egg-info' (and everything under it)
[2.423s] Copying ../../build/roi/roi.egg-info to /home/imjunhyung/turtlebot3_ws/install/roi/lib/python3.8/site-packages/roi-0.0.0-py3.8.egg-info
[2.423s] running install_scripts
[2.446s] Installing roi script to /home/imjunhyung/turtlebot3_ws/install/roi/lib/roi
[2.447s] writing list of installed files to '/home/imjunhyung/turtlebot3_ws/build/roi/install.log'
[2.484s] Invoked command in '/home/imjunhyung/turtlebot3_ws/src/roi' returned '0': PYTHONPATH=/home/imjunhyung/turtlebot3_ws/build/roi/prefix_override:/home/imjunhyung/turtlebot3_ws/install/roi/lib/python3.8/site-packages:${PYTHONPATH} /usr/bin/python3 setup.py egg_info --egg-base ../../build/roi build --build-base /home/imjunhyung/turtlebot3_ws/build/roi/build install --record /home/imjunhyung/turtlebot3_ws/build/roi/install.log --install-scripts $base/lib/roi --single-version-externally-managed
