[2.539s] Invoking command in '/home/imjunhyung/turtlebot3_ws/src/detection': PYTHONPATH=/home/imjunhyung/turtlebot3_ws/build/detection/prefix_override:/home/imjunhyung/turtlebot3_ws/install/detection/lib/python3.8/site-packages:${PYTHONPATH} /usr/bin/python3 setup.py egg_info --egg-base ../../build/detection build --build-base /home/imjunhyung/turtlebot3_ws/build/detection/build install --record /home/imjunhyung/turtlebot3_ws/build/detection/install.log --install-scripts $base/lib/detection --single-version-externally-managed
[3.131s] running egg_info
[3.132s] writing ../../build/detection/detection.egg-info/PKG-INFO
[3.132s] writing dependency_links to ../../build/detection/detection.egg-info/dependency_links.txt
[3.133s] writing entry points to ../../build/detection/detection.egg-info/entry_points.txt
[3.133s] writing requirements to ../../build/detection/detection.egg-info/requires.txt
[3.133s] writing top-level names to ../../build/detection/detection.egg-info/top_level.txt
[3.190s] reading manifest file '../../build/detection/detection.egg-info/SOURCES.txt'
[3.191s] writing manifest file '../../build/detection/detection.egg-info/SOURCES.txt'
[3.191s] running build
[3.192s] running build_py
[3.192s] running install
[3.194s] running install_lib
[3.197s] running install_data
[3.198s] running install_egg_info
[3.200s] removing '/home/imjunhyung/turtlebot3_ws/install/detection/lib/python3.8/site-packages/detection-0.0.0-py3.8.egg-info' (and everything under it)
[3.201s] Copying ../../build/detection/detection.egg-info to /home/imjunhyung/turtlebot3_ws/install/detection/lib/python3.8/site-packages/detection-0.0.0-py3.8.egg-info
[3.202s] running install_scripts
[3.227s] Installing detection script to /home/imjunhyung/turtlebot3_ws/install/detection/lib/detection
[3.228s] writing list of installed files to '/home/imjunhyung/turtlebot3_ws/build/detection/install.log'
[3.564s] Invoked command in '/home/imjunhyung/turtlebot3_ws/src/detection' returned '0': PYTHONPATH=/home/imjunhyung/turtlebot3_ws/build/detection/prefix_override:/home/imjunhyung/turtlebot3_ws/install/detection/lib/python3.8/site-packages:${PYTHONPATH} /usr/bin/python3 setup.py egg_info --egg-base ../../build/detection build --build-base /home/imjunhyung/turtlebot3_ws/build/detection/build install --record /home/imjunhyung/turtlebot3_ws/build/detection/install.log --install-scripts $base/lib/detection --single-version-externally-managed
