[0.069s] Invoking command in '/home/theo/ros2_workspace/build/serial': CMAKE_PREFIX_PATH=${CMAKE_PREFIX_PATH}:/home/theo/colcon_ws/install/autonomous_tb3:/opt/ros/foxy /usr/bin/cmake --build /home/theo/ros2_workspace/build/serial -- -j12 -l12
[0.145s] [ 14%] Built target gtest
[0.146s] [ 28%] Built target gtest_main
[0.150s] [ 57%] Built target serial
[0.175s] [ 71%] Built target serial_example
[0.177s] [ 85%] Built target serial-test
[0.177s] [100%] Built target serial-test-timer
[0.205s] Invoked command in '/home/theo/ros2_workspace/build/serial' returned '0': CMAKE_PREFIX_PATH=${CMAKE_PREFIX_PATH}:/home/theo/colcon_ws/install/autonomous_tb3:/opt/ros/foxy /usr/bin/cmake --build /home/theo/ros2_workspace/build/serial -- -j12 -l12
[0.256s] Invoking command in '/home/theo/ros2_workspace/build/serial': CMAKE_PREFIX_PATH=${CMAKE_PREFIX_PATH}:/home/theo/colcon_ws/install/autonomous_tb3:/opt/ros/foxy /usr/bin/cmake --install /home/theo/ros2_workspace/build/serial
[0.262s] -- Install configuration: ""
[0.262s] -- Execute custom install script
[0.262s] -- Up-to-date symlink: /home/theo/ros2_workspace/install/serial/lib/libserial.a
[0.263s] -- Up-to-date symlink: /home/theo/ros2_workspace/install/serial/include/serial/serial.h
[0.263s] -- Up-to-date symlink: /home/theo/ros2_workspace/install/serial/include/serial/v8stdint.h
[0.263s] -- Up-to-date symlink: /home/theo/ros2_workspace/install/serial/share/serial/environment/library_path.sh
[0.264s] -- Up-to-date symlink: /home/theo/ros2_workspace/install/serial/share/serial/environment/library_path.dsv
[0.264s] -- Up-to-date symlink: /home/theo/ros2_workspace/install/serial/share/ament_index/resource_index/package_run_dependencies/serial
[0.264s] -- Up-to-date symlink: /home/theo/ros2_workspace/install/serial/share/ament_index/resource_index/parent_prefix_path/serial
[0.267s] -- Up-to-date symlink: /home/theo/ros2_workspace/install/serial/share/serial/environment/ament_prefix_path.sh
[0.268s] -- Up-to-date symlink: /home/theo/ros2_workspace/install/serial/share/serial/environment/ament_prefix_path.dsv
[0.268s] -- Up-to-date symlink: /home/theo/ros2_workspace/install/serial/share/serial/environment/path.sh
[0.268s] -- Up-to-date symlink: /home/theo/ros2_workspace/install/serial/share/serial/environment/path.dsv
[0.268s] -- Up-to-date symlink: /home/theo/ros2_workspace/install/serial/share/serial/local_setup.bash
[0.268s] -- Up-to-date symlink: /home/theo/ros2_workspace/install/serial/share/serial/local_setup.sh
[0.268s] -- Up-to-date symlink: /home/theo/ros2_workspace/install/serial/share/serial/local_setup.zsh
[0.268s] -- Up-to-date symlink: /home/theo/ros2_workspace/install/serial/share/serial/local_setup.dsv
[0.269s] -- Symlinking: /home/theo/ros2_workspace/install/serial/share/serial/package.dsv
[0.272s] -- Up-to-date symlink: /home/theo/ros2_workspace/install/serial/share/ament_index/resource_index/packages/serial
[0.277s] -- Up-to-date symlink: /home/theo/ros2_workspace/install/serial/share/serial/cmake/ament_cmake_export_include_directories-extras.cmake
[0.277s] -- Up-to-date symlink: /home/theo/ros2_workspace/install/serial/share/serial/cmake/ament_cmake_export_libraries-extras.cmake
[0.277s] -- Up-to-date symlink: /home/theo/ros2_workspace/install/serial/share/serial/cmake/serialConfig.cmake
[0.278s] -- Up-to-date symlink: /home/theo/ros2_workspace/install/serial/share/serial/cmake/serialConfig-version.cmake
[0.278s] -- Up-to-date symlink: /home/theo/ros2_workspace/install/serial/share/serial/package.xml
[0.315s] Invoked command in '/home/theo/ros2_workspace/build/serial' returned '0': CMAKE_PREFIX_PATH=${CMAKE_PREFIX_PATH}:/home/theo/colcon_ws/install/autonomous_tb3:/opt/ros/foxy /usr/bin/cmake --install /home/theo/ros2_workspace/build/serial
