[1.586s] Invoking command in '/home/imjunhyung/turtlebot3_ws/src/vel_send': PYTHONPATH=/home/imjunhyung/turtlebot3_ws/build/vel_send/prefix_override:/home/imjunhyung/turtlebot3_ws/install/vel_send/lib/python3.8/site-packages:${PYTHONPATH} /usr/bin/python3 setup.py egg_info --egg-base ../../build/vel_send build --build-base /home/imjunhyung/turtlebot3_ws/build/vel_send/build install --record /home/imjunhyung/turtlebot3_ws/build/vel_send/install.log --install-scripts $base/lib/vel_send --single-version-externally-managed
[1.950s] running egg_info
[1.951s] creating ../../build/vel_send/vel_send.egg-info
[1.951s] writing ../../build/vel_send/vel_send.egg-info/PKG-INFO
[1.951s] writing dependency_links to ../../build/vel_send/vel_send.egg-info/dependency_links.txt
[1.952s] writing entry points to ../../build/vel_send/vel_send.egg-info/entry_points.txt
[1.952s] writing requirements to ../../build/vel_send/vel_send.egg-info/requires.txt
[1.952s] writing top-level names to ../../build/vel_send/vel_send.egg-info/top_level.txt
[1.954s] writing manifest file '../../build/vel_send/vel_send.egg-info/SOURCES.txt'
[2.002s] reading manifest file '../../build/vel_send/vel_send.egg-info/SOURCES.txt'
[2.002s] writing manifest file '../../build/vel_send/vel_send.egg-info/SOURCES.txt'
[2.003s] running build
[2.003s] running build_py
[2.003s] creating /home/imjunhyung/turtlebot3_ws/build/vel_send/build
[2.003s] creating /home/imjunhyung/turtlebot3_ws/build/vel_send/build/lib
[2.003s] creating /home/imjunhyung/turtlebot3_ws/build/vel_send/build/lib/vel_send
[2.004s] copying vel_send/vel_send.py -> /home/imjunhyung/turtlebot3_ws/build/vel_send/build/lib/vel_send
[2.025s] copying vel_send/__init__.py -> /home/imjunhyung/turtlebot3_ws/build/vel_send/build/lib/vel_send
[2.025s] running install
[2.027s] running install_lib
[2.029s] creating /home/imjunhyung/turtlebot3_ws/install/vel_send/lib/python3.8/site-packages/vel_send
[2.029s] copying /home/imjunhyung/turtlebot3_ws/build/vel_send/build/lib/vel_send/vel_send.py -> /home/imjunhyung/turtlebot3_ws/install/vel_send/lib/python3.8/site-packages/vel_send
[2.030s] copying /home/imjunhyung/turtlebot3_ws/build/vel_send/build/lib/vel_send/__init__.py -> /home/imjunhyung/turtlebot3_ws/install/vel_send/lib/python3.8/site-packages/vel_send
[2.031s] byte-compiling /home/imjunhyung/turtlebot3_ws/install/vel_send/lib/python3.8/site-packages/vel_send/vel_send.py to vel_send.cpython-38.pyc
[2.034s] byte-compiling /home/imjunhyung/turtlebot3_ws/install/vel_send/lib/python3.8/site-packages/vel_send/__init__.py to __init__.cpython-38.pyc
[2.035s] running install_data
[2.036s] creating /home/imjunhyung/turtlebot3_ws/install/vel_send/share/ament_index
[2.036s] creating /home/imjunhyung/turtlebot3_ws/install/vel_send/share/ament_index/resource_index
[2.036s] creating /home/imjunhyung/turtlebot3_ws/install/vel_send/share/ament_index/resource_index/packages
[2.037s] copying resource/vel_send -> /home/imjunhyung/turtlebot3_ws/install/vel_send/share/ament_index/resource_index/packages
[2.037s] copying package.xml -> /home/imjunhyung/turtlebot3_ws/install/vel_send/share/vel_send
[2.037s] running install_egg_info
[2.041s] Copying ../../build/vel_send/vel_send.egg-info to /home/imjunhyung/turtlebot3_ws/install/vel_send/lib/python3.8/site-packages/vel_send-0.0.0-py3.8.egg-info
[2.043s] running install_scripts
[2.069s] Installing vel_send script to /home/imjunhyung/turtlebot3_ws/install/vel_send/lib/vel_send
[2.070s] writing list of installed files to '/home/imjunhyung/turtlebot3_ws/build/vel_send/install.log'
[2.097s] Invoked command in '/home/imjunhyung/turtlebot3_ws/src/vel_send' returned '0': PYTHONPATH=/home/imjunhyung/turtlebot3_ws/build/vel_send/prefix_override:/home/imjunhyung/turtlebot3_ws/install/vel_send/lib/python3.8/site-packages:${PYTHONPATH} /usr/bin/python3 setup.py egg_info --egg-base ../../build/vel_send build --build-base /home/imjunhyung/turtlebot3_ws/build/vel_send/build install --record /home/imjunhyung/turtlebot3_ws/build/vel_send/install.log --install-scripts $base/lib/vel_send --single-version-externally-managed
