[2.734s] Invoking command in '/home/imjunhyung/turtlebot3_ws/src/turtlebot3/turtlebot3_example': PYTHONPATH=/home/imjunhyung/turtlebot3_ws/build/turtlebot3_example/prefix_override:/home/imjunhyung/turtlebot3_ws/install/turtlebot3_example/lib/python3.8/site-packages:${PYTHONPATH} /usr/bin/python3 setup.py egg_info --egg-base ../../../build/turtlebot3_example build --build-base /home/imjunhyung/turtlebot3_ws/build/turtlebot3_example/build install --record /home/imjunhyung/turtlebot3_ws/build/turtlebot3_example/install.log --single-version-externally-managed
[3.365s] running egg_info
[3.367s] writing ../../../build/turtlebot3_example/turtlebot3_example.egg-info/PKG-INFO
[3.367s] writing dependency_links to ../../../build/turtlebot3_example/turtlebot3_example.egg-info/dependency_links.txt
[3.368s] writing entry points to ../../../build/turtlebot3_example/turtlebot3_example.egg-info/entry_points.txt
[3.368s] writing requirements to ../../../build/turtlebot3_example/turtlebot3_example.egg-info/requires.txt
[3.368s] writing top-level names to ../../../build/turtlebot3_example/turtlebot3_example.egg-info/top_level.txt
[3.435s] reading manifest file '../../../build/turtlebot3_example/turtlebot3_example.egg-info/SOURCES.txt'
[3.437s] writing manifest file '../../../build/turtlebot3_example/turtlebot3_example.egg-info/SOURCES.txt'
[3.437s] running build
[3.438s] running build_py
[3.439s] running install
[3.440s] running install_lib
[3.443s] running install_data
[3.444s] running install_egg_info
[3.447s] removing '/home/imjunhyung/turtlebot3_ws/install/turtlebot3_example/lib/python3.8/site-packages/turtlebot3_example-2.1.4-py3.8.egg-info' (and everything under it)
[3.447s] Copying ../../../build/turtlebot3_example/turtlebot3_example.egg-info to /home/imjunhyung/turtlebot3_ws/install/turtlebot3_example/lib/python3.8/site-packages/turtlebot3_example-2.1.4-py3.8.egg-info
[3.448s] running install_scripts
[3.474s] Installing turtlebot3_obstacle_detection script to /home/imjunhyung/turtlebot3_ws/install/turtlebot3_example/lib/turtlebot3_example
[3.475s] Installing turtlebot3_patrol_client script to /home/imjunhyung/turtlebot3_ws/install/turtlebot3_example/lib/turtlebot3_example
[3.475s] Installing turtlebot3_patrol_server script to /home/imjunhyung/turtlebot3_ws/install/turtlebot3_example/lib/turtlebot3_example
[3.475s] Installing turtlebot3_position_control script to /home/imjunhyung/turtlebot3_ws/install/turtlebot3_example/lib/turtlebot3_example
[3.476s] writing list of installed files to '/home/imjunhyung/turtlebot3_ws/build/turtlebot3_example/install.log'
[3.570s] Invoked command in '/home/imjunhyung/turtlebot3_ws/src/turtlebot3/turtlebot3_example' returned '0': PYTHONPATH=/home/imjunhyung/turtlebot3_ws/build/turtlebot3_example/prefix_override:/home/imjunhyung/turtlebot3_ws/install/turtlebot3_example/lib/python3.8/site-packages:${PYTHONPATH} /usr/bin/python3 setup.py egg_info --egg-base ../../../build/turtlebot3_example build --build-base /home/imjunhyung/turtlebot3_ws/build/turtlebot3_example/build install --record /home/imjunhyung/turtlebot3_ws/build/turtlebot3_example/install.log --single-version-externally-managed
