[2.357s] Invoking command in '/home/imjunhyung/turtlebot3_ws/src/motor': PYTHONPATH=/home/imjunhyung/turtlebot3_ws/build/motor/prefix_override:/home/imjunhyung/turtlebot3_ws/install/motor/lib/python3.8/site-packages:${PYTHONPATH} /usr/bin/python3 setup.py egg_info --egg-base ../../build/motor build --build-base /home/imjunhyung/turtlebot3_ws/build/motor/build install --record /home/imjunhyung/turtlebot3_ws/build/motor/install.log --install-scripts $base/lib/motor --single-version-externally-managed
[2.926s] running egg_info
[2.927s] creating ../../build/motor/motor.egg-info
[2.927s] writing ../../build/motor/motor.egg-info/PKG-INFO
[2.928s] writing dependency_links to ../../build/motor/motor.egg-info/dependency_links.txt
[2.928s] writing entry points to ../../build/motor/motor.egg-info/entry_points.txt
[2.928s] writing requirements to ../../build/motor/motor.egg-info/requires.txt
[2.929s] writing top-level names to ../../build/motor/motor.egg-info/top_level.txt
[2.931s] writing manifest file '../../build/motor/motor.egg-info/SOURCES.txt'
[3.000s] reading manifest file '../../build/motor/motor.egg-info/SOURCES.txt'
[3.003s] writing manifest file '../../build/motor/motor.egg-info/SOURCES.txt'
[3.003s] running build
[3.004s] running build_py
[3.004s] creating /home/imjunhyung/turtlebot3_ws/build/motor/build
[3.004s] creating /home/imjunhyung/turtlebot3_ws/build/motor/build/lib
[3.004s] creating /home/imjunhyung/turtlebot3_ws/build/motor/build/lib/motor
[3.004s] copying motor/motor.py -> /home/imjunhyung/turtlebot3_ws/build/motor/build/lib/motor
[3.004s] copying motor/__init__.py -> /home/imjunhyung/turtlebot3_ws/build/motor/build/lib/motor
[3.005s] running install
[3.006s] running install_lib
[3.007s] creating /home/imjunhyung/turtlebot3_ws/install/motor/lib/python3.8/site-packages/motor
[3.007s] copying /home/imjunhyung/turtlebot3_ws/build/motor/build/lib/motor/motor.py -> /home/imjunhyung/turtlebot3_ws/install/motor/lib/python3.8/site-packages/motor
[3.007s] copying /home/imjunhyung/turtlebot3_ws/build/motor/build/lib/motor/__init__.py -> /home/imjunhyung/turtlebot3_ws/install/motor/lib/python3.8/site-packages/motor
[3.008s] byte-compiling /home/imjunhyung/turtlebot3_ws/install/motor/lib/python3.8/site-packages/motor/motor.py to motor.cpython-38.pyc
[3.010s] byte-compiling /home/imjunhyung/turtlebot3_ws/install/motor/lib/python3.8/site-packages/motor/__init__.py to __init__.cpython-38.pyc
[3.011s] running install_data
[3.012s] creating /home/imjunhyung/turtlebot3_ws/install/motor/share/ament_index
[3.012s] creating /home/imjunhyung/turtlebot3_ws/install/motor/share/ament_index/resource_index
[3.013s] creating /home/imjunhyung/turtlebot3_ws/install/motor/share/ament_index/resource_index/packages
[3.013s] copying resource/motor -> /home/imjunhyung/turtlebot3_ws/install/motor/share/ament_index/resource_index/packages
[3.013s] copying package.xml -> /home/imjunhyung/turtlebot3_ws/install/motor/share/motor
[3.013s] running install_egg_info
[3.017s] Copying ../../build/motor/motor.egg-info to /home/imjunhyung/turtlebot3_ws/install/motor/lib/python3.8/site-packages/motor-0.0.0-py3.8.egg-info
[3.018s] running install_scripts
[3.044s] Installing motor script to /home/imjunhyung/turtlebot3_ws/install/motor/lib/motor
[3.044s] writing list of installed files to '/home/imjunhyung/turtlebot3_ws/build/motor/install.log'
[3.115s] Invoked command in '/home/imjunhyung/turtlebot3_ws/src/motor' returned '0': PYTHONPATH=/home/imjunhyung/turtlebot3_ws/build/motor/prefix_override:/home/imjunhyung/turtlebot3_ws/install/motor/lib/python3.8/site-packages:${PYTHONPATH} /usr/bin/python3 setup.py egg_info --egg-base ../../build/motor build --build-base /home/imjunhyung/turtlebot3_ws/build/motor/build install --record /home/imjunhyung/turtlebot3_ws/build/motor/install.log --install-scripts $base/lib/motor --single-version-externally-managed
