[2.766s] Invoking command in '/home/imjunhyung/turtlebot3_ws/src/vel_send': PYTHONPATH=/home/imjunhyung/turtlebot3_ws/build/vel_send/prefix_override:/home/imjunhyung/turtlebot3_ws/install/vel_send/lib/python3.8/site-packages:${PYTHONPATH} /usr/bin/python3 setup.py egg_info --egg-base ../../build/vel_send build --build-base /home/imjunhyung/turtlebot3_ws/build/vel_send/build install --record /home/imjunhyung/turtlebot3_ws/build/vel_send/install.log --install-scripts $base/lib/vel_send --single-version-externally-managed
[3.801s] running egg_info
[3.802s] creating ../../build/vel_send/vel_send.egg-info
[3.803s] writing ../../build/vel_send/vel_send.egg-info/PKG-INFO
[3.803s] writing dependency_links to ../../build/vel_send/vel_send.egg-info/dependency_links.txt
[3.817s] writing entry points to ../../build/vel_send/vel_send.egg-info/entry_points.txt
[3.818s] writing requirements to ../../build/vel_send/vel_send.egg-info/requires.txt
[3.818s] writing top-level names to ../../build/vel_send/vel_send.egg-info/top_level.txt
[3.821s] writing manifest file '../../build/vel_send/vel_send.egg-info/SOURCES.txt'
[3.989s] reading manifest file '../../build/vel_send/vel_send.egg-info/SOURCES.txt'
[3.999s] writing manifest file '../../build/vel_send/vel_send.egg-info/SOURCES.txt'
[3.999s] running build
[3.999s] running build_py
[4.000s] creating /home/imjunhyung/turtlebot3_ws/build/vel_send/build
[4.000s] creating /home/imjunhyung/turtlebot3_ws/build/vel_send/build/lib
[4.000s] creating /home/imjunhyung/turtlebot3_ws/build/vel_send/build/lib/vel_send
[4.000s] copying vel_send/vel_send.py -> /home/imjunhyung/turtlebot3_ws/build/vel_send/build/lib/vel_send
[4.000s] copying vel_send/__init__.py -> /home/imjunhyung/turtlebot3_ws/build/vel_send/build/lib/vel_send
[4.001s] running install
[4.002s] running install_lib
[4.013s] creating /home/imjunhyung/turtlebot3_ws/install/vel_send/lib/python3.8/site-packages/vel_send
[4.014s] copying /home/imjunhyung/turtlebot3_ws/build/vel_send/build/lib/vel_send/vel_send.py -> /home/imjunhyung/turtlebot3_ws/install/vel_send/lib/python3.8/site-packages/vel_send
[4.014s] copying /home/imjunhyung/turtlebot3_ws/build/vel_send/build/lib/vel_send/__init__.py -> /home/imjunhyung/turtlebot3_ws/install/vel_send/lib/python3.8/site-packages/vel_send
[4.015s] byte-compiling /home/imjunhyung/turtlebot3_ws/install/vel_send/lib/python3.8/site-packages/vel_send/vel_send.py to vel_send.cpython-38.pyc
[4.018s] byte-compiling /home/imjunhyung/turtlebot3_ws/install/vel_send/lib/python3.8/site-packages/vel_send/__init__.py to __init__.cpython-38.pyc
[4.019s] running install_data
[4.020s] creating /home/imjunhyung/turtlebot3_ws/install/vel_send/share/ament_index
[4.020s] creating /home/imjunhyung/turtlebot3_ws/install/vel_send/share/ament_index/resource_index
[4.033s] creating /home/imjunhyung/turtlebot3_ws/install/vel_send/share/ament_index/resource_index/packages
[4.034s] copying resource/vel_send -> /home/imjunhyung/turtlebot3_ws/install/vel_send/share/ament_index/resource_index/packages
[4.034s] copying package.xml -> /home/imjunhyung/turtlebot3_ws/install/vel_send/share/vel_send
[4.034s] running install_egg_info
[4.039s] Copying ../../build/vel_send/vel_send.egg-info to /home/imjunhyung/turtlebot3_ws/install/vel_send/lib/python3.8/site-packages/vel_send-0.0.0-py3.8.egg-info
[4.041s] running install_scripts
[4.107s] Installing vel_send script to /home/imjunhyung/turtlebot3_ws/install/vel_send/lib/vel_send
[4.107s] writing list of installed files to '/home/imjunhyung/turtlebot3_ws/build/vel_send/install.log'
[4.201s] Invoked command in '/home/imjunhyung/turtlebot3_ws/src/vel_send' returned '0': PYTHONPATH=/home/imjunhyung/turtlebot3_ws/build/vel_send/prefix_override:/home/imjunhyung/turtlebot3_ws/install/vel_send/lib/python3.8/site-packages:${PYTHONPATH} /usr/bin/python3 setup.py egg_info --egg-base ../../build/vel_send build --build-base /home/imjunhyung/turtlebot3_ws/build/vel_send/build install --record /home/imjunhyung/turtlebot3_ws/build/vel_send/install.log --install-scripts $base/lib/vel_send --single-version-externally-managed
