[1.912s] Invoking command in '/home/imjunhyung/turtlebot3_ws/src/roi': PYTHONPATH=/home/imjunhyung/turtlebot3_ws/build/roi/prefix_override:/home/imjunhyung/turtlebot3_ws/install/roi/lib/python3.8/site-packages:${PYTHONPATH} /usr/bin/python3 setup.py egg_info --egg-base ../../build/roi build --build-base /home/imjunhyung/turtlebot3_ws/build/roi/build install --record /home/imjunhyung/turtlebot3_ws/build/roi/install.log --install-scripts $base/lib/roi --single-version-externally-managed
[2.349s] running egg_info
[2.350s] writing ../../build/roi/roi.egg-info/PKG-INFO
[2.350s] writing dependency_links to ../../build/roi/roi.egg-info/dependency_links.txt
[2.351s] writing entry points to ../../build/roi/roi.egg-info/entry_points.txt
[2.351s] writing requirements to ../../build/roi/roi.egg-info/requires.txt
[2.351s] writing top-level names to ../../build/roi/roi.egg-info/top_level.txt
[2.421s] reading manifest file '../../build/roi/roi.egg-info/SOURCES.txt'
[2.422s] writing manifest file '../../build/roi/roi.egg-info/SOURCES.txt'
[2.422s] running build
[2.423s] running build_py
[2.423s] running install
[2.424s] running install_lib
[2.426s] running install_data
[2.427s] running install_egg_info
[2.430s] removing '/home/imjunhyung/turtlebot3_ws/install/roi/lib/python3.8/site-packages/roi-0.0.0-py3.8.egg-info' (and everything under it)
[2.430s] Copying ../../build/roi/roi.egg-info to /home/imjunhyung/turtlebot3_ws/install/roi/lib/python3.8/site-packages/roi-0.0.0-py3.8.egg-info
[2.431s] running install_scripts
[2.455s] Installing roi script to /home/imjunhyung/turtlebot3_ws/install/roi/lib/roi
[2.455s] writing list of installed files to '/home/imjunhyung/turtlebot3_ws/build/roi/install.log'
[2.493s] Invoked command in '/home/imjunhyung/turtlebot3_ws/src/roi' returned '0': PYTHONPATH=/home/imjunhyung/turtlebot3_ws/build/roi/prefix_override:/home/imjunhyung/turtlebot3_ws/install/roi/lib/python3.8/site-packages:${PYTHONPATH} /usr/bin/python3 setup.py egg_info --egg-base ../../build/roi build --build-base /home/imjunhyung/turtlebot3_ws/build/roi/build install --record /home/imjunhyung/turtlebot3_ws/build/roi/install.log --install-scripts $base/lib/roi --single-version-externally-managed
