[2.543s] Invoking command in '/home/imjunhyung/turtlebot3_ws/src/turtlebot3/turtlebot3_teleop': PYTHONPATH=/home/imjunhyung/turtlebot3_ws/build/turtlebot3_teleop/prefix_override:/home/imjunhyung/turtlebot3_ws/install/turtlebot3_teleop/lib/python3.8/site-packages:${PYTHONPATH} /usr/bin/python3 setup.py egg_info --egg-base ../../../build/turtlebot3_teleop build --build-base /home/imjunhyung/turtlebot3_ws/build/turtlebot3_teleop/build install --record /home/imjunhyung/turtlebot3_ws/build/turtlebot3_teleop/install.log --single-version-externally-managed
[3.180s] running egg_info
[3.181s] writing ../../../build/turtlebot3_teleop/turtlebot3_teleop.egg-info/PKG-INFO
[3.182s] writing dependency_links to ../../../build/turtlebot3_teleop/turtlebot3_teleop.egg-info/dependency_links.txt
[3.182s] writing entry points to ../../../build/turtlebot3_teleop/turtlebot3_teleop.egg-info/entry_points.txt
[3.182s] writing requirements to ../../../build/turtlebot3_teleop/turtlebot3_teleop.egg-info/requires.txt
[3.183s] writing top-level names to ../../../build/turtlebot3_teleop/turtlebot3_teleop.egg-info/top_level.txt
[3.267s] reading manifest file '../../../build/turtlebot3_teleop/turtlebot3_teleop.egg-info/SOURCES.txt'
[3.269s] writing manifest file '../../../build/turtlebot3_teleop/turtlebot3_teleop.egg-info/SOURCES.txt'
[3.270s] running build
[3.270s] running build_py
[3.270s] running install
[3.272s] running install_lib
[3.275s] running install_data
[3.277s] running install_egg_info
[3.280s] removing '/home/imjunhyung/turtlebot3_ws/install/turtlebot3_teleop/lib/python3.8/site-packages/turtlebot3_teleop-2.1.4-py3.8.egg-info' (and everything under it)
[3.280s] Copying ../../../build/turtlebot3_teleop/turtlebot3_teleop.egg-info to /home/imjunhyung/turtlebot3_ws/install/turtlebot3_teleop/lib/python3.8/site-packages/turtlebot3_teleop-2.1.4-py3.8.egg-info
[3.282s] running install_scripts
[3.322s] Installing teleop_keyboard script to /home/imjunhyung/turtlebot3_ws/install/turtlebot3_teleop/lib/turtlebot3_teleop
[3.322s] writing list of installed files to '/home/imjunhyung/turtlebot3_ws/build/turtlebot3_teleop/install.log'
[3.494s] Invoked command in '/home/imjunhyung/turtlebot3_ws/src/turtlebot3/turtlebot3_teleop' returned '0': PYTHONPATH=/home/imjunhyung/turtlebot3_ws/build/turtlebot3_teleop/prefix_override:/home/imjunhyung/turtlebot3_ws/install/turtlebot3_teleop/lib/python3.8/site-packages:${PYTHONPATH} /usr/bin/python3 setup.py egg_info --egg-base ../../../build/turtlebot3_teleop build --build-base /home/imjunhyung/turtlebot3_ws/build/turtlebot3_teleop/build install --record /home/imjunhyung/turtlebot3_ws/build/turtlebot3_teleop/install.log --single-version-externally-managed
