[0.256s] Invoking command in '/home/theo/ros2_workspace/build/my_arduino_Cmakeversion': CMAKE_PREFIX_PATH=/home/theo/colcon_ws/install/autonomous_tb3:/opt/ros/foxy /usr/bin/cmake /home/theo/ros2_workspace/src/my_arduino_Cmakeversion -DAMENT_CMAKE_SYMLINK_INSTALL=1 -DCMAKE_INSTALL_PREFIX=/home/theo/ros2_workspace/install/my_arduino_Cmakeversion
[0.327s] -- The C compiler identification is GNU 9.4.0
[0.394s] -- The CXX compiler identification is GNU 9.4.0
[0.398s] -- Check for working C compiler: /usr/bin/cc
[0.469s] -- Check for working C compiler: /usr/bin/cc -- works
[0.472s] -- Detecting C compiler ABI info
[0.537s] -- Detecting C compiler ABI info - done
[0.548s] -- Detecting C compile features
[0.548s] -- Detecting C compile features - done
[0.550s] -- Check for working CXX compiler: /usr/bin/c++
[0.628s] -- Check for working CXX compiler: /usr/bin/c++ -- works
[0.630s] -- Detecting CXX compiler ABI info
[0.709s] -- Detecting CXX compiler ABI info - done
[0.722s] -- Detecting CXX compile features
[0.722s] -- Detecting CXX compile features - done
[0.725s] -- Found ament_cmake: 0.9.12 (/opt/ros/foxy/share/ament_cmake/cmake)
[0.751s] -- Found PythonInterp: /usr/bin/python3 (found suitable version "3.8.10", minimum required is "3") 
[0.751s] -- Using PYTHON_EXECUTABLE: /usr/bin/python3
[0.932s] -- Override CMake install command with custom implementation using symlinks instead of copying resources
[0.955s] -- Found ament_lint_auto: 0.9.8 (/opt/ros/foxy/share/ament_lint_auto/cmake)
[1.001s] WARNING: Package name "my_arduino_Cmakeversion" does not follow the naming conventions. It should start with a lower case letter and only contain lower case letters, digits, underscores, and dashes.
[1.025s] -- Added test 'copyright' to check source files copyright and LICENSE
[1.027s] -- Added test 'flake8' to check Python code syntax and style conventions
[1.027s] -- Added test 'lint_cmake' to check CMake code style
[1.028s] -- Added test 'pep257' to check Python code against some of the style conventions in PEP 257
[1.029s] -- Added test 'xmllint' to check XML markup files
[1.031s] -- Configuring done
[1.032s] -- Generating done
[1.033s] -- Build files have been written to: /home/theo/ros2_workspace/build/my_arduino_Cmakeversion
[1.036s] Invoked command in '/home/theo/ros2_workspace/build/my_arduino_Cmakeversion' returned '0': CMAKE_PREFIX_PATH=/home/theo/colcon_ws/install/autonomous_tb3:/opt/ros/foxy /usr/bin/cmake /home/theo/ros2_workspace/src/my_arduino_Cmakeversion -DAMENT_CMAKE_SYMLINK_INSTALL=1 -DCMAKE_INSTALL_PREFIX=/home/theo/ros2_workspace/install/my_arduino_Cmakeversion
[1.039s] Invoking command in '/home/theo/ros2_workspace/build/my_arduino_Cmakeversion': CMAKE_PREFIX_PATH=/home/theo/colcon_ws/install/autonomous_tb3:/opt/ros/foxy /usr/bin/cmake --build /home/theo/ros2_workspace/build/my_arduino_Cmakeversion -- -j12 -l12
[1.076s] Invoked command in '/home/theo/ros2_workspace/build/my_arduino_Cmakeversion' returned '0': CMAKE_PREFIX_PATH=/home/theo/colcon_ws/install/autonomous_tb3:/opt/ros/foxy /usr/bin/cmake --build /home/theo/ros2_workspace/build/my_arduino_Cmakeversion -- -j12 -l12
[1.096s] Invoking command in '/home/theo/ros2_workspace/build/my_arduino_Cmakeversion': CMAKE_PREFIX_PATH=/home/theo/colcon_ws/install/autonomous_tb3:/opt/ros/foxy /usr/bin/cmake --install /home/theo/ros2_workspace/build/my_arduino_Cmakeversion
[1.106s] -- Install configuration: ""
[1.106s] -- Execute custom install script
[1.106s] -- Symlinking: /home/theo/ros2_workspace/install/my_arduino_Cmakeversion/share/ament_index/resource_index/package_run_dependencies/my_arduino_Cmakeversion
[1.115s] -- Symlinking: /home/theo/ros2_workspace/install/my_arduino_Cmakeversion/share/ament_index/resource_index/parent_prefix_path/my_arduino_Cmakeversion
[1.123s] -- Symlinking: /home/theo/ros2_workspace/install/my_arduino_Cmakeversion/share/my_arduino_Cmakeversion/environment/ament_prefix_path.sh
[1.131s] -- Symlinking: /home/theo/ros2_workspace/install/my_arduino_Cmakeversion/share/my_arduino_Cmakeversion/environment/ament_prefix_path.dsv
[1.140s] -- Symlinking: /home/theo/ros2_workspace/install/my_arduino_Cmakeversion/share/my_arduino_Cmakeversion/environment/path.sh
[1.148s] -- Symlinking: /home/theo/ros2_workspace/install/my_arduino_Cmakeversion/share/my_arduino_Cmakeversion/environment/path.dsv
[1.157s] -- Symlinking: /home/theo/ros2_workspace/install/my_arduino_Cmakeversion/share/my_arduino_Cmakeversion/local_setup.bash
[1.166s] -- Symlinking: /home/theo/ros2_workspace/install/my_arduino_Cmakeversion/share/my_arduino_Cmakeversion/local_setup.sh
[1.175s] -- Symlinking: /home/theo/ros2_workspace/install/my_arduino_Cmakeversion/share/my_arduino_Cmakeversion/local_setup.zsh
[1.184s] -- Symlinking: /home/theo/ros2_workspace/install/my_arduino_Cmakeversion/share/my_arduino_Cmakeversion/local_setup.dsv
[1.195s] -- Symlinking: /home/theo/ros2_workspace/install/my_arduino_Cmakeversion/share/my_arduino_Cmakeversion/package.dsv
[1.205s] -- Symlinking: /home/theo/ros2_workspace/install/my_arduino_Cmakeversion/share/ament_index/resource_index/packages/my_arduino_Cmakeversion
[1.213s] -- Symlinking: /home/theo/ros2_workspace/install/my_arduino_Cmakeversion/share/my_arduino_Cmakeversion/cmake/my_arduino_CmakeversionConfig.cmake
[1.222s] -- Symlinking: /home/theo/ros2_workspace/install/my_arduino_Cmakeversion/share/my_arduino_Cmakeversion/cmake/my_arduino_CmakeversionConfig-version.cmake
[1.231s] -- Symlinking: /home/theo/ros2_workspace/install/my_arduino_Cmakeversion/share/my_arduino_Cmakeversion/package.xml
[1.245s] Invoked command in '/home/theo/ros2_workspace/build/my_arduino_Cmakeversion' returned '0': CMAKE_PREFIX_PATH=/home/theo/colcon_ws/install/autonomous_tb3:/opt/ros/foxy /usr/bin/cmake --install /home/theo/ros2_workspace/build/my_arduino_Cmakeversion
