[0.193s] Invoking command in '/home/imjunhyung/turtlebot3_ws/build/turtlebot3_cartographer': CMAKE_PREFIX_PATH=${CMAKE_PREFIX_PATH}:/opt/ros/foxy /home/imjunhyung/.local/bin/cmake /home/imjunhyung/turtlebot3_ws/src/turtlebot3/turtlebot3_cartographer -DCMAKE_INSTALL_PREFIX=/home/imjunhyung/turtlebot3_ws/install/turtlebot3_cartographer
[2.748s] -- The C compiler identification is GNU 9.4.0
[4.633s] -- The CXX compiler identification is GNU 9.4.0
[4.769s] -- Detecting C compiler ABI info
[5.053s] -- Detecting C compiler ABI info - done
[5.089s] -- Check for working C compiler: /usr/bin/cc - skipped
[5.090s] -- Detecting C compile features
[5.092s] -- Detecting C compile features - done
[5.102s] -- Detecting CXX compiler ABI info
[5.308s] -- Detecting CXX compiler ABI info - done
[5.315s] -- Check for working CXX compiler: /usr/bin/c++ - skipped
[5.316s] -- Detecting CXX compile features
[5.317s] -- Detecting CXX compile features - done
[5.345s] -- Found ament_cmake: 0.9.12 (/opt/ros/foxy/share/ament_cmake/cmake)
[5.540s] -- Found PythonInterp: /usr/bin/python3 (found suitable version "3.8.10", minimum required is "3") 
[5.540s] -- Using PYTHON_EXECUTABLE: /usr/bin/python3
[6.309s] -- Configuring done (5.7s)
[6.314s] -- Generating done (0.0s)
[6.317s] -- Build files have been written to: /home/imjunhyung/turtlebot3_ws/build/turtlebot3_cartographer
[6.632s] Invoked command in '/home/imjunhyung/turtlebot3_ws/build/turtlebot3_cartographer' returned '0': CMAKE_PREFIX_PATH=${CMAKE_PREFIX_PATH}:/opt/ros/foxy /home/imjunhyung/.local/bin/cmake /home/imjunhyung/turtlebot3_ws/src/turtlebot3/turtlebot3_cartographer -DCMAKE_INSTALL_PREFIX=/home/imjunhyung/turtlebot3_ws/install/turtlebot3_cartographer
[6.636s] Invoking command in '/home/imjunhyung/turtlebot3_ws/build/turtlebot3_cartographer': CMAKE_PREFIX_PATH=${CMAKE_PREFIX_PATH}:/opt/ros/foxy /home/imjunhyung/.local/bin/cmake --build /home/imjunhyung/turtlebot3_ws/build/turtlebot3_cartographer -- -j8 -l8
[6.725s] Invoked command in '/home/imjunhyung/turtlebot3_ws/build/turtlebot3_cartographer' returned '0': CMAKE_PREFIX_PATH=${CMAKE_PREFIX_PATH}:/opt/ros/foxy /home/imjunhyung/.local/bin/cmake --build /home/imjunhyung/turtlebot3_ws/build/turtlebot3_cartographer -- -j8 -l8
[6.863s] Invoking command in '/home/imjunhyung/turtlebot3_ws/build/turtlebot3_cartographer': CMAKE_PREFIX_PATH=${CMAKE_PREFIX_PATH}:/opt/ros/foxy /home/imjunhyung/.local/bin/cmake --install /home/imjunhyung/turtlebot3_ws/build/turtlebot3_cartographer
[6.919s] -- Install configuration: ""
[6.919s] -- Installing: /home/imjunhyung/turtlebot3_ws/install/turtlebot3_cartographer/share/turtlebot3_cartographer/config
[6.972s] -- Installing: /home/imjunhyung/turtlebot3_ws/install/turtlebot3_cartographer/share/turtlebot3_cartographer/config/turtlebot3_lds_2d.lua
[6.992s] -- Installing: /home/imjunhyung/turtlebot3_ws/install/turtlebot3_cartographer/share/turtlebot3_cartographer/launch
[6.993s] -- Installing: /home/imjunhyung/turtlebot3_ws/install/turtlebot3_cartographer/share/turtlebot3_cartographer/launch/occupancy_grid.launch.py
[6.993s] -- Installing: /home/imjunhyung/turtlebot3_ws/install/turtlebot3_cartographer/share/turtlebot3_cartographer/launch/cartographer.launch.py
[6.997s] -- Installing: /home/imjunhyung/turtlebot3_ws/install/turtlebot3_cartographer/share/turtlebot3_cartographer/rviz
[6.997s] -- Installing: /home/imjunhyung/turtlebot3_ws/install/turtlebot3_cartographer/share/turtlebot3_cartographer/rviz/tb3_cartographer.rviz
[6.998s] -- Installing: /home/imjunhyung/turtlebot3_ws/install/turtlebot3_cartographer/share/ament_index/resource_index/package_run_dependencies/turtlebot3_cartographer
[6.998s] -- Installing: /home/imjunhyung/turtlebot3_ws/install/turtlebot3_cartographer/share/ament_index/resource_index/parent_prefix_path/turtlebot3_cartographer
[6.998s] -- Installing: /home/imjunhyung/turtlebot3_ws/install/turtlebot3_cartographer/share/turtlebot3_cartographer/environment/ament_prefix_path.sh
[6.999s] -- Installing: /home/imjunhyung/turtlebot3_ws/install/turtlebot3_cartographer/share/turtlebot3_cartographer/environment/ament_prefix_path.dsv
[6.999s] -- Installing: /home/imjunhyung/turtlebot3_ws/install/turtlebot3_cartographer/share/turtlebot3_cartographer/environment/path.sh
[7.000s] -- Installing: /home/imjunhyung/turtlebot3_ws/install/turtlebot3_cartographer/share/turtlebot3_cartographer/environment/path.dsv
[7.000s] -- Installing: /home/imjunhyung/turtlebot3_ws/install/turtlebot3_cartographer/share/turtlebot3_cartographer/local_setup.bash
[7.000s] -- Installing: /home/imjunhyung/turtlebot3_ws/install/turtlebot3_cartographer/share/turtlebot3_cartographer/local_setup.sh
[7.001s] -- Installing: /home/imjunhyung/turtlebot3_ws/install/turtlebot3_cartographer/share/turtlebot3_cartographer/local_setup.zsh
[7.001s] -- Installing: /home/imjunhyung/turtlebot3_ws/install/turtlebot3_cartographer/share/turtlebot3_cartographer/local_setup.dsv
[7.001s] -- Installing: /home/imjunhyung/turtlebot3_ws/install/turtlebot3_cartographer/share/turtlebot3_cartographer/package.dsv
[7.001s] -- Installing: /home/imjunhyung/turtlebot3_ws/install/turtlebot3_cartographer/share/ament_index/resource_index/packages/turtlebot3_cartographer
[7.002s] -- Installing: /home/imjunhyung/turtlebot3_ws/install/turtlebot3_cartographer/share/turtlebot3_cartographer/cmake/turtlebot3_cartographerConfig.cmake
[7.002s] -- Installing: /home/imjunhyung/turtlebot3_ws/install/turtlebot3_cartographer/share/turtlebot3_cartographer/cmake/turtlebot3_cartographerConfig-version.cmake
[7.002s] -- Installing: /home/imjunhyung/turtlebot3_ws/install/turtlebot3_cartographer/share/turtlebot3_cartographer/package.xml
[7.013s] Invoked command in '/home/imjunhyung/turtlebot3_ws/build/turtlebot3_cartographer' returned '0': CMAKE_PREFIX_PATH=${CMAKE_PREFIX_PATH}:/opt/ros/foxy /home/imjunhyung/.local/bin/cmake --install /home/imjunhyung/turtlebot3_ws/build/turtlebot3_cartographer
