[0.220s] Invoking command in '/home/imjunhyung/turtlebot3_ws/build/getpo': CMAKE_PREFIX_PATH=${CMAKE_PREFIX_PATH}:/home/imjunhyung/turtlebot3_ws/install/vel_send:/home/imjunhyung/turtlebot3_ws/install/turtlebot3_teleop:/home/imjunhyung/turtlebot3_ws/install/turtlebot3_example:/home/imjunhyung/turtlebot3_ws/install/roi:/home/imjunhyung/turtlebot3_ws/install/motor:/home/imjunhyung/turtlebot3_ws/install/detection:/opt/ros/foxy /home/imjunhyung/.local/bin/cmake --build /home/imjunhyung/turtlebot3_ws/build/getpo -- -j8 -l8
[0.495s] [100%] Built target getpo
[0.729s] Invoked command in '/home/imjunhyung/turtlebot3_ws/build/getpo' returned '0': CMAKE_PREFIX_PATH=${CMAKE_PREFIX_PATH}:/home/imjunhyung/turtlebot3_ws/install/vel_send:/home/imjunhyung/turtlebot3_ws/install/turtlebot3_teleop:/home/imjunhyung/turtlebot3_ws/install/turtlebot3_example:/home/imjunhyung/turtlebot3_ws/install/roi:/home/imjunhyung/turtlebot3_ws/install/motor:/home/imjunhyung/turtlebot3_ws/install/detection:/opt/ros/foxy /home/imjunhyung/.local/bin/cmake --build /home/imjunhyung/turtlebot3_ws/build/getpo -- -j8 -l8
[1.179s] Invoking command in '/home/imjunhyung/turtlebot3_ws/build/getpo': CMAKE_PREFIX_PATH=${CMAKE_PREFIX_PATH}:/home/imjunhyung/turtlebot3_ws/install/vel_send:/home/imjunhyung/turtlebot3_ws/install/turtlebot3_teleop:/home/imjunhyung/turtlebot3_ws/install/turtlebot3_example:/home/imjunhyung/turtlebot3_ws/install/roi:/home/imjunhyung/turtlebot3_ws/install/motor:/home/imjunhyung/turtlebot3_ws/install/detection:/opt/ros/foxy /home/imjunhyung/.local/bin/cmake --install /home/imjunhyung/turtlebot3_ws/build/getpo
[1.251s] -- Install configuration: ""
[1.269s] -- Up-to-date: /home/imjunhyung/turtlebot3_ws/install/getpo/lib/getpo/getpo
[1.270s] -- Up-to-date: /home/imjunhyung/turtlebot3_ws/install/getpo/share/ament_index/resource_index/package_run_dependencies/getpo
[1.270s] -- Up-to-date: /home/imjunhyung/turtlebot3_ws/install/getpo/share/ament_index/resource_index/parent_prefix_path/getpo
[1.270s] -- Up-to-date: /home/imjunhyung/turtlebot3_ws/install/getpo/share/getpo/environment/ament_prefix_path.sh
[1.271s] -- Up-to-date: /home/imjunhyung/turtlebot3_ws/install/getpo/share/getpo/environment/ament_prefix_path.dsv
[1.271s] -- Up-to-date: /home/imjunhyung/turtlebot3_ws/install/getpo/share/getpo/environment/path.sh
[1.271s] -- Up-to-date: /home/imjunhyung/turtlebot3_ws/install/getpo/share/getpo/environment/path.dsv
[1.271s] -- Up-to-date: /home/imjunhyung/turtlebot3_ws/install/getpo/share/getpo/local_setup.bash
[1.271s] -- Up-to-date: /home/imjunhyung/turtlebot3_ws/install/getpo/share/getpo/local_setup.sh
[1.272s] -- Up-to-date: /home/imjunhyung/turtlebot3_ws/install/getpo/share/getpo/local_setup.zsh
[1.272s] -- Up-to-date: /home/imjunhyung/turtlebot3_ws/install/getpo/share/getpo/local_setup.dsv
[1.272s] -- Installing: /home/imjunhyung/turtlebot3_ws/install/getpo/share/getpo/package.dsv
[1.272s] -- Up-to-date: /home/imjunhyung/turtlebot3_ws/install/getpo/share/ament_index/resource_index/packages/getpo
[1.273s] -- Up-to-date: /home/imjunhyung/turtlebot3_ws/install/getpo/share/getpo/cmake/getpoConfig.cmake
[1.273s] -- Up-to-date: /home/imjunhyung/turtlebot3_ws/install/getpo/share/getpo/cmake/getpoConfig-version.cmake
[1.273s] -- Up-to-date: /home/imjunhyung/turtlebot3_ws/install/getpo/share/getpo/package.xml
[1.298s] Invoked command in '/home/imjunhyung/turtlebot3_ws/build/getpo' returned '0': CMAKE_PREFIX_PATH=${CMAKE_PREFIX_PATH}:/home/imjunhyung/turtlebot3_ws/install/vel_send:/home/imjunhyung/turtlebot3_ws/install/turtlebot3_teleop:/home/imjunhyung/turtlebot3_ws/install/turtlebot3_example:/home/imjunhyung/turtlebot3_ws/install/roi:/home/imjunhyung/turtlebot3_ws/install/motor:/home/imjunhyung/turtlebot3_ws/install/detection:/opt/ros/foxy /home/imjunhyung/.local/bin/cmake --install /home/imjunhyung/turtlebot3_ws/build/getpo
