[0.149s] Invoking command in '/home/imjunhyung/turtlebot3_ws/build/turtlebot3_node': CMAKE_PREFIX_PATH=${CMAKE_PREFIX_PATH}:/opt/ros/foxy /home/imjunhyung/.local/bin/cmake /home/imjunhyung/turtlebot3_ws/src/turtlebot3/turtlebot3_node -DCMAKE_INSTALL_PREFIX=/home/imjunhyung/turtlebot3_ws/install/turtlebot3_node
[2.063s] -- The C compiler identification is GNU 9.4.0
[3.928s] -- The CXX compiler identification is GNU 9.4.0
[4.028s] -- Detecting C compiler ABI info
[4.305s] -- Detecting C compiler ABI info - done
[4.336s] -- Check for working C compiler: /usr/bin/cc - skipped
[4.337s] -- Detecting C compile features
[4.338s] -- Detecting C compile features - done
[4.348s] -- Detecting CXX compiler ABI info
[4.511s] -- Detecting CXX compiler ABI info - done
[4.548s] -- Check for working CXX compiler: /usr/bin/c++ - skipped
[4.549s] -- Detecting CXX compile features
[4.550s] -- Detecting CXX compile features - done
[4.625s] -- Found ament_cmake: 0.9.12 (/opt/ros/foxy/share/ament_cmake/cmake)
[4.817s] -- Found PythonInterp: /usr/bin/python3 (found suitable version "3.8.10", minimum required is "3") 
[4.818s] -- Using PYTHON_EXECUTABLE: /usr/bin/python3
[5.390s] -- Found dynamixel_sdk: 3.7.40 (/opt/ros/foxy/share/dynamixel_sdk/cmake)
[5.433s] -- Found geometry_msgs: 2.0.5 (/opt/ros/foxy/share/geometry_msgs/cmake)
[5.733s] -- Using all available rosidl_typesupport_c: rosidl_typesupport_fastrtps_c;rosidl_typesupport_introspection_c
[5.790s] -- Found rosidl_adapter: 1.3.1 (/opt/ros/foxy/share/rosidl_adapter/cmake)
[6.181s] -- Found OpenSSL: /usr/lib/x86_64-linux-gnu/libcrypto.so (found version "1.1.1f")  
[6.268s] -- Found FastRTPS: /opt/ros/foxy/include  
[6.547s] -- Using all available rosidl_typesupport_cpp: rosidl_typesupport_fastrtps_cpp;rosidl_typesupport_introspection_cpp
[6.914s] -- Found message_filters: 3.2.7 (/opt/ros/foxy/share/message_filters/cmake)
[6.926s] -- Found nav_msgs: 2.0.5 (/opt/ros/foxy/share/nav_msgs/cmake)
[7.108s] -- Found rclcpp: 2.4.3 (/opt/ros/foxy/share/rclcpp/cmake)
[7.188s] -- Found rmw_implementation_cmake: 1.0.4 (/opt/ros/foxy/share/rmw_implementation_cmake/cmake)
[7.191s] -- Using RMW implementation 'rmw_fastrtps_cpp' as default
[7.193s] -- Performing Test CMAKE_HAVE_LIBC_PTHREAD
[7.387s] -- Performing Test CMAKE_HAVE_LIBC_PTHREAD - Failed
[7.388s] -- Looking for pthread_create in pthreads
[7.657s] -- Looking for pthread_create in pthreads - not found
[7.657s] -- Looking for pthread_create in pthread
[7.855s] -- Looking for pthread_create in pthread - found
[7.859s] -- Found Threads: TRUE  
[8.498s] -- Found sensor_msgs: 2.0.5 (/opt/ros/foxy/share/sensor_msgs/cmake)
[8.657s] -- Found std_srvs: 2.0.5 (/opt/ros/foxy/share/std_srvs/cmake)
[9.040s] -- Found tf2: 0.13.14 (/opt/ros/foxy/share/tf2/cmake)
[9.105s] -- Found tf2_ros: 0.13.14 (/opt/ros/foxy/share/tf2_ros/cmake)
[9.997s] -- Found turtlebot3_msgs: 2.2.1 (/opt/ros/foxy/share/turtlebot3_msgs/cmake)
[10.211s] -- Configuring done (9.7s)
[10.252s] -- Generating done (0.0s)
[10.255s] -- Build files have been written to: /home/imjunhyung/turtlebot3_ws/build/turtlebot3_node
[10.272s] Invoked command in '/home/imjunhyung/turtlebot3_ws/build/turtlebot3_node' returned '0': CMAKE_PREFIX_PATH=${CMAKE_PREFIX_PATH}:/opt/ros/foxy /home/imjunhyung/.local/bin/cmake /home/imjunhyung/turtlebot3_ws/src/turtlebot3/turtlebot3_node -DCMAKE_INSTALL_PREFIX=/home/imjunhyung/turtlebot3_ws/install/turtlebot3_node
[10.276s] Invoking command in '/home/imjunhyung/turtlebot3_ws/build/turtlebot3_node': CMAKE_PREFIX_PATH=${CMAKE_PREFIX_PATH}:/opt/ros/foxy /home/imjunhyung/.local/bin/cmake --build /home/imjunhyung/turtlebot3_ws/build/turtlebot3_node -- -j8 -l8
[10.334s] [  7%] [32mBuilding CXX object CMakeFiles/turtlebot3_node_lib.dir/src/devices/motor_power.cpp.o[0m
[10.335s] [ 14%] [32mBuilding CXX object CMakeFiles/turtlebot3_node_lib.dir/src/devices/sound.cpp.o[0m
[10.335s] [ 21%] [32mBuilding CXX object CMakeFiles/turtlebot3_node_lib.dir/src/devices/reset.cpp.o[0m
[10.335s] [ 28%] [32mBuilding CXX object CMakeFiles/turtlebot3_node_lib.dir/src/diff_drive_controller.cpp.o[0m
[10.336s] [ 35%] [32mBuilding CXX object CMakeFiles/turtlebot3_node_lib.dir/src/odometry.cpp.o[0m
[10.337s] [ 42%] [32mBuilding CXX object CMakeFiles/turtlebot3_node_lib.dir/src/sensors/battery_state.cpp.o[0m
[10.337s] [ 50%] [32mBuilding CXX object CMakeFiles/turtlebot3_node_lib.dir/src/turtlebot3.cpp.o[0m
[10.338s] [ 57%] [32mBuilding CXX object CMakeFiles/turtlebot3_node_lib.dir/src/dynamixel_sdk_wrapper.cpp.o[0m
[11.781s] [ 64%] [32mBuilding CXX object CMakeFiles/turtlebot3_node_lib.dir/src/sensors/imu.cpp.o[0m
[19.058s] [ 71%] [32mBuilding CXX object CMakeFiles/turtlebot3_node_lib.dir/src/sensors/joint_state.cpp.o[0m
[19.392s] [ 78%] [32mBuilding CXX object CMakeFiles/turtlebot3_node_lib.dir/src/sensors/sensor_state.cpp.o[0m
[22.589s] [01m[K/home/imjunhyung/turtlebot3_ws/src/turtlebot3/turtlebot3_node/src/sensors/joint_state.cpp:[m[K In member function ‘[01m[Kvirtual void robotis::turtlebot3::sensors::JointState::publish(const rclcpp::Time&, std::shared_ptr<robotis::turtlebot3::DynamixelSDKWrapper>&)[m[K’:
[22.589s] [01m[K/home/imjunhyung/turtlebot3_ws/src/turtlebot3/turtlebot3_node/src/sensors/joint_state.cpp:60:42:[m[K [01;35m[Kwarning: [m[Kunused parameter ‘[01m[Kdxl_sdk_wrapper[m[K’ [[01;35m[K-Wunused-parameter[m[K]
[22.589s]    60 |   [01;35m[Kstd::shared_ptr<DynamixelSDKWrapper> & dxl_sdk_wrapper[m[K)
[22.590s]       |   [01;35m[K~~~~~~~~~~~~~~~~~~~~~~~~~~~~~~~~~~~~~~~^~~~~~~~~~~~~~~[m[K
[33.146s] [ 85%] [32m[1mLinking CXX static library libturtlebot3_node_lib.a[0m
[36.811s] [ 85%] Built target turtlebot3_node_lib
[36.829s] [ 92%] [32mBuilding CXX object CMakeFiles/turtlebot3_ros.dir/src/node_main.cpp.o[0m
[40.153s] [100%] [32m[1mLinking CXX executable turtlebot3_ros[0m
[42.549s] [100%] Built target turtlebot3_ros
[42.563s] Invoked command in '/home/imjunhyung/turtlebot3_ws/build/turtlebot3_node' returned '0': CMAKE_PREFIX_PATH=${CMAKE_PREFIX_PATH}:/opt/ros/foxy /home/imjunhyung/.local/bin/cmake --build /home/imjunhyung/turtlebot3_ws/build/turtlebot3_node -- -j8 -l8
[42.670s] Invoking command in '/home/imjunhyung/turtlebot3_ws/build/turtlebot3_node': CMAKE_PREFIX_PATH=${CMAKE_PREFIX_PATH}:/opt/ros/foxy /home/imjunhyung/.local/bin/cmake --install /home/imjunhyung/turtlebot3_ws/build/turtlebot3_node
[42.712s] -- Install configuration: ""
[42.712s] -- Installing: /home/imjunhyung/turtlebot3_ws/install/turtlebot3_node/share/turtlebot3_node/param
[42.712s] -- Installing: /home/imjunhyung/turtlebot3_ws/install/turtlebot3_node/share/turtlebot3_node/param/waffle_pi.yaml
[42.713s] -- Installing: /home/imjunhyung/turtlebot3_ws/install/turtlebot3_node/share/turtlebot3_node/param/burger.yaml
[42.713s] -- Installing: /home/imjunhyung/turtlebot3_ws/install/turtlebot3_node/share/turtlebot3_node/param/waffle.yaml
[42.713s] -- Installing: /home/imjunhyung/turtlebot3_ws/install/turtlebot3_node/lib/turtlebot3_node/turtlebot3_ros
[42.725s] -- Set runtime path of "/home/imjunhyung/turtlebot3_ws/install/turtlebot3_node/lib/turtlebot3_node/turtlebot3_ros" to ""
[42.726s] -- Installing: /home/imjunhyung/turtlebot3_ws/install/turtlebot3_node/share/ament_index/resource_index/package_run_dependencies/turtlebot3_node
[42.726s] -- Installing: /home/imjunhyung/turtlebot3_ws/install/turtlebot3_node/share/ament_index/resource_index/parent_prefix_path/turtlebot3_node
[42.726s] -- Installing: /home/imjunhyung/turtlebot3_ws/install/turtlebot3_node/share/turtlebot3_node/environment/ament_prefix_path.sh
[42.726s] -- Installing: /home/imjunhyung/turtlebot3_ws/install/turtlebot3_node/share/turtlebot3_node/environment/ament_prefix_path.dsv
[42.727s] -- Installing: /home/imjunhyung/turtlebot3_ws/install/turtlebot3_node/share/turtlebot3_node/environment/path.sh
[42.727s] -- Installing: /home/imjunhyung/turtlebot3_ws/install/turtlebot3_node/share/turtlebot3_node/environment/path.dsv
[42.727s] -- Installing: /home/imjunhyung/turtlebot3_ws/install/turtlebot3_node/share/turtlebot3_node/local_setup.bash
[42.727s] -- Installing: /home/imjunhyung/turtlebot3_ws/install/turtlebot3_node/share/turtlebot3_node/local_setup.sh
[42.728s] -- Installing: /home/imjunhyung/turtlebot3_ws/install/turtlebot3_node/share/turtlebot3_node/local_setup.zsh
[42.728s] -- Installing: /home/imjunhyung/turtlebot3_ws/install/turtlebot3_node/share/turtlebot3_node/local_setup.dsv
[42.728s] -- Installing: /home/imjunhyung/turtlebot3_ws/install/turtlebot3_node/share/turtlebot3_node/package.dsv
[42.728s] -- Installing: /home/imjunhyung/turtlebot3_ws/install/turtlebot3_node/share/ament_index/resource_index/packages/turtlebot3_node
[42.728s] -- Installing: /home/imjunhyung/turtlebot3_ws/install/turtlebot3_node/share/turtlebot3_node/cmake/ament_cmake_export_include_directories-extras.cmake
[42.729s] -- Installing: /home/imjunhyung/turtlebot3_ws/install/turtlebot3_node/share/turtlebot3_node/cmake/turtlebot3_nodeConfig.cmake
[42.729s] -- Installing: /home/imjunhyung/turtlebot3_ws/install/turtlebot3_node/share/turtlebot3_node/cmake/turtlebot3_nodeConfig-version.cmake
[42.729s] -- Installing: /home/imjunhyung/turtlebot3_ws/install/turtlebot3_node/share/turtlebot3_node/package.xml
[42.742s] Invoked command in '/home/imjunhyung/turtlebot3_ws/build/turtlebot3_node' returned '0': CMAKE_PREFIX_PATH=${CMAKE_PREFIX_PATH}:/opt/ros/foxy /home/imjunhyung/.local/bin/cmake --install /home/imjunhyung/turtlebot3_ws/build/turtlebot3_node
