[0.084s] Invoking command in '/home/imjunhyung/turtlebot3_ws/build/turtlebot3_gazebo': AMENT_PREFIX_PATH=/home/imjunhyung/turtlebot3_ws/install/turtlebot3_description:${AMENT_PREFIX_PATH} CMAKE_PREFIX_PATH=/home/imjunhyung/turtlebot3_ws/install/turtlebot3_description:/home/imjunhyung/ros2_ws/install/rplidar_ros:/opt/ros/foxy /home/imjunhyung/.local/bin/cmake /home/imjunhyung/turtlebot3_ws/src/turtlebot3_simulations/turtlebot3_gazebo -DCMAKE_INSTALL_PREFIX=/home/imjunhyung/turtlebot3_ws/install/turtlebot3_gazebo
[0.299s] -- The C compiler identification is GNU 9.4.0
[0.449s] -- The CXX compiler identification is GNU 9.4.0
[0.500s] -- Detecting C compiler ABI info
[0.665s] -- Detecting C compiler ABI info - done
[0.698s] -- Check for working C compiler: /usr/bin/cc - skipped
[0.699s] -- Detecting C compile features
[0.700s] -- Detecting C compile features - done
[0.710s] -- Detecting CXX compiler ABI info
[0.845s] -- Detecting CXX compiler ABI info - done
[0.881s] -- Check for working CXX compiler: /usr/bin/c++ - skipped
[0.882s] -- Detecting CXX compile features
[0.883s] -- Detecting CXX compile features - done
[0.889s] -- Found ament_cmake: 0.9.12 (/opt/ros/foxy/share/ament_cmake/cmake)
[0.951s] -- Found PythonInterp: /usr/bin/python3 (found suitable version "3.8.10", minimum required is "3") 
[0.951s] -- Using PYTHON_EXECUTABLE: /usr/bin/python3
[1.594s] [33mCMake Warning (dev) at /home/imjunhyung/.local/lib/python3.8/site-packages/cmake/data/share/cmake-3.26/Modules/FindPackageHandleStandardArgs.cmake:438 (message):
[1.595s]   The package name passed to `find_package_handle_standard_args` (PkgConfig)
[1.595s]   does not match the name of the calling package (gazebo).  This can lead to
[1.595s]   problems in calling code that expects `find_package` result variables
[1.595s]   (e.g., `_FOUND`) to follow a certain pattern.
[1.595s] Call Stack (most recent call first):
[1.595s]   /home/imjunhyung/.local/lib/python3.8/site-packages/cmake/data/share/cmake-3.26/Modules/FindPkgConfig.cmake:99 (find_package_handle_standard_args)
[1.595s]   /usr/lib/x86_64-linux-gnu/cmake/gazebo/gazebo-config.cmake:72 (include)
[1.596s]   CMakeLists.txt:23 (find_package)
[1.596s] This warning is for project developers.  Use -Wno-dev to suppress it.
[1.596s] [0m
[1.596s] -- Found PkgConfig: /usr/bin/pkg-config (found version "0.29.1") 
[1.606s] -- Checking for module 'bullet>=2.82'
[1.646s] --   Found bullet, version 2.88
[1.954s] -- Found ccd: /usr/include (found suitable version "2.0", minimum required is "2.0") 
[2.135s] -- Found fcl: /usr/include (found suitable version "0.5.0", minimum required is "0.3.2") 
[2.272s] -- Found assimp: /usr/include (found version "5.0.0") 
[2.332s] -- Found DART: /usr/include (Required is at least version "6.6") found components: dart 
[2.661s] -- Found Boost: /usr/lib/x86_64-linux-gnu/cmake/Boost-1.71.0/BoostConfig.cmake (found suitable version "1.71.0", minimum required is "1.40.0") found components: thread system filesystem program_options regex iostreams date_time 
[2.740s] -- Found Protobuf: /usr/lib/x86_64-linux-gnu/libprotobuf.so;-lpthread (found version "3.6.1") 
[2.759s] -- Looking for ignition-math6 -- found version 6.13.0
[2.788s] -- Searching for dependencies of ignition-math6
[2.792s] -- Looking for OGRE...
[2.793s] -- OGRE_PREFIX_WATCH changed.
[2.840s] -- Checking for module 'OGRE'
[2.944s] --   Found OGRE, version 1.9.0
[3.354s] -- Found Ogre Ghadamon (1.9.0)
[3.438s] -- Found OGRE: optimized;/usr/lib/x86_64-linux-gnu/libOgreMain.so;debug;/usr/lib/x86_64-linux-gnu/libOgreMain.so
[3.499s] -- Looking for OGRE_Paging...
[3.580s] -- Found OGRE_Paging: optimized;/usr/lib/x86_64-linux-gnu/libOgrePaging.so;debug;/usr/lib/x86_64-linux-gnu/libOgrePaging.so
[3.580s] -- Looking for OGRE_Terrain...
[3.667s] -- Found OGRE_Terrain: optimized;/usr/lib/x86_64-linux-gnu/libOgreTerrain.so;debug;/usr/lib/x86_64-linux-gnu/libOgreTerrain.so
[3.667s] -- Looking for OGRE_Property...
[3.778s] -- Found OGRE_Property: optimized;/usr/lib/x86_64-linux-gnu/libOgreProperty.so;debug;/usr/lib/x86_64-linux-gnu/libOgreProperty.so
[3.779s] -- Looking for OGRE_RTShaderSystem...
[3.932s] -- Found OGRE_RTShaderSystem: optimized;/usr/lib/x86_64-linux-gnu/libOgreRTShaderSystem.so;debug;/usr/lib/x86_64-linux-gnu/libOgreRTShaderSystem.so
[3.932s] -- Looking for OGRE_Volume...
[4.040s] -- Found OGRE_Volume: optimized;/usr/lib/x86_64-linux-gnu/libOgreVolume.so;debug;/usr/lib/x86_64-linux-gnu/libOgreVolume.so
[4.040s] -- Looking for OGRE_Overlay...
[4.099s] -- Found OGRE_Overlay: optimized;/usr/lib/x86_64-linux-gnu/libOgreOverlay.so;debug;/usr/lib/x86_64-linux-gnu/libOgreOverlay.so
[5.403s] -- Looking for ignition-math6 -- found version 6.13.0
[5.415s] -- Looking for ignition-transport8 -- found version 8.3.0
[5.420s] -- Searching for dependencies of ignition-transport8
[5.550s] -- Found Protobuf: /usr/lib/x86_64-linux-gnu/libprotobuf.so;-lpthread (found suitable version "3.6.1", minimum required is "3") 
[5.615s] -- Config-file not installed for ZeroMQ -- checking for pkg-config
[5.656s] -- Checking for module 'libzmq >= 4'
[5.778s] --   Found libzmq , version 4.3.2
[6.164s] -- Found ZeroMQ: TRUE (Required is at least version "4") 
[6.197s] -- Checking for module 'uuid'
[6.301s] --   Found uuid, version 2.34.0
[6.611s] -- Found UUID: TRUE  
[6.627s] -- Looking for ignition-msgs5 -- found version 5.10.0
[6.628s] -- Searching for dependencies of ignition-msgs5
[6.756s] -- Looking for ignition-math6 -- found version 6.13.0
[6.797s] -- Checking for module 'tinyxml2'
[6.925s] --   Found tinyxml2, version 6.2.0
[7.100s] -- Looking for ignition-msgs5 -- found version 5.10.0
[7.135s] -- Looking for ignition-common3 -- found version 3.14.2
[7.136s] -- Searching for dependencies of ignition-common3
[7.137s] -- Looking for dlfcn.h - found
[7.147s] -- Looking for libdl - found
[7.167s] -- Found DL: TRUE  
[7.219s] -- Searching for <ignition-common3> component [graphics]
[7.225s] -- Looking for ignition-common3-graphics -- found version 3.14.2
[7.226s] -- Searching for dependencies of ignition-common3-graphics
[7.231s] -- Looking for ignition-math6 -- found version 6.13.0
[7.248s] -- Looking for ignition-fuel_tools4 -- found version 4.6.0
[7.249s] -- Searching for dependencies of ignition-fuel_tools4
[7.959s] -- Found CURL: /usr/lib/x86_64-linux-gnu/libcurl.so (found version "7.68.0")  
[8.013s] -- Checking for module 'jsoncpp'
[8.160s] --   Found jsoncpp, version 1.7.4
[8.653s] -- Found JSONCPP: TRUE  
[8.670s] -- Checking for module 'libzip'
[8.707s] --   Found libzip, version 1.5.1
[8.806s] -- Found ZIP: TRUE  
[8.808s] -- Looking for ignition-common3 -- found version 3.14.2
[8.810s] -- Looking for ignition-math6 -- found version 6.13.0
[8.811s] -- Looking for ignition-msgs5 -- found version 5.10.0
[8.819s] -- Found gazebo_ros_pkgs: 3.5.3 (/opt/ros/foxy/share/gazebo_ros_pkgs/cmake)
[8.824s] -- Found geometry_msgs: 2.0.5 (/opt/ros/foxy/share/geometry_msgs/cmake)
[8.920s] -- Using all available rosidl_typesupport_c: rosidl_typesupport_fastrtps_c;rosidl_typesupport_introspection_c
[8.943s] -- Found rosidl_adapter: 1.3.1 (/opt/ros/foxy/share/rosidl_adapter/cmake)
[9.596s] -- Found OpenSSL: /usr/lib/x86_64-linux-gnu/libcrypto.so (found version "1.1.1f")  
[9.743s] -- Found FastRTPS: /opt/ros/foxy/include  
[10.221s] -- Using all available rosidl_typesupport_cpp: rosidl_typesupport_fastrtps_cpp;rosidl_typesupport_introspection_cpp
[10.669s] -- Found nav_msgs: 2.0.5 (/opt/ros/foxy/share/nav_msgs/cmake)
[10.989s] -- Found rclcpp: 2.4.3 (/opt/ros/foxy/share/rclcpp/cmake)
[11.214s] -- Found rmw_implementation_cmake: 1.0.4 (/opt/ros/foxy/share/rmw_implementation_cmake/cmake)
[11.220s] -- Using RMW implementation 'rmw_fastrtps_cpp' as default
[11.225s] -- Found Threads: TRUE  
[11.709s] -- Found sensor_msgs: 2.0.5 (/opt/ros/foxy/share/sensor_msgs/cmake)
[11.962s] -- Found tf2: 0.13.14 (/opt/ros/foxy/share/tf2/cmake)
[12.301s] -- Configuring done (12.1s)
[12.476s] -- Generating done (0.1s)
[12.484s] -- Build files have been written to: /home/imjunhyung/turtlebot3_ws/build/turtlebot3_gazebo
[12.566s] Invoked command in '/home/imjunhyung/turtlebot3_ws/build/turtlebot3_gazebo' returned '0': AMENT_PREFIX_PATH=/home/imjunhyung/turtlebot3_ws/install/turtlebot3_description:${AMENT_PREFIX_PATH} CMAKE_PREFIX_PATH=/home/imjunhyung/turtlebot3_ws/install/turtlebot3_description:/home/imjunhyung/ros2_ws/install/rplidar_ros:/opt/ros/foxy /home/imjunhyung/.local/bin/cmake /home/imjunhyung/turtlebot3_ws/src/turtlebot3_simulations/turtlebot3_gazebo -DCMAKE_INSTALL_PREFIX=/home/imjunhyung/turtlebot3_ws/install/turtlebot3_gazebo
[12.569s] Invoking command in '/home/imjunhyung/turtlebot3_ws/build/turtlebot3_gazebo': AMENT_PREFIX_PATH=/home/imjunhyung/turtlebot3_ws/install/turtlebot3_description:${AMENT_PREFIX_PATH} CMAKE_PREFIX_PATH=/home/imjunhyung/turtlebot3_ws/install/turtlebot3_description:/home/imjunhyung/ros2_ws/install/rplidar_ros:/opt/ros/foxy /home/imjunhyung/.local/bin/cmake --build /home/imjunhyung/turtlebot3_ws/build/turtlebot3_gazebo -- -j8 -l8
[12.970s] [ 12%] [32mBuilding CXX object CMakeFiles/obstacle1.dir/models/turtlebot3_dqn_world/obstacle_plugin/obstacle1.cc.o[0m
[12.985s] [ 25%] [32mBuilding CXX object CMakeFiles/turtlebot3_drive.dir/src/turtlebot3_drive.cpp.o[0m
[12.995s] [ 37%] [32mBuilding CXX object CMakeFiles/obstacle2.dir/models/turtlebot3_dqn_world/obstacle_plugin/obstacle2.cc.o[0m
[13.104s] [ 50%] [32mBuilding CXX object CMakeFiles/obstacles.dir/models/turtlebot3_dqn_world/obstacle_plugin/obstacles.cc.o[0m
[37.931s] [ 62%] [32m[1mLinking CXX executable turtlebot3_drive[0m
[38.946s] [ 62%] Built target turtlebot3_drive
[42.073s] [ 75%] [32m[1mLinking CXX shared library libobstacles.so[0m
[42.554s] [ 75%] Built target obstacles
[42.594s] [ 87%] [32m[1mLinking CXX shared library libobstacle1.so[0m
[43.087s] [ 87%] Built target obstacle1
[43.476s] [100%] [32m[1mLinking CXX shared library libobstacle2.so[0m
[43.857s] [100%] Built target obstacle2
[43.868s] Invoked command in '/home/imjunhyung/turtlebot3_ws/build/turtlebot3_gazebo' returned '0': AMENT_PREFIX_PATH=/home/imjunhyung/turtlebot3_ws/install/turtlebot3_description:${AMENT_PREFIX_PATH} CMAKE_PREFIX_PATH=/home/imjunhyung/turtlebot3_ws/install/turtlebot3_description:/home/imjunhyung/ros2_ws/install/rplidar_ros:/opt/ros/foxy /home/imjunhyung/.local/bin/cmake --build /home/imjunhyung/turtlebot3_ws/build/turtlebot3_gazebo -- -j8 -l8
[43.946s] Invoking command in '/home/imjunhyung/turtlebot3_ws/build/turtlebot3_gazebo': AMENT_PREFIX_PATH=/home/imjunhyung/turtlebot3_ws/install/turtlebot3_description:${AMENT_PREFIX_PATH} CMAKE_PREFIX_PATH=/home/imjunhyung/turtlebot3_ws/install/turtlebot3_description:/home/imjunhyung/ros2_ws/install/rplidar_ros:/opt/ros/foxy /home/imjunhyung/.local/bin/cmake --install /home/imjunhyung/turtlebot3_ws/build/turtlebot3_gazebo
[43.981s] -- Install configuration: ""
[43.981s] -- Installing: /home/imjunhyung/turtlebot3_ws/install/turtlebot3_gazebo/lib/turtlebot3_gazebo/turtlebot3_drive
[43.986s] -- Set runtime path of "/home/imjunhyung/turtlebot3_ws/install/turtlebot3_gazebo/lib/turtlebot3_gazebo/turtlebot3_drive" to ""
[43.986s] -- Installing: /home/imjunhyung/turtlebot3_ws/install/turtlebot3_gazebo/share/turtlebot3_gazebo//launch
[43.986s] -- Installing: /home/imjunhyung/turtlebot3_ws/install/turtlebot3_gazebo/share/turtlebot3_gazebo//launch/robot_state_publisher.launch.py
[43.986s] -- Installing: /home/imjunhyung/turtlebot3_ws/install/turtlebot3_gazebo/share/turtlebot3_gazebo//launch/turtlebot3_autorace.launch.py
[43.986s] -- Installing: /home/imjunhyung/turtlebot3_ws/install/turtlebot3_gazebo/share/turtlebot3_gazebo//launch/empty_world.launch.py
[43.987s] -- Installing: /home/imjunhyung/turtlebot3_ws/install/turtlebot3_gazebo/share/turtlebot3_gazebo//launch/turtlebot3_dqn_stage2.launch.py
[43.987s] -- Installing: /home/imjunhyung/turtlebot3_ws/install/turtlebot3_gazebo/share/turtlebot3_gazebo//launch/turtlebot3_world.launch.py
[43.987s] -- Installing: /home/imjunhyung/turtlebot3_ws/install/turtlebot3_gazebo/share/turtlebot3_gazebo//launch/turtlebot3_dqn_stage1.launch.py
[43.987s] -- Installing: /home/imjunhyung/turtlebot3_ws/install/turtlebot3_gazebo/share/turtlebot3_gazebo//launch/turtlebot3_dqn_stage3.launch.py
[43.987s] -- Installing: /home/imjunhyung/turtlebot3_ws/install/turtlebot3_gazebo/share/turtlebot3_gazebo//launch/turtlebot3_house.launch.py
[43.987s] -- Installing: /home/imjunhyung/turtlebot3_ws/install/turtlebot3_gazebo/share/turtlebot3_gazebo//launch/turtlebot3_dqn_stage4.launch.py
[43.988s] -- Installing: /home/imjunhyung/turtlebot3_ws/install/turtlebot3_gazebo/share/turtlebot3_gazebo//models
[43.988s] -- Installing: /home/imjunhyung/turtlebot3_ws/install/turtlebot3_gazebo/share/turtlebot3_gazebo//models/turtlebot3_autorace
[43.988s] -- Installing: /home/imjunhyung/turtlebot3_ws/install/turtlebot3_gazebo/share/turtlebot3_gazebo//models/turtlebot3_autorace/traffic_light_yellow
[43.988s] -- Installing: /home/imjunhyung/turtlebot3_ws/install/turtlebot3_gazebo/share/turtlebot3_gazebo//models/turtlebot3_autorace/traffic_light_yellow/model.config
[43.988s] -- Installing: /home/imjunhyung/turtlebot3_ws/install/turtlebot3_gazebo/share/turtlebot3_gazebo//models/turtlebot3_autorace/traffic_light_yellow/model.sdf
[43.988s] -- Installing: /home/imjunhyung/turtlebot3_ws/install/turtlebot3_gazebo/share/turtlebot3_gazebo//models/turtlebot3_autorace/traffic_light_red
[43.988s] -- Installing: /home/imjunhyung/turtlebot3_ws/install/turtlebot3_gazebo/share/turtlebot3_gazebo//models/turtlebot3_autorace/traffic_light_red/model.config
[43.989s] -- Installing: /home/imjunhyung/turtlebot3_ws/install/turtlebot3_gazebo/share/turtlebot3_gazebo//models/turtlebot3_autorace/traffic_light_red/model.sdf
[43.989s] -- Installing: /home/imjunhyung/turtlebot3_ws/install/turtlebot3_gazebo/share/turtlebot3_gazebo//models/turtlebot3_autorace/traffic_bar_up
[43.989s] -- Installing: /home/imjunhyung/turtlebot3_ws/install/turtlebot3_gazebo/share/turtlebot3_gazebo//models/turtlebot3_autorace/traffic_bar_up/model.config
[43.989s] -- Installing: /home/imjunhyung/turtlebot3_ws/install/turtlebot3_gazebo/share/turtlebot3_gazebo//models/turtlebot3_autorace/traffic_bar_up/model.sdf
[43.989s] -- Installing: /home/imjunhyung/turtlebot3_ws/install/turtlebot3_gazebo/share/turtlebot3_gazebo//models/turtlebot3_autorace/traffic_bar_up/materials
[43.989s] -- Installing: /home/imjunhyung/turtlebot3_ws/install/turtlebot3_gazebo/share/turtlebot3_gazebo//models/turtlebot3_autorace/traffic_bar_up/materials/scripts
[43.989s] -- Installing: /home/imjunhyung/turtlebot3_ws/install/turtlebot3_gazebo/share/turtlebot3_gazebo//models/turtlebot3_autorace/traffic_bar_up/materials/scripts/traffic_bar.material
[43.989s] -- Installing: /home/imjunhyung/turtlebot3_ws/install/turtlebot3_gazebo/share/turtlebot3_gazebo//models/turtlebot3_autorace/traffic_bar_up/materials/textures
[43.989s] -- Installing: /home/imjunhyung/turtlebot3_ws/install/turtlebot3_gazebo/share/turtlebot3_gazebo//models/turtlebot3_autorace/traffic_bar_up/materials/textures/traffic_bar.png
[43.990s] -- Installing: /home/imjunhyung/turtlebot3_ws/install/turtlebot3_gazebo/share/turtlebot3_gazebo//models/turtlebot3_autorace/lights
[43.990s] -- Installing: /home/imjunhyung/turtlebot3_ws/install/turtlebot3_gazebo/share/turtlebot3_gazebo//models/turtlebot3_autorace/lights/model.config
[43.990s] -- Installing: /home/imjunhyung/turtlebot3_ws/install/turtlebot3_gazebo/share/turtlebot3_gazebo//models/turtlebot3_autorace/lights/model.sdf
[43.990s] -- Installing: /home/imjunhyung/turtlebot3_ws/install/turtlebot3_gazebo/share/turtlebot3_gazebo//models/turtlebot3_autorace/model.config
[43.990s] -- Installing: /home/imjunhyung/turtlebot3_ws/install/turtlebot3_gazebo/share/turtlebot3_gazebo//models/turtlebot3_autorace/traffic_stop
[43.990s] -- Installing: /home/imjunhyung/turtlebot3_ws/install/turtlebot3_gazebo/share/turtlebot3_gazebo//models/turtlebot3_autorace/traffic_stop/model.config
[43.990s] -- Installing: /home/imjunhyung/turtlebot3_ws/install/turtlebot3_gazebo/share/turtlebot3_gazebo//models/turtlebot3_autorace/traffic_stop/model.sdf
[43.990s] -- Installing: /home/imjunhyung/turtlebot3_ws/install/turtlebot3_gazebo/share/turtlebot3_gazebo//models/turtlebot3_autorace/traffic_stop/materials
[43.991s] -- Installing: /home/imjunhyung/turtlebot3_ws/install/turtlebot3_gazebo/share/turtlebot3_gazebo//models/turtlebot3_autorace/traffic_stop/materials/scripts
[43.991s] -- Installing: /home/imjunhyung/turtlebot3_ws/install/turtlebot3_gazebo/share/turtlebot3_gazebo//models/turtlebot3_autorace/traffic_stop/materials/scripts/traffic_stop.material
[43.991s] -- Installing: /home/imjunhyung/turtlebot3_ws/install/turtlebot3_gazebo/share/turtlebot3_gazebo//models/turtlebot3_autorace/traffic_stop/materials/textures
[43.991s] -- Installing: /home/imjunhyung/turtlebot3_ws/install/turtlebot3_gazebo/share/turtlebot3_gazebo//models/turtlebot3_autorace/traffic_stop/materials/textures/traffic_stop.png
[43.991s] -- Installing: /home/imjunhyung/turtlebot3_ws/install/turtlebot3_gazebo/share/turtlebot3_gazebo//models/turtlebot3_autorace/ground
[43.991s] -- Installing: /home/imjunhyung/turtlebot3_ws/install/turtlebot3_gazebo/share/turtlebot3_gazebo//models/turtlebot3_autorace/ground/model.config
[43.991s] -- Installing: /home/imjunhyung/turtlebot3_ws/install/turtlebot3_gazebo/share/turtlebot3_gazebo//models/turtlebot3_autorace/ground/model.sdf
[43.991s] -- Installing: /home/imjunhyung/turtlebot3_ws/install/turtlebot3_gazebo/share/turtlebot3_gazebo//models/turtlebot3_autorace/traffic_light_green
[43.991s] -- Installing: /home/imjunhyung/turtlebot3_ws/install/turtlebot3_gazebo/share/turtlebot3_gazebo//models/turtlebot3_autorace/traffic_light_green/model.config
[43.992s] -- Installing: /home/imjunhyung/turtlebot3_ws/install/turtlebot3_gazebo/share/turtlebot3_gazebo//models/turtlebot3_autorace/traffic_light_green/model.sdf
[43.992s] -- Installing: /home/imjunhyung/turtlebot3_ws/install/turtlebot3_gazebo/share/turtlebot3_gazebo//models/turtlebot3_autorace/tunnel_obstacles
[43.992s] -- Installing: /home/imjunhyung/turtlebot3_ws/install/turtlebot3_gazebo/share/turtlebot3_gazebo//models/turtlebot3_autorace/tunnel_obstacles/model.config
[43.992s] -- Installing: /home/imjunhyung/turtlebot3_ws/install/turtlebot3_gazebo/share/turtlebot3_gazebo//models/turtlebot3_autorace/tunnel_obstacles/model.sdf
[43.992s] -- Installing: /home/imjunhyung/turtlebot3_ws/install/turtlebot3_gazebo/share/turtlebot3_gazebo//models/turtlebot3_autorace/course
[43.992s] -- Installing: /home/imjunhyung/turtlebot3_ws/install/turtlebot3_gazebo/share/turtlebot3_gazebo//models/turtlebot3_autorace/course/model.config
[43.992s] -- Installing: /home/imjunhyung/turtlebot3_ws/install/turtlebot3_gazebo/share/turtlebot3_gazebo//models/turtlebot3_autorace/course/model.sdf
[43.992s] -- Installing: /home/imjunhyung/turtlebot3_ws/install/turtlebot3_gazebo/share/turtlebot3_gazebo//models/turtlebot3_autorace/course/materials
[43.992s] -- Installing: /home/imjunhyung/turtlebot3_ws/install/turtlebot3_gazebo/share/turtlebot3_gazebo//models/turtlebot3_autorace/course/materials/scripts
[43.993s] -- Installing: /home/imjunhyung/turtlebot3_ws/install/turtlebot3_gazebo/share/turtlebot3_gazebo//models/turtlebot3_autorace/course/materials/scripts/course.material
[43.993s] -- Installing: /home/imjunhyung/turtlebot3_ws/install/turtlebot3_gazebo/share/turtlebot3_gazebo//models/turtlebot3_autorace/course/materials/textures
[43.993s] -- Installing: /home/imjunhyung/turtlebot3_ws/install/turtlebot3_gazebo/share/turtlebot3_gazebo//models/turtlebot3_autorace/course/materials/textures/course.png
[43.993s] -- Installing: /home/imjunhyung/turtlebot3_ws/install/turtlebot3_gazebo/share/turtlebot3_gazebo//models/turtlebot3_autorace/traffic_tunnel
[43.993s] -- Installing: /home/imjunhyung/turtlebot3_ws/install/turtlebot3_gazebo/share/turtlebot3_gazebo//models/turtlebot3_autorace/traffic_tunnel/model.config
[43.993s] -- Installing: /home/imjunhyung/turtlebot3_ws/install/turtlebot3_gazebo/share/turtlebot3_gazebo//models/turtlebot3_autorace/traffic_tunnel/model.sdf
[43.994s] -- Installing: /home/imjunhyung/turtlebot3_ws/install/turtlebot3_gazebo/share/turtlebot3_gazebo//models/turtlebot3_autorace/traffic_tunnel/materials
[43.994s] -- Installing: /home/imjunhyung/turtlebot3_ws/install/turtlebot3_gazebo/share/turtlebot3_gazebo//models/turtlebot3_autorace/traffic_tunnel/materials/scripts
[43.994s] -- Installing: /home/imjunhyung/turtlebot3_ws/install/turtlebot3_gazebo/share/turtlebot3_gazebo//models/turtlebot3_autorace/traffic_tunnel/materials/scripts/tunnel.material
[43.994s] -- Installing: /home/imjunhyung/turtlebot3_ws/install/turtlebot3_gazebo/share/turtlebot3_gazebo//models/turtlebot3_autorace/traffic_tunnel/materials/textures
[43.994s] -- Installing: /home/imjunhyung/turtlebot3_ws/install/turtlebot3_gazebo/share/turtlebot3_gazebo//models/turtlebot3_autorace/traffic_tunnel/materials/textures/tunnel.png
[43.994s] -- Installing: /home/imjunhyung/turtlebot3_ws/install/turtlebot3_gazebo/share/turtlebot3_gazebo//models/turtlebot3_autorace/traffic_parking
[43.995s] -- Installing: /home/imjunhyung/turtlebot3_ws/install/turtlebot3_gazebo/share/turtlebot3_gazebo//models/turtlebot3_autorace/traffic_parking/model.config
[43.995s] -- Installing: /home/imjunhyung/turtlebot3_ws/install/turtlebot3_gazebo/share/turtlebot3_gazebo//models/turtlebot3_autorace/traffic_parking/model.sdf
[43.995s] -- Installing: /home/imjunhyung/turtlebot3_ws/install/turtlebot3_gazebo/share/turtlebot3_gazebo//models/turtlebot3_autorace/traffic_parking/materials
[43.995s] -- Installing: /home/imjunhyung/turtlebot3_ws/install/turtlebot3_gazebo/share/turtlebot3_gazebo//models/turtlebot3_autorace/traffic_parking/materials/scripts
[43.995s] -- Installing: /home/imjunhyung/turtlebot3_ws/install/turtlebot3_gazebo/share/turtlebot3_gazebo//models/turtlebot3_autorace/traffic_parking/materials/scripts/traffic_parking.material
[43.995s] -- Installing: /home/imjunhyung/turtlebot3_ws/install/turtlebot3_gazebo/share/turtlebot3_gazebo//models/turtlebot3_autorace/traffic_parking/materials/textures
[43.996s] -- Installing: /home/imjunhyung/turtlebot3_ws/install/turtlebot3_gazebo/share/turtlebot3_gazebo//models/turtlebot3_autorace/traffic_parking/materials/textures/traffic_parking.png
[43.996s] -- Installing: /home/imjunhyung/turtlebot3_ws/install/turtlebot3_gazebo/share/turtlebot3_gazebo//models/turtlebot3_autorace/traffic_bar_down
[43.996s] -- Installing: /home/imjunhyung/turtlebot3_ws/install/turtlebot3_gazebo/share/turtlebot3_gazebo//models/turtlebot3_autorace/traffic_bar_down/model.config
[43.996s] -- Installing: /home/imjunhyung/turtlebot3_ws/install/turtlebot3_gazebo/share/turtlebot3_gazebo//models/turtlebot3_autorace/traffic_bar_down/model.sdf
[43.996s] -- Installing: /home/imjunhyung/turtlebot3_ws/install/turtlebot3_gazebo/share/turtlebot3_gazebo//models/turtlebot3_autorace/traffic_bar_down/materials
[43.996s] -- Installing: /home/imjunhyung/turtlebot3_ws/install/turtlebot3_gazebo/share/turtlebot3_gazebo//models/turtlebot3_autorace/traffic_bar_down/materials/scripts
[43.996s] -- Installing: /home/imjunhyung/turtlebot3_ws/install/turtlebot3_gazebo/share/turtlebot3_gazebo//models/turtlebot3_autorace/traffic_bar_down/materials/scripts/traffic_bar.material
[43.996s] -- Installing: /home/imjunhyung/turtlebot3_ws/install/turtlebot3_gazebo/share/turtlebot3_gazebo//models/turtlebot3_autorace/traffic_bar_down/materials/textures
[43.997s] -- Installing: /home/imjunhyung/turtlebot3_ws/install/turtlebot3_gazebo/share/turtlebot3_gazebo//models/turtlebot3_autorace/traffic_bar_down/materials/textures/traffic_bar.png
[43.997s] -- Installing: /home/imjunhyung/turtlebot3_ws/install/turtlebot3_gazebo/share/turtlebot3_gazebo//models/turtlebot3_autorace/tunnel_wall
[43.997s] -- Installing: /home/imjunhyung/turtlebot3_ws/install/turtlebot3_gazebo/share/turtlebot3_gazebo//models/turtlebot3_autorace/tunnel_wall/model.config
[43.997s] -- Installing: /home/imjunhyung/turtlebot3_ws/install/turtlebot3_gazebo/share/turtlebot3_gazebo//models/turtlebot3_autorace/tunnel_wall/model.sdf
[43.997s] -- Installing: /home/imjunhyung/turtlebot3_ws/install/turtlebot3_gazebo/share/turtlebot3_gazebo//models/turtlebot3_house
[43.997s] -- Installing: /home/imjunhyung/turtlebot3_ws/install/turtlebot3_gazebo/share/turtlebot3_gazebo//models/turtlebot3_house/model.config
[43.997s] -- Installing: /home/imjunhyung/turtlebot3_ws/install/turtlebot3_gazebo/share/turtlebot3_gazebo//models/turtlebot3_house/model.sdf
[43.998s] -- Installing: /home/imjunhyung/turtlebot3_ws/install/turtlebot3_gazebo/share/turtlebot3_gazebo//models/turtlebot3_burger
[43.998s] -- Installing: /home/imjunhyung/turtlebot3_ws/install/turtlebot3_gazebo/share/turtlebot3_gazebo//models/turtlebot3_burger/model.config
[43.998s] -- Installing: /home/imjunhyung/turtlebot3_ws/install/turtlebot3_gazebo/share/turtlebot3_gazebo//models/turtlebot3_burger/model.sdf
[43.998s] -- Installing: /home/imjunhyung/turtlebot3_ws/install/turtlebot3_gazebo/share/turtlebot3_gazebo//models/turtlebot3_burger/model-1_4.sdf
[43.998s] -- Installing: /home/imjunhyung/turtlebot3_ws/install/turtlebot3_gazebo/share/turtlebot3_gazebo//models/turtlebot3_burger/meshes
[43.998s] -- Installing: /home/imjunhyung/turtlebot3_ws/install/turtlebot3_gazebo/share/turtlebot3_gazebo//models/turtlebot3_burger/meshes/tire.dae
[43.998s] -- Installing: /home/imjunhyung/turtlebot3_ws/install/turtlebot3_gazebo/share/turtlebot3_gazebo//models/turtlebot3_burger/meshes/lds.dae
[43.999s] -- Installing: /home/imjunhyung/turtlebot3_ws/install/turtlebot3_gazebo/share/turtlebot3_gazebo//models/turtlebot3_burger/meshes/burger_base.dae
[43.999s] -- Installing: /home/imjunhyung/turtlebot3_ws/install/turtlebot3_gazebo/share/turtlebot3_gazebo//models/turtlebot3_world
[43.999s] -- Installing: /home/imjunhyung/turtlebot3_ws/install/turtlebot3_gazebo/share/turtlebot3_gazebo//models/turtlebot3_world/model.config
[43.999s] -- Installing: /home/imjunhyung/turtlebot3_ws/install/turtlebot3_gazebo/share/turtlebot3_gazebo//models/turtlebot3_world/model.sdf
[43.999s] -- Installing: /home/imjunhyung/turtlebot3_ws/install/turtlebot3_gazebo/share/turtlebot3_gazebo//models/turtlebot3_world/model-1_4.sdf
[43.999s] -- Installing: /home/imjunhyung/turtlebot3_ws/install/turtlebot3_gazebo/share/turtlebot3_gazebo//models/turtlebot3_world/meshes
[44.000s] -- Installing: /home/imjunhyung/turtlebot3_ws/install/turtlebot3_gazebo/share/turtlebot3_gazebo//models/turtlebot3_world/meshes/wall.dae
[44.000s] -- Installing: /home/imjunhyung/turtlebot3_ws/install/turtlebot3_gazebo/share/turtlebot3_gazebo//models/turtlebot3_world/meshes/hexagon.dae
[44.000s] -- Installing: /home/imjunhyung/turtlebot3_ws/install/turtlebot3_gazebo/share/turtlebot3_gazebo//models/turtlebot3_dqn_world
[44.000s] -- Installing: /home/imjunhyung/turtlebot3_ws/install/turtlebot3_gazebo/share/turtlebot3_gazebo//models/turtlebot3_dqn_world/inner_walls
[44.000s] -- Installing: /home/imjunhyung/turtlebot3_ws/install/turtlebot3_gazebo/share/turtlebot3_gazebo//models/turtlebot3_dqn_world/inner_walls/model.config
[44.000s] -- Installing: /home/imjunhyung/turtlebot3_ws/install/turtlebot3_gazebo/share/turtlebot3_gazebo//models/turtlebot3_dqn_world/inner_walls/model.sdf
[44.001s] -- Installing: /home/imjunhyung/turtlebot3_ws/install/turtlebot3_gazebo/share/turtlebot3_gazebo//models/turtlebot3_dqn_world/model.config
[44.001s] -- Installing: /home/imjunhyung/turtlebot3_ws/install/turtlebot3_gazebo/share/turtlebot3_gazebo//models/turtlebot3_dqn_world/model.sdf
[44.001s] -- Installing: /home/imjunhyung/turtlebot3_ws/install/turtlebot3_gazebo/share/turtlebot3_gazebo//models/turtlebot3_dqn_world/obstacles
[44.001s] -- Installing: /home/imjunhyung/turtlebot3_ws/install/turtlebot3_gazebo/share/turtlebot3_gazebo//models/turtlebot3_dqn_world/obstacles/model.config
[44.002s] -- Installing: /home/imjunhyung/turtlebot3_ws/install/turtlebot3_gazebo/share/turtlebot3_gazebo//models/turtlebot3_dqn_world/obstacles/model.sdf
[44.002s] -- Installing: /home/imjunhyung/turtlebot3_ws/install/turtlebot3_gazebo/share/turtlebot3_gazebo//models/turtlebot3_dqn_world/obstacle1
[44.002s] -- Installing: /home/imjunhyung/turtlebot3_ws/install/turtlebot3_gazebo/share/turtlebot3_gazebo//models/turtlebot3_dqn_world/obstacle1/model.config
[44.002s] -- Installing: /home/imjunhyung/turtlebot3_ws/install/turtlebot3_gazebo/share/turtlebot3_gazebo//models/turtlebot3_dqn_world/obstacle1/model.sdf
[44.003s] -- Installing: /home/imjunhyung/turtlebot3_ws/install/turtlebot3_gazebo/share/turtlebot3_gazebo//models/turtlebot3_dqn_world/obstacle2
[44.003s] -- Installing: /home/imjunhyung/turtlebot3_ws/install/turtlebot3_gazebo/share/turtlebot3_gazebo//models/turtlebot3_dqn_world/obstacle2/model.config
[44.003s] -- Installing: /home/imjunhyung/turtlebot3_ws/install/turtlebot3_gazebo/share/turtlebot3_gazebo//models/turtlebot3_dqn_world/obstacle2/model.sdf
[44.003s] -- Installing: /home/imjunhyung/turtlebot3_ws/install/turtlebot3_gazebo/share/turtlebot3_gazebo//models/turtlebot3_dqn_world/obstacle_plugin
[44.004s] -- Installing: /home/imjunhyung/turtlebot3_ws/install/turtlebot3_gazebo/share/turtlebot3_gazebo//models/turtlebot3_dqn_world/obstacle_plugin/CMakeLists.txt
[44.004s] -- Installing: /home/imjunhyung/turtlebot3_ws/install/turtlebot3_gazebo/share/turtlebot3_gazebo//models/turtlebot3_dqn_world/obstacle_plugin/obstacle2.cc
[44.004s] -- Installing: /home/imjunhyung/turtlebot3_ws/install/turtlebot3_gazebo/share/turtlebot3_gazebo//models/turtlebot3_dqn_world/obstacle_plugin/obstacles.cc
[44.004s] -- Installing: /home/imjunhyung/turtlebot3_ws/install/turtlebot3_gazebo/share/turtlebot3_gazebo//models/turtlebot3_dqn_world/obstacle_plugin/obstacle1.cc
[44.005s] -- Installing: /home/imjunhyung/turtlebot3_ws/install/turtlebot3_gazebo/share/turtlebot3_gazebo//models/turtlebot3_dqn_world/goal_box
[44.005s] -- Installing: /home/imjunhyung/turtlebot3_ws/install/turtlebot3_gazebo/share/turtlebot3_gazebo//models/turtlebot3_dqn_world/goal_box/model.config
[44.005s] -- Installing: /home/imjunhyung/turtlebot3_ws/install/turtlebot3_gazebo/share/turtlebot3_gazebo//models/turtlebot3_dqn_world/goal_box/model.sdf
[44.005s] -- Installing: /home/imjunhyung/turtlebot3_ws/install/turtlebot3_gazebo/share/turtlebot3_gazebo//models/turtlebot3_waffle_pi
[44.006s] -- Installing: /home/imjunhyung/turtlebot3_ws/install/turtlebot3_gazebo/share/turtlebot3_gazebo//models/turtlebot3_waffle_pi/model.config
[44.006s] -- Installing: /home/imjunhyung/turtlebot3_ws/install/turtlebot3_gazebo/share/turtlebot3_gazebo//models/turtlebot3_waffle_pi/model.sdf
[44.006s] -- Installing: /home/imjunhyung/turtlebot3_ws/install/turtlebot3_gazebo/share/turtlebot3_gazebo//models/turtlebot3_waffle_pi/model-1_4_.sdf
[44.006s] -- Installing: /home/imjunhyung/turtlebot3_ws/install/turtlebot3_gazebo/share/turtlebot3_gazebo//models/turtlebot3_waffle_pi/meshes
[44.006s] -- Installing: /home/imjunhyung/turtlebot3_ws/install/turtlebot3_gazebo/share/turtlebot3_gazebo//models/turtlebot3_waffle_pi/meshes/tire.dae
[44.007s] -- Installing: /home/imjunhyung/turtlebot3_ws/install/turtlebot3_gazebo/share/turtlebot3_gazebo//models/turtlebot3_waffle_pi/meshes/lds.dae
[44.007s] -- Installing: /home/imjunhyung/turtlebot3_ws/install/turtlebot3_gazebo/share/turtlebot3_gazebo//models/turtlebot3_waffle_pi/meshes/waffle_pi_base.dae
[44.007s] -- Installing: /home/imjunhyung/turtlebot3_ws/install/turtlebot3_gazebo/share/turtlebot3_gazebo//models/turtlebot3_waffle
[44.007s] -- Installing: /home/imjunhyung/turtlebot3_ws/install/turtlebot3_gazebo/share/turtlebot3_gazebo//models/turtlebot3_waffle/model.config
[44.008s] -- Installing: /home/imjunhyung/turtlebot3_ws/install/turtlebot3_gazebo/share/turtlebot3_gazebo//models/turtlebot3_waffle/model.sdf
[44.008s] -- Installing: /home/imjunhyung/turtlebot3_ws/install/turtlebot3_gazebo/share/turtlebot3_gazebo//models/turtlebot3_waffle/model-1_4.sdf
[44.008s] -- Installing: /home/imjunhyung/turtlebot3_ws/install/turtlebot3_gazebo/share/turtlebot3_gazebo//models/turtlebot3_waffle/meshes
[44.008s] -- Installing: /home/imjunhyung/turtlebot3_ws/install/turtlebot3_gazebo/share/turtlebot3_gazebo//models/turtlebot3_waffle/meshes/tire.dae
[44.009s] -- Installing: /home/imjunhyung/turtlebot3_ws/install/turtlebot3_gazebo/share/turtlebot3_gazebo//models/turtlebot3_waffle/meshes/waffle_base.dae
[44.009s] -- Installing: /home/imjunhyung/turtlebot3_ws/install/turtlebot3_gazebo/share/turtlebot3_gazebo//models/turtlebot3_waffle/meshes/lds.dae
[44.009s] -- Installing: /home/imjunhyung/turtlebot3_ws/install/turtlebot3_gazebo/share/turtlebot3_gazebo//models/turtlebot3_waffle/meshes/r200.dae
[44.009s] -- Installing: /home/imjunhyung/turtlebot3_ws/install/turtlebot3_gazebo/share/turtlebot3_gazebo//rviz
[44.010s] -- Installing: /home/imjunhyung/turtlebot3_ws/install/turtlebot3_gazebo/share/turtlebot3_gazebo//rviz/tb3_gazebo.rviz
[44.010s] -- Installing: /home/imjunhyung/turtlebot3_ws/install/turtlebot3_gazebo/share/turtlebot3_gazebo//worlds
[44.010s] -- Installing: /home/imjunhyung/turtlebot3_ws/install/turtlebot3_gazebo/share/turtlebot3_gazebo//worlds/turtlebot3_houses
[44.010s] -- Installing: /home/imjunhyung/turtlebot3_ws/install/turtlebot3_gazebo/share/turtlebot3_gazebo//worlds/turtlebot3_houses/burger.model
[44.011s] -- Installing: /home/imjunhyung/turtlebot3_ws/install/turtlebot3_gazebo/share/turtlebot3_gazebo//worlds/turtlebot3_houses/waffle.model
[44.011s] -- Installing: /home/imjunhyung/turtlebot3_ws/install/turtlebot3_gazebo/share/turtlebot3_gazebo//worlds/turtlebot3_houses/waffle_pi.model
[44.011s] -- Installing: /home/imjunhyung/turtlebot3_ws/install/turtlebot3_gazebo/share/turtlebot3_gazebo//worlds/turtlebot3_dqn_stage3
[44.011s] -- Installing: /home/imjunhyung/turtlebot3_ws/install/turtlebot3_gazebo/share/turtlebot3_gazebo//worlds/turtlebot3_dqn_stage3/burger.model
[44.011s] -- Installing: /home/imjunhyung/turtlebot3_ws/install/turtlebot3_gazebo/share/turtlebot3_gazebo//worlds/turtlebot3_dqn_stage3/waffle.model
[44.012s] -- Installing: /home/imjunhyung/turtlebot3_ws/install/turtlebot3_gazebo/share/turtlebot3_gazebo//worlds/turtlebot3_dqn_stage3/waffle_pi.model
[44.012s] -- Installing: /home/imjunhyung/turtlebot3_ws/install/turtlebot3_gazebo/share/turtlebot3_gazebo//worlds/turtlebot3_worlds
[44.012s] -- Installing: /home/imjunhyung/turtlebot3_ws/install/turtlebot3_gazebo/share/turtlebot3_gazebo//worlds/turtlebot3_worlds/burger.model
[44.012s] -- Installing: /home/imjunhyung/turtlebot3_ws/install/turtlebot3_gazebo/share/turtlebot3_gazebo//worlds/turtlebot3_worlds/waffle.model
[44.013s] -- Installing: /home/imjunhyung/turtlebot3_ws/install/turtlebot3_gazebo/share/turtlebot3_gazebo//worlds/turtlebot3_worlds/waffle_pi.model
[44.013s] -- Installing: /home/imjunhyung/turtlebot3_ws/install/turtlebot3_gazebo/share/turtlebot3_gazebo//worlds/turtlebot3_dqn_stage1
[44.013s] -- Installing: /home/imjunhyung/turtlebot3_ws/install/turtlebot3_gazebo/share/turtlebot3_gazebo//worlds/turtlebot3_dqn_stage1/burger.model
[44.013s] -- Installing: /home/imjunhyung/turtlebot3_ws/install/turtlebot3_gazebo/share/turtlebot3_gazebo//worlds/turtlebot3_dqn_stage1/waffle.model
[44.013s] -- Installing: /home/imjunhyung/turtlebot3_ws/install/turtlebot3_gazebo/share/turtlebot3_gazebo//worlds/turtlebot3_dqn_stage1/waffle_pi.model
[44.014s] -- Installing: /home/imjunhyung/turtlebot3_ws/install/turtlebot3_gazebo/share/turtlebot3_gazebo//worlds/turtlebot3_dqn_stage4
[44.014s] -- Installing: /home/imjunhyung/turtlebot3_ws/install/turtlebot3_gazebo/share/turtlebot3_gazebo//worlds/turtlebot3_dqn_stage4/burger.model
[44.014s] -- Installing: /home/imjunhyung/turtlebot3_ws/install/turtlebot3_gazebo/share/turtlebot3_gazebo//worlds/turtlebot3_dqn_stage4/waffle.model
[44.014s] -- Installing: /home/imjunhyung/turtlebot3_ws/install/turtlebot3_gazebo/share/turtlebot3_gazebo//worlds/turtlebot3_dqn_stage4/waffle_pi.model
[44.014s] -- Installing: /home/imjunhyung/turtlebot3_ws/install/turtlebot3_gazebo/share/turtlebot3_gazebo//worlds/turtlebot3_autoraces
[44.015s] -- Installing: /home/imjunhyung/turtlebot3_ws/install/turtlebot3_gazebo/share/turtlebot3_gazebo//worlds/turtlebot3_autoraces/burger.model
[44.015s] -- Installing: /home/imjunhyung/turtlebot3_ws/install/turtlebot3_gazebo/share/turtlebot3_gazebo//worlds/turtlebot3_autoraces/waffle.model
[44.015s] -- Installing: /home/imjunhyung/turtlebot3_ws/install/turtlebot3_gazebo/share/turtlebot3_gazebo//worlds/turtlebot3_autoraces/waffle_pi.model
[44.015s] -- Installing: /home/imjunhyung/turtlebot3_ws/install/turtlebot3_gazebo/share/turtlebot3_gazebo//worlds/turtlebot3_dqn_stage2
[44.015s] -- Installing: /home/imjunhyung/turtlebot3_ws/install/turtlebot3_gazebo/share/turtlebot3_gazebo//worlds/turtlebot3_dqn_stage2/burger.model
[44.015s] -- Installing: /home/imjunhyung/turtlebot3_ws/install/turtlebot3_gazebo/share/turtlebot3_gazebo//worlds/turtlebot3_dqn_stage2/waffle.model
[44.015s] -- Installing: /home/imjunhyung/turtlebot3_ws/install/turtlebot3_gazebo/share/turtlebot3_gazebo//worlds/turtlebot3_dqn_stage2/waffle_pi.model
[44.015s] -- Installing: /home/imjunhyung/turtlebot3_ws/install/turtlebot3_gazebo/share/turtlebot3_gazebo//worlds/empty_worlds
[44.015s] -- Installing: /home/imjunhyung/turtlebot3_ws/install/turtlebot3_gazebo/share/turtlebot3_gazebo//worlds/empty_worlds/burger.model
[44.015s] -- Installing: /home/imjunhyung/turtlebot3_ws/install/turtlebot3_gazebo/share/turtlebot3_gazebo//worlds/empty_worlds/waffle.model
[44.015s] -- Installing: /home/imjunhyung/turtlebot3_ws/install/turtlebot3_gazebo/share/turtlebot3_gazebo//worlds/empty_worlds/waffle_pi.model
[44.015s] -- Installing: /home/imjunhyung/turtlebot3_ws/install/turtlebot3_gazebo/include/
[44.016s] -- Installing: /home/imjunhyung/turtlebot3_ws/install/turtlebot3_gazebo/include//turtlebot3_gazebo
[44.016s] -- Installing: /home/imjunhyung/turtlebot3_ws/install/turtlebot3_gazebo/include//turtlebot3_gazebo/turtlebot3_drive.hpp
[44.016s] -- Installing: /home/imjunhyung/turtlebot3_ws/install/turtlebot3_gazebo/share/ament_index/resource_index/package_run_dependencies/turtlebot3_gazebo
[44.016s] -- Installing: /home/imjunhyung/turtlebot3_ws/install/turtlebot3_gazebo/share/ament_index/resource_index/parent_prefix_path/turtlebot3_gazebo
[44.016s] -- Installing: /home/imjunhyung/turtlebot3_ws/install/turtlebot3_gazebo/share/turtlebot3_gazebo/environment/ament_prefix_path.sh
[44.016s] -- Installing: /home/imjunhyung/turtlebot3_ws/install/turtlebot3_gazebo/share/turtlebot3_gazebo/environment/ament_prefix_path.dsv
[44.016s] -- Installing: /home/imjunhyung/turtlebot3_ws/install/turtlebot3_gazebo/share/turtlebot3_gazebo/environment/path.sh
[44.016s] -- Installing: /home/imjunhyung/turtlebot3_ws/install/turtlebot3_gazebo/share/turtlebot3_gazebo/environment/path.dsv
[44.016s] -- Installing: /home/imjunhyung/turtlebot3_ws/install/turtlebot3_gazebo/share/turtlebot3_gazebo/local_setup.bash
[44.016s] -- Installing: /home/imjunhyung/turtlebot3_ws/install/turtlebot3_gazebo/share/turtlebot3_gazebo/local_setup.sh
[44.016s] -- Installing: /home/imjunhyung/turtlebot3_ws/install/turtlebot3_gazebo/share/turtlebot3_gazebo/local_setup.zsh
[44.016s] -- Installing: /home/imjunhyung/turtlebot3_ws/install/turtlebot3_gazebo/share/turtlebot3_gazebo/local_setup.dsv
[44.016s] -- Installing: /home/imjunhyung/turtlebot3_ws/install/turtlebot3_gazebo/share/turtlebot3_gazebo/package.dsv
[44.017s] -- Installing: /home/imjunhyung/turtlebot3_ws/install/turtlebot3_gazebo/share/ament_index/resource_index/packages/turtlebot3_gazebo
[44.017s] -- Installing: /home/imjunhyung/turtlebot3_ws/install/turtlebot3_gazebo/share/turtlebot3_gazebo/cmake/ament_cmake_export_include_directories-extras.cmake
[44.017s] -- Installing: /home/imjunhyung/turtlebot3_ws/install/turtlebot3_gazebo/share/turtlebot3_gazebo/cmake/ament_cmake_export_dependencies-extras.cmake
[44.017s] -- Installing: /home/imjunhyung/turtlebot3_ws/install/turtlebot3_gazebo/share/turtlebot3_gazebo/cmake/turtlebot3_gazeboConfig.cmake
[44.017s] -- Installing: /home/imjunhyung/turtlebot3_ws/install/turtlebot3_gazebo/share/turtlebot3_gazebo/cmake/turtlebot3_gazeboConfig-version.cmake
[44.017s] -- Installing: /home/imjunhyung/turtlebot3_ws/install/turtlebot3_gazebo/share/turtlebot3_gazebo/package.xml
[44.024s] Invoked command in '/home/imjunhyung/turtlebot3_ws/build/turtlebot3_gazebo' returned '0': AMENT_PREFIX_PATH=/home/imjunhyung/turtlebot3_ws/install/turtlebot3_description:${AMENT_PREFIX_PATH} CMAKE_PREFIX_PATH=/home/imjunhyung/turtlebot3_ws/install/turtlebot3_description:/home/imjunhyung/ros2_ws/install/rplidar_ros:/opt/ros/foxy /home/imjunhyung/.local/bin/cmake --install /home/imjunhyung/turtlebot3_ws/build/turtlebot3_gazebo
