[1.511s] Invoking command in '/home/imjunhyung/turtlebot3_ws/src/vel_send': PYTHONPATH=/home/imjunhyung/turtlebot3_ws/build/vel_send/prefix_override:/home/imjunhyung/turtlebot3_ws/install/vel_send/lib/python3.8/site-packages:${PYTHONPATH} /usr/bin/python3 setup.py egg_info --egg-base ../../build/vel_send build --build-base /home/imjunhyung/turtlebot3_ws/build/vel_send/build install --record /home/imjunhyung/turtlebot3_ws/build/vel_send/install.log --install-scripts $base/lib/vel_send --single-version-externally-managed
[1.792s] running egg_info
[1.793s] writing ../../build/vel_send/vel_send.egg-info/PKG-INFO
[1.793s] writing dependency_links to ../../build/vel_send/vel_send.egg-info/dependency_links.txt
[1.794s] writing entry points to ../../build/vel_send/vel_send.egg-info/entry_points.txt
[1.794s] writing requirements to ../../build/vel_send/vel_send.egg-info/requires.txt
[1.794s] writing top-level names to ../../build/vel_send/vel_send.egg-info/top_level.txt
[1.830s] reading manifest file '../../build/vel_send/vel_send.egg-info/SOURCES.txt'
[1.830s] writing manifest file '../../build/vel_send/vel_send.egg-info/SOURCES.txt'
[1.831s] running build
[1.831s] running build_py
[1.831s] running install
[1.832s] running install_lib
[1.833s] running install_data
[1.834s] running install_egg_info
[1.836s] removing '/home/imjunhyung/turtlebot3_ws/install/vel_send/lib/python3.8/site-packages/vel_send-0.0.0-py3.8.egg-info' (and everything under it)
[1.836s] Copying ../../build/vel_send/vel_send.egg-info to /home/imjunhyung/turtlebot3_ws/install/vel_send/lib/python3.8/site-packages/vel_send-0.0.0-py3.8.egg-info
[1.837s] running install_scripts
[1.855s] Installing vel_send script to /home/imjunhyung/turtlebot3_ws/install/vel_send/lib/vel_send
[1.855s] writing list of installed files to '/home/imjunhyung/turtlebot3_ws/build/vel_send/install.log'
[1.884s] Invoked command in '/home/imjunhyung/turtlebot3_ws/src/vel_send' returned '0': PYTHONPATH=/home/imjunhyung/turtlebot3_ws/build/vel_send/prefix_override:/home/imjunhyung/turtlebot3_ws/install/vel_send/lib/python3.8/site-packages:${PYTHONPATH} /usr/bin/python3 setup.py egg_info --egg-base ../../build/vel_send build --build-base /home/imjunhyung/turtlebot3_ws/build/vel_send/build install --record /home/imjunhyung/turtlebot3_ws/build/vel_send/install.log --install-scripts $base/lib/vel_send --single-version-externally-managed
