[0.014s] Invoking command in '/home/imjunhyung/turtlebot3_ws/build/turtlebot3_simulations': AMENT_PREFIX_PATH=/home/imjunhyung/turtlebot3_ws/install/turtlebot3_gazebo:/home/imjunhyung/turtlebot3_ws/install/turtlebot3_fake_node:/home/imjunhyung/turtlebot3_ws/install/turtlebot3_description:${AMENT_PREFIX_PATH} CMAKE_PREFIX_PATH=/home/imjunhyung/turtlebot3_ws/install/turtlebot3_gazebo:/home/imjunhyung/turtlebot3_ws/install/turtlebot3_fake_node:/home/imjunhyung/turtlebot3_ws/install/turtlebot3_description:/home/imjunhyung/ros2_ws/install/rplidar_ros:/opt/ros/foxy /home/imjunhyung/.local/bin/cmake /home/imjunhyung/turtlebot3_ws/src/turtlebot3_simulations/turtlebot3_simulations -DCMAKE_INSTALL_PREFIX=/home/imjunhyung/turtlebot3_ws/install/turtlebot3_simulations
[0.107s] -- The C compiler identification is GNU 9.4.0
[0.179s] -- The CXX compiler identification is GNU 9.4.0
[0.190s] -- Detecting C compiler ABI info
[0.254s] -- Detecting C compiler ABI info - done
[0.267s] -- Check for working C compiler: /usr/bin/cc - skipped
[0.267s] -- Detecting C compile features
[0.268s] -- Detecting C compile features - done
[0.272s] -- Detecting CXX compiler ABI info
[0.348s] -- Detecting CXX compiler ABI info - done
[0.361s] -- Check for working CXX compiler: /usr/bin/c++ - skipped
[0.361s] -- Detecting CXX compile features
[0.362s] -- Detecting CXX compile features - done
[0.365s] -- Found ament_cmake: 0.9.12 (/opt/ros/foxy/share/ament_cmake/cmake)
[0.398s] -- Found PythonInterp: /usr/bin/python3 (found suitable version "3.8.10", minimum required is "3") 
[0.398s] -- Using PYTHON_EXECUTABLE: /usr/bin/python3
[0.716s] -- Configuring done (0.7s)
[0.719s] -- Generating done (0.0s)
[0.720s] -- Build files have been written to: /home/imjunhyung/turtlebot3_ws/build/turtlebot3_simulations
[0.729s] Invoked command in '/home/imjunhyung/turtlebot3_ws/build/turtlebot3_simulations' returned '0': AMENT_PREFIX_PATH=/home/imjunhyung/turtlebot3_ws/install/turtlebot3_gazebo:/home/imjunhyung/turtlebot3_ws/install/turtlebot3_fake_node:/home/imjunhyung/turtlebot3_ws/install/turtlebot3_description:${AMENT_PREFIX_PATH} CMAKE_PREFIX_PATH=/home/imjunhyung/turtlebot3_ws/install/turtlebot3_gazebo:/home/imjunhyung/turtlebot3_ws/install/turtlebot3_fake_node:/home/imjunhyung/turtlebot3_ws/install/turtlebot3_description:/home/imjunhyung/ros2_ws/install/rplidar_ros:/opt/ros/foxy /home/imjunhyung/.local/bin/cmake /home/imjunhyung/turtlebot3_ws/src/turtlebot3_simulations/turtlebot3_simulations -DCMAKE_INSTALL_PREFIX=/home/imjunhyung/turtlebot3_ws/install/turtlebot3_simulations
[0.733s] Invoking command in '/home/imjunhyung/turtlebot3_ws/build/turtlebot3_simulations': AMENT_PREFIX_PATH=/home/imjunhyung/turtlebot3_ws/install/turtlebot3_gazebo:/home/imjunhyung/turtlebot3_ws/install/turtlebot3_fake_node:/home/imjunhyung/turtlebot3_ws/install/turtlebot3_description:${AMENT_PREFIX_PATH} CMAKE_PREFIX_PATH=/home/imjunhyung/turtlebot3_ws/install/turtlebot3_gazebo:/home/imjunhyung/turtlebot3_ws/install/turtlebot3_fake_node:/home/imjunhyung/turtlebot3_ws/install/turtlebot3_description:/home/imjunhyung/ros2_ws/install/rplidar_ros:/opt/ros/foxy /home/imjunhyung/.local/bin/cmake --build /home/imjunhyung/turtlebot3_ws/build/turtlebot3_simulations -- -j8 -l8
[0.783s] Invoked command in '/home/imjunhyung/turtlebot3_ws/build/turtlebot3_simulations' returned '0': AMENT_PREFIX_PATH=/home/imjunhyung/turtlebot3_ws/install/turtlebot3_gazebo:/home/imjunhyung/turtlebot3_ws/install/turtlebot3_fake_node:/home/imjunhyung/turtlebot3_ws/install/turtlebot3_description:${AMENT_PREFIX_PATH} CMAKE_PREFIX_PATH=/home/imjunhyung/turtlebot3_ws/install/turtlebot3_gazebo:/home/imjunhyung/turtlebot3_ws/install/turtlebot3_fake_node:/home/imjunhyung/turtlebot3_ws/install/turtlebot3_description:/home/imjunhyung/ros2_ws/install/rplidar_ros:/opt/ros/foxy /home/imjunhyung/.local/bin/cmake --build /home/imjunhyung/turtlebot3_ws/build/turtlebot3_simulations -- -j8 -l8
[0.837s] Invoking command in '/home/imjunhyung/turtlebot3_ws/build/turtlebot3_simulations': AMENT_PREFIX_PATH=/home/imjunhyung/turtlebot3_ws/install/turtlebot3_gazebo:/home/imjunhyung/turtlebot3_ws/install/turtlebot3_fake_node:/home/imjunhyung/turtlebot3_ws/install/turtlebot3_description:${AMENT_PREFIX_PATH} CMAKE_PREFIX_PATH=/home/imjunhyung/turtlebot3_ws/install/turtlebot3_gazebo:/home/imjunhyung/turtlebot3_ws/install/turtlebot3_fake_node:/home/imjunhyung/turtlebot3_ws/install/turtlebot3_description:/home/imjunhyung/ros2_ws/install/rplidar_ros:/opt/ros/foxy /home/imjunhyung/.local/bin/cmake --install /home/imjunhyung/turtlebot3_ws/build/turtlebot3_simulations
[0.868s] -- Install configuration: ""
[0.868s] -- Installing: /home/imjunhyung/turtlebot3_ws/install/turtlebot3_simulations/share/ament_index/resource_index/package_run_dependencies/turtlebot3_simulations
[0.869s] -- Installing: /home/imjunhyung/turtlebot3_ws/install/turtlebot3_simulations/share/ament_index/resource_index/parent_prefix_path/turtlebot3_simulations
[0.869s] -- Installing: /home/imjunhyung/turtlebot3_ws/install/turtlebot3_simulations/share/turtlebot3_simulations/environment/ament_prefix_path.sh
[0.869s] -- Installing: /home/imjunhyung/turtlebot3_ws/install/turtlebot3_simulations/share/turtlebot3_simulations/environment/ament_prefix_path.dsv
[0.870s] -- Installing: /home/imjunhyung/turtlebot3_ws/install/turtlebot3_simulations/share/turtlebot3_simulations/environment/path.sh
[0.870s] -- Installing: /home/imjunhyung/turtlebot3_ws/install/turtlebot3_simulations/share/turtlebot3_simulations/environment/path.dsv
[0.870s] -- Installing: /home/imjunhyung/turtlebot3_ws/install/turtlebot3_simulations/share/turtlebot3_simulations/local_setup.bash
[0.870s] -- Installing: /home/imjunhyung/turtlebot3_ws/install/turtlebot3_simulations/share/turtlebot3_simulations/local_setup.sh
[0.870s] -- Installing: /home/imjunhyung/turtlebot3_ws/install/turtlebot3_simulations/share/turtlebot3_simulations/local_setup.zsh
[0.870s] -- Installing: /home/imjunhyung/turtlebot3_ws/install/turtlebot3_simulations/share/turtlebot3_simulations/local_setup.dsv
[0.871s] -- Installing: /home/imjunhyung/turtlebot3_ws/install/turtlebot3_simulations/share/turtlebot3_simulations/package.dsv
[0.871s] -- Installing: /home/imjunhyung/turtlebot3_ws/install/turtlebot3_simulations/share/ament_index/resource_index/packages/turtlebot3_simulations
[0.871s] -- Installing: /home/imjunhyung/turtlebot3_ws/install/turtlebot3_simulations/share/turtlebot3_simulations/cmake/turtlebot3_simulationsConfig.cmake
[0.871s] -- Installing: /home/imjunhyung/turtlebot3_ws/install/turtlebot3_simulations/share/turtlebot3_simulations/cmake/turtlebot3_simulationsConfig-version.cmake
[0.871s] -- Installing: /home/imjunhyung/turtlebot3_ws/install/turtlebot3_simulations/share/turtlebot3_simulations/package.xml
[0.882s] Invoked command in '/home/imjunhyung/turtlebot3_ws/build/turtlebot3_simulations' returned '0': AMENT_PREFIX_PATH=/home/imjunhyung/turtlebot3_ws/install/turtlebot3_gazebo:/home/imjunhyung/turtlebot3_ws/install/turtlebot3_fake_node:/home/imjunhyung/turtlebot3_ws/install/turtlebot3_description:${AMENT_PREFIX_PATH} CMAKE_PREFIX_PATH=/home/imjunhyung/turtlebot3_ws/install/turtlebot3_gazebo:/home/imjunhyung/turtlebot3_ws/install/turtlebot3_fake_node:/home/imjunhyung/turtlebot3_ws/install/turtlebot3_description:/home/imjunhyung/ros2_ws/install/rplidar_ros:/opt/ros/foxy /home/imjunhyung/.local/bin/cmake --install /home/imjunhyung/turtlebot3_ws/build/turtlebot3_simulations
