[4.194s] Invoking command in '/home/imjunhyung/turtlebot3_ws/src/detection': PYTHONPATH=/home/imjunhyung/turtlebot3_ws/build/detection/prefix_override:/home/imjunhyung/turtlebot3_ws/install/detection/lib/python3.8/site-packages:${PYTHONPATH} /usr/bin/python3 setup.py egg_info --egg-base ../../build/detection build --build-base /home/imjunhyung/turtlebot3_ws/build/detection/build install --record /home/imjunhyung/turtlebot3_ws/build/detection/install.log --install-scripts $base/lib/detection --single-version-externally-managed
[4.535s] running egg_info
[4.535s] creating ../../build/detection/detection.egg-info
[4.536s] writing ../../build/detection/detection.egg-info/PKG-INFO
[4.536s] writing dependency_links to ../../build/detection/detection.egg-info/dependency_links.txt
[4.536s] writing entry points to ../../build/detection/detection.egg-info/entry_points.txt
[4.536s] writing requirements to ../../build/detection/detection.egg-info/requires.txt
[4.537s] writing top-level names to ../../build/detection/detection.egg-info/top_level.txt
[4.696s] writing manifest file '../../build/detection/detection.egg-info/SOURCES.txt'
[4.825s] reading manifest file '../../build/detection/detection.egg-info/SOURCES.txt'
[4.827s] writing manifest file '../../build/detection/detection.egg-info/SOURCES.txt'
[4.828s] running build
[4.828s] running build_py
[4.828s] creating /home/imjunhyung/turtlebot3_ws/build/detection/build
[4.828s] creating /home/imjunhyung/turtlebot3_ws/build/detection/build/lib
[4.829s] creating /home/imjunhyung/turtlebot3_ws/build/detection/build/lib/detection
[4.829s] copying detection/__init__.py -> /home/imjunhyung/turtlebot3_ws/build/detection/build/lib/detection
[4.829s] copying detection/detection.py -> /home/imjunhyung/turtlebot3_ws/build/detection/build/lib/detection
[4.829s] running install
[4.830s] running install_lib
[4.832s] creating /home/imjunhyung/turtlebot3_ws/install/detection/lib/python3.8/site-packages/detection
[4.832s] copying /home/imjunhyung/turtlebot3_ws/build/detection/build/lib/detection/__init__.py -> /home/imjunhyung/turtlebot3_ws/install/detection/lib/python3.8/site-packages/detection
[4.834s] copying /home/imjunhyung/turtlebot3_ws/build/detection/build/lib/detection/detection.py -> /home/imjunhyung/turtlebot3_ws/install/detection/lib/python3.8/site-packages/detection
[4.835s] byte-compiling /home/imjunhyung/turtlebot3_ws/install/detection/lib/python3.8/site-packages/detection/__init__.py to __init__.cpython-38.pyc
[4.838s] byte-compiling /home/imjunhyung/turtlebot3_ws/install/detection/lib/python3.8/site-packages/detection/detection.py to detection.cpython-38.pyc
[4.840s] running install_data
[4.842s] creating /home/imjunhyung/turtlebot3_ws/install/detection/share/ament_index
[4.843s] creating /home/imjunhyung/turtlebot3_ws/install/detection/share/ament_index/resource_index
[4.843s] creating /home/imjunhyung/turtlebot3_ws/install/detection/share/ament_index/resource_index/packages
[4.843s] copying resource/detection -> /home/imjunhyung/turtlebot3_ws/install/detection/share/ament_index/resource_index/packages
[4.843s] copying package.xml -> /home/imjunhyung/turtlebot3_ws/install/detection/share/detection
[4.844s] running install_egg_info
[4.849s] Copying ../../build/detection/detection.egg-info to /home/imjunhyung/turtlebot3_ws/install/detection/lib/python3.8/site-packages/detection-0.0.0-py3.8.egg-info
[4.851s] running install_scripts
[4.884s] Installing detection script to /home/imjunhyung/turtlebot3_ws/install/detection/lib/detection
[4.884s] writing list of installed files to '/home/imjunhyung/turtlebot3_ws/build/detection/install.log'
[4.931s] Invoked command in '/home/imjunhyung/turtlebot3_ws/src/detection' returned '0': PYTHONPATH=/home/imjunhyung/turtlebot3_ws/build/detection/prefix_override:/home/imjunhyung/turtlebot3_ws/install/detection/lib/python3.8/site-packages:${PYTHONPATH} /usr/bin/python3 setup.py egg_info --egg-base ../../build/detection build --build-base /home/imjunhyung/turtlebot3_ws/build/detection/build install --record /home/imjunhyung/turtlebot3_ws/build/detection/install.log --install-scripts $base/lib/detection --single-version-externally-managed
