[5.030s] Invoking command in '/home/imjunhyung/turtlebot3_ws/src/vel_send': PYTHONPATH=/home/imjunhyung/turtlebot3_ws/build/vel_send/prefix_override:/home/imjunhyung/turtlebot3_ws/install/vel_send/lib/python3.8/site-packages:${PYTHONPATH} /usr/bin/python3 setup.py egg_info --egg-base ../../build/vel_send build --build-base /home/imjunhyung/turtlebot3_ws/build/vel_send/build install --record /home/imjunhyung/turtlebot3_ws/build/vel_send/install.log --install-scripts $base/lib/vel_send --single-version-externally-managed
[6.646s] running egg_info
[6.647s] creating ../../build/vel_send/vel_send.egg-info
[6.647s] writing ../../build/vel_send/vel_send.egg-info/PKG-INFO
[6.648s] writing dependency_links to ../../build/vel_send/vel_send.egg-info/dependency_links.txt
[6.648s] writing entry points to ../../build/vel_send/vel_send.egg-info/entry_points.txt
[6.649s] writing requirements to ../../build/vel_send/vel_send.egg-info/requires.txt
[6.649s] writing top-level names to ../../build/vel_send/vel_send.egg-info/top_level.txt
[6.662s] writing manifest file '../../build/vel_send/vel_send.egg-info/SOURCES.txt'
[6.856s] reading manifest file '../../build/vel_send/vel_send.egg-info/SOURCES.txt'
[6.859s] writing manifest file '../../build/vel_send/vel_send.egg-info/SOURCES.txt'
[6.859s] running build
[6.859s] running build_py
[6.859s] creating /home/imjunhyung/turtlebot3_ws/build/vel_send/build
[6.860s] creating /home/imjunhyung/turtlebot3_ws/build/vel_send/build/lib
[6.860s] creating /home/imjunhyung/turtlebot3_ws/build/vel_send/build/lib/vel_send
[6.860s] copying vel_send/vel_send.py -> /home/imjunhyung/turtlebot3_ws/build/vel_send/build/lib/vel_send
[6.872s] copying vel_send/__init__.py -> /home/imjunhyung/turtlebot3_ws/build/vel_send/build/lib/vel_send
[6.872s] running install
[6.874s] running install_lib
[6.926s] creating /home/imjunhyung/turtlebot3_ws/install/vel_send/lib/python3.8/site-packages/vel_send
[6.926s] copying /home/imjunhyung/turtlebot3_ws/build/vel_send/build/lib/vel_send/vel_send.py -> /home/imjunhyung/turtlebot3_ws/install/vel_send/lib/python3.8/site-packages/vel_send
[6.926s] copying /home/imjunhyung/turtlebot3_ws/build/vel_send/build/lib/vel_send/__init__.py -> /home/imjunhyung/turtlebot3_ws/install/vel_send/lib/python3.8/site-packages/vel_send
[6.926s] byte-compiling /home/imjunhyung/turtlebot3_ws/install/vel_send/lib/python3.8/site-packages/vel_send/vel_send.py to vel_send.cpython-38.pyc
[6.927s] byte-compiling /home/imjunhyung/turtlebot3_ws/install/vel_send/lib/python3.8/site-packages/vel_send/__init__.py to __init__.cpython-38.pyc
[6.927s] running install_data
[6.929s] creating /home/imjunhyung/turtlebot3_ws/install/vel_send/share/ament_index
[6.930s] creating /home/imjunhyung/turtlebot3_ws/install/vel_send/share/ament_index/resource_index
[6.930s] creating /home/imjunhyung/turtlebot3_ws/install/vel_send/share/ament_index/resource_index/packages
[6.931s] copying resource/vel_send -> /home/imjunhyung/turtlebot3_ws/install/vel_send/share/ament_index/resource_index/packages
[6.931s] copying package.xml -> /home/imjunhyung/turtlebot3_ws/install/vel_send/share/vel_send
[6.932s] running install_egg_info
[6.937s] Copying ../../build/vel_send/vel_send.egg-info to /home/imjunhyung/turtlebot3_ws/install/vel_send/lib/python3.8/site-packages/vel_send-0.0.0-py3.8.egg-info
[6.940s] running install_scripts
[6.991s] Installing vel_send script to /home/imjunhyung/turtlebot3_ws/install/vel_send/lib/vel_send
[6.992s] writing list of installed files to '/home/imjunhyung/turtlebot3_ws/build/vel_send/install.log'
[7.062s] Invoked command in '/home/imjunhyung/turtlebot3_ws/src/vel_send' returned '0': PYTHONPATH=/home/imjunhyung/turtlebot3_ws/build/vel_send/prefix_override:/home/imjunhyung/turtlebot3_ws/install/vel_send/lib/python3.8/site-packages:${PYTHONPATH} /usr/bin/python3 setup.py egg_info --egg-base ../../build/vel_send build --build-base /home/imjunhyung/turtlebot3_ws/build/vel_send/build install --record /home/imjunhyung/turtlebot3_ws/build/vel_send/install.log --install-scripts $base/lib/vel_send --single-version-externally-managed
