[0.533s] Invoking command in '/home/imjunhyung/turtlebot3_ws/build/turtlebot3_navigation2': CMAKE_PREFIX_PATH=${CMAKE_PREFIX_PATH}:/opt/ros/foxy /home/imjunhyung/.local/bin/cmake /home/imjunhyung/turtlebot3_ws/src/turtlebot3/turtlebot3_navigation2 -DCMAKE_INSTALL_PREFIX=/home/imjunhyung/turtlebot3_ws/install/turtlebot3_navigation2
[1.577s] -- The C compiler identification is GNU 9.4.0
[1.577s] -- The CXX compiler identification is GNU 9.4.0
[1.578s] -- Detecting C compiler ABI info
[1.578s] -- Detecting C compiler ABI info - done
[1.578s] -- Check for working C compiler: /usr/bin/cc - skipped
[1.578s] -- Detecting C compile features
[1.578s] -- Detecting C compile features - done
[1.578s] -- Detecting CXX compiler ABI info
[1.579s] -- Detecting CXX compiler ABI info - done
[1.579s] -- Check for working CXX compiler: /usr/bin/c++ - skipped
[1.579s] -- Detecting CXX compile features
[1.579s] -- Detecting CXX compile features - done
[1.579s] -- Found ament_cmake: 0.9.12 (/opt/ros/foxy/share/ament_cmake/cmake)
[1.580s] -- Found PythonInterp: /usr/bin/python3 (found suitable version "3.8.10", minimum required is "3") 
[1.580s] -- Using PYTHON_EXECUTABLE: /usr/bin/python3
[1.766s] -- Configuring done (1.2s)
[1.772s] -- Generating done (0.0s)
[1.775s] -- Build files have been written to: /home/imjunhyung/turtlebot3_ws/build/turtlebot3_navigation2
[1.839s] Invoked command in '/home/imjunhyung/turtlebot3_ws/build/turtlebot3_navigation2' returned '0': CMAKE_PREFIX_PATH=${CMAKE_PREFIX_PATH}:/opt/ros/foxy /home/imjunhyung/.local/bin/cmake /home/imjunhyung/turtlebot3_ws/src/turtlebot3/turtlebot3_navigation2 -DCMAKE_INSTALL_PREFIX=/home/imjunhyung/turtlebot3_ws/install/turtlebot3_navigation2
[1.846s] Invoking command in '/home/imjunhyung/turtlebot3_ws/build/turtlebot3_navigation2': CMAKE_PREFIX_PATH=${CMAKE_PREFIX_PATH}:/opt/ros/foxy /home/imjunhyung/.local/bin/cmake --build /home/imjunhyung/turtlebot3_ws/build/turtlebot3_navigation2 -- -j8 -l8
[1.988s] Invoked command in '/home/imjunhyung/turtlebot3_ws/build/turtlebot3_navigation2' returned '0': CMAKE_PREFIX_PATH=${CMAKE_PREFIX_PATH}:/opt/ros/foxy /home/imjunhyung/.local/bin/cmake --build /home/imjunhyung/turtlebot3_ws/build/turtlebot3_navigation2 -- -j8 -l8
[2.131s] Invoking command in '/home/imjunhyung/turtlebot3_ws/build/turtlebot3_navigation2': CMAKE_PREFIX_PATH=${CMAKE_PREFIX_PATH}:/opt/ros/foxy /home/imjunhyung/.local/bin/cmake --install /home/imjunhyung/turtlebot3_ws/build/turtlebot3_navigation2
[2.196s] -- Install configuration: ""
[2.196s] -- Installing: /home/imjunhyung/turtlebot3_ws/install/turtlebot3_navigation2/share/turtlebot3_navigation2/launch
[2.197s] -- Installing: /home/imjunhyung/turtlebot3_ws/install/turtlebot3_navigation2/share/turtlebot3_navigation2/launch/navigation2.launch.py
[2.197s] -- Installing: /home/imjunhyung/turtlebot3_ws/install/turtlebot3_navigation2/share/turtlebot3_navigation2/map
[2.197s] -- Installing: /home/imjunhyung/turtlebot3_ws/install/turtlebot3_navigation2/share/turtlebot3_navigation2/map/turtlebot3_world.yaml
[2.197s] -- Installing: /home/imjunhyung/turtlebot3_ws/install/turtlebot3_navigation2/share/turtlebot3_navigation2/map/turtlebot3_world.pgm
[2.198s] -- Installing: /home/imjunhyung/turtlebot3_ws/install/turtlebot3_navigation2/share/turtlebot3_navigation2/param
[2.198s] -- Installing: /home/imjunhyung/turtlebot3_ws/install/turtlebot3_navigation2/share/turtlebot3_navigation2/param/waffle_pi.yaml
[2.198s] -- Installing: /home/imjunhyung/turtlebot3_ws/install/turtlebot3_navigation2/share/turtlebot3_navigation2/param/burger.yaml
[2.198s] -- Installing: /home/imjunhyung/turtlebot3_ws/install/turtlebot3_navigation2/share/turtlebot3_navigation2/param/waffle.yaml
[2.199s] -- Installing: /home/imjunhyung/turtlebot3_ws/install/turtlebot3_navigation2/share/turtlebot3_navigation2/rviz
[2.199s] -- Installing: /home/imjunhyung/turtlebot3_ws/install/turtlebot3_navigation2/share/turtlebot3_navigation2/rviz/tb3_navigation2.rviz
[2.199s] -- Installing: /home/imjunhyung/turtlebot3_ws/install/turtlebot3_navigation2/share/ament_index/resource_index/package_run_dependencies/turtlebot3_navigation2
[2.199s] -- Installing: /home/imjunhyung/turtlebot3_ws/install/turtlebot3_navigation2/share/ament_index/resource_index/parent_prefix_path/turtlebot3_navigation2
[2.200s] -- Installing: /home/imjunhyung/turtlebot3_ws/install/turtlebot3_navigation2/share/turtlebot3_navigation2/environment/ament_prefix_path.sh
[2.200s] -- Installing: /home/imjunhyung/turtlebot3_ws/install/turtlebot3_navigation2/share/turtlebot3_navigation2/environment/ament_prefix_path.dsv
[2.200s] -- Installing: /home/imjunhyung/turtlebot3_ws/install/turtlebot3_navigation2/share/turtlebot3_navigation2/environment/path.sh
[2.201s] -- Installing: /home/imjunhyung/turtlebot3_ws/install/turtlebot3_navigation2/share/turtlebot3_navigation2/environment/path.dsv
[2.201s] -- Installing: /home/imjunhyung/turtlebot3_ws/install/turtlebot3_navigation2/share/turtlebot3_navigation2/local_setup.bash
[2.201s] -- Installing: /home/imjunhyung/turtlebot3_ws/install/turtlebot3_navigation2/share/turtlebot3_navigation2/local_setup.sh
[2.201s] -- Installing: /home/imjunhyung/turtlebot3_ws/install/turtlebot3_navigation2/share/turtlebot3_navigation2/local_setup.zsh
[2.202s] -- Installing: /home/imjunhyung/turtlebot3_ws/install/turtlebot3_navigation2/share/turtlebot3_navigation2/local_setup.dsv
[2.202s] -- Installing: /home/imjunhyung/turtlebot3_ws/install/turtlebot3_navigation2/share/turtlebot3_navigation2/package.dsv
[2.202s] -- Installing: /home/imjunhyung/turtlebot3_ws/install/turtlebot3_navigation2/share/ament_index/resource_index/packages/turtlebot3_navigation2
[2.203s] -- Installing: /home/imjunhyung/turtlebot3_ws/install/turtlebot3_navigation2/share/turtlebot3_navigation2/cmake/turtlebot3_navigation2Config.cmake
[2.203s] -- Installing: /home/imjunhyung/turtlebot3_ws/install/turtlebot3_navigation2/share/turtlebot3_navigation2/cmake/turtlebot3_navigation2Config-version.cmake
[2.203s] -- Installing: /home/imjunhyung/turtlebot3_ws/install/turtlebot3_navigation2/share/turtlebot3_navigation2/package.xml
[2.222s] Invoked command in '/home/imjunhyung/turtlebot3_ws/build/turtlebot3_navigation2' returned '0': CMAKE_PREFIX_PATH=${CMAKE_PREFIX_PATH}:/opt/ros/foxy /home/imjunhyung/.local/bin/cmake --install /home/imjunhyung/turtlebot3_ws/build/turtlebot3_navigation2
