[0.076s] Invoking command in '/home/imjunhyung/turtlebot3_ws/build/turtlebot3_gazebo': AMENT_PREFIX_PATH=/home/imjunhyung/turtlebot3_ws/install/turtlebot3_description:${AMENT_PREFIX_PATH} CMAKE_PREFIX_PATH=/home/imjunhyung/turtlebot3_ws/install/turtlebot3_description:/home/imjunhyung/ros2_ws/install/rplidar_ros:/opt/ros/foxy /home/imjunhyung/.local/bin/cmake /home/imjunhyung/turtlebot3_ws/src/turtlebot3_simulations/turtlebot3_gazebo -DCMAKE_INSTALL_PREFIX=/home/imjunhyung/turtlebot3_ws/install/turtlebot3_gazebo
[0.335s] -- The C compiler identification is GNU 9.4.0
[0.460s] -- The CXX compiler identification is GNU 9.4.0
[0.485s] -- Detecting C compiler ABI info
[0.668s] -- Detecting C compiler ABI info - done
[0.699s] -- Check for working C compiler: /usr/bin/cc - skipped
[0.699s] -- Detecting C compile features
[0.700s] -- Detecting C compile features - done
[0.709s] -- Detecting CXX compiler ABI info
[0.834s] -- Detecting CXX compiler ABI info - done
[0.853s] -- Check for working CXX compiler: /usr/bin/c++ - skipped
[0.853s] -- Detecting CXX compile features
[0.854s] -- Detecting CXX compile features - done
[0.858s] -- Found ament_cmake: 0.9.12 (/opt/ros/foxy/share/ament_cmake/cmake)
[0.899s] -- Found PythonInterp: /usr/bin/python3 (found suitable version "3.8.10", minimum required is "3") 
[0.899s] -- Using PYTHON_EXECUTABLE: /usr/bin/python3
[1.483s] [33mCMake Warning (dev) at /home/imjunhyung/.local/lib/python3.8/site-packages/cmake/data/share/cmake-3.26/Modules/FindPackageHandleStandardArgs.cmake:438 (message):
[1.483s]   The package name passed to `find_package_handle_standard_args` (PkgConfig)
[1.483s]   does not match the name of the calling package (gazebo).  This can lead to
[1.483s]   problems in calling code that expects `find_package` result variables
[1.483s]   (e.g., `_FOUND`) to follow a certain pattern.
[1.484s] Call Stack (most recent call first):
[1.484s]   /home/imjunhyung/.local/lib/python3.8/site-packages/cmake/data/share/cmake-3.26/Modules/FindPkgConfig.cmake:99 (find_package_handle_standard_args)
[1.484s]   /usr/lib/x86_64-linux-gnu/cmake/gazebo/gazebo-config.cmake:72 (include)
[1.484s]   CMakeLists.txt:23 (find_package)
[1.485s] This warning is for project developers.  Use -Wno-dev to suppress it.
[1.485s] [0m
[1.485s] -- Found PkgConfig: /usr/bin/pkg-config (found version "0.29.1") 
[1.491s] -- Checking for module 'bullet>=2.82'
[1.516s] --   Found bullet, version 2.88
[2.195s] -- Found ccd: /usr/include (found suitable version "2.0", minimum required is "2.0") 
[2.316s] -- Found fcl: /usr/include (found suitable version "0.5.0", minimum required is "0.3.2") 
[2.456s] -- Found assimp: /usr/include (found version "5.0.0") 
[3.533s] -- Found DART: /usr/include (Required is at least version "6.6") found components: dart 
[4.379s] -- Found Boost: /usr/lib/x86_64-linux-gnu/cmake/Boost-1.71.0/BoostConfig.cmake (found suitable version "1.71.0", minimum required is "1.40.0") found components: thread system filesystem program_options regex iostreams date_time 
[4.687s] -- Found Protobuf: /usr/lib/x86_64-linux-gnu/libprotobuf.so;-lpthread (found version "3.6.1") 
[4.744s] -- Looking for ignition-math6 -- found version 6.13.0
[4.821s] -- Searching for dependencies of ignition-math6
[4.828s] -- Looking for OGRE...
[4.829s] -- OGRE_PREFIX_WATCH changed.
[4.856s] -- Checking for module 'OGRE'
[4.974s] --   Found OGRE, version 1.9.0
[5.305s] -- Found Ogre Ghadamon (1.9.0)
[5.377s] -- Found OGRE: optimized;/usr/lib/x86_64-linux-gnu/libOgreMain.so;debug;/usr/lib/x86_64-linux-gnu/libOgreMain.so
[5.412s] -- Looking for OGRE_Paging...
[5.497s] -- Found OGRE_Paging: optimized;/usr/lib/x86_64-linux-gnu/libOgrePaging.so;debug;/usr/lib/x86_64-linux-gnu/libOgrePaging.so
[5.498s] -- Looking for OGRE_Terrain...
[5.573s] -- Found OGRE_Terrain: optimized;/usr/lib/x86_64-linux-gnu/libOgreTerrain.so;debug;/usr/lib/x86_64-linux-gnu/libOgreTerrain.so
[5.574s] -- Looking for OGRE_Property...
[5.641s] -- Found OGRE_Property: optimized;/usr/lib/x86_64-linux-gnu/libOgreProperty.so;debug;/usr/lib/x86_64-linux-gnu/libOgreProperty.so
[5.641s] -- Looking for OGRE_RTShaderSystem...
[5.706s] -- Found OGRE_RTShaderSystem: optimized;/usr/lib/x86_64-linux-gnu/libOgreRTShaderSystem.so;debug;/usr/lib/x86_64-linux-gnu/libOgreRTShaderSystem.so
[5.707s] -- Looking for OGRE_Volume...
[5.781s] -- Found OGRE_Volume: optimized;/usr/lib/x86_64-linux-gnu/libOgreVolume.so;debug;/usr/lib/x86_64-linux-gnu/libOgreVolume.so
[5.781s] -- Looking for OGRE_Overlay...
[5.857s] -- Found OGRE_Overlay: optimized;/usr/lib/x86_64-linux-gnu/libOgreOverlay.so;debug;/usr/lib/x86_64-linux-gnu/libOgreOverlay.so
[6.971s] -- Looking for ignition-math6 -- found version 6.13.0
[7.000s] -- Looking for ignition-transport8 -- found version 8.3.0
[7.002s] -- Searching for dependencies of ignition-transport8
[7.090s] -- Found Protobuf: /usr/lib/x86_64-linux-gnu/libprotobuf.so;-lpthread (found suitable version "3.6.1", minimum required is "3") 
[7.138s] -- Config-file not installed for ZeroMQ -- checking for pkg-config
[7.161s] -- Checking for module 'libzmq >= 4'
[7.422s] --   Found libzmq , version 4.3.2
[7.816s] -- Found ZeroMQ: TRUE (Required is at least version "4") 
[7.857s] -- Checking for module 'uuid'
[7.986s] --   Found uuid, version 2.34.0
[8.392s] -- Found UUID: TRUE  
[8.462s] -- Looking for ignition-msgs5 -- found version 5.10.0
[8.463s] -- Searching for dependencies of ignition-msgs5
[8.554s] -- Looking for ignition-math6 -- found version 6.13.0
[8.591s] -- Checking for module 'tinyxml2'
[8.749s] --   Found tinyxml2, version 6.2.0
[8.867s] -- Looking for ignition-msgs5 -- found version 5.10.0
[8.902s] -- Looking for ignition-common3 -- found version 3.14.2
[8.903s] -- Searching for dependencies of ignition-common3
[8.905s] -- Looking for dlfcn.h - found
[8.909s] -- Looking for libdl - found
[8.913s] -- Found DL: TRUE  
[8.963s] -- Searching for <ignition-common3> component [graphics]
[8.970s] -- Looking for ignition-common3-graphics -- found version 3.14.2
[8.971s] -- Searching for dependencies of ignition-common3-graphics
[8.972s] -- Looking for ignition-math6 -- found version 6.13.0
[9.003s] -- Looking for ignition-fuel_tools4 -- found version 4.6.0
[9.004s] -- Searching for dependencies of ignition-fuel_tools4
[9.657s] -- Found CURL: /usr/lib/x86_64-linux-gnu/libcurl.so (found version "7.68.0")  
[9.713s] -- Checking for module 'jsoncpp'
[9.830s] --   Found jsoncpp, version 1.7.4
[10.136s] -- Found JSONCPP: TRUE  
[10.183s] -- Checking for module 'libzip'
[10.325s] --   Found libzip, version 1.5.1
[10.665s] -- Found ZIP: TRUE  
[10.681s] -- Looking for ignition-common3 -- found version 3.14.2
[10.682s] -- Looking for ignition-math6 -- found version 6.13.0
[10.683s] -- Looking for ignition-msgs5 -- found version 5.10.0
[10.717s] -- Found gazebo_ros_pkgs: 3.5.3 (/opt/ros/foxy/share/gazebo_ros_pkgs/cmake)
[10.721s] -- Found geometry_msgs: 2.0.5 (/opt/ros/foxy/share/geometry_msgs/cmake)
[10.870s] -- Using all available rosidl_typesupport_c: rosidl_typesupport_fastrtps_c;rosidl_typesupport_introspection_c
[10.903s] -- Found rosidl_adapter: 1.3.1 (/opt/ros/foxy/share/rosidl_adapter/cmake)
[11.565s] -- Found OpenSSL: /usr/lib/x86_64-linux-gnu/libcrypto.so (found version "1.1.1f")  
[11.711s] -- Found FastRTPS: /opt/ros/foxy/include  
[12.089s] -- Using all available rosidl_typesupport_cpp: rosidl_typesupport_fastrtps_cpp;rosidl_typesupport_introspection_cpp
[12.369s] -- Found nav_msgs: 2.0.5 (/opt/ros/foxy/share/nav_msgs/cmake)
[12.585s] -- Found rclcpp: 2.4.3 (/opt/ros/foxy/share/rclcpp/cmake)
[12.711s] -- Found rmw_implementation_cmake: 1.0.4 (/opt/ros/foxy/share/rmw_implementation_cmake/cmake)
[12.715s] -- Using RMW implementation 'rmw_fastrtps_cpp' as default
[12.720s] -- Found Threads: TRUE  
[13.127s] -- Found sensor_msgs: 2.0.5 (/opt/ros/foxy/share/sensor_msgs/cmake)
[13.338s] -- Found tf2: 0.13.14 (/opt/ros/foxy/share/tf2/cmake)
[13.521s] -- Configuring done (13.4s)
[14.149s] -- Generating done (0.6s)
[14.157s] -- Build files have been written to: /home/imjunhyung/turtlebot3_ws/build/turtlebot3_gazebo
[14.195s] Invoked command in '/home/imjunhyung/turtlebot3_ws/build/turtlebot3_gazebo' returned '0': AMENT_PREFIX_PATH=/home/imjunhyung/turtlebot3_ws/install/turtlebot3_description:${AMENT_PREFIX_PATH} CMAKE_PREFIX_PATH=/home/imjunhyung/turtlebot3_ws/install/turtlebot3_description:/home/imjunhyung/ros2_ws/install/rplidar_ros:/opt/ros/foxy /home/imjunhyung/.local/bin/cmake /home/imjunhyung/turtlebot3_ws/src/turtlebot3_simulations/turtlebot3_gazebo -DCMAKE_INSTALL_PREFIX=/home/imjunhyung/turtlebot3_ws/install/turtlebot3_gazebo
[14.197s] Invoking command in '/home/imjunhyung/turtlebot3_ws/build/turtlebot3_gazebo': AMENT_PREFIX_PATH=/home/imjunhyung/turtlebot3_ws/install/turtlebot3_description:${AMENT_PREFIX_PATH} CMAKE_PREFIX_PATH=/home/imjunhyung/turtlebot3_ws/install/turtlebot3_description:/home/imjunhyung/ros2_ws/install/rplidar_ros:/opt/ros/foxy /home/imjunhyung/.local/bin/cmake --build /home/imjunhyung/turtlebot3_ws/build/turtlebot3_gazebo -- -j8 -l8
[14.351s] [ 12%] [32mBuilding CXX object CMakeFiles/obstacle1.dir/models/turtlebot3_dqn_world/obstacle_plugin/obstacle1.cc.o[0m
[14.353s] [ 25%] [32mBuilding CXX object CMakeFiles/obstacle2.dir/models/turtlebot3_dqn_world/obstacle_plugin/obstacle2.cc.o[0m
[14.358s] [ 37%] [32mBuilding CXX object CMakeFiles/turtlebot3_drive.dir/src/turtlebot3_drive.cpp.o[0m
[14.380s] [ 50%] [32mBuilding CXX object CMakeFiles/obstacles.dir/models/turtlebot3_dqn_world/obstacle_plugin/obstacles.cc.o[0m
[28.883s] [ 62%] [32m[1mLinking CXX executable turtlebot3_drive[0m
[29.510s] [ 62%] Built target turtlebot3_drive
[36.310s] [ 75%] [32m[1mLinking CXX shared library libobstacle1.so[0m
[36.450s] [ 87%] [32m[1mLinking CXX shared library libobstacle2.so[0m
[36.612s] [100%] [32m[1mLinking CXX shared library libobstacles.so[0m
[37.824s] [100%] Built target obstacle1
[37.827s] [100%] Built target obstacles
[37.828s] [100%] Built target obstacle2
[37.839s] Invoked command in '/home/imjunhyung/turtlebot3_ws/build/turtlebot3_gazebo' returned '0': AMENT_PREFIX_PATH=/home/imjunhyung/turtlebot3_ws/install/turtlebot3_description:${AMENT_PREFIX_PATH} CMAKE_PREFIX_PATH=/home/imjunhyung/turtlebot3_ws/install/turtlebot3_description:/home/imjunhyung/ros2_ws/install/rplidar_ros:/opt/ros/foxy /home/imjunhyung/.local/bin/cmake --build /home/imjunhyung/turtlebot3_ws/build/turtlebot3_gazebo -- -j8 -l8
[37.918s] Invoking command in '/home/imjunhyung/turtlebot3_ws/build/turtlebot3_gazebo': AMENT_PREFIX_PATH=/home/imjunhyung/turtlebot3_ws/install/turtlebot3_description:${AMENT_PREFIX_PATH} CMAKE_PREFIX_PATH=/home/imjunhyung/turtlebot3_ws/install/turtlebot3_description:/home/imjunhyung/ros2_ws/install/rplidar_ros:/opt/ros/foxy /home/imjunhyung/.local/bin/cmake --install /home/imjunhyung/turtlebot3_ws/build/turtlebot3_gazebo
[37.954s] -- Install configuration: ""
[37.955s] -- Installing: /home/imjunhyung/turtlebot3_ws/install/turtlebot3_gazebo/lib/turtlebot3_gazebo/turtlebot3_drive
[37.958s] -- Set runtime path of "/home/imjunhyung/turtlebot3_ws/install/turtlebot3_gazebo/lib/turtlebot3_gazebo/turtlebot3_drive" to ""
[37.958s] -- Installing: /home/imjunhyung/turtlebot3_ws/install/turtlebot3_gazebo/share/turtlebot3_gazebo//launch
[37.959s] -- Installing: /home/imjunhyung/turtlebot3_ws/install/turtlebot3_gazebo/share/turtlebot3_gazebo//launch/robot_state_publisher.launch.py
[37.959s] -- Installing: /home/imjunhyung/turtlebot3_ws/install/turtlebot3_gazebo/share/turtlebot3_gazebo//launch/turtlebot3_autorace.launch.py
[37.959s] -- Installing: /home/imjunhyung/turtlebot3_ws/install/turtlebot3_gazebo/share/turtlebot3_gazebo//launch/empty_world.launch.py
[37.959s] -- Installing: /home/imjunhyung/turtlebot3_ws/install/turtlebot3_gazebo/share/turtlebot3_gazebo//launch/turtlebot3_dqn_stage2.launch.py
[37.959s] -- Installing: /home/imjunhyung/turtlebot3_ws/install/turtlebot3_gazebo/share/turtlebot3_gazebo//launch/turtlebot3_world.launch.py
[37.959s] -- Installing: /home/imjunhyung/turtlebot3_ws/install/turtlebot3_gazebo/share/turtlebot3_gazebo//launch/turtlebot3_dqn_stage1.launch.py
[37.960s] -- Installing: /home/imjunhyung/turtlebot3_ws/install/turtlebot3_gazebo/share/turtlebot3_gazebo//launch/turtlebot3_dqn_stage3.launch.py
[37.960s] -- Installing: /home/imjunhyung/turtlebot3_ws/install/turtlebot3_gazebo/share/turtlebot3_gazebo//launch/turtlebot3_house.launch.py
[37.960s] -- Installing: /home/imjunhyung/turtlebot3_ws/install/turtlebot3_gazebo/share/turtlebot3_gazebo//launch/turtlebot3_dqn_stage4.launch.py
[37.960s] -- Installing: /home/imjunhyung/turtlebot3_ws/install/turtlebot3_gazebo/share/turtlebot3_gazebo//models
[37.960s] -- Installing: /home/imjunhyung/turtlebot3_ws/install/turtlebot3_gazebo/share/turtlebot3_gazebo//models/turtlebot3_autorace
[37.960s] -- Installing: /home/imjunhyung/turtlebot3_ws/install/turtlebot3_gazebo/share/turtlebot3_gazebo//models/turtlebot3_autorace/traffic_light_yellow
[37.960s] -- Installing: /home/imjunhyung/turtlebot3_ws/install/turtlebot3_gazebo/share/turtlebot3_gazebo//models/turtlebot3_autorace/traffic_light_yellow/model.config
[37.960s] -- Installing: /home/imjunhyung/turtlebot3_ws/install/turtlebot3_gazebo/share/turtlebot3_gazebo//models/turtlebot3_autorace/traffic_light_yellow/model.sdf
[37.960s] -- Installing: /home/imjunhyung/turtlebot3_ws/install/turtlebot3_gazebo/share/turtlebot3_gazebo//models/turtlebot3_autorace/traffic_light_red
[37.961s] -- Installing: /home/imjunhyung/turtlebot3_ws/install/turtlebot3_gazebo/share/turtlebot3_gazebo//models/turtlebot3_autorace/traffic_light_red/model.config
[37.961s] -- Installing: /home/imjunhyung/turtlebot3_ws/install/turtlebot3_gazebo/share/turtlebot3_gazebo//models/turtlebot3_autorace/traffic_light_red/model.sdf
[37.961s] -- Installing: /home/imjunhyung/turtlebot3_ws/install/turtlebot3_gazebo/share/turtlebot3_gazebo//models/turtlebot3_autorace/traffic_bar_up
[37.961s] -- Installing: /home/imjunhyung/turtlebot3_ws/install/turtlebot3_gazebo/share/turtlebot3_gazebo//models/turtlebot3_autorace/traffic_bar_up/model.config
[37.961s] -- Installing: /home/imjunhyung/turtlebot3_ws/install/turtlebot3_gazebo/share/turtlebot3_gazebo//models/turtlebot3_autorace/traffic_bar_up/model.sdf
[37.961s] -- Installing: /home/imjunhyung/turtlebot3_ws/install/turtlebot3_gazebo/share/turtlebot3_gazebo//models/turtlebot3_autorace/traffic_bar_up/materials
[37.961s] -- Installing: /home/imjunhyung/turtlebot3_ws/install/turtlebot3_gazebo/share/turtlebot3_gazebo//models/turtlebot3_autorace/traffic_bar_up/materials/scripts
[37.961s] -- Installing: /home/imjunhyung/turtlebot3_ws/install/turtlebot3_gazebo/share/turtlebot3_gazebo//models/turtlebot3_autorace/traffic_bar_up/materials/scripts/traffic_bar.material
[37.961s] -- Installing: /home/imjunhyung/turtlebot3_ws/install/turtlebot3_gazebo/share/turtlebot3_gazebo//models/turtlebot3_autorace/traffic_bar_up/materials/textures
[37.961s] -- Installing: /home/imjunhyung/turtlebot3_ws/install/turtlebot3_gazebo/share/turtlebot3_gazebo//models/turtlebot3_autorace/traffic_bar_up/materials/textures/traffic_bar.png
[37.962s] -- Installing: /home/imjunhyung/turtlebot3_ws/install/turtlebot3_gazebo/share/turtlebot3_gazebo//models/turtlebot3_autorace/lights
[37.962s] -- Installing: /home/imjunhyung/turtlebot3_ws/install/turtlebot3_gazebo/share/turtlebot3_gazebo//models/turtlebot3_autorace/lights/model.config
[37.962s] -- Installing: /home/imjunhyung/turtlebot3_ws/install/turtlebot3_gazebo/share/turtlebot3_gazebo//models/turtlebot3_autorace/lights/model.sdf
[37.962s] -- Installing: /home/imjunhyung/turtlebot3_ws/install/turtlebot3_gazebo/share/turtlebot3_gazebo//models/turtlebot3_autorace/model.config
[37.962s] -- Installing: /home/imjunhyung/turtlebot3_ws/install/turtlebot3_gazebo/share/turtlebot3_gazebo//models/turtlebot3_autorace/traffic_stop
[37.962s] -- Installing: /home/imjunhyung/turtlebot3_ws/install/turtlebot3_gazebo/share/turtlebot3_gazebo//models/turtlebot3_autorace/traffic_stop/model.config
[37.962s] -- Installing: /home/imjunhyung/turtlebot3_ws/install/turtlebot3_gazebo/share/turtlebot3_gazebo//models/turtlebot3_autorace/traffic_stop/model.sdf
[37.962s] -- Installing: /home/imjunhyung/turtlebot3_ws/install/turtlebot3_gazebo/share/turtlebot3_gazebo//models/turtlebot3_autorace/traffic_stop/materials
[37.962s] -- Installing: /home/imjunhyung/turtlebot3_ws/install/turtlebot3_gazebo/share/turtlebot3_gazebo//models/turtlebot3_autorace/traffic_stop/materials/scripts
[37.963s] -- Installing: /home/imjunhyung/turtlebot3_ws/install/turtlebot3_gazebo/share/turtlebot3_gazebo//models/turtlebot3_autorace/traffic_stop/materials/scripts/traffic_stop.material
[37.963s] -- Installing: /home/imjunhyung/turtlebot3_ws/install/turtlebot3_gazebo/share/turtlebot3_gazebo//models/turtlebot3_autorace/traffic_stop/materials/textures
[37.963s] -- Installing: /home/imjunhyung/turtlebot3_ws/install/turtlebot3_gazebo/share/turtlebot3_gazebo//models/turtlebot3_autorace/traffic_stop/materials/textures/traffic_stop.png
[37.963s] -- Installing: /home/imjunhyung/turtlebot3_ws/install/turtlebot3_gazebo/share/turtlebot3_gazebo//models/turtlebot3_autorace/ground
[37.963s] -- Installing: /home/imjunhyung/turtlebot3_ws/install/turtlebot3_gazebo/share/turtlebot3_gazebo//models/turtlebot3_autorace/ground/model.config
[37.963s] -- Installing: /home/imjunhyung/turtlebot3_ws/install/turtlebot3_gazebo/share/turtlebot3_gazebo//models/turtlebot3_autorace/ground/model.sdf
[37.963s] -- Installing: /home/imjunhyung/turtlebot3_ws/install/turtlebot3_gazebo/share/turtlebot3_gazebo//models/turtlebot3_autorace/traffic_light_green
[37.963s] -- Installing: /home/imjunhyung/turtlebot3_ws/install/turtlebot3_gazebo/share/turtlebot3_gazebo//models/turtlebot3_autorace/traffic_light_green/model.config
[37.964s] -- Installing: /home/imjunhyung/turtlebot3_ws/install/turtlebot3_gazebo/share/turtlebot3_gazebo//models/turtlebot3_autorace/traffic_light_green/model.sdf
[37.964s] -- Installing: /home/imjunhyung/turtlebot3_ws/install/turtlebot3_gazebo/share/turtlebot3_gazebo//models/turtlebot3_autorace/tunnel_obstacles
[37.964s] -- Installing: /home/imjunhyung/turtlebot3_ws/install/turtlebot3_gazebo/share/turtlebot3_gazebo//models/turtlebot3_autorace/tunnel_obstacles/model.config
[37.964s] -- Installing: /home/imjunhyung/turtlebot3_ws/install/turtlebot3_gazebo/share/turtlebot3_gazebo//models/turtlebot3_autorace/tunnel_obstacles/model.sdf
[37.964s] -- Installing: /home/imjunhyung/turtlebot3_ws/install/turtlebot3_gazebo/share/turtlebot3_gazebo//models/turtlebot3_autorace/course
[37.964s] -- Installing: /home/imjunhyung/turtlebot3_ws/install/turtlebot3_gazebo/share/turtlebot3_gazebo//models/turtlebot3_autorace/course/model.config
[37.964s] -- Installing: /home/imjunhyung/turtlebot3_ws/install/turtlebot3_gazebo/share/turtlebot3_gazebo//models/turtlebot3_autorace/course/model.sdf
[37.964s] -- Installing: /home/imjunhyung/turtlebot3_ws/install/turtlebot3_gazebo/share/turtlebot3_gazebo//models/turtlebot3_autorace/course/materials
[37.965s] -- Installing: /home/imjunhyung/turtlebot3_ws/install/turtlebot3_gazebo/share/turtlebot3_gazebo//models/turtlebot3_autorace/course/materials/scripts
[37.965s] -- Installing: /home/imjunhyung/turtlebot3_ws/install/turtlebot3_gazebo/share/turtlebot3_gazebo//models/turtlebot3_autorace/course/materials/scripts/course.material
[37.965s] -- Installing: /home/imjunhyung/turtlebot3_ws/install/turtlebot3_gazebo/share/turtlebot3_gazebo//models/turtlebot3_autorace/course/materials/textures
[37.965s] -- Installing: /home/imjunhyung/turtlebot3_ws/install/turtlebot3_gazebo/share/turtlebot3_gazebo//models/turtlebot3_autorace/course/materials/textures/course.png
[37.965s] -- Installing: /home/imjunhyung/turtlebot3_ws/install/turtlebot3_gazebo/share/turtlebot3_gazebo//models/turtlebot3_autorace/traffic_tunnel
[37.966s] -- Installing: /home/imjunhyung/turtlebot3_ws/install/turtlebot3_gazebo/share/turtlebot3_gazebo//models/turtlebot3_autorace/traffic_tunnel/model.config
[37.966s] -- Installing: /home/imjunhyung/turtlebot3_ws/install/turtlebot3_gazebo/share/turtlebot3_gazebo//models/turtlebot3_autorace/traffic_tunnel/model.sdf
[37.966s] -- Installing: /home/imjunhyung/turtlebot3_ws/install/turtlebot3_gazebo/share/turtlebot3_gazebo//models/turtlebot3_autorace/traffic_tunnel/materials
[37.966s] -- Installing: /home/imjunhyung/turtlebot3_ws/install/turtlebot3_gazebo/share/turtlebot3_gazebo//models/turtlebot3_autorace/traffic_tunnel/materials/scripts
[37.966s] -- Installing: /home/imjunhyung/turtlebot3_ws/install/turtlebot3_gazebo/share/turtlebot3_gazebo//models/turtlebot3_autorace/traffic_tunnel/materials/scripts/tunnel.material
[37.966s] -- Installing: /home/imjunhyung/turtlebot3_ws/install/turtlebot3_gazebo/share/turtlebot3_gazebo//models/turtlebot3_autorace/traffic_tunnel/materials/textures
[37.966s] -- Installing: /home/imjunhyung/turtlebot3_ws/install/turtlebot3_gazebo/share/turtlebot3_gazebo//models/turtlebot3_autorace/traffic_tunnel/materials/textures/tunnel.png
[37.966s] -- Installing: /home/imjunhyung/turtlebot3_ws/install/turtlebot3_gazebo/share/turtlebot3_gazebo//models/turtlebot3_autorace/traffic_parking
[37.967s] -- Installing: /home/imjunhyung/turtlebot3_ws/install/turtlebot3_gazebo/share/turtlebot3_gazebo//models/turtlebot3_autorace/traffic_parking/model.config
[37.967s] -- Installing: /home/imjunhyung/turtlebot3_ws/install/turtlebot3_gazebo/share/turtlebot3_gazebo//models/turtlebot3_autorace/traffic_parking/model.sdf
[37.967s] -- Installing: /home/imjunhyung/turtlebot3_ws/install/turtlebot3_gazebo/share/turtlebot3_gazebo//models/turtlebot3_autorace/traffic_parking/materials
[37.967s] -- Installing: /home/imjunhyung/turtlebot3_ws/install/turtlebot3_gazebo/share/turtlebot3_gazebo//models/turtlebot3_autorace/traffic_parking/materials/scripts
[37.967s] -- Installing: /home/imjunhyung/turtlebot3_ws/install/turtlebot3_gazebo/share/turtlebot3_gazebo//models/turtlebot3_autorace/traffic_parking/materials/scripts/traffic_parking.material
[37.967s] -- Installing: /home/imjunhyung/turtlebot3_ws/install/turtlebot3_gazebo/share/turtlebot3_gazebo//models/turtlebot3_autorace/traffic_parking/materials/textures
[37.967s] -- Installing: /home/imjunhyung/turtlebot3_ws/install/turtlebot3_gazebo/share/turtlebot3_gazebo//models/turtlebot3_autorace/traffic_parking/materials/textures/traffic_parking.png
[37.967s] -- Installing: /home/imjunhyung/turtlebot3_ws/install/turtlebot3_gazebo/share/turtlebot3_gazebo//models/turtlebot3_autorace/traffic_bar_down
[37.968s] -- Installing: /home/imjunhyung/turtlebot3_ws/install/turtlebot3_gazebo/share/turtlebot3_gazebo//models/turtlebot3_autorace/traffic_bar_down/model.config
[37.968s] -- Installing: /home/imjunhyung/turtlebot3_ws/install/turtlebot3_gazebo/share/turtlebot3_gazebo//models/turtlebot3_autorace/traffic_bar_down/model.sdf
[37.968s] -- Installing: /home/imjunhyung/turtlebot3_ws/install/turtlebot3_gazebo/share/turtlebot3_gazebo//models/turtlebot3_autorace/traffic_bar_down/materials
[37.968s] -- Installing: /home/imjunhyung/turtlebot3_ws/install/turtlebot3_gazebo/share/turtlebot3_gazebo//models/turtlebot3_autorace/traffic_bar_down/materials/scripts
[37.968s] -- Installing: /home/imjunhyung/turtlebot3_ws/install/turtlebot3_gazebo/share/turtlebot3_gazebo//models/turtlebot3_autorace/traffic_bar_down/materials/scripts/traffic_bar.material
[37.968s] -- Installing: /home/imjunhyung/turtlebot3_ws/install/turtlebot3_gazebo/share/turtlebot3_gazebo//models/turtlebot3_autorace/traffic_bar_down/materials/textures
[37.968s] -- Installing: /home/imjunhyung/turtlebot3_ws/install/turtlebot3_gazebo/share/turtlebot3_gazebo//models/turtlebot3_autorace/traffic_bar_down/materials/textures/traffic_bar.png
[37.968s] -- Installing: /home/imjunhyung/turtlebot3_ws/install/turtlebot3_gazebo/share/turtlebot3_gazebo//models/turtlebot3_autorace/tunnel_wall
[37.969s] -- Installing: /home/imjunhyung/turtlebot3_ws/install/turtlebot3_gazebo/share/turtlebot3_gazebo//models/turtlebot3_autorace/tunnel_wall/model.config
[37.969s] -- Installing: /home/imjunhyung/turtlebot3_ws/install/turtlebot3_gazebo/share/turtlebot3_gazebo//models/turtlebot3_autorace/tunnel_wall/model.sdf
[37.969s] -- Installing: /home/imjunhyung/turtlebot3_ws/install/turtlebot3_gazebo/share/turtlebot3_gazebo//models/turtlebot3_house
[37.969s] -- Installing: /home/imjunhyung/turtlebot3_ws/install/turtlebot3_gazebo/share/turtlebot3_gazebo//models/turtlebot3_house/model.config
[37.969s] -- Installing: /home/imjunhyung/turtlebot3_ws/install/turtlebot3_gazebo/share/turtlebot3_gazebo//models/turtlebot3_house/model.sdf
[37.969s] -- Installing: /home/imjunhyung/turtlebot3_ws/install/turtlebot3_gazebo/share/turtlebot3_gazebo//models/turtlebot3_burger
[37.969s] -- Installing: /home/imjunhyung/turtlebot3_ws/install/turtlebot3_gazebo/share/turtlebot3_gazebo//models/turtlebot3_burger/model.config
[37.970s] -- Installing: /home/imjunhyung/turtlebot3_ws/install/turtlebot3_gazebo/share/turtlebot3_gazebo//models/turtlebot3_burger/model.sdf
[37.970s] -- Installing: /home/imjunhyung/turtlebot3_ws/install/turtlebot3_gazebo/share/turtlebot3_gazebo//models/turtlebot3_burger/model-1_4.sdf
[37.970s] -- Installing: /home/imjunhyung/turtlebot3_ws/install/turtlebot3_gazebo/share/turtlebot3_gazebo//models/turtlebot3_burger/meshes
[37.970s] -- Installing: /home/imjunhyung/turtlebot3_ws/install/turtlebot3_gazebo/share/turtlebot3_gazebo//models/turtlebot3_burger/meshes/tire.dae
[37.970s] -- Installing: /home/imjunhyung/turtlebot3_ws/install/turtlebot3_gazebo/share/turtlebot3_gazebo//models/turtlebot3_burger/meshes/lds.dae
[37.970s] -- Installing: /home/imjunhyung/turtlebot3_ws/install/turtlebot3_gazebo/share/turtlebot3_gazebo//models/turtlebot3_burger/meshes/burger_base.dae
[37.970s] -- Installing: /home/imjunhyung/turtlebot3_ws/install/turtlebot3_gazebo/share/turtlebot3_gazebo//models/turtlebot3_world
[37.971s] -- Installing: /home/imjunhyung/turtlebot3_ws/install/turtlebot3_gazebo/share/turtlebot3_gazebo//models/turtlebot3_world/model.config
[37.971s] -- Installing: /home/imjunhyung/turtlebot3_ws/install/turtlebot3_gazebo/share/turtlebot3_gazebo//models/turtlebot3_world/model.sdf
[37.971s] -- Installing: /home/imjunhyung/turtlebot3_ws/install/turtlebot3_gazebo/share/turtlebot3_gazebo//models/turtlebot3_world/model-1_4.sdf
[37.971s] -- Installing: /home/imjunhyung/turtlebot3_ws/install/turtlebot3_gazebo/share/turtlebot3_gazebo//models/turtlebot3_world/meshes
[37.971s] -- Installing: /home/imjunhyung/turtlebot3_ws/install/turtlebot3_gazebo/share/turtlebot3_gazebo//models/turtlebot3_world/meshes/wall.dae
[37.971s] -- Installing: /home/imjunhyung/turtlebot3_ws/install/turtlebot3_gazebo/share/turtlebot3_gazebo//models/turtlebot3_world/meshes/hexagon.dae
[37.971s] -- Installing: /home/imjunhyung/turtlebot3_ws/install/turtlebot3_gazebo/share/turtlebot3_gazebo//models/turtlebot3_dqn_world
[37.972s] -- Installing: /home/imjunhyung/turtlebot3_ws/install/turtlebot3_gazebo/share/turtlebot3_gazebo//models/turtlebot3_dqn_world/inner_walls
[37.972s] -- Installing: /home/imjunhyung/turtlebot3_ws/install/turtlebot3_gazebo/share/turtlebot3_gazebo//models/turtlebot3_dqn_world/inner_walls/model.config
[37.972s] -- Installing: /home/imjunhyung/turtlebot3_ws/install/turtlebot3_gazebo/share/turtlebot3_gazebo//models/turtlebot3_dqn_world/inner_walls/model.sdf
[37.972s] -- Installing: /home/imjunhyung/turtlebot3_ws/install/turtlebot3_gazebo/share/turtlebot3_gazebo//models/turtlebot3_dqn_world/model.config
[37.972s] -- Installing: /home/imjunhyung/turtlebot3_ws/install/turtlebot3_gazebo/share/turtlebot3_gazebo//models/turtlebot3_dqn_world/model.sdf
[37.972s] -- Installing: /home/imjunhyung/turtlebot3_ws/install/turtlebot3_gazebo/share/turtlebot3_gazebo//models/turtlebot3_dqn_world/obstacles
[37.972s] -- Installing: /home/imjunhyung/turtlebot3_ws/install/turtlebot3_gazebo/share/turtlebot3_gazebo//models/turtlebot3_dqn_world/obstacles/model.config
[37.972s] -- Installing: /home/imjunhyung/turtlebot3_ws/install/turtlebot3_gazebo/share/turtlebot3_gazebo//models/turtlebot3_dqn_world/obstacles/model.sdf
[37.973s] -- Installing: /home/imjunhyung/turtlebot3_ws/install/turtlebot3_gazebo/share/turtlebot3_gazebo//models/turtlebot3_dqn_world/obstacle1
[37.973s] -- Installing: /home/imjunhyung/turtlebot3_ws/install/turtlebot3_gazebo/share/turtlebot3_gazebo//models/turtlebot3_dqn_world/obstacle1/model.config
[37.973s] -- Installing: /home/imjunhyung/turtlebot3_ws/install/turtlebot3_gazebo/share/turtlebot3_gazebo//models/turtlebot3_dqn_world/obstacle1/model.sdf
[37.973s] -- Installing: /home/imjunhyung/turtlebot3_ws/install/turtlebot3_gazebo/share/turtlebot3_gazebo//models/turtlebot3_dqn_world/obstacle2
[37.973s] -- Installing: /home/imjunhyung/turtlebot3_ws/install/turtlebot3_gazebo/share/turtlebot3_gazebo//models/turtlebot3_dqn_world/obstacle2/model.config
[37.973s] -- Installing: /home/imjunhyung/turtlebot3_ws/install/turtlebot3_gazebo/share/turtlebot3_gazebo//models/turtlebot3_dqn_world/obstacle2/model.sdf
[37.973s] -- Installing: /home/imjunhyung/turtlebot3_ws/install/turtlebot3_gazebo/share/turtlebot3_gazebo//models/turtlebot3_dqn_world/obstacle_plugin
[37.973s] -- Installing: /home/imjunhyung/turtlebot3_ws/install/turtlebot3_gazebo/share/turtlebot3_gazebo//models/turtlebot3_dqn_world/obstacle_plugin/CMakeLists.txt
[37.973s] -- Installing: /home/imjunhyung/turtlebot3_ws/install/turtlebot3_gazebo/share/turtlebot3_gazebo//models/turtlebot3_dqn_world/obstacle_plugin/obstacle2.cc
[37.974s] -- Installing: /home/imjunhyung/turtlebot3_ws/install/turtlebot3_gazebo/share/turtlebot3_gazebo//models/turtlebot3_dqn_world/obstacle_plugin/obstacles.cc
[37.974s] -- Installing: /home/imjunhyung/turtlebot3_ws/install/turtlebot3_gazebo/share/turtlebot3_gazebo//models/turtlebot3_dqn_world/obstacle_plugin/obstacle1.cc
[37.974s] -- Installing: /home/imjunhyung/turtlebot3_ws/install/turtlebot3_gazebo/share/turtlebot3_gazebo//models/turtlebot3_dqn_world/goal_box
[37.974s] -- Installing: /home/imjunhyung/turtlebot3_ws/install/turtlebot3_gazebo/share/turtlebot3_gazebo//models/turtlebot3_dqn_world/goal_box/model.config
[37.974s] -- Installing: /home/imjunhyung/turtlebot3_ws/install/turtlebot3_gazebo/share/turtlebot3_gazebo//models/turtlebot3_dqn_world/goal_box/model.sdf
[37.974s] -- Installing: /home/imjunhyung/turtlebot3_ws/install/turtlebot3_gazebo/share/turtlebot3_gazebo//models/turtlebot3_waffle_pi
[37.974s] -- Installing: /home/imjunhyung/turtlebot3_ws/install/turtlebot3_gazebo/share/turtlebot3_gazebo//models/turtlebot3_waffle_pi/model.config
[37.974s] -- Installing: /home/imjunhyung/turtlebot3_ws/install/turtlebot3_gazebo/share/turtlebot3_gazebo//models/turtlebot3_waffle_pi/model.sdf
[37.975s] -- Installing: /home/imjunhyung/turtlebot3_ws/install/turtlebot3_gazebo/share/turtlebot3_gazebo//models/turtlebot3_waffle_pi/model-1_4_.sdf
[37.975s] -- Installing: /home/imjunhyung/turtlebot3_ws/install/turtlebot3_gazebo/share/turtlebot3_gazebo//models/turtlebot3_waffle_pi/meshes
[37.975s] -- Installing: /home/imjunhyung/turtlebot3_ws/install/turtlebot3_gazebo/share/turtlebot3_gazebo//models/turtlebot3_waffle_pi/meshes/tire.dae
[37.975s] -- Installing: /home/imjunhyung/turtlebot3_ws/install/turtlebot3_gazebo/share/turtlebot3_gazebo//models/turtlebot3_waffle_pi/meshes/lds.dae
[37.975s] -- Installing: /home/imjunhyung/turtlebot3_ws/install/turtlebot3_gazebo/share/turtlebot3_gazebo//models/turtlebot3_waffle_pi/meshes/waffle_pi_base.dae
[37.975s] -- Installing: /home/imjunhyung/turtlebot3_ws/install/turtlebot3_gazebo/share/turtlebot3_gazebo//models/turtlebot3_waffle
[37.975s] -- Installing: /home/imjunhyung/turtlebot3_ws/install/turtlebot3_gazebo/share/turtlebot3_gazebo//models/turtlebot3_waffle/model.config
[37.976s] -- Installing: /home/imjunhyung/turtlebot3_ws/install/turtlebot3_gazebo/share/turtlebot3_gazebo//models/turtlebot3_waffle/model.sdf
[37.976s] -- Installing: /home/imjunhyung/turtlebot3_ws/install/turtlebot3_gazebo/share/turtlebot3_gazebo//models/turtlebot3_waffle/model-1_4.sdf
[37.976s] -- Installing: /home/imjunhyung/turtlebot3_ws/install/turtlebot3_gazebo/share/turtlebot3_gazebo//models/turtlebot3_waffle/meshes
[37.976s] -- Installing: /home/imjunhyung/turtlebot3_ws/install/turtlebot3_gazebo/share/turtlebot3_gazebo//models/turtlebot3_waffle/meshes/tire.dae
[37.976s] -- Installing: /home/imjunhyung/turtlebot3_ws/install/turtlebot3_gazebo/share/turtlebot3_gazebo//models/turtlebot3_waffle/meshes/waffle_base.dae
[37.976s] -- Installing: /home/imjunhyung/turtlebot3_ws/install/turtlebot3_gazebo/share/turtlebot3_gazebo//models/turtlebot3_waffle/meshes/lds.dae
[37.976s] -- Installing: /home/imjunhyung/turtlebot3_ws/install/turtlebot3_gazebo/share/turtlebot3_gazebo//models/turtlebot3_waffle/meshes/r200.dae
[37.977s] -- Installing: /home/imjunhyung/turtlebot3_ws/install/turtlebot3_gazebo/share/turtlebot3_gazebo//rviz
[37.977s] -- Installing: /home/imjunhyung/turtlebot3_ws/install/turtlebot3_gazebo/share/turtlebot3_gazebo//rviz/tb3_gazebo.rviz
[37.977s] -- Installing: /home/imjunhyung/turtlebot3_ws/install/turtlebot3_gazebo/share/turtlebot3_gazebo//worlds
[37.977s] -- Installing: /home/imjunhyung/turtlebot3_ws/install/turtlebot3_gazebo/share/turtlebot3_gazebo//worlds/turtlebot3_houses
[37.978s] -- Installing: /home/imjunhyung/turtlebot3_ws/install/turtlebot3_gazebo/share/turtlebot3_gazebo//worlds/turtlebot3_houses/burger.model
[37.978s] -- Installing: /home/imjunhyung/turtlebot3_ws/install/turtlebot3_gazebo/share/turtlebot3_gazebo//worlds/turtlebot3_houses/waffle.model
[37.978s] -- Installing: /home/imjunhyung/turtlebot3_ws/install/turtlebot3_gazebo/share/turtlebot3_gazebo//worlds/turtlebot3_houses/waffle_pi.model
[37.978s] -- Installing: /home/imjunhyung/turtlebot3_ws/install/turtlebot3_gazebo/share/turtlebot3_gazebo//worlds/turtlebot3_dqn_stage3
[37.978s] -- Installing: /home/imjunhyung/turtlebot3_ws/install/turtlebot3_gazebo/share/turtlebot3_gazebo//worlds/turtlebot3_dqn_stage3/burger.model
[37.978s] -- Installing: /home/imjunhyung/turtlebot3_ws/install/turtlebot3_gazebo/share/turtlebot3_gazebo//worlds/turtlebot3_dqn_stage3/waffle.model
[37.978s] -- Installing: /home/imjunhyung/turtlebot3_ws/install/turtlebot3_gazebo/share/turtlebot3_gazebo//worlds/turtlebot3_dqn_stage3/waffle_pi.model
[37.978s] -- Installing: /home/imjunhyung/turtlebot3_ws/install/turtlebot3_gazebo/share/turtlebot3_gazebo//worlds/turtlebot3_worlds
[37.979s] -- Installing: /home/imjunhyung/turtlebot3_ws/install/turtlebot3_gazebo/share/turtlebot3_gazebo//worlds/turtlebot3_worlds/burger.model
[37.979s] -- Installing: /home/imjunhyung/turtlebot3_ws/install/turtlebot3_gazebo/share/turtlebot3_gazebo//worlds/turtlebot3_worlds/waffle.model
[37.979s] -- Installing: /home/imjunhyung/turtlebot3_ws/install/turtlebot3_gazebo/share/turtlebot3_gazebo//worlds/turtlebot3_worlds/waffle_pi.model
[37.979s] -- Installing: /home/imjunhyung/turtlebot3_ws/install/turtlebot3_gazebo/share/turtlebot3_gazebo//worlds/turtlebot3_dqn_stage1
[37.979s] -- Installing: /home/imjunhyung/turtlebot3_ws/install/turtlebot3_gazebo/share/turtlebot3_gazebo//worlds/turtlebot3_dqn_stage1/burger.model
[37.979s] -- Installing: /home/imjunhyung/turtlebot3_ws/install/turtlebot3_gazebo/share/turtlebot3_gazebo//worlds/turtlebot3_dqn_stage1/waffle.model
[37.980s] -- Installing: /home/imjunhyung/turtlebot3_ws/install/turtlebot3_gazebo/share/turtlebot3_gazebo//worlds/turtlebot3_dqn_stage1/waffle_pi.model
[37.980s] -- Installing: /home/imjunhyung/turtlebot3_ws/install/turtlebot3_gazebo/share/turtlebot3_gazebo//worlds/turtlebot3_dqn_stage4
[37.980s] -- Installing: /home/imjunhyung/turtlebot3_ws/install/turtlebot3_gazebo/share/turtlebot3_gazebo//worlds/turtlebot3_dqn_stage4/burger.model
[37.980s] -- Installing: /home/imjunhyung/turtlebot3_ws/install/turtlebot3_gazebo/share/turtlebot3_gazebo//worlds/turtlebot3_dqn_stage4/waffle.model
[37.980s] -- Installing: /home/imjunhyung/turtlebot3_ws/install/turtlebot3_gazebo/share/turtlebot3_gazebo//worlds/turtlebot3_dqn_stage4/waffle_pi.model
[37.980s] -- Installing: /home/imjunhyung/turtlebot3_ws/install/turtlebot3_gazebo/share/turtlebot3_gazebo//worlds/turtlebot3_autoraces
[37.980s] -- Installing: /home/imjunhyung/turtlebot3_ws/install/turtlebot3_gazebo/share/turtlebot3_gazebo//worlds/turtlebot3_autoraces/burger.model
[37.981s] -- Installing: /home/imjunhyung/turtlebot3_ws/install/turtlebot3_gazebo/share/turtlebot3_gazebo//worlds/turtlebot3_autoraces/waffle.model
[37.981s] -- Installing: /home/imjunhyung/turtlebot3_ws/install/turtlebot3_gazebo/share/turtlebot3_gazebo//worlds/turtlebot3_autoraces/waffle_pi.model
[37.981s] -- Installing: /home/imjunhyung/turtlebot3_ws/install/turtlebot3_gazebo/share/turtlebot3_gazebo//worlds/turtlebot3_dqn_stage2
[37.981s] -- Installing: /home/imjunhyung/turtlebot3_ws/install/turtlebot3_gazebo/share/turtlebot3_gazebo//worlds/turtlebot3_dqn_stage2/burger.model
[37.981s] -- Installing: /home/imjunhyung/turtlebot3_ws/install/turtlebot3_gazebo/share/turtlebot3_gazebo//worlds/turtlebot3_dqn_stage2/waffle.model
[37.981s] -- Installing: /home/imjunhyung/turtlebot3_ws/install/turtlebot3_gazebo/share/turtlebot3_gazebo//worlds/turtlebot3_dqn_stage2/waffle_pi.model
[37.981s] -- Installing: /home/imjunhyung/turtlebot3_ws/install/turtlebot3_gazebo/share/turtlebot3_gazebo//worlds/empty_worlds
[37.982s] -- Installing: /home/imjunhyung/turtlebot3_ws/install/turtlebot3_gazebo/share/turtlebot3_gazebo//worlds/empty_worlds/burger.model
[37.982s] -- Installing: /home/imjunhyung/turtlebot3_ws/install/turtlebot3_gazebo/share/turtlebot3_gazebo//worlds/empty_worlds/waffle.model
[37.982s] -- Installing: /home/imjunhyung/turtlebot3_ws/install/turtlebot3_gazebo/share/turtlebot3_gazebo//worlds/empty_worlds/waffle_pi.model
[37.982s] -- Installing: /home/imjunhyung/turtlebot3_ws/install/turtlebot3_gazebo/include/
[37.982s] -- Installing: /home/imjunhyung/turtlebot3_ws/install/turtlebot3_gazebo/include//turtlebot3_gazebo
[37.982s] -- Installing: /home/imjunhyung/turtlebot3_ws/install/turtlebot3_gazebo/include//turtlebot3_gazebo/turtlebot3_drive.hpp
[37.983s] -- Installing: /home/imjunhyung/turtlebot3_ws/install/turtlebot3_gazebo/share/ament_index/resource_index/package_run_dependencies/turtlebot3_gazebo
[37.983s] -- Installing: /home/imjunhyung/turtlebot3_ws/install/turtlebot3_gazebo/share/ament_index/resource_index/parent_prefix_path/turtlebot3_gazebo
[37.983s] -- Installing: /home/imjunhyung/turtlebot3_ws/install/turtlebot3_gazebo/share/turtlebot3_gazebo/environment/ament_prefix_path.sh
[37.983s] -- Installing: /home/imjunhyung/turtlebot3_ws/install/turtlebot3_gazebo/share/turtlebot3_gazebo/environment/ament_prefix_path.dsv
[37.983s] -- Installing: /home/imjunhyung/turtlebot3_ws/install/turtlebot3_gazebo/share/turtlebot3_gazebo/environment/path.sh
[37.983s] -- Installing: /home/imjunhyung/turtlebot3_ws/install/turtlebot3_gazebo/share/turtlebot3_gazebo/environment/path.dsv
[37.983s] -- Installing: /home/imjunhyung/turtlebot3_ws/install/turtlebot3_gazebo/share/turtlebot3_gazebo/local_setup.bash
[37.984s] -- Installing: /home/imjunhyung/turtlebot3_ws/install/turtlebot3_gazebo/share/turtlebot3_gazebo/local_setup.sh
[37.984s] -- Installing: /home/imjunhyung/turtlebot3_ws/install/turtlebot3_gazebo/share/turtlebot3_gazebo/local_setup.zsh
[37.984s] -- Installing: /home/imjunhyung/turtlebot3_ws/install/turtlebot3_gazebo/share/turtlebot3_gazebo/local_setup.dsv
[37.984s] -- Installing: /home/imjunhyung/turtlebot3_ws/install/turtlebot3_gazebo/share/turtlebot3_gazebo/package.dsv
[37.984s] -- Installing: /home/imjunhyung/turtlebot3_ws/install/turtlebot3_gazebo/share/ament_index/resource_index/packages/turtlebot3_gazebo
[37.984s] -- Installing: /home/imjunhyung/turtlebot3_ws/install/turtlebot3_gazebo/share/turtlebot3_gazebo/cmake/ament_cmake_export_include_directories-extras.cmake
[37.984s] -- Installing: /home/imjunhyung/turtlebot3_ws/install/turtlebot3_gazebo/share/turtlebot3_gazebo/cmake/ament_cmake_export_dependencies-extras.cmake
[37.984s] -- Installing: /home/imjunhyung/turtlebot3_ws/install/turtlebot3_gazebo/share/turtlebot3_gazebo/cmake/turtlebot3_gazeboConfig.cmake
[37.985s] -- Installing: /home/imjunhyung/turtlebot3_ws/install/turtlebot3_gazebo/share/turtlebot3_gazebo/cmake/turtlebot3_gazeboConfig-version.cmake
[37.985s] -- Installing: /home/imjunhyung/turtlebot3_ws/install/turtlebot3_gazebo/share/turtlebot3_gazebo/package.xml
[38.506s] Invoked command in '/home/imjunhyung/turtlebot3_ws/build/turtlebot3_gazebo' returned '0': AMENT_PREFIX_PATH=/home/imjunhyung/turtlebot3_ws/install/turtlebot3_description:${AMENT_PREFIX_PATH} CMAKE_PREFIX_PATH=/home/imjunhyung/turtlebot3_ws/install/turtlebot3_description:/home/imjunhyung/ros2_ws/install/rplidar_ros:/opt/ros/foxy /home/imjunhyung/.local/bin/cmake --install /home/imjunhyung/turtlebot3_ws/build/turtlebot3_gazebo
