[1.878s] Invoking command in '/home/imjunhyung/turtlebot3_ws/src/roi': PYTHONPATH=/home/imjunhyung/turtlebot3_ws/build/roi/prefix_override:/home/imjunhyung/turtlebot3_ws/install/roi/lib/python3.8/site-packages:${PYTHONPATH} /usr/bin/python3 setup.py egg_info --egg-base ../../build/roi build --build-base /home/imjunhyung/turtlebot3_ws/build/roi/build install --record /home/imjunhyung/turtlebot3_ws/build/roi/install.log --install-scripts $base/lib/roi --single-version-externally-managed
[2.374s] running egg_info
[2.375s] creating ../../build/roi/roi.egg-info
[2.376s] writing ../../build/roi/roi.egg-info/PKG-INFO
[2.376s] writing dependency_links to ../../build/roi/roi.egg-info/dependency_links.txt
[2.376s] writing entry points to ../../build/roi/roi.egg-info/entry_points.txt
[2.377s] writing requirements to ../../build/roi/roi.egg-info/requires.txt
[2.377s] writing top-level names to ../../build/roi/roi.egg-info/top_level.txt
[2.380s] writing manifest file '../../build/roi/roi.egg-info/SOURCES.txt'
[2.473s] reading manifest file '../../build/roi/roi.egg-info/SOURCES.txt'
[2.475s] writing manifest file '../../build/roi/roi.egg-info/SOURCES.txt'
[2.475s] running build
[2.475s] running build_py
[2.475s] creating /home/imjunhyung/turtlebot3_ws/build/roi/build
[2.476s] creating /home/imjunhyung/turtlebot3_ws/build/roi/build/lib
[2.476s] creating /home/imjunhyung/turtlebot3_ws/build/roi/build/lib/roi
[2.476s] copying roi/__init__.py -> /home/imjunhyung/turtlebot3_ws/build/roi/build/lib/roi
[2.476s] copying roi/roi.py -> /home/imjunhyung/turtlebot3_ws/build/roi/build/lib/roi
[2.476s] running install
[2.478s] running install_lib
[2.480s] creating /home/imjunhyung/turtlebot3_ws/install/roi/lib/python3.8/site-packages/roi
[2.480s] copying /home/imjunhyung/turtlebot3_ws/build/roi/build/lib/roi/__init__.py -> /home/imjunhyung/turtlebot3_ws/install/roi/lib/python3.8/site-packages/roi
[2.480s] copying /home/imjunhyung/turtlebot3_ws/build/roi/build/lib/roi/roi.py -> /home/imjunhyung/turtlebot3_ws/install/roi/lib/python3.8/site-packages/roi
[2.481s] byte-compiling /home/imjunhyung/turtlebot3_ws/install/roi/lib/python3.8/site-packages/roi/__init__.py to __init__.cpython-38.pyc
[2.483s] byte-compiling /home/imjunhyung/turtlebot3_ws/install/roi/lib/python3.8/site-packages/roi/roi.py to roi.cpython-38.pyc
[2.484s] running install_data
[2.485s] creating /home/imjunhyung/turtlebot3_ws/install/roi/share/ament_index
[2.485s] creating /home/imjunhyung/turtlebot3_ws/install/roi/share/ament_index/resource_index
[2.485s] creating /home/imjunhyung/turtlebot3_ws/install/roi/share/ament_index/resource_index/packages
[2.486s] copying resource/roi -> /home/imjunhyung/turtlebot3_ws/install/roi/share/ament_index/resource_index/packages
[2.486s] copying package.xml -> /home/imjunhyung/turtlebot3_ws/install/roi/share/roi
[2.486s] running install_egg_info
[2.490s] Copying ../../build/roi/roi.egg-info to /home/imjunhyung/turtlebot3_ws/install/roi/lib/python3.8/site-packages/roi-0.0.0-py3.8.egg-info
[2.492s] running install_scripts
[2.532s] Installing roi script to /home/imjunhyung/turtlebot3_ws/install/roi/lib/roi
[2.532s] writing list of installed files to '/home/imjunhyung/turtlebot3_ws/build/roi/install.log'
[2.593s] Invoked command in '/home/imjunhyung/turtlebot3_ws/src/roi' returned '0': PYTHONPATH=/home/imjunhyung/turtlebot3_ws/build/roi/prefix_override:/home/imjunhyung/turtlebot3_ws/install/roi/lib/python3.8/site-packages:${PYTHONPATH} /usr/bin/python3 setup.py egg_info --egg-base ../../build/roi build --build-base /home/imjunhyung/turtlebot3_ws/build/roi/build install --record /home/imjunhyung/turtlebot3_ws/build/roi/install.log --install-scripts $base/lib/roi --single-version-externally-managed
