[2.425s] Invoking command in '/home/imjunhyung/turtlebot3_ws/src/detection': PYTHONPATH=/home/imjunhyung/turtlebot3_ws/build/detection/prefix_override:/home/imjunhyung/turtlebot3_ws/install/detection/lib/python3.8/site-packages:${PYTHONPATH} /usr/bin/python3 setup.py egg_info --egg-base ../../build/detection build --build-base /home/imjunhyung/turtlebot3_ws/build/detection/build install --record /home/imjunhyung/turtlebot3_ws/build/detection/install.log --install-scripts $base/lib/detection --single-version-externally-managed
[2.938s] running egg_info
[2.939s] writing ../../build/detection/detection.egg-info/PKG-INFO
[2.939s] writing dependency_links to ../../build/detection/detection.egg-info/dependency_links.txt
[2.940s] writing entry points to ../../build/detection/detection.egg-info/entry_points.txt
[2.940s] writing requirements to ../../build/detection/detection.egg-info/requires.txt
[2.940s] writing top-level names to ../../build/detection/detection.egg-info/top_level.txt
[2.990s] reading manifest file '../../build/detection/detection.egg-info/SOURCES.txt'
[2.991s] writing manifest file '../../build/detection/detection.egg-info/SOURCES.txt'
[2.991s] running build
[2.991s] running build_py
[2.992s] running install
[2.993s] running install_lib
[2.995s] running install_data
[2.995s] running install_egg_info
[2.998s] removing '/home/imjunhyung/turtlebot3_ws/install/detection/lib/python3.8/site-packages/detection-0.0.0-py3.8.egg-info' (and everything under it)
[2.998s] Copying ../../build/detection/detection.egg-info to /home/imjunhyung/turtlebot3_ws/install/detection/lib/python3.8/site-packages/detection-0.0.0-py3.8.egg-info
[3.000s] running install_scripts
[3.025s] Installing detection script to /home/imjunhyung/turtlebot3_ws/install/detection/lib/detection
[3.025s] writing list of installed files to '/home/imjunhyung/turtlebot3_ws/build/detection/install.log'
[3.366s] Invoked command in '/home/imjunhyung/turtlebot3_ws/src/detection' returned '0': PYTHONPATH=/home/imjunhyung/turtlebot3_ws/build/detection/prefix_override:/home/imjunhyung/turtlebot3_ws/install/detection/lib/python3.8/site-packages:${PYTHONPATH} /usr/bin/python3 setup.py egg_info --egg-base ../../build/detection build --build-base /home/imjunhyung/turtlebot3_ws/build/detection/build install --record /home/imjunhyung/turtlebot3_ws/build/detection/install.log --install-scripts $base/lib/detection --single-version-externally-managed
