running egg_info
creating ../../build/detection/detection.egg-info
writing ../../build/detection/detection.egg-info/PKG-INFO
writing dependency_links to ../../build/detection/detection.egg-info/dependency_links.txt
writing entry points to ../../build/detection/detection.egg-info/entry_points.txt
writing requirements to ../../build/detection/detection.egg-info/requires.txt
writing top-level names to ../../build/detection/detection.egg-info/top_level.txt
writing manifest file '../../build/detection/detection.egg-info/SOURCES.txt'
reading manifest file '../../build/detection/detection.egg-info/SOURCES.txt'
writing manifest file '../../build/detection/detection.egg-info/SOURCES.txt'
running build
running build_py
creating /home/imjunhyung/turtlebot3_ws/build/detection/build
creating /home/imjunhyung/turtlebot3_ws/build/detection/build/lib
creating /home/imjunhyung/turtlebot3_ws/build/detection/build/lib/detection
copying detection/__init__.py -> /home/imjunhyung/turtlebot3_ws/build/detection/build/lib/detection
copying detection/detection.py -> /home/imjunhyung/turtlebot3_ws/build/detection/build/lib/detection
running install
running install_lib
creating /home/imjunhyung/turtlebot3_ws/install/detection/lib/python3.8/site-packages/detection
copying /home/imjunhyung/turtlebot3_ws/build/detection/build/lib/detection/__init__.py -> /home/imjunhyung/turtlebot3_ws/install/detection/lib/python3.8/site-packages/detection
copying /home/imjunhyung/turtlebot3_ws/build/detection/build/lib/detection/detection.py -> /home/imjunhyung/turtlebot3_ws/install/detection/lib/python3.8/site-packages/detection
byte-compiling /home/imjunhyung/turtlebot3_ws/install/detection/lib/python3.8/site-packages/detection/__init__.py to __init__.cpython-38.pyc
byte-compiling /home/imjunhyung/turtlebot3_ws/install/detection/lib/python3.8/site-packages/detection/detection.py to detection.cpython-38.pyc
running install_data
creating /home/imjunhyung/turtlebot3_ws/install/detection/share/ament_index
creating /home/imjunhyung/turtlebot3_ws/install/detection/share/ament_index/resource_index
creating /home/imjunhyung/turtlebot3_ws/install/detection/share/ament_index/resource_index/packages
copying resource/detection -> /home/imjunhyung/turtlebot3_ws/install/detection/share/ament_index/resource_index/packages
copying package.xml -> /home/imjunhyung/turtlebot3_ws/install/detection/share/detection
running install_egg_info
Copying ../../build/detection/detection.egg-info to /home/imjunhyung/turtlebot3_ws/install/detection/lib/python3.8/site-packages/detection-0.0.0-py3.8.egg-info
running install_scripts
Installing detection script to /home/imjunhyung/turtlebot3_ws/install/detection/lib/detection
writing list of installed files to '/home/imjunhyung/turtlebot3_ws/build/detection/install.log'
