running develop
running egg_info
creating serial_arduino_python_pkg.egg-info
writing serial_arduino_python_pkg.egg-info/PKG-INFO
writing dependency_links to serial_arduino_python_pkg.egg-info/dependency_links.txt
writing entry points to serial_arduino_python_pkg.egg-info/entry_points.txt
writing requirements to serial_arduino_python_pkg.egg-info/requires.txt
writing top-level names to serial_arduino_python_pkg.egg-info/top_level.txt
writing manifest file 'serial_arduino_python_pkg.egg-info/SOURCES.txt'
reading manifest file 'serial_arduino_python_pkg.egg-info/SOURCES.txt'
writing manifest file 'serial_arduino_python_pkg.egg-info/SOURCES.txt'
running build_ext
Creating /home/theo/ros2_workspace/install/serial_arduino_python_pkg/lib/python3.8/site-packages/site.py
Creating /home/theo/ros2_workspace/install/serial_arduino_python_pkg/lib/python3.8/site-packages/serial-arduino-python-pkg.egg-link (link to .)

Installed /home/theo/ros2_workspace/build/serial_arduino_python_pkg
running install_data
creating /home/theo/ros2_workspace/install/serial_arduino_python_pkg/share/ament_index
creating /home/theo/ros2_workspace/install/serial_arduino_python_pkg/share/ament_index/resource_index
creating /home/theo/ros2_workspace/install/serial_arduino_python_pkg/share/ament_index/resource_index/packages
copying resource/serial_arduino_python_pkg -> /home/theo/ros2_workspace/install/serial_arduino_python_pkg/share/ament_index/resource_index/packages
copying package.xml -> /home/theo/ros2_workspace/install/serial_arduino_python_pkg/share/serial_arduino_python_pkg
