[0.088s] Invoking command in '/home/theo/ros2_workspace/build/serial': CMAKE_PREFIX_PATH=${CMAKE_PREFIX_PATH}:/home/theo/ros2_workspace/install/serial_arduino_python_pkg:/home/theo/ros2_workspace/install/ros2_serial_interface:/home/theo/ros2_workspace/install/py_pubsub:/home/theo/ros2_workspace/install/pubsub_py:/home/theo/ros2_workspace/install/my_arduino:/home/theo/colcon_ws/install/autonomous_tb3:/opt/ros/foxy /usr/bin/cmake --build /home/theo/ros2_workspace/build/serial -- -j12 -l12
[0.566s] [ 14%] Built target gtest_main
[0.566s] [ 35%] Built target gtest
[0.566s] [ 57%] Built target serial
[0.566s] [100%] Built target serial_example
[0.567s] [100%] Built target serial-test
[0.567s] [100%] Built target serial-test-timer
[0.568s] Invoked command in '/home/theo/ros2_workspace/build/serial' returned '0': CMAKE_PREFIX_PATH=${CMAKE_PREFIX_PATH}:/home/theo/ros2_workspace/install/serial_arduino_python_pkg:/home/theo/ros2_workspace/install/ros2_serial_interface:/home/theo/ros2_workspace/install/py_pubsub:/home/theo/ros2_workspace/install/pubsub_py:/home/theo/ros2_workspace/install/my_arduino:/home/theo/colcon_ws/install/autonomous_tb3:/opt/ros/foxy /usr/bin/cmake --build /home/theo/ros2_workspace/build/serial -- -j12 -l12
[0.615s] Invoking command in '/home/theo/ros2_workspace/build/serial': CMAKE_PREFIX_PATH=${CMAKE_PREFIX_PATH}:/home/theo/ros2_workspace/install/serial_arduino_python_pkg:/home/theo/ros2_workspace/install/ros2_serial_interface:/home/theo/ros2_workspace/install/py_pubsub:/home/theo/ros2_workspace/install/pubsub_py:/home/theo/ros2_workspace/install/my_arduino:/home/theo/colcon_ws/install/autonomous_tb3:/opt/ros/foxy /usr/bin/cmake --install /home/theo/ros2_workspace/build/serial
[0.630s] -- Install configuration: ""
[0.630s] -- Execute custom install script
[0.630s] -- Up-to-date symlink: /home/theo/ros2_workspace/install/serial/lib/libserial.a
[0.630s] -- Up-to-date symlink: /home/theo/ros2_workspace/install/serial/include/serial/serial.h
[0.631s] -- Up-to-date symlink: /home/theo/ros2_workspace/install/serial/include/serial/v8stdint.h
[0.631s] -- Up-to-date symlink: /home/theo/ros2_workspace/install/serial/share/serial/environment/library_path.sh
[0.631s] -- Up-to-date symlink: /home/theo/ros2_workspace/install/serial/share/serial/environment/library_path.dsv
[0.631s] -- Up-to-date symlink: /home/theo/ros2_workspace/install/serial/share/ament_index/resource_index/package_run_dependencies/serial
[0.631s] -- Up-to-date symlink: /home/theo/ros2_workspace/install/serial/share/ament_index/resource_index/parent_prefix_path/serial
[0.631s] -- Up-to-date symlink: /home/theo/ros2_workspace/install/serial/share/serial/environment/ament_prefix_path.sh
[0.631s] -- Up-to-date symlink: /home/theo/ros2_workspace/install/serial/share/serial/environment/ament_prefix_path.dsv
[0.631s] -- Up-to-date symlink: /home/theo/ros2_workspace/install/serial/share/serial/environment/path.sh
[0.632s] -- Up-to-date symlink: /home/theo/ros2_workspace/install/serial/share/serial/environment/path.dsv
[0.632s] -- Up-to-date symlink: /home/theo/ros2_workspace/install/serial/share/serial/local_setup.bash
[0.633s] -- Up-to-date symlink: /home/theo/ros2_workspace/install/serial/share/serial/local_setup.sh
[0.633s] -- Up-to-date symlink: /home/theo/ros2_workspace/install/serial/share/serial/local_setup.zsh
[0.634s] -- Up-to-date symlink: /home/theo/ros2_workspace/install/serial/share/serial/local_setup.dsv
[0.634s] -- Symlinking: /home/theo/ros2_workspace/install/serial/share/serial/package.dsv
[0.654s] -- Up-to-date symlink: /home/theo/ros2_workspace/install/serial/share/ament_index/resource_index/packages/serial
[0.654s] -- Up-to-date symlink: /home/theo/ros2_workspace/install/serial/share/serial/cmake/ament_cmake_export_include_directories-extras.cmake
[0.656s] -- Up-to-date symlink: /home/theo/ros2_workspace/install/serial/share/serial/cmake/ament_cmake_export_libraries-extras.cmake
[0.657s] -- Up-to-date symlink: /home/theo/ros2_workspace/install/serial/share/serial/cmake/serialConfig.cmake
[0.657s] -- Up-to-date symlink: /home/theo/ros2_workspace/install/serial/share/serial/cmake/serialConfig-version.cmake
[0.660s] -- Up-to-date symlink: /home/theo/ros2_workspace/install/serial/share/serial/package.xml
[0.700s] Invoked command in '/home/theo/ros2_workspace/build/serial' returned '0': CMAKE_PREFIX_PATH=${CMAKE_PREFIX_PATH}:/home/theo/ros2_workspace/install/serial_arduino_python_pkg:/home/theo/ros2_workspace/install/ros2_serial_interface:/home/theo/ros2_workspace/install/py_pubsub:/home/theo/ros2_workspace/install/pubsub_py:/home/theo/ros2_workspace/install/my_arduino:/home/theo/colcon_ws/install/autonomous_tb3:/opt/ros/foxy /usr/bin/cmake --install /home/theo/ros2_workspace/build/serial
