[2.549s] Invoking command in '/home/imjunhyung/turtlebot3_ws/src/detection': PYTHONPATH=/home/imjunhyung/turtlebot3_ws/build/detection/prefix_override:/home/imjunhyung/turtlebot3_ws/install/detection/lib/python3.8/site-packages:${PYTHONPATH} /usr/bin/python3 setup.py egg_info --egg-base ../../build/detection build --build-base /home/imjunhyung/turtlebot3_ws/build/detection/build install --record /home/imjunhyung/turtlebot3_ws/build/detection/install.log --install-scripts $base/lib/detection --single-version-externally-managed
[3.204s] running egg_info
[3.206s] writing ../../build/detection/detection.egg-info/PKG-INFO
[3.206s] writing dependency_links to ../../build/detection/detection.egg-info/dependency_links.txt
[3.206s] writing entry points to ../../build/detection/detection.egg-info/entry_points.txt
[3.206s] writing requirements to ../../build/detection/detection.egg-info/requires.txt
[3.207s] writing top-level names to ../../build/detection/detection.egg-info/top_level.txt
[3.291s] reading manifest file '../../build/detection/detection.egg-info/SOURCES.txt'
[3.293s] writing manifest file '../../build/detection/detection.egg-info/SOURCES.txt'
[3.293s] running build
[3.294s] running build_py
[3.294s] running install
[3.295s] running install_lib
[3.298s] running install_data
[3.300s] running install_egg_info
[3.303s] removing '/home/imjunhyung/turtlebot3_ws/install/detection/lib/python3.8/site-packages/detection-0.0.0-py3.8.egg-info' (and everything under it)
[3.303s] Copying ../../build/detection/detection.egg-info to /home/imjunhyung/turtlebot3_ws/install/detection/lib/python3.8/site-packages/detection-0.0.0-py3.8.egg-info
[3.305s] running install_scripts
[3.338s] Installing detection script to /home/imjunhyung/turtlebot3_ws/install/detection/lib/detection
[3.339s] writing list of installed files to '/home/imjunhyung/turtlebot3_ws/build/detection/install.log'
[3.616s] Invoked command in '/home/imjunhyung/turtlebot3_ws/src/detection' returned '0': PYTHONPATH=/home/imjunhyung/turtlebot3_ws/build/detection/prefix_override:/home/imjunhyung/turtlebot3_ws/install/detection/lib/python3.8/site-packages:${PYTHONPATH} /usr/bin/python3 setup.py egg_info --egg-base ../../build/detection build --build-base /home/imjunhyung/turtlebot3_ws/build/detection/build install --record /home/imjunhyung/turtlebot3_ws/build/detection/install.log --install-scripts $base/lib/detection --single-version-externally-managed
