[0.341s] DEBUG:colcon:Command line arguments: ['/usr/bin/colcon', 'list', '-p', '--base-paths', '/home/theo/ros2_workspace']
[0.341s] DEBUG:colcon:Parsed command line arguments: Namespace(allow_overriding=[], base_paths=['/home/theo/ros2_workspace'], build_base='build', ignore_user_meta=False, log_base=None, log_level=None, main=<bound method ListVerb.main of <colcon_package_information.verb.list.ListVerb object at 0x7f9e1055afd0>>, metas=['./colcon.meta'], names_only=False, packages_above=None, packages_above_and_dependencies=None, packages_above_depth=None, packages_end=None, packages_ignore=None, packages_ignore_regex=None, packages_select=None, packages_select_build_failed=False, packages_select_by_dep=None, packages_select_regex=None, packages_select_test_failures=False, packages_skip=None, packages_skip_build_finished=False, packages_skip_by_dep=None, packages_skip_regex=None, packages_skip_test_passed=False, packages_skip_up_to=None, packages_start=None, packages_up_to=None, packages_up_to_regex=None, paths=None, paths_only=True, topological_graph=False, topological_graph_density=False, topological_graph_dot=False, topological_graph_dot_cluster=False, topological_graph_dot_include_skipped=False, topological_graph_legend=False, topological_order=False, verb_extension=<colcon_package_information.verb.list.ListVerb object at 0x7f9e1055afd0>, verb_name='list', verb_parser=<colcon_defaults.argument_parser.defaults.DefaultArgumentsDecorator object at 0x7f9e104838b0>)
[0.370s] Level 1:colcon.colcon_core.package_discovery:discover_packages(colcon_meta) check parameters
[0.370s] Level 1:colcon.colcon_core.package_discovery:discover_packages(recursive) check parameters
[0.370s] Level 1:colcon.colcon_core.package_discovery:discover_packages(ignore) check parameters
[0.370s] Level 1:colcon.colcon_core.package_discovery:discover_packages(path) check parameters
[0.370s] Level 1:colcon.colcon_core.package_discovery:discover_packages(recursive) discover
[0.370s] INFO:colcon.colcon_core.package_discovery:Crawling recursively for packages in '/home/theo/ros2_workspace'
[0.370s] Level 1:colcon.colcon_core.package_identification:_identify(/home/theo/ros2_workspace) by extensions ['ignore', 'ignore_ament_install']
[0.370s] Level 1:colcon.colcon_core.package_identification:_identify(/home/theo/ros2_workspace) by extension 'ignore'
[0.370s] Level 1:colcon.colcon_core.package_identification:_identify(/home/theo/ros2_workspace) by extension 'ignore_ament_install'
[0.370s] Level 1:colcon.colcon_core.package_identification:_identify(/home/theo/ros2_workspace) by extensions ['colcon_pkg']
[0.370s] Level 1:colcon.colcon_core.package_identification:_identify(/home/theo/ros2_workspace) by extension 'colcon_pkg'
[0.370s] Level 1:colcon.colcon_core.package_identification:_identify(/home/theo/ros2_workspace) by extensions ['colcon_meta']
[0.370s] Level 1:colcon.colcon_core.package_identification:_identify(/home/theo/ros2_workspace) by extension 'colcon_meta'
[0.371s] Level 1:colcon.colcon_core.package_identification:_identify(/home/theo/ros2_workspace) by extensions ['ros']
[0.371s] Level 1:colcon.colcon_core.package_identification:_identify(/home/theo/ros2_workspace) by extension 'ros'
[0.388s] Level 1:colcon.colcon_core.package_identification:_identify(/home/theo/ros2_workspace) by extensions ['cmake', 'python']
[0.388s] Level 1:colcon.colcon_core.package_identification:_identify(/home/theo/ros2_workspace) by extension 'cmake'
[0.388s] Level 1:colcon.colcon_core.package_identification:_identify(/home/theo/ros2_workspace) by extension 'python'
[0.388s] Level 1:colcon.colcon_core.package_identification:_identify(/home/theo/ros2_workspace) by extensions ['python_setup_py']
[0.388s] Level 1:colcon.colcon_core.package_identification:_identify(/home/theo/ros2_workspace) by extension 'python_setup_py'
[0.388s] Level 1:colcon.colcon_core.package_identification:_identify(/home/theo/ros2_workspace/build) by extensions ['ignore', 'ignore_ament_install']
[0.388s] Level 1:colcon.colcon_core.package_identification:_identify(/home/theo/ros2_workspace/build) by extension 'ignore'
[0.388s] Level 1:colcon.colcon_core.package_identification:_identify(/home/theo/ros2_workspace/build) ignored
[0.389s] Level 1:colcon.colcon_core.package_identification:_identify(/home/theo/ros2_workspace/install) by extensions ['ignore', 'ignore_ament_install']
[0.389s] Level 1:colcon.colcon_core.package_identification:_identify(/home/theo/ros2_workspace/install) by extension 'ignore'
[0.389s] Level 1:colcon.colcon_core.package_identification:_identify(/home/theo/ros2_workspace/install) ignored
[0.389s] Level 1:colcon.colcon_core.package_identification:_identify(/home/theo/ros2_workspace/log) by extensions ['ignore', 'ignore_ament_install']
[0.389s] Level 1:colcon.colcon_core.package_identification:_identify(/home/theo/ros2_workspace/log) by extension 'ignore'
[0.389s] Level 1:colcon.colcon_core.package_identification:_identify(/home/theo/ros2_workspace/log) ignored
[0.389s] Level 1:colcon.colcon_core.package_identification:_identify(/home/theo/ros2_workspace/src) by extensions ['ignore', 'ignore_ament_install']
[0.389s] Level 1:colcon.colcon_core.package_identification:_identify(/home/theo/ros2_workspace/src) by extension 'ignore'
[0.389s] Level 1:colcon.colcon_core.package_identification:_identify(/home/theo/ros2_workspace/src) by extension 'ignore_ament_install'
[0.389s] Level 1:colcon.colcon_core.package_identification:_identify(/home/theo/ros2_workspace/src) by extensions ['colcon_pkg']
[0.389s] Level 1:colcon.colcon_core.package_identification:_identify(/home/theo/ros2_workspace/src) by extension 'colcon_pkg'
[0.389s] Level 1:colcon.colcon_core.package_identification:_identify(/home/theo/ros2_workspace/src) by extensions ['colcon_meta']
[0.389s] Level 1:colcon.colcon_core.package_identification:_identify(/home/theo/ros2_workspace/src) by extension 'colcon_meta'
[0.389s] Level 1:colcon.colcon_core.package_identification:_identify(/home/theo/ros2_workspace/src) by extensions ['ros']
[0.389s] Level 1:colcon.colcon_core.package_identification:_identify(/home/theo/ros2_workspace/src) by extension 'ros'
[0.390s] Level 1:colcon.colcon_core.package_identification:_identify(/home/theo/ros2_workspace/src) by extensions ['cmake', 'python']
[0.390s] Level 1:colcon.colcon_core.package_identification:_identify(/home/theo/ros2_workspace/src) by extension 'cmake'
[0.390s] Level 1:colcon.colcon_core.package_identification:_identify(/home/theo/ros2_workspace/src) by extension 'python'
[0.390s] Level 1:colcon.colcon_core.package_identification:_identify(/home/theo/ros2_workspace/src) by extensions ['python_setup_py']
[0.390s] Level 1:colcon.colcon_core.package_identification:_identify(/home/theo/ros2_workspace/src) by extension 'python_setup_py'
[0.390s] Level 1:colcon.colcon_core.package_identification:_identify(/home/theo/ros2_workspace/src/arduino_pck) by extensions ['ignore', 'ignore_ament_install']
[0.390s] Level 1:colcon.colcon_core.package_identification:_identify(/home/theo/ros2_workspace/src/arduino_pck) by extension 'ignore'
[0.390s] Level 1:colcon.colcon_core.package_identification:_identify(/home/theo/ros2_workspace/src/arduino_pck) by extension 'ignore_ament_install'
[0.390s] Level 1:colcon.colcon_core.package_identification:_identify(/home/theo/ros2_workspace/src/arduino_pck) by extensions ['colcon_pkg']
[0.390s] Level 1:colcon.colcon_core.package_identification:_identify(/home/theo/ros2_workspace/src/arduino_pck) by extension 'colcon_pkg'
[0.390s] Level 1:colcon.colcon_core.package_identification:_identify(/home/theo/ros2_workspace/src/arduino_pck) by extensions ['colcon_meta']
[0.390s] Level 1:colcon.colcon_core.package_identification:_identify(/home/theo/ros2_workspace/src/arduino_pck) by extension 'colcon_meta'
[0.390s] Level 1:colcon.colcon_core.package_identification:_identify(/home/theo/ros2_workspace/src/arduino_pck) by extensions ['ros']
[0.390s] Level 1:colcon.colcon_core.package_identification:_identify(/home/theo/ros2_workspace/src/arduino_pck) by extension 'ros'
[0.392s] DEBUG:colcon.colcon_core.package_identification:Package '/home/theo/ros2_workspace/src/arduino_pck' with type 'ros.ament_cmake' and name 'arduino_pck'
[0.392s] Level 1:colcon.colcon_core.package_identification:_identify(/home/theo/ros2_workspace/src/articubot_one) by extensions ['ignore', 'ignore_ament_install']
[0.393s] Level 1:colcon.colcon_core.package_identification:_identify(/home/theo/ros2_workspace/src/articubot_one) by extension 'ignore'
[0.393s] Level 1:colcon.colcon_core.package_identification:_identify(/home/theo/ros2_workspace/src/articubot_one) by extension 'ignore_ament_install'
[0.393s] Level 1:colcon.colcon_core.package_identification:_identify(/home/theo/ros2_workspace/src/articubot_one) by extensions ['colcon_pkg']
[0.393s] Level 1:colcon.colcon_core.package_identification:_identify(/home/theo/ros2_workspace/src/articubot_one) by extension 'colcon_pkg'
[0.393s] Level 1:colcon.colcon_core.package_identification:_identify(/home/theo/ros2_workspace/src/articubot_one) by extensions ['colcon_meta']
[0.393s] Level 1:colcon.colcon_core.package_identification:_identify(/home/theo/ros2_workspace/src/articubot_one) by extension 'colcon_meta'
[0.393s] Level 1:colcon.colcon_core.package_identification:_identify(/home/theo/ros2_workspace/src/articubot_one) by extensions ['ros']
[0.393s] Level 1:colcon.colcon_core.package_identification:_identify(/home/theo/ros2_workspace/src/articubot_one) by extension 'ros'
[0.393s] DEBUG:colcon.colcon_core.package_identification:Package '/home/theo/ros2_workspace/src/articubot_one' with type 'ros.ament_cmake' and name 'articubot_one'
[0.393s] Level 1:colcon.colcon_core.package_identification:_identify(/home/theo/ros2_workspace/src/diffdrive_arduino) by extensions ['ignore', 'ignore_ament_install']
[0.394s] Level 1:colcon.colcon_core.package_identification:_identify(/home/theo/ros2_workspace/src/diffdrive_arduino) by extension 'ignore'
[0.394s] Level 1:colcon.colcon_core.package_identification:_identify(/home/theo/ros2_workspace/src/diffdrive_arduino) by extension 'ignore_ament_install'
[0.394s] Level 1:colcon.colcon_core.package_identification:_identify(/home/theo/ros2_workspace/src/diffdrive_arduino) by extensions ['colcon_pkg']
[0.394s] Level 1:colcon.colcon_core.package_identification:_identify(/home/theo/ros2_workspace/src/diffdrive_arduino) by extension 'colcon_pkg'
[0.394s] Level 1:colcon.colcon_core.package_identification:_identify(/home/theo/ros2_workspace/src/diffdrive_arduino) by extensions ['colcon_meta']
[0.394s] Level 1:colcon.colcon_core.package_identification:_identify(/home/theo/ros2_workspace/src/diffdrive_arduino) by extension 'colcon_meta'
[0.394s] Level 1:colcon.colcon_core.package_identification:_identify(/home/theo/ros2_workspace/src/diffdrive_arduino) by extensions ['ros']
[0.394s] Level 1:colcon.colcon_core.package_identification:_identify(/home/theo/ros2_workspace/src/diffdrive_arduino) by extension 'ros'
[0.395s] DEBUG:colcon.colcon_core.package_identification:Package '/home/theo/ros2_workspace/src/diffdrive_arduino' with type 'ros.ament_cmake' and name 'diffdrive_arduino'
[0.395s] Level 1:colcon.colcon_core.package_identification:_identify(/home/theo/ros2_workspace/src/my_arduino_pkg) by extensions ['ignore', 'ignore_ament_install']
[0.395s] Level 1:colcon.colcon_core.package_identification:_identify(/home/theo/ros2_workspace/src/my_arduino_pkg) by extension 'ignore'
[0.395s] Level 1:colcon.colcon_core.package_identification:_identify(/home/theo/ros2_workspace/src/my_arduino_pkg) by extension 'ignore_ament_install'
[0.395s] Level 1:colcon.colcon_core.package_identification:_identify(/home/theo/ros2_workspace/src/my_arduino_pkg) by extensions ['colcon_pkg']
[0.395s] Level 1:colcon.colcon_core.package_identification:_identify(/home/theo/ros2_workspace/src/my_arduino_pkg) by extension 'colcon_pkg'
[0.395s] Level 1:colcon.colcon_core.package_identification:_identify(/home/theo/ros2_workspace/src/my_arduino_pkg) by extensions ['colcon_meta']
[0.395s] Level 1:colcon.colcon_core.package_identification:_identify(/home/theo/ros2_workspace/src/my_arduino_pkg) by extension 'colcon_meta'
[0.395s] Level 1:colcon.colcon_core.package_identification:_identify(/home/theo/ros2_workspace/src/my_arduino_pkg) by extensions ['ros']
[0.395s] Level 1:colcon.colcon_core.package_identification:_identify(/home/theo/ros2_workspace/src/my_arduino_pkg) by extension 'ros'
[0.396s] DEBUG:colcon.colcon_core.package_identification:Package '/home/theo/ros2_workspace/src/my_arduino_pkg' with type 'ros.ament_cmake' and name 'my_arduino_pkg'
[0.396s] Level 1:colcon.colcon_core.package_identification:_identify(/home/theo/ros2_workspace/src/py_pubsub) by extensions ['ignore', 'ignore_ament_install']
[0.396s] Level 1:colcon.colcon_core.package_identification:_identify(/home/theo/ros2_workspace/src/py_pubsub) by extension 'ignore'
[0.396s] Level 1:colcon.colcon_core.package_identification:_identify(/home/theo/ros2_workspace/src/py_pubsub) by extension 'ignore_ament_install'
[0.396s] Level 1:colcon.colcon_core.package_identification:_identify(/home/theo/ros2_workspace/src/py_pubsub) by extensions ['colcon_pkg']
[0.396s] Level 1:colcon.colcon_core.package_identification:_identify(/home/theo/ros2_workspace/src/py_pubsub) by extension 'colcon_pkg'
[0.396s] Level 1:colcon.colcon_core.package_identification:_identify(/home/theo/ros2_workspace/src/py_pubsub) by extensions ['colcon_meta']
[0.396s] Level 1:colcon.colcon_core.package_identification:_identify(/home/theo/ros2_workspace/src/py_pubsub) by extension 'colcon_meta'
[0.396s] Level 1:colcon.colcon_core.package_identification:_identify(/home/theo/ros2_workspace/src/py_pubsub) by extensions ['ros']
[0.396s] Level 1:colcon.colcon_core.package_identification:_identify(/home/theo/ros2_workspace/src/py_pubsub) by extension 'ros'
[0.397s] DEBUG:colcon.colcon_core.package_identification:Package '/home/theo/ros2_workspace/src/py_pubsub' with type 'ros.ament_python' and name 'py_pubsub'
[0.397s] Level 1:colcon.colcon_core.package_identification:_identify(/home/theo/ros2_workspace/src/ros2_serial_interface) by extensions ['ignore', 'ignore_ament_install']
[0.397s] Level 1:colcon.colcon_core.package_identification:_identify(/home/theo/ros2_workspace/src/ros2_serial_interface) by extension 'ignore'
[0.397s] Level 1:colcon.colcon_core.package_identification:_identify(/home/theo/ros2_workspace/src/ros2_serial_interface) by extension 'ignore_ament_install'
[0.397s] Level 1:colcon.colcon_core.package_identification:_identify(/home/theo/ros2_workspace/src/ros2_serial_interface) by extensions ['colcon_pkg']
[0.397s] Level 1:colcon.colcon_core.package_identification:_identify(/home/theo/ros2_workspace/src/ros2_serial_interface) by extension 'colcon_pkg'
[0.397s] Level 1:colcon.colcon_core.package_identification:_identify(/home/theo/ros2_workspace/src/ros2_serial_interface) by extensions ['colcon_meta']
[0.397s] Level 1:colcon.colcon_core.package_identification:_identify(/home/theo/ros2_workspace/src/ros2_serial_interface) by extension 'colcon_meta'
[0.397s] Level 1:colcon.colcon_core.package_identification:_identify(/home/theo/ros2_workspace/src/ros2_serial_interface) by extensions ['ros']
[0.398s] Level 1:colcon.colcon_core.package_identification:_identify(/home/theo/ros2_workspace/src/ros2_serial_interface) by extension 'ros'
[0.398s] DEBUG:colcon.colcon_core.package_identification:Package '/home/theo/ros2_workspace/src/ros2_serial_interface' with type 'ros.ament_python' and name 'ros2_serial_interface'
[0.398s] Level 1:colcon.colcon_core.package_identification:_identify(/home/theo/ros2_workspace/src/serial) by extensions ['ignore', 'ignore_ament_install']
[0.398s] Level 1:colcon.colcon_core.package_identification:_identify(/home/theo/ros2_workspace/src/serial) by extension 'ignore'
[0.398s] Level 1:colcon.colcon_core.package_identification:_identify(/home/theo/ros2_workspace/src/serial) by extension 'ignore_ament_install'
[0.398s] Level 1:colcon.colcon_core.package_identification:_identify(/home/theo/ros2_workspace/src/serial) by extensions ['colcon_pkg']
[0.399s] Level 1:colcon.colcon_core.package_identification:_identify(/home/theo/ros2_workspace/src/serial) by extension 'colcon_pkg'
[0.399s] Level 1:colcon.colcon_core.package_identification:_identify(/home/theo/ros2_workspace/src/serial) by extensions ['colcon_meta']
[0.399s] Level 1:colcon.colcon_core.package_identification:_identify(/home/theo/ros2_workspace/src/serial) by extension 'colcon_meta'
[0.399s] Level 1:colcon.colcon_core.package_identification:_identify(/home/theo/ros2_workspace/src/serial) by extensions ['ros']
[0.399s] Level 1:colcon.colcon_core.package_identification:_identify(/home/theo/ros2_workspace/src/serial) by extension 'ros'
[0.399s] DEBUG:colcon.colcon_core.package_identification:Package '/home/theo/ros2_workspace/src/serial' with type 'ros.ament_cmake' and name 'serial'
[0.399s] Level 1:colcon.colcon_core.package_identification:_identify(/home/theo/ros2_workspace/src/serial_arduino_python_pkg) by extensions ['ignore', 'ignore_ament_install']
[0.399s] Level 1:colcon.colcon_core.package_identification:_identify(/home/theo/ros2_workspace/src/serial_arduino_python_pkg) by extension 'ignore'
[0.399s] Level 1:colcon.colcon_core.package_identification:_identify(/home/theo/ros2_workspace/src/serial_arduino_python_pkg) by extension 'ignore_ament_install'
[0.400s] Level 1:colcon.colcon_core.package_identification:_identify(/home/theo/ros2_workspace/src/serial_arduino_python_pkg) by extensions ['colcon_pkg']
[0.400s] Level 1:colcon.colcon_core.package_identification:_identify(/home/theo/ros2_workspace/src/serial_arduino_python_pkg) by extension 'colcon_pkg'
[0.400s] Level 1:colcon.colcon_core.package_identification:_identify(/home/theo/ros2_workspace/src/serial_arduino_python_pkg) by extensions ['colcon_meta']
[0.400s] Level 1:colcon.colcon_core.package_identification:_identify(/home/theo/ros2_workspace/src/serial_arduino_python_pkg) by extension 'colcon_meta'
[0.400s] Level 1:colcon.colcon_core.package_identification:_identify(/home/theo/ros2_workspace/src/serial_arduino_python_pkg) by extensions ['ros']
[0.400s] Level 1:colcon.colcon_core.package_identification:_identify(/home/theo/ros2_workspace/src/serial_arduino_python_pkg) by extension 'ros'
[0.400s] DEBUG:colcon.colcon_core.package_identification:Package '/home/theo/ros2_workspace/src/serial_arduino_python_pkg' with type 'ros.ament_python' and name 'serial_arduino_python_pkg'
[0.400s] Level 1:colcon.colcon_core.package_identification:_identify(/home/theo/ros2_workspace/src/test_package) by extensions ['ignore', 'ignore_ament_install']
[0.400s] Level 1:colcon.colcon_core.package_identification:_identify(/home/theo/ros2_workspace/src/test_package) by extension 'ignore'
[0.400s] Level 1:colcon.colcon_core.package_identification:_identify(/home/theo/ros2_workspace/src/test_package) by extension 'ignore_ament_install'
[0.400s] Level 1:colcon.colcon_core.package_identification:_identify(/home/theo/ros2_workspace/src/test_package) by extensions ['colcon_pkg']
[0.400s] Level 1:colcon.colcon_core.package_identification:_identify(/home/theo/ros2_workspace/src/test_package) by extension 'colcon_pkg'
[0.401s] Level 1:colcon.colcon_core.package_identification:_identify(/home/theo/ros2_workspace/src/test_package) by extensions ['colcon_meta']
[0.401s] Level 1:colcon.colcon_core.package_identification:_identify(/home/theo/ros2_workspace/src/test_package) by extension 'colcon_meta'
[0.401s] Level 1:colcon.colcon_core.package_identification:_identify(/home/theo/ros2_workspace/src/test_package) by extensions ['ros']
[0.401s] Level 1:colcon.colcon_core.package_identification:_identify(/home/theo/ros2_workspace/src/test_package) by extension 'ros'
[0.401s] DEBUG:colcon.colcon_core.package_identification:Package '/home/theo/ros2_workspace/src/test_package' with type 'ros.ament_cmake' and name 'test_package'
[0.401s] Level 1:colcon.colcon_core.package_discovery:discover_packages(recursive) using defaults
