[2.524s] Invoking command in '/home/imjunhyung/turtlebot3_ws/src/turtlebot3/turtlebot3_example': PYTHONPATH=/home/imjunhyung/turtlebot3_ws/build/turtlebot3_example/prefix_override:/home/imjunhyung/turtlebot3_ws/install/turtlebot3_example/lib/python3.8/site-packages:${PYTHONPATH} /usr/bin/python3 setup.py egg_info --egg-base ../../../build/turtlebot3_example build --build-base /home/imjunhyung/turtlebot3_ws/build/turtlebot3_example/build install --record /home/imjunhyung/turtlebot3_ws/build/turtlebot3_example/install.log --single-version-externally-managed
[3.157s] running egg_info
[3.158s] writing ../../../build/turtlebot3_example/turtlebot3_example.egg-info/PKG-INFO
[3.159s] writing dependency_links to ../../../build/turtlebot3_example/turtlebot3_example.egg-info/dependency_links.txt
[3.159s] writing entry points to ../../../build/turtlebot3_example/turtlebot3_example.egg-info/entry_points.txt
[3.159s] writing requirements to ../../../build/turtlebot3_example/turtlebot3_example.egg-info/requires.txt
[3.159s] writing top-level names to ../../../build/turtlebot3_example/turtlebot3_example.egg-info/top_level.txt
[3.247s] reading manifest file '../../../build/turtlebot3_example/turtlebot3_example.egg-info/SOURCES.txt'
[3.249s] writing manifest file '../../../build/turtlebot3_example/turtlebot3_example.egg-info/SOURCES.txt'
[3.249s] running build
[3.250s] running build_py
[3.252s] running install
[3.254s] running install_lib
[3.258s] running install_data
[3.259s] running install_egg_info
[3.262s] removing '/home/imjunhyung/turtlebot3_ws/install/turtlebot3_example/lib/python3.8/site-packages/turtlebot3_example-2.1.4-py3.8.egg-info' (and everything under it)
[3.263s] Copying ../../../build/turtlebot3_example/turtlebot3_example.egg-info to /home/imjunhyung/turtlebot3_ws/install/turtlebot3_example/lib/python3.8/site-packages/turtlebot3_example-2.1.4-py3.8.egg-info
[3.264s] running install_scripts
[3.299s] Installing turtlebot3_obstacle_detection script to /home/imjunhyung/turtlebot3_ws/install/turtlebot3_example/lib/turtlebot3_example
[3.299s] Installing turtlebot3_patrol_client script to /home/imjunhyung/turtlebot3_ws/install/turtlebot3_example/lib/turtlebot3_example
[3.300s] Installing turtlebot3_patrol_server script to /home/imjunhyung/turtlebot3_ws/install/turtlebot3_example/lib/turtlebot3_example
[3.300s] Installing turtlebot3_position_control script to /home/imjunhyung/turtlebot3_ws/install/turtlebot3_example/lib/turtlebot3_example
[3.301s] writing list of installed files to '/home/imjunhyung/turtlebot3_ws/build/turtlebot3_example/install.log'
[3.559s] Invoked command in '/home/imjunhyung/turtlebot3_ws/src/turtlebot3/turtlebot3_example' returned '0': PYTHONPATH=/home/imjunhyung/turtlebot3_ws/build/turtlebot3_example/prefix_override:/home/imjunhyung/turtlebot3_ws/install/turtlebot3_example/lib/python3.8/site-packages:${PYTHONPATH} /usr/bin/python3 setup.py egg_info --egg-base ../../../build/turtlebot3_example build --build-base /home/imjunhyung/turtlebot3_ws/build/turtlebot3_example/build install --record /home/imjunhyung/turtlebot3_ws/build/turtlebot3_example/install.log --single-version-externally-managed
