[0.067s] Invoking command in '/home/theo/ros2_workspace/build/my_arduino_pkg': CMAKE_PREFIX_PATH=/home/theo/ros2_workspace/install/serial:/home/theo/ros2_workspace/install/test_package:/home/theo/ros2_workspace/install/diffdrive_arduino:/home/theo/ros2_workspace/install/my_package:/home/theo/ros2_workspace/install/my_arduino_pkg:/home/theo/ros2_workspace/install/my_arduino_Cmakeversion:/home/theo/ros2_workspace/install/articubot_one:/home/theo/ros2_workspace/install/arduino_pck:/home/theo/ros2_workspace/install/serial_arduino_python_pkg:/home/theo/ros2_workspace/install/ros2_serial_interface:/home/theo/ros2_workspace/install/my_arduino:/home/theo/colcon_ws/install/autonomous_tb3:/opt/ros/foxy /usr/bin/cmake --build /home/theo/ros2_workspace/build/my_arduino_pkg -- -j12 -l12
[0.300s] Invoked command in '/home/theo/ros2_workspace/build/my_arduino_pkg' returned '0': CMAKE_PREFIX_PATH=/home/theo/ros2_workspace/install/serial:/home/theo/ros2_workspace/install/test_package:/home/theo/ros2_workspace/install/diffdrive_arduino:/home/theo/ros2_workspace/install/my_package:/home/theo/ros2_workspace/install/my_arduino_pkg:/home/theo/ros2_workspace/install/my_arduino_Cmakeversion:/home/theo/ros2_workspace/install/articubot_one:/home/theo/ros2_workspace/install/arduino_pck:/home/theo/ros2_workspace/install/serial_arduino_python_pkg:/home/theo/ros2_workspace/install/ros2_serial_interface:/home/theo/ros2_workspace/install/my_arduino:/home/theo/colcon_ws/install/autonomous_tb3:/opt/ros/foxy /usr/bin/cmake --build /home/theo/ros2_workspace/build/my_arduino_pkg -- -j12 -l12
[0.325s] Invoking command in '/home/theo/ros2_workspace/build/my_arduino_pkg': CMAKE_PREFIX_PATH=/home/theo/ros2_workspace/install/serial:/home/theo/ros2_workspace/install/test_package:/home/theo/ros2_workspace/install/diffdrive_arduino:/home/theo/ros2_workspace/install/my_package:/home/theo/ros2_workspace/install/my_arduino_pkg:/home/theo/ros2_workspace/install/my_arduino_Cmakeversion:/home/theo/ros2_workspace/install/articubot_one:/home/theo/ros2_workspace/install/arduino_pck:/home/theo/ros2_workspace/install/serial_arduino_python_pkg:/home/theo/ros2_workspace/install/ros2_serial_interface:/home/theo/ros2_workspace/install/my_arduino:/home/theo/colcon_ws/install/autonomous_tb3:/opt/ros/foxy /usr/bin/cmake --install /home/theo/ros2_workspace/build/my_arduino_pkg
[0.333s] -- Install configuration: ""
[0.333s] -- Execute custom install script
[0.334s] -- Up-to-date symlink: /home/theo/ros2_workspace/install/my_arduino_pkg/share/ament_index/resource_index/package_run_dependencies/my_arduino_pkg
[0.334s] -- Up-to-date symlink: /home/theo/ros2_workspace/install/my_arduino_pkg/share/ament_index/resource_index/parent_prefix_path/my_arduino_pkg
[0.334s] -- Up-to-date symlink: /home/theo/ros2_workspace/install/my_arduino_pkg/share/my_arduino_pkg/environment/ament_prefix_path.sh
[0.335s] -- Up-to-date symlink: /home/theo/ros2_workspace/install/my_arduino_pkg/share/my_arduino_pkg/environment/ament_prefix_path.dsv
[0.335s] -- Up-to-date symlink: /home/theo/ros2_workspace/install/my_arduino_pkg/share/my_arduino_pkg/environment/path.sh
[0.335s] -- Up-to-date symlink: /home/theo/ros2_workspace/install/my_arduino_pkg/share/my_arduino_pkg/environment/path.dsv
[0.336s] -- Up-to-date symlink: /home/theo/ros2_workspace/install/my_arduino_pkg/share/my_arduino_pkg/local_setup.bash
[0.336s] -- Up-to-date symlink: /home/theo/ros2_workspace/install/my_arduino_pkg/share/my_arduino_pkg/local_setup.sh
[0.336s] -- Up-to-date symlink: /home/theo/ros2_workspace/install/my_arduino_pkg/share/my_arduino_pkg/local_setup.zsh
[0.336s] -- Up-to-date symlink: /home/theo/ros2_workspace/install/my_arduino_pkg/share/my_arduino_pkg/local_setup.dsv
[0.337s] -- Symlinking: /home/theo/ros2_workspace/install/my_arduino_pkg/share/my_arduino_pkg/package.dsv
[0.346s] -- Up-to-date symlink: /home/theo/ros2_workspace/install/my_arduino_pkg/share/ament_index/resource_index/packages/my_arduino_pkg
[0.346s] -- Up-to-date symlink: /home/theo/ros2_workspace/install/my_arduino_pkg/share/my_arduino_pkg/cmake/my_arduino_pkgConfig.cmake
[0.346s] -- Up-to-date symlink: /home/theo/ros2_workspace/install/my_arduino_pkg/share/my_arduino_pkg/cmake/my_arduino_pkgConfig-version.cmake
[0.347s] -- Up-to-date symlink: /home/theo/ros2_workspace/install/my_arduino_pkg/share/my_arduino_pkg/package.xml
[0.348s] Invoked command in '/home/theo/ros2_workspace/build/my_arduino_pkg' returned '0': CMAKE_PREFIX_PATH=/home/theo/ros2_workspace/install/serial:/home/theo/ros2_workspace/install/test_package:/home/theo/ros2_workspace/install/diffdrive_arduino:/home/theo/ros2_workspace/install/my_package:/home/theo/ros2_workspace/install/my_arduino_pkg:/home/theo/ros2_workspace/install/my_arduino_Cmakeversion:/home/theo/ros2_workspace/install/articubot_one:/home/theo/ros2_workspace/install/arduino_pck:/home/theo/ros2_workspace/install/serial_arduino_python_pkg:/home/theo/ros2_workspace/install/ros2_serial_interface:/home/theo/ros2_workspace/install/my_arduino:/home/theo/colcon_ws/install/autonomous_tb3:/opt/ros/foxy /usr/bin/cmake --install /home/theo/ros2_workspace/build/my_arduino_pkg
