[0.011s] Invoking command in '/home/imjunhyung/turtlebot3_ws/build/turtlebot3_node': /usr/bin/cmake --build /home/imjunhyung/turtlebot3_ws/build/turtlebot3_node -- -j8 -l8
[0.117s] [ 85%] Built target turtlebot3_node_lib
[0.163s] [100%] Built target turtlebot3_ros
[0.176s] Invoked command in '/home/imjunhyung/turtlebot3_ws/build/turtlebot3_node' returned '0': /usr/bin/cmake --build /home/imjunhyung/turtlebot3_ws/build/turtlebot3_node -- -j8 -l8
[0.236s] Invoking command in '/home/imjunhyung/turtlebot3_ws/build/turtlebot3_node': /usr/bin/cmake --install /home/imjunhyung/turtlebot3_ws/build/turtlebot3_node
[0.249s] -- Install configuration: ""
[0.249s] -- Execute custom install script
[0.250s] -- Up-to-date symlink: /home/imjunhyung/turtlebot3_ws/install/turtlebot3_node/share/turtlebot3_node/param/burger.yaml
[0.250s] -- Up-to-date symlink: /home/imjunhyung/turtlebot3_ws/install/turtlebot3_node/share/turtlebot3_node/param/waffle.yaml
[0.251s] -- Up-to-date symlink: /home/imjunhyung/turtlebot3_ws/install/turtlebot3_node/share/turtlebot3_node/param/waffle_pi.yaml
[0.251s] -- Up-to-date symlink: /home/imjunhyung/turtlebot3_ws/install/turtlebot3_node/lib/turtlebot3_node/turtlebot3_ros
[0.252s] -- Up-to-date symlink: /home/imjunhyung/turtlebot3_ws/install/turtlebot3_node/share/ament_index/resource_index/package_run_dependencies/turtlebot3_node
[0.252s] -- Up-to-date symlink: /home/imjunhyung/turtlebot3_ws/install/turtlebot3_node/share/ament_index/resource_index/parent_prefix_path/turtlebot3_node
[0.253s] -- Up-to-date symlink: /home/imjunhyung/turtlebot3_ws/install/turtlebot3_node/share/turtlebot3_node/environment/ament_prefix_path.sh
[0.253s] -- Up-to-date symlink: /home/imjunhyung/turtlebot3_ws/install/turtlebot3_node/share/turtlebot3_node/environment/ament_prefix_path.dsv
[0.254s] -- Up-to-date symlink: /home/imjunhyung/turtlebot3_ws/install/turtlebot3_node/share/turtlebot3_node/environment/path.sh
[0.254s] -- Up-to-date symlink: /home/imjunhyung/turtlebot3_ws/install/turtlebot3_node/share/turtlebot3_node/environment/path.dsv
[0.255s] -- Up-to-date symlink: /home/imjunhyung/turtlebot3_ws/install/turtlebot3_node/share/turtlebot3_node/local_setup.bash
[0.255s] -- Up-to-date symlink: /home/imjunhyung/turtlebot3_ws/install/turtlebot3_node/share/turtlebot3_node/local_setup.sh
[0.255s] -- Up-to-date symlink: /home/imjunhyung/turtlebot3_ws/install/turtlebot3_node/share/turtlebot3_node/local_setup.zsh
[0.256s] -- Up-to-date symlink: /home/imjunhyung/turtlebot3_ws/install/turtlebot3_node/share/turtlebot3_node/local_setup.dsv
[0.256s] -- Symlinking: /home/imjunhyung/turtlebot3_ws/install/turtlebot3_node/share/turtlebot3_node/package.dsv
[0.269s] -- Up-to-date symlink: /home/imjunhyung/turtlebot3_ws/install/turtlebot3_node/share/ament_index/resource_index/packages/turtlebot3_node
[0.270s] -- Up-to-date symlink: /home/imjunhyung/turtlebot3_ws/install/turtlebot3_node/share/turtlebot3_node/cmake/ament_cmake_export_include_directories-extras.cmake
[0.270s] -- Up-to-date symlink: /home/imjunhyung/turtlebot3_ws/install/turtlebot3_node/share/turtlebot3_node/cmake/turtlebot3_nodeConfig.cmake
[0.270s] -- Up-to-date symlink: /home/imjunhyung/turtlebot3_ws/install/turtlebot3_node/share/turtlebot3_node/cmake/turtlebot3_nodeConfig-version.cmake
[0.271s] -- Up-to-date symlink: /home/imjunhyung/turtlebot3_ws/install/turtlebot3_node/share/turtlebot3_node/package.xml
[0.276s] Invoked command in '/home/imjunhyung/turtlebot3_ws/build/turtlebot3_node' returned '0': /usr/bin/cmake --install /home/imjunhyung/turtlebot3_ws/build/turtlebot3_node
