[2.100s] Invoking command in '/home/imjunhyung/turtlebot3_ws/src/roi': PYTHONPATH=/home/imjunhyung/turtlebot3_ws/build/roi/prefix_override:/home/imjunhyung/turtlebot3_ws/install/roi/lib/python3.8/site-packages:${PYTHONPATH} /usr/bin/python3 setup.py egg_info --egg-base ../../build/roi build --build-base /home/imjunhyung/turtlebot3_ws/build/roi/build install --record /home/imjunhyung/turtlebot3_ws/build/roi/install.log --install-scripts $base/lib/roi --single-version-externally-managed
[2.522s] running egg_info
[2.523s] creating ../../build/roi/roi.egg-info
[2.523s] writing ../../build/roi/roi.egg-info/PKG-INFO
[2.524s] writing dependency_links to ../../build/roi/roi.egg-info/dependency_links.txt
[2.524s] writing entry points to ../../build/roi/roi.egg-info/entry_points.txt
[2.524s] writing requirements to ../../build/roi/roi.egg-info/requires.txt
[2.524s] writing top-level names to ../../build/roi/roi.egg-info/top_level.txt
[2.527s] writing manifest file '../../build/roi/roi.egg-info/SOURCES.txt'
[2.637s] reading manifest file '../../build/roi/roi.egg-info/SOURCES.txt'
[2.638s] writing manifest file '../../build/roi/roi.egg-info/SOURCES.txt'
[2.639s] running build
[2.639s] running build_py
[2.639s] creating /home/imjunhyung/turtlebot3_ws/build/roi/build
[2.639s] creating /home/imjunhyung/turtlebot3_ws/build/roi/build/lib
[2.639s] creating /home/imjunhyung/turtlebot3_ws/build/roi/build/lib/roi
[2.640s] copying roi/__init__.py -> /home/imjunhyung/turtlebot3_ws/build/roi/build/lib/roi
[2.640s] copying roi/roi.py -> /home/imjunhyung/turtlebot3_ws/build/roi/build/lib/roi
[2.659s] running install
[2.660s] running install_lib
[2.662s] creating /home/imjunhyung/turtlebot3_ws/install/roi/lib/python3.8/site-packages/roi
[2.662s] copying /home/imjunhyung/turtlebot3_ws/build/roi/build/lib/roi/__init__.py -> /home/imjunhyung/turtlebot3_ws/install/roi/lib/python3.8/site-packages/roi
[2.662s] copying /home/imjunhyung/turtlebot3_ws/build/roi/build/lib/roi/roi.py -> /home/imjunhyung/turtlebot3_ws/install/roi/lib/python3.8/site-packages/roi
[2.663s] byte-compiling /home/imjunhyung/turtlebot3_ws/install/roi/lib/python3.8/site-packages/roi/__init__.py to __init__.cpython-38.pyc
[2.664s] byte-compiling /home/imjunhyung/turtlebot3_ws/install/roi/lib/python3.8/site-packages/roi/roi.py to roi.cpython-38.pyc
[2.665s] running install_data
[2.665s] creating /home/imjunhyung/turtlebot3_ws/install/roi/share/ament_index
[2.666s] creating /home/imjunhyung/turtlebot3_ws/install/roi/share/ament_index/resource_index
[2.666s] creating /home/imjunhyung/turtlebot3_ws/install/roi/share/ament_index/resource_index/packages
[2.666s] copying resource/roi -> /home/imjunhyung/turtlebot3_ws/install/roi/share/ament_index/resource_index/packages
[2.666s] copying package.xml -> /home/imjunhyung/turtlebot3_ws/install/roi/share/roi
[2.666s] running install_egg_info
[2.669s] Copying ../../build/roi/roi.egg-info to /home/imjunhyung/turtlebot3_ws/install/roi/lib/python3.8/site-packages/roi-0.0.0-py3.8.egg-info
[2.670s] running install_scripts
[2.690s] Installing roi script to /home/imjunhyung/turtlebot3_ws/install/roi/lib/roi
[2.691s] writing list of installed files to '/home/imjunhyung/turtlebot3_ws/build/roi/install.log'
[2.728s] Invoked command in '/home/imjunhyung/turtlebot3_ws/src/roi' returned '0': PYTHONPATH=/home/imjunhyung/turtlebot3_ws/build/roi/prefix_override:/home/imjunhyung/turtlebot3_ws/install/roi/lib/python3.8/site-packages:${PYTHONPATH} /usr/bin/python3 setup.py egg_info --egg-base ../../build/roi build --build-base /home/imjunhyung/turtlebot3_ws/build/roi/build install --record /home/imjunhyung/turtlebot3_ws/build/roi/install.log --install-scripts $base/lib/roi --single-version-externally-managed
