[0.101s] Invoking command in '/home/imjunhyung/turtlebot3_ws/build/turtlebot3_cartographer': CMAKE_PREFIX_PATH=${CMAKE_PREFIX_PATH}:/opt/ros/foxy /home/imjunhyung/.local/bin/cmake /home/imjunhyung/turtlebot3_ws/src/turtlebot3/turtlebot3_cartographer -DCMAKE_INSTALL_PREFIX=/home/imjunhyung/turtlebot3_ws/install/turtlebot3_cartographer
[1.658s] -- The C compiler identification is GNU 9.4.0
[1.659s] -- The CXX compiler identification is GNU 9.4.0
[1.659s] -- Detecting C compiler ABI info
[1.659s] -- Detecting C compiler ABI info - done
[1.660s] -- Check for working C compiler: /usr/bin/cc - skipped
[1.662s] -- Detecting C compile features
[1.664s] -- Detecting C compile features - done
[1.664s] -- Detecting CXX compiler ABI info
[1.664s] -- Detecting CXX compiler ABI info - done
[1.665s] -- Check for working CXX compiler: /usr/bin/c++ - skipped
[1.667s] -- Detecting CXX compile features
[1.668s] -- Detecting CXX compile features - done
[1.669s] -- Found ament_cmake: 0.9.12 (/opt/ros/foxy/share/ament_cmake/cmake)
[1.670s] -- Found PythonInterp: /usr/bin/python3 (found suitable version "3.8.10", minimum required is "3") 
[1.670s] -- Using PYTHON_EXECUTABLE: /usr/bin/python3
[1.670s] -- Configuring done (1.0s)
[1.671s] -- Generating done (0.0s)
[1.674s] -- Build files have been written to: /home/imjunhyung/turtlebot3_ws/build/turtlebot3_cartographer
[1.684s] Invoked command in '/home/imjunhyung/turtlebot3_ws/build/turtlebot3_cartographer' returned '0': CMAKE_PREFIX_PATH=${CMAKE_PREFIX_PATH}:/opt/ros/foxy /home/imjunhyung/.local/bin/cmake /home/imjunhyung/turtlebot3_ws/src/turtlebot3/turtlebot3_cartographer -DCMAKE_INSTALL_PREFIX=/home/imjunhyung/turtlebot3_ws/install/turtlebot3_cartographer
[1.685s] Invoking command in '/home/imjunhyung/turtlebot3_ws/build/turtlebot3_cartographer': CMAKE_PREFIX_PATH=${CMAKE_PREFIX_PATH}:/opt/ros/foxy /home/imjunhyung/.local/bin/cmake --build /home/imjunhyung/turtlebot3_ws/build/turtlebot3_cartographer -- -j8 -l8
[1.735s] Invoked command in '/home/imjunhyung/turtlebot3_ws/build/turtlebot3_cartographer' returned '0': CMAKE_PREFIX_PATH=${CMAKE_PREFIX_PATH}:/opt/ros/foxy /home/imjunhyung/.local/bin/cmake --build /home/imjunhyung/turtlebot3_ws/build/turtlebot3_cartographer -- -j8 -l8
[1.931s] Invoking command in '/home/imjunhyung/turtlebot3_ws/build/turtlebot3_cartographer': CMAKE_PREFIX_PATH=${CMAKE_PREFIX_PATH}:/opt/ros/foxy /home/imjunhyung/.local/bin/cmake --install /home/imjunhyung/turtlebot3_ws/build/turtlebot3_cartographer
[1.992s] -- Install configuration: ""
[1.993s] -- Installing: /home/imjunhyung/turtlebot3_ws/install/turtlebot3_cartographer/share/turtlebot3_cartographer/config
[1.993s] -- Installing: /home/imjunhyung/turtlebot3_ws/install/turtlebot3_cartographer/share/turtlebot3_cartographer/config/turtlebot3_lds_2d.lua
[1.994s] -- Installing: /home/imjunhyung/turtlebot3_ws/install/turtlebot3_cartographer/share/turtlebot3_cartographer/launch
[1.995s] -- Installing: /home/imjunhyung/turtlebot3_ws/install/turtlebot3_cartographer/share/turtlebot3_cartographer/launch/occupancy_grid.launch.py
[1.995s] -- Installing: /home/imjunhyung/turtlebot3_ws/install/turtlebot3_cartographer/share/turtlebot3_cartographer/launch/cartographer.launch.py
[1.996s] -- Installing: /home/imjunhyung/turtlebot3_ws/install/turtlebot3_cartographer/share/turtlebot3_cartographer/rviz
[1.996s] -- Installing: /home/imjunhyung/turtlebot3_ws/install/turtlebot3_cartographer/share/turtlebot3_cartographer/rviz/tb3_cartographer.rviz
[1.997s] -- Installing: /home/imjunhyung/turtlebot3_ws/install/turtlebot3_cartographer/share/ament_index/resource_index/package_run_dependencies/turtlebot3_cartographer
[1.998s] -- Installing: /home/imjunhyung/turtlebot3_ws/install/turtlebot3_cartographer/share/ament_index/resource_index/parent_prefix_path/turtlebot3_cartographer
[1.999s] -- Installing: /home/imjunhyung/turtlebot3_ws/install/turtlebot3_cartographer/share/turtlebot3_cartographer/environment/ament_prefix_path.sh
[1.999s] -- Installing: /home/imjunhyung/turtlebot3_ws/install/turtlebot3_cartographer/share/turtlebot3_cartographer/environment/ament_prefix_path.dsv
[2.000s] -- Installing: /home/imjunhyung/turtlebot3_ws/install/turtlebot3_cartographer/share/turtlebot3_cartographer/environment/path.sh
[2.001s] -- Installing: /home/imjunhyung/turtlebot3_ws/install/turtlebot3_cartographer/share/turtlebot3_cartographer/environment/path.dsv
[2.001s] -- Installing: /home/imjunhyung/turtlebot3_ws/install/turtlebot3_cartographer/share/turtlebot3_cartographer/local_setup.bash
[2.001s] -- Installing: /home/imjunhyung/turtlebot3_ws/install/turtlebot3_cartographer/share/turtlebot3_cartographer/local_setup.sh
[2.002s] -- Installing: /home/imjunhyung/turtlebot3_ws/install/turtlebot3_cartographer/share/turtlebot3_cartographer/local_setup.zsh
[2.002s] -- Installing: /home/imjunhyung/turtlebot3_ws/install/turtlebot3_cartographer/share/turtlebot3_cartographer/local_setup.dsv
[2.002s] -- Installing: /home/imjunhyung/turtlebot3_ws/install/turtlebot3_cartographer/share/turtlebot3_cartographer/package.dsv
[2.003s] -- Installing: /home/imjunhyung/turtlebot3_ws/install/turtlebot3_cartographer/share/ament_index/resource_index/packages/turtlebot3_cartographer
[2.003s] -- Installing: /home/imjunhyung/turtlebot3_ws/install/turtlebot3_cartographer/share/turtlebot3_cartographer/cmake/turtlebot3_cartographerConfig.cmake
[2.004s] -- Installing: /home/imjunhyung/turtlebot3_ws/install/turtlebot3_cartographer/share/turtlebot3_cartographer/cmake/turtlebot3_cartographerConfig-version.cmake
[2.004s] -- Installing: /home/imjunhyung/turtlebot3_ws/install/turtlebot3_cartographer/share/turtlebot3_cartographer/package.xml
[2.018s] Invoked command in '/home/imjunhyung/turtlebot3_ws/build/turtlebot3_cartographer' returned '0': CMAKE_PREFIX_PATH=${CMAKE_PREFIX_PATH}:/opt/ros/foxy /home/imjunhyung/.local/bin/cmake --install /home/imjunhyung/turtlebot3_ws/build/turtlebot3_cartographer
