[2.593s] Invoking command in '/home/imjunhyung/turtlebot3_ws/src/turtlebot3/turtlebot3_teleop': PYTHONPATH=/home/imjunhyung/turtlebot3_ws/build/turtlebot3_teleop/prefix_override:/home/imjunhyung/turtlebot3_ws/install/turtlebot3_teleop/lib/python3.8/site-packages:${PYTHONPATH} /usr/bin/python3 setup.py egg_info --egg-base ../../../build/turtlebot3_teleop build --build-base /home/imjunhyung/turtlebot3_ws/build/turtlebot3_teleop/build install --record /home/imjunhyung/turtlebot3_ws/build/turtlebot3_teleop/install.log --single-version-externally-managed
[3.227s] running egg_info
[3.229s] creating ../../../build/turtlebot3_teleop/turtlebot3_teleop.egg-info
[3.229s] writing ../../../build/turtlebot3_teleop/turtlebot3_teleop.egg-info/PKG-INFO
[3.230s] writing dependency_links to ../../../build/turtlebot3_teleop/turtlebot3_teleop.egg-info/dependency_links.txt
[3.230s] writing entry points to ../../../build/turtlebot3_teleop/turtlebot3_teleop.egg-info/entry_points.txt
[3.230s] writing requirements to ../../../build/turtlebot3_teleop/turtlebot3_teleop.egg-info/requires.txt
[3.230s] writing top-level names to ../../../build/turtlebot3_teleop/turtlebot3_teleop.egg-info/top_level.txt
[3.233s] writing manifest file '../../../build/turtlebot3_teleop/turtlebot3_teleop.egg-info/SOURCES.txt'
[3.313s] reading manifest file '../../../build/turtlebot3_teleop/turtlebot3_teleop.egg-info/SOURCES.txt'
[3.314s] writing manifest file '../../../build/turtlebot3_teleop/turtlebot3_teleop.egg-info/SOURCES.txt'
[3.315s] running build
[3.315s] running build_py
[3.315s] creating /home/imjunhyung/turtlebot3_ws/build/turtlebot3_teleop/build
[3.315s] creating /home/imjunhyung/turtlebot3_ws/build/turtlebot3_teleop/build/lib
[3.316s] creating /home/imjunhyung/turtlebot3_ws/build/turtlebot3_teleop/build/lib/turtlebot3_teleop
[3.316s] copying turtlebot3_teleop/__init__.py -> /home/imjunhyung/turtlebot3_ws/build/turtlebot3_teleop/build/lib/turtlebot3_teleop
[3.316s] creating /home/imjunhyung/turtlebot3_ws/build/turtlebot3_teleop/build/lib/turtlebot3_teleop/script
[3.316s] copying turtlebot3_teleop/script/__init__.py -> /home/imjunhyung/turtlebot3_ws/build/turtlebot3_teleop/build/lib/turtlebot3_teleop/script
[3.317s] copying turtlebot3_teleop/script/teleop_keyboard.py -> /home/imjunhyung/turtlebot3_ws/build/turtlebot3_teleop/build/lib/turtlebot3_teleop/script
[3.317s] running install
[3.318s] running install_lib
[3.320s] creating /home/imjunhyung/turtlebot3_ws/install/turtlebot3_teleop/lib/python3.8/site-packages/turtlebot3_teleop
[3.320s] creating /home/imjunhyung/turtlebot3_ws/install/turtlebot3_teleop/lib/python3.8/site-packages/turtlebot3_teleop/script
[3.320s] copying /home/imjunhyung/turtlebot3_ws/build/turtlebot3_teleop/build/lib/turtlebot3_teleop/script/__init__.py -> /home/imjunhyung/turtlebot3_ws/install/turtlebot3_teleop/lib/python3.8/site-packages/turtlebot3_teleop/script
[3.320s] copying /home/imjunhyung/turtlebot3_ws/build/turtlebot3_teleop/build/lib/turtlebot3_teleop/script/teleop_keyboard.py -> /home/imjunhyung/turtlebot3_ws/install/turtlebot3_teleop/lib/python3.8/site-packages/turtlebot3_teleop/script
[3.321s] copying /home/imjunhyung/turtlebot3_ws/build/turtlebot3_teleop/build/lib/turtlebot3_teleop/__init__.py -> /home/imjunhyung/turtlebot3_ws/install/turtlebot3_teleop/lib/python3.8/site-packages/turtlebot3_teleop
[3.321s] byte-compiling /home/imjunhyung/turtlebot3_ws/install/turtlebot3_teleop/lib/python3.8/site-packages/turtlebot3_teleop/script/__init__.py to __init__.cpython-38.pyc
[3.323s] byte-compiling /home/imjunhyung/turtlebot3_ws/install/turtlebot3_teleop/lib/python3.8/site-packages/turtlebot3_teleop/script/teleop_keyboard.py to teleop_keyboard.cpython-38.pyc
[3.325s] byte-compiling /home/imjunhyung/turtlebot3_ws/install/turtlebot3_teleop/lib/python3.8/site-packages/turtlebot3_teleop/__init__.py to __init__.cpython-38.pyc
[3.325s] running install_data
[3.326s] creating /home/imjunhyung/turtlebot3_ws/install/turtlebot3_teleop/share/ament_index
[3.326s] creating /home/imjunhyung/turtlebot3_ws/install/turtlebot3_teleop/share/ament_index/resource_index
[3.327s] creating /home/imjunhyung/turtlebot3_ws/install/turtlebot3_teleop/share/ament_index/resource_index/packages
[3.327s] copying resource/turtlebot3_teleop -> /home/imjunhyung/turtlebot3_ws/install/turtlebot3_teleop/share/ament_index/resource_index/packages
[3.327s] copying package.xml -> /home/imjunhyung/turtlebot3_ws/install/turtlebot3_teleop/share/turtlebot3_teleop
[3.327s] running install_egg_info
[3.331s] Copying ../../../build/turtlebot3_teleop/turtlebot3_teleop.egg-info to /home/imjunhyung/turtlebot3_ws/install/turtlebot3_teleop/lib/python3.8/site-packages/turtlebot3_teleop-2.1.4-py3.8.egg-info
[3.332s] running install_scripts
[3.357s] Installing teleop_keyboard script to /home/imjunhyung/turtlebot3_ws/install/turtlebot3_teleop/lib/turtlebot3_teleop
[3.358s] writing list of installed files to '/home/imjunhyung/turtlebot3_ws/build/turtlebot3_teleop/install.log'
[3.502s] Invoked command in '/home/imjunhyung/turtlebot3_ws/src/turtlebot3/turtlebot3_teleop' returned '0': PYTHONPATH=/home/imjunhyung/turtlebot3_ws/build/turtlebot3_teleop/prefix_override:/home/imjunhyung/turtlebot3_ws/install/turtlebot3_teleop/lib/python3.8/site-packages:${PYTHONPATH} /usr/bin/python3 setup.py egg_info --egg-base ../../../build/turtlebot3_teleop build --build-base /home/imjunhyung/turtlebot3_ws/build/turtlebot3_teleop/build install --record /home/imjunhyung/turtlebot3_ws/build/turtlebot3_teleop/install.log --single-version-externally-managed
