[2.004s] Invoking command in '/home/imjunhyung/turtlebot3_ws/src/motor': PYTHONPATH=/home/imjunhyung/turtlebot3_ws/build/motor/prefix_override:/home/imjunhyung/turtlebot3_ws/install/motor/lib/python3.8/site-packages:${PYTHONPATH} /usr/bin/python3 setup.py egg_info --egg-base ../../build/motor build --build-base /home/imjunhyung/turtlebot3_ws/build/motor/build install --record /home/imjunhyung/turtlebot3_ws/build/motor/install.log --install-scripts $base/lib/motor --single-version-externally-managed
[2.460s] running egg_info
[2.462s] writing ../../build/motor/motor.egg-info/PKG-INFO
[2.462s] writing dependency_links to ../../build/motor/motor.egg-info/dependency_links.txt
[2.462s] writing entry points to ../../build/motor/motor.egg-info/entry_points.txt
[2.463s] writing requirements to ../../build/motor/motor.egg-info/requires.txt
[2.464s] writing top-level names to ../../build/motor/motor.egg-info/top_level.txt
[2.511s] reading manifest file '../../build/motor/motor.egg-info/SOURCES.txt'
[2.512s] writing manifest file '../../build/motor/motor.egg-info/SOURCES.txt'
[2.512s] running build
[2.512s] running build_py
[2.513s] running install
[2.514s] running install_lib
[2.516s] running install_data
[2.516s] running install_egg_info
[2.519s] removing '/home/imjunhyung/turtlebot3_ws/install/motor/lib/python3.8/site-packages/motor-0.0.0-py3.8.egg-info' (and everything under it)
[2.519s] Copying ../../build/motor/motor.egg-info to /home/imjunhyung/turtlebot3_ws/install/motor/lib/python3.8/site-packages/motor-0.0.0-py3.8.egg-info
[2.520s] running install_scripts
[2.542s] Installing motor script to /home/imjunhyung/turtlebot3_ws/install/motor/lib/motor
[2.543s] writing list of installed files to '/home/imjunhyung/turtlebot3_ws/build/motor/install.log'
[2.587s] Invoked command in '/home/imjunhyung/turtlebot3_ws/src/motor' returned '0': PYTHONPATH=/home/imjunhyung/turtlebot3_ws/build/motor/prefix_override:/home/imjunhyung/turtlebot3_ws/install/motor/lib/python3.8/site-packages:${PYTHONPATH} /usr/bin/python3 setup.py egg_info --egg-base ../../build/motor build --build-base /home/imjunhyung/turtlebot3_ws/build/motor/build install --record /home/imjunhyung/turtlebot3_ws/build/motor/install.log --install-scripts $base/lib/motor --single-version-externally-managed
