[0.022s] Invoking command in '/home/imjunhyung/turtlebot3_ws/build/turtlebot3': AMENT_PREFIX_PATH=/home/imjunhyung/turtlebot3_ws/install/turtlebot3_bringup:/home/imjunhyung/turtlebot3_ws/install/turtlebot3_teleop:/home/imjunhyung/turtlebot3_ws/install/turtlebot3_node:/home/imjunhyung/turtlebot3_ws/install/turtlebot3_navigation2:/home/imjunhyung/turtlebot3_ws/install/turtlebot3_example:/home/imjunhyung/turtlebot3_ws/install/turtlebot3_description:/home/imjunhyung/turtlebot3_ws/install/turtlebot3_cartographer:${AMENT_PREFIX_PATH} CMAKE_PREFIX_PATH=/home/imjunhyung/turtlebot3_ws/install/turtlebot3_bringup:/home/imjunhyung/turtlebot3_ws/install/turtlebot3_node:/home/imjunhyung/turtlebot3_ws/install/turtlebot3_navigation2:/home/imjunhyung/turtlebot3_ws/install/turtlebot3_description:/home/imjunhyung/turtlebot3_ws/install/turtlebot3_cartographer:/home/imjunhyung/ros2_ws/install/rplidar_ros:/opt/ros/foxy PYTHONPATH=/home/imjunhyung/turtlebot3_ws/install/turtlebot3_teleop/lib/python3.8/site-packages:/home/imjunhyung/turtlebot3_ws/install/turtlebot3_example/lib/python3.8/site-packages:${PYTHONPATH} /home/imjunhyung/.local/bin/cmake /home/imjunhyung/turtlebot3_ws/src/turtlebot3/turtlebot3 -DCMAKE_INSTALL_PREFIX=/home/imjunhyung/turtlebot3_ws/install/turtlebot3
[0.117s] -- The C compiler identification is GNU 9.4.0
[0.184s] -- The CXX compiler identification is GNU 9.4.0
[0.195s] -- Detecting C compiler ABI info
[0.263s] -- Detecting C compiler ABI info - done
[0.276s] -- Check for working C compiler: /usr/bin/cc - skipped
[0.277s] -- Detecting C compile features
[0.277s] -- Detecting C compile features - done
[0.282s] -- Detecting CXX compiler ABI info
[0.365s] -- Detecting CXX compiler ABI info - done
[0.378s] -- Check for working CXX compiler: /usr/bin/c++ - skipped
[0.378s] -- Detecting CXX compile features
[0.379s] -- Detecting CXX compile features - done
[0.382s] -- Found ament_cmake: 0.9.12 (/opt/ros/foxy/share/ament_cmake/cmake)
[0.414s] -- Found PythonInterp: /usr/bin/python3 (found suitable version "3.8.10", minimum required is "3") 
[0.414s] -- Using PYTHON_EXECUTABLE: /usr/bin/python3
[0.752s] -- Configuring done (0.7s)
[0.755s] -- Generating done (0.0s)
[0.756s] -- Build files have been written to: /home/imjunhyung/turtlebot3_ws/build/turtlebot3
[0.765s] Invoked command in '/home/imjunhyung/turtlebot3_ws/build/turtlebot3' returned '0': AMENT_PREFIX_PATH=/home/imjunhyung/turtlebot3_ws/install/turtlebot3_bringup:/home/imjunhyung/turtlebot3_ws/install/turtlebot3_teleop:/home/imjunhyung/turtlebot3_ws/install/turtlebot3_node:/home/imjunhyung/turtlebot3_ws/install/turtlebot3_navigation2:/home/imjunhyung/turtlebot3_ws/install/turtlebot3_example:/home/imjunhyung/turtlebot3_ws/install/turtlebot3_description:/home/imjunhyung/turtlebot3_ws/install/turtlebot3_cartographer:${AMENT_PREFIX_PATH} CMAKE_PREFIX_PATH=/home/imjunhyung/turtlebot3_ws/install/turtlebot3_bringup:/home/imjunhyung/turtlebot3_ws/install/turtlebot3_node:/home/imjunhyung/turtlebot3_ws/install/turtlebot3_navigation2:/home/imjunhyung/turtlebot3_ws/install/turtlebot3_description:/home/imjunhyung/turtlebot3_ws/install/turtlebot3_cartographer:/home/imjunhyung/ros2_ws/install/rplidar_ros:/opt/ros/foxy PYTHONPATH=/home/imjunhyung/turtlebot3_ws/install/turtlebot3_teleop/lib/python3.8/site-packages:/home/imjunhyung/turtlebot3_ws/install/turtlebot3_example/lib/python3.8/site-packages:${PYTHONPATH} /home/imjunhyung/.local/bin/cmake /home/imjunhyung/turtlebot3_ws/src/turtlebot3/turtlebot3 -DCMAKE_INSTALL_PREFIX=/home/imjunhyung/turtlebot3_ws/install/turtlebot3
[0.768s] Invoking command in '/home/imjunhyung/turtlebot3_ws/build/turtlebot3': AMENT_PREFIX_PATH=/home/imjunhyung/turtlebot3_ws/install/turtlebot3_bringup:/home/imjunhyung/turtlebot3_ws/install/turtlebot3_teleop:/home/imjunhyung/turtlebot3_ws/install/turtlebot3_node:/home/imjunhyung/turtlebot3_ws/install/turtlebot3_navigation2:/home/imjunhyung/turtlebot3_ws/install/turtlebot3_example:/home/imjunhyung/turtlebot3_ws/install/turtlebot3_description:/home/imjunhyung/turtlebot3_ws/install/turtlebot3_cartographer:${AMENT_PREFIX_PATH} CMAKE_PREFIX_PATH=/home/imjunhyung/turtlebot3_ws/install/turtlebot3_bringup:/home/imjunhyung/turtlebot3_ws/install/turtlebot3_node:/home/imjunhyung/turtlebot3_ws/install/turtlebot3_navigation2:/home/imjunhyung/turtlebot3_ws/install/turtlebot3_description:/home/imjunhyung/turtlebot3_ws/install/turtlebot3_cartographer:/home/imjunhyung/ros2_ws/install/rplidar_ros:/opt/ros/foxy PYTHONPATH=/home/imjunhyung/turtlebot3_ws/install/turtlebot3_teleop/lib/python3.8/site-packages:/home/imjunhyung/turtlebot3_ws/install/turtlebot3_example/lib/python3.8/site-packages:${PYTHONPATH} /home/imjunhyung/.local/bin/cmake --build /home/imjunhyung/turtlebot3_ws/build/turtlebot3 -- -j8 -l8
[0.820s] Invoked command in '/home/imjunhyung/turtlebot3_ws/build/turtlebot3' returned '0': AMENT_PREFIX_PATH=/home/imjunhyung/turtlebot3_ws/install/turtlebot3_bringup:/home/imjunhyung/turtlebot3_ws/install/turtlebot3_teleop:/home/imjunhyung/turtlebot3_ws/install/turtlebot3_node:/home/imjunhyung/turtlebot3_ws/install/turtlebot3_navigation2:/home/imjunhyung/turtlebot3_ws/install/turtlebot3_example:/home/imjunhyung/turtlebot3_ws/install/turtlebot3_description:/home/imjunhyung/turtlebot3_ws/install/turtlebot3_cartographer:${AMENT_PREFIX_PATH} CMAKE_PREFIX_PATH=/home/imjunhyung/turtlebot3_ws/install/turtlebot3_bringup:/home/imjunhyung/turtlebot3_ws/install/turtlebot3_node:/home/imjunhyung/turtlebot3_ws/install/turtlebot3_navigation2:/home/imjunhyung/turtlebot3_ws/install/turtlebot3_description:/home/imjunhyung/turtlebot3_ws/install/turtlebot3_cartographer:/home/imjunhyung/ros2_ws/install/rplidar_ros:/opt/ros/foxy PYTHONPATH=/home/imjunhyung/turtlebot3_ws/install/turtlebot3_teleop/lib/python3.8/site-packages:/home/imjunhyung/turtlebot3_ws/install/turtlebot3_example/lib/python3.8/site-packages:${PYTHONPATH} /home/imjunhyung/.local/bin/cmake --build /home/imjunhyung/turtlebot3_ws/build/turtlebot3 -- -j8 -l8
[0.872s] Invoking command in '/home/imjunhyung/turtlebot3_ws/build/turtlebot3': AMENT_PREFIX_PATH=/home/imjunhyung/turtlebot3_ws/install/turtlebot3_bringup:/home/imjunhyung/turtlebot3_ws/install/turtlebot3_teleop:/home/imjunhyung/turtlebot3_ws/install/turtlebot3_node:/home/imjunhyung/turtlebot3_ws/install/turtlebot3_navigation2:/home/imjunhyung/turtlebot3_ws/install/turtlebot3_example:/home/imjunhyung/turtlebot3_ws/install/turtlebot3_description:/home/imjunhyung/turtlebot3_ws/install/turtlebot3_cartographer:${AMENT_PREFIX_PATH} CMAKE_PREFIX_PATH=/home/imjunhyung/turtlebot3_ws/install/turtlebot3_bringup:/home/imjunhyung/turtlebot3_ws/install/turtlebot3_node:/home/imjunhyung/turtlebot3_ws/install/turtlebot3_navigation2:/home/imjunhyung/turtlebot3_ws/install/turtlebot3_description:/home/imjunhyung/turtlebot3_ws/install/turtlebot3_cartographer:/home/imjunhyung/ros2_ws/install/rplidar_ros:/opt/ros/foxy PYTHONPATH=/home/imjunhyung/turtlebot3_ws/install/turtlebot3_teleop/lib/python3.8/site-packages:/home/imjunhyung/turtlebot3_ws/install/turtlebot3_example/lib/python3.8/site-packages:${PYTHONPATH} /home/imjunhyung/.local/bin/cmake --install /home/imjunhyung/turtlebot3_ws/build/turtlebot3
[0.906s] -- Install configuration: ""
[0.906s] -- Installing: /home/imjunhyung/turtlebot3_ws/install/turtlebot3/share/ament_index/resource_index/package_run_dependencies/turtlebot3
[0.907s] -- Installing: /home/imjunhyung/turtlebot3_ws/install/turtlebot3/share/ament_index/resource_index/parent_prefix_path/turtlebot3
[0.907s] -- Installing: /home/imjunhyung/turtlebot3_ws/install/turtlebot3/share/turtlebot3/environment/ament_prefix_path.sh
[0.907s] -- Installing: /home/imjunhyung/turtlebot3_ws/install/turtlebot3/share/turtlebot3/environment/ament_prefix_path.dsv
[0.908s] -- Installing: /home/imjunhyung/turtlebot3_ws/install/turtlebot3/share/turtlebot3/environment/path.sh
[0.908s] -- Installing: /home/imjunhyung/turtlebot3_ws/install/turtlebot3/share/turtlebot3/environment/path.dsv
[0.908s] -- Installing: /home/imjunhyung/turtlebot3_ws/install/turtlebot3/share/turtlebot3/local_setup.bash
[0.908s] -- Installing: /home/imjunhyung/turtlebot3_ws/install/turtlebot3/share/turtlebot3/local_setup.sh
[0.909s] -- Installing: /home/imjunhyung/turtlebot3_ws/install/turtlebot3/share/turtlebot3/local_setup.zsh
[0.909s] -- Installing: /home/imjunhyung/turtlebot3_ws/install/turtlebot3/share/turtlebot3/local_setup.dsv
[0.909s] -- Installing: /home/imjunhyung/turtlebot3_ws/install/turtlebot3/share/turtlebot3/package.dsv
[0.909s] -- Installing: /home/imjunhyung/turtlebot3_ws/install/turtlebot3/share/ament_index/resource_index/packages/turtlebot3
[0.910s] -- Installing: /home/imjunhyung/turtlebot3_ws/install/turtlebot3/share/turtlebot3/cmake/turtlebot3Config.cmake
[0.910s] -- Installing: /home/imjunhyung/turtlebot3_ws/install/turtlebot3/share/turtlebot3/cmake/turtlebot3Config-version.cmake
[0.910s] -- Installing: /home/imjunhyung/turtlebot3_ws/install/turtlebot3/share/turtlebot3/package.xml
[0.919s] Invoked command in '/home/imjunhyung/turtlebot3_ws/build/turtlebot3' returned '0': AMENT_PREFIX_PATH=/home/imjunhyung/turtlebot3_ws/install/turtlebot3_bringup:/home/imjunhyung/turtlebot3_ws/install/turtlebot3_teleop:/home/imjunhyung/turtlebot3_ws/install/turtlebot3_node:/home/imjunhyung/turtlebot3_ws/install/turtlebot3_navigation2:/home/imjunhyung/turtlebot3_ws/install/turtlebot3_example:/home/imjunhyung/turtlebot3_ws/install/turtlebot3_description:/home/imjunhyung/turtlebot3_ws/install/turtlebot3_cartographer:${AMENT_PREFIX_PATH} CMAKE_PREFIX_PATH=/home/imjunhyung/turtlebot3_ws/install/turtlebot3_bringup:/home/imjunhyung/turtlebot3_ws/install/turtlebot3_node:/home/imjunhyung/turtlebot3_ws/install/turtlebot3_navigation2:/home/imjunhyung/turtlebot3_ws/install/turtlebot3_description:/home/imjunhyung/turtlebot3_ws/install/turtlebot3_cartographer:/home/imjunhyung/ros2_ws/install/rplidar_ros:/opt/ros/foxy PYTHONPATH=/home/imjunhyung/turtlebot3_ws/install/turtlebot3_teleop/lib/python3.8/site-packages:/home/imjunhyung/turtlebot3_ws/install/turtlebot3_example/lib/python3.8/site-packages:${PYTHONPATH} /home/imjunhyung/.local/bin/cmake --install /home/imjunhyung/turtlebot3_ws/build/turtlebot3
