[0.139s] Invoking command in '/home/imjunhyung/turtlebot3_ws/build/turtlebot3_gazebo': AMENT_PREFIX_PATH=/home/imjunhyung/turtlebot3_ws/install/turtlebot3_description:${AMENT_PREFIX_PATH} CMAKE_PREFIX_PATH=/home/imjunhyung/turtlebot3_ws/install/turtlebot3_description:/home/imjunhyung/ros2_ws/install/rplidar_ros:/opt/ros/foxy /home/imjunhyung/.local/bin/cmake --build /home/imjunhyung/turtlebot3_ws/build/turtlebot3_gazebo -- -j8 -l8
[0.267s] [ 25%] Built target turtlebot3_drive
[0.299s] [ 50%] Built target obstacle2
[0.304s] [ 75%] Built target obstacles
[0.319s] [100%] Built target obstacle1
[0.929s] Invoked command in '/home/imjunhyung/turtlebot3_ws/build/turtlebot3_gazebo' returned '0': AMENT_PREFIX_PATH=/home/imjunhyung/turtlebot3_ws/install/turtlebot3_description:${AMENT_PREFIX_PATH} CMAKE_PREFIX_PATH=/home/imjunhyung/turtlebot3_ws/install/turtlebot3_description:/home/imjunhyung/ros2_ws/install/rplidar_ros:/opt/ros/foxy /home/imjunhyung/.local/bin/cmake --build /home/imjunhyung/turtlebot3_ws/build/turtlebot3_gazebo -- -j8 -l8
[1.052s] Invoking command in '/home/imjunhyung/turtlebot3_ws/build/turtlebot3_gazebo': AMENT_PREFIX_PATH=/home/imjunhyung/turtlebot3_ws/install/turtlebot3_description:${AMENT_PREFIX_PATH} CMAKE_PREFIX_PATH=/home/imjunhyung/turtlebot3_ws/install/turtlebot3_description:/home/imjunhyung/ros2_ws/install/rplidar_ros:/opt/ros/foxy /home/imjunhyung/.local/bin/cmake --install /home/imjunhyung/turtlebot3_ws/build/turtlebot3_gazebo
[1.138s] -- Install configuration: ""
[1.138s] -- Up-to-date: /home/imjunhyung/turtlebot3_ws/install/turtlebot3_gazebo/lib/turtlebot3_gazebo/turtlebot3_drive
[1.138s] -- Up-to-date: /home/imjunhyung/turtlebot3_ws/install/turtlebot3_gazebo/share/turtlebot3_gazebo//launch
[1.138s] -- Up-to-date: /home/imjunhyung/turtlebot3_ws/install/turtlebot3_gazebo/share/turtlebot3_gazebo//launch/robot_state_publisher.launch.py
[1.139s] -- Up-to-date: /home/imjunhyung/turtlebot3_ws/install/turtlebot3_gazebo/share/turtlebot3_gazebo//launch/turtlebot3_autorace.launch.py
[1.139s] -- Up-to-date: /home/imjunhyung/turtlebot3_ws/install/turtlebot3_gazebo/share/turtlebot3_gazebo//launch/empty_world.launch.py
[1.139s] -- Up-to-date: /home/imjunhyung/turtlebot3_ws/install/turtlebot3_gazebo/share/turtlebot3_gazebo//launch/turtlebot3_dqn_stage2.launch.py
[1.139s] -- Up-to-date: /home/imjunhyung/turtlebot3_ws/install/turtlebot3_gazebo/share/turtlebot3_gazebo//launch/turtlebot3_world.launch.py
[1.139s] -- Up-to-date: /home/imjunhyung/turtlebot3_ws/install/turtlebot3_gazebo/share/turtlebot3_gazebo//launch/turtlebot3_dqn_stage1.launch.py
[1.139s] -- Up-to-date: /home/imjunhyung/turtlebot3_ws/install/turtlebot3_gazebo/share/turtlebot3_gazebo//launch/turtlebot3_dqn_stage3.launch.py
[1.140s] -- Up-to-date: /home/imjunhyung/turtlebot3_ws/install/turtlebot3_gazebo/share/turtlebot3_gazebo//launch/turtlebot3_house.launch.py
[1.140s] -- Up-to-date: /home/imjunhyung/turtlebot3_ws/install/turtlebot3_gazebo/share/turtlebot3_gazebo//launch/turtlebot3_dqn_stage4.launch.py
[1.140s] -- Up-to-date: /home/imjunhyung/turtlebot3_ws/install/turtlebot3_gazebo/share/turtlebot3_gazebo//models
[1.140s] -- Up-to-date: /home/imjunhyung/turtlebot3_ws/install/turtlebot3_gazebo/share/turtlebot3_gazebo//models/turtlebot3_autorace
[1.140s] -- Up-to-date: /home/imjunhyung/turtlebot3_ws/install/turtlebot3_gazebo/share/turtlebot3_gazebo//models/turtlebot3_autorace/traffic_light_yellow
[1.141s] -- Up-to-date: /home/imjunhyung/turtlebot3_ws/install/turtlebot3_gazebo/share/turtlebot3_gazebo//models/turtlebot3_autorace/traffic_light_yellow/model.config
[1.141s] -- Up-to-date: /home/imjunhyung/turtlebot3_ws/install/turtlebot3_gazebo/share/turtlebot3_gazebo//models/turtlebot3_autorace/traffic_light_yellow/model.sdf
[1.141s] -- Up-to-date: /home/imjunhyung/turtlebot3_ws/install/turtlebot3_gazebo/share/turtlebot3_gazebo//models/turtlebot3_autorace/traffic_light_red
[1.141s] -- Up-to-date: /home/imjunhyung/turtlebot3_ws/install/turtlebot3_gazebo/share/turtlebot3_gazebo//models/turtlebot3_autorace/traffic_light_red/model.config
[1.141s] -- Up-to-date: /home/imjunhyung/turtlebot3_ws/install/turtlebot3_gazebo/share/turtlebot3_gazebo//models/turtlebot3_autorace/traffic_light_red/model.sdf
[1.142s] -- Up-to-date: /home/imjunhyung/turtlebot3_ws/install/turtlebot3_gazebo/share/turtlebot3_gazebo//models/turtlebot3_autorace/traffic_bar_up
[1.142s] -- Up-to-date: /home/imjunhyung/turtlebot3_ws/install/turtlebot3_gazebo/share/turtlebot3_gazebo//models/turtlebot3_autorace/traffic_bar_up/model.config
[1.142s] -- Up-to-date: /home/imjunhyung/turtlebot3_ws/install/turtlebot3_gazebo/share/turtlebot3_gazebo//models/turtlebot3_autorace/traffic_bar_up/model.sdf
[1.142s] -- Up-to-date: /home/imjunhyung/turtlebot3_ws/install/turtlebot3_gazebo/share/turtlebot3_gazebo//models/turtlebot3_autorace/traffic_bar_up/materials
[1.142s] -- Up-to-date: /home/imjunhyung/turtlebot3_ws/install/turtlebot3_gazebo/share/turtlebot3_gazebo//models/turtlebot3_autorace/traffic_bar_up/materials/scripts
[1.143s] -- Up-to-date: /home/imjunhyung/turtlebot3_ws/install/turtlebot3_gazebo/share/turtlebot3_gazebo//models/turtlebot3_autorace/traffic_bar_up/materials/scripts/traffic_bar.material
[1.143s] -- Up-to-date: /home/imjunhyung/turtlebot3_ws/install/turtlebot3_gazebo/share/turtlebot3_gazebo//models/turtlebot3_autorace/traffic_bar_up/materials/textures
[1.143s] -- Up-to-date: /home/imjunhyung/turtlebot3_ws/install/turtlebot3_gazebo/share/turtlebot3_gazebo//models/turtlebot3_autorace/traffic_bar_up/materials/textures/traffic_bar.png
[1.143s] -- Up-to-date: /home/imjunhyung/turtlebot3_ws/install/turtlebot3_gazebo/share/turtlebot3_gazebo//models/turtlebot3_autorace/lights
[1.143s] -- Up-to-date: /home/imjunhyung/turtlebot3_ws/install/turtlebot3_gazebo/share/turtlebot3_gazebo//models/turtlebot3_autorace/lights/model.config
[1.144s] -- Up-to-date: /home/imjunhyung/turtlebot3_ws/install/turtlebot3_gazebo/share/turtlebot3_gazebo//models/turtlebot3_autorace/lights/model.sdf
[1.144s] -- Up-to-date: /home/imjunhyung/turtlebot3_ws/install/turtlebot3_gazebo/share/turtlebot3_gazebo//models/turtlebot3_autorace/model.config
[1.144s] -- Up-to-date: /home/imjunhyung/turtlebot3_ws/install/turtlebot3_gazebo/share/turtlebot3_gazebo//models/turtlebot3_autorace/traffic_stop
[1.144s] -- Up-to-date: /home/imjunhyung/turtlebot3_ws/install/turtlebot3_gazebo/share/turtlebot3_gazebo//models/turtlebot3_autorace/traffic_stop/model.config
[1.144s] -- Up-to-date: /home/imjunhyung/turtlebot3_ws/install/turtlebot3_gazebo/share/turtlebot3_gazebo//models/turtlebot3_autorace/traffic_stop/model.sdf
[1.144s] -- Up-to-date: /home/imjunhyung/turtlebot3_ws/install/turtlebot3_gazebo/share/turtlebot3_gazebo//models/turtlebot3_autorace/traffic_stop/materials
[1.145s] -- Up-to-date: /home/imjunhyung/turtlebot3_ws/install/turtlebot3_gazebo/share/turtlebot3_gazebo//models/turtlebot3_autorace/traffic_stop/materials/scripts
[1.145s] -- Up-to-date: /home/imjunhyung/turtlebot3_ws/install/turtlebot3_gazebo/share/turtlebot3_gazebo//models/turtlebot3_autorace/traffic_stop/materials/scripts/traffic_stop.material
[1.145s] -- Up-to-date: /home/imjunhyung/turtlebot3_ws/install/turtlebot3_gazebo/share/turtlebot3_gazebo//models/turtlebot3_autorace/traffic_stop/materials/textures
[1.145s] -- Up-to-date: /home/imjunhyung/turtlebot3_ws/install/turtlebot3_gazebo/share/turtlebot3_gazebo//models/turtlebot3_autorace/traffic_stop/materials/textures/traffic_stop.png
[1.145s] -- Up-to-date: /home/imjunhyung/turtlebot3_ws/install/turtlebot3_gazebo/share/turtlebot3_gazebo//models/turtlebot3_autorace/ground
[1.153s] -- Up-to-date: /home/imjunhyung/turtlebot3_ws/install/turtlebot3_gazebo/share/turtlebot3_gazebo//models/turtlebot3_autorace/ground/model.config
[1.154s] -- Up-to-date: /home/imjunhyung/turtlebot3_ws/install/turtlebot3_gazebo/share/turtlebot3_gazebo//models/turtlebot3_autorace/ground/model.sdf
[1.154s] -- Up-to-date: /home/imjunhyung/turtlebot3_ws/install/turtlebot3_gazebo/share/turtlebot3_gazebo//models/turtlebot3_autorace/traffic_light_green
[1.154s] -- Up-to-date: /home/imjunhyung/turtlebot3_ws/install/turtlebot3_gazebo/share/turtlebot3_gazebo//models/turtlebot3_autorace/traffic_light_green/model.config
[1.154s] -- Up-to-date: /home/imjunhyung/turtlebot3_ws/install/turtlebot3_gazebo/share/turtlebot3_gazebo//models/turtlebot3_autorace/traffic_light_green/model.sdf
[1.155s] -- Up-to-date: /home/imjunhyung/turtlebot3_ws/install/turtlebot3_gazebo/share/turtlebot3_gazebo//models/turtlebot3_autorace/tunnel_obstacles
[1.155s] -- Up-to-date: /home/imjunhyung/turtlebot3_ws/install/turtlebot3_gazebo/share/turtlebot3_gazebo//models/turtlebot3_autorace/tunnel_obstacles/model.config
[1.155s] -- Up-to-date: /home/imjunhyung/turtlebot3_ws/install/turtlebot3_gazebo/share/turtlebot3_gazebo//models/turtlebot3_autorace/tunnel_obstacles/model.sdf
[1.155s] -- Up-to-date: /home/imjunhyung/turtlebot3_ws/install/turtlebot3_gazebo/share/turtlebot3_gazebo//models/turtlebot3_autorace/course
[1.155s] -- Up-to-date: /home/imjunhyung/turtlebot3_ws/install/turtlebot3_gazebo/share/turtlebot3_gazebo//models/turtlebot3_autorace/course/model.config
[1.155s] -- Up-to-date: /home/imjunhyung/turtlebot3_ws/install/turtlebot3_gazebo/share/turtlebot3_gazebo//models/turtlebot3_autorace/course/model.sdf
[1.156s] -- Up-to-date: /home/imjunhyung/turtlebot3_ws/install/turtlebot3_gazebo/share/turtlebot3_gazebo//models/turtlebot3_autorace/course/materials
[1.157s] -- Up-to-date: /home/imjunhyung/turtlebot3_ws/install/turtlebot3_gazebo/share/turtlebot3_gazebo//models/turtlebot3_autorace/course/materials/scripts
[1.157s] -- Up-to-date: /home/imjunhyung/turtlebot3_ws/install/turtlebot3_gazebo/share/turtlebot3_gazebo//models/turtlebot3_autorace/course/materials/scripts/course.material
[1.157s] -- Up-to-date: /home/imjunhyung/turtlebot3_ws/install/turtlebot3_gazebo/share/turtlebot3_gazebo//models/turtlebot3_autorace/course/materials/textures
[1.157s] -- Up-to-date: /home/imjunhyung/turtlebot3_ws/install/turtlebot3_gazebo/share/turtlebot3_gazebo//models/turtlebot3_autorace/course/materials/textures/course.png
[1.158s] -- Up-to-date: /home/imjunhyung/turtlebot3_ws/install/turtlebot3_gazebo/share/turtlebot3_gazebo//models/turtlebot3_autorace/traffic_tunnel
[1.158s] -- Up-to-date: /home/imjunhyung/turtlebot3_ws/install/turtlebot3_gazebo/share/turtlebot3_gazebo//models/turtlebot3_autorace/traffic_tunnel/model.config
[1.158s] -- Up-to-date: /home/imjunhyung/turtlebot3_ws/install/turtlebot3_gazebo/share/turtlebot3_gazebo//models/turtlebot3_autorace/traffic_tunnel/model.sdf
[1.158s] -- Up-to-date: /home/imjunhyung/turtlebot3_ws/install/turtlebot3_gazebo/share/turtlebot3_gazebo//models/turtlebot3_autorace/traffic_tunnel/materials
[1.158s] -- Up-to-date: /home/imjunhyung/turtlebot3_ws/install/turtlebot3_gazebo/share/turtlebot3_gazebo//models/turtlebot3_autorace/traffic_tunnel/materials/scripts
[1.159s] -- Up-to-date: /home/imjunhyung/turtlebot3_ws/install/turtlebot3_gazebo/share/turtlebot3_gazebo//models/turtlebot3_autorace/traffic_tunnel/materials/scripts/tunnel.material
[1.159s] -- Up-to-date: /home/imjunhyung/turtlebot3_ws/install/turtlebot3_gazebo/share/turtlebot3_gazebo//models/turtlebot3_autorace/traffic_tunnel/materials/textures
[1.159s] -- Up-to-date: /home/imjunhyung/turtlebot3_ws/install/turtlebot3_gazebo/share/turtlebot3_gazebo//models/turtlebot3_autorace/traffic_tunnel/materials/textures/tunnel.png
[1.159s] -- Up-to-date: /home/imjunhyung/turtlebot3_ws/install/turtlebot3_gazebo/share/turtlebot3_gazebo//models/turtlebot3_autorace/traffic_parking
[1.159s] -- Up-to-date: /home/imjunhyung/turtlebot3_ws/install/turtlebot3_gazebo/share/turtlebot3_gazebo//models/turtlebot3_autorace/traffic_parking/model.config
[1.159s] -- Up-to-date: /home/imjunhyung/turtlebot3_ws/install/turtlebot3_gazebo/share/turtlebot3_gazebo//models/turtlebot3_autorace/traffic_parking/model.sdf
[1.160s] -- Up-to-date: /home/imjunhyung/turtlebot3_ws/install/turtlebot3_gazebo/share/turtlebot3_gazebo//models/turtlebot3_autorace/traffic_parking/materials
[1.160s] -- Up-to-date: /home/imjunhyung/turtlebot3_ws/install/turtlebot3_gazebo/share/turtlebot3_gazebo//models/turtlebot3_autorace/traffic_parking/materials/scripts
[1.160s] -- Up-to-date: /home/imjunhyung/turtlebot3_ws/install/turtlebot3_gazebo/share/turtlebot3_gazebo//models/turtlebot3_autorace/traffic_parking/materials/scripts/traffic_parking.material
[1.160s] -- Up-to-date: /home/imjunhyung/turtlebot3_ws/install/turtlebot3_gazebo/share/turtlebot3_gazebo//models/turtlebot3_autorace/traffic_parking/materials/textures
[1.160s] -- Up-to-date: /home/imjunhyung/turtlebot3_ws/install/turtlebot3_gazebo/share/turtlebot3_gazebo//models/turtlebot3_autorace/traffic_parking/materials/textures/traffic_parking.png
[1.161s] -- Up-to-date: /home/imjunhyung/turtlebot3_ws/install/turtlebot3_gazebo/share/turtlebot3_gazebo//models/turtlebot3_autorace/traffic_bar_down
[1.161s] -- Up-to-date: /home/imjunhyung/turtlebot3_ws/install/turtlebot3_gazebo/share/turtlebot3_gazebo//models/turtlebot3_autorace/traffic_bar_down/model.config
[1.161s] -- Up-to-date: /home/imjunhyung/turtlebot3_ws/install/turtlebot3_gazebo/share/turtlebot3_gazebo//models/turtlebot3_autorace/traffic_bar_down/model.sdf
[1.161s] -- Up-to-date: /home/imjunhyung/turtlebot3_ws/install/turtlebot3_gazebo/share/turtlebot3_gazebo//models/turtlebot3_autorace/traffic_bar_down/materials
[1.161s] -- Up-to-date: /home/imjunhyung/turtlebot3_ws/install/turtlebot3_gazebo/share/turtlebot3_gazebo//models/turtlebot3_autorace/traffic_bar_down/materials/scripts
[1.161s] -- Up-to-date: /home/imjunhyung/turtlebot3_ws/install/turtlebot3_gazebo/share/turtlebot3_gazebo//models/turtlebot3_autorace/traffic_bar_down/materials/scripts/traffic_bar.material
[1.161s] -- Up-to-date: /home/imjunhyung/turtlebot3_ws/install/turtlebot3_gazebo/share/turtlebot3_gazebo//models/turtlebot3_autorace/traffic_bar_down/materials/textures
[1.162s] -- Up-to-date: /home/imjunhyung/turtlebot3_ws/install/turtlebot3_gazebo/share/turtlebot3_gazebo//models/turtlebot3_autorace/traffic_bar_down/materials/textures/traffic_bar.png
[1.162s] -- Up-to-date: /home/imjunhyung/turtlebot3_ws/install/turtlebot3_gazebo/share/turtlebot3_gazebo//models/turtlebot3_autorace/tunnel_wall
[1.162s] -- Up-to-date: /home/imjunhyung/turtlebot3_ws/install/turtlebot3_gazebo/share/turtlebot3_gazebo//models/turtlebot3_autorace/tunnel_wall/model.config
[1.162s] -- Up-to-date: /home/imjunhyung/turtlebot3_ws/install/turtlebot3_gazebo/share/turtlebot3_gazebo//models/turtlebot3_autorace/tunnel_wall/model.sdf
[1.162s] -- Up-to-date: /home/imjunhyung/turtlebot3_ws/install/turtlebot3_gazebo/share/turtlebot3_gazebo//models/turtlebot3_house
[1.162s] -- Up-to-date: /home/imjunhyung/turtlebot3_ws/install/turtlebot3_gazebo/share/turtlebot3_gazebo//models/turtlebot3_house/model.config
[1.163s] -- Up-to-date: /home/imjunhyung/turtlebot3_ws/install/turtlebot3_gazebo/share/turtlebot3_gazebo//models/turtlebot3_house/model.sdf
[1.163s] -- Up-to-date: /home/imjunhyung/turtlebot3_ws/install/turtlebot3_gazebo/share/turtlebot3_gazebo//models/turtlebot3_burger
[1.163s] -- Up-to-date: /home/imjunhyung/turtlebot3_ws/install/turtlebot3_gazebo/share/turtlebot3_gazebo//models/turtlebot3_burger/model.config
[1.163s] -- Up-to-date: /home/imjunhyung/turtlebot3_ws/install/turtlebot3_gazebo/share/turtlebot3_gazebo//models/turtlebot3_burger/model.sdf
[1.163s] -- Up-to-date: /home/imjunhyung/turtlebot3_ws/install/turtlebot3_gazebo/share/turtlebot3_gazebo//models/turtlebot3_burger/model-1_4.sdf
[1.164s] -- Up-to-date: /home/imjunhyung/turtlebot3_ws/install/turtlebot3_gazebo/share/turtlebot3_gazebo//models/turtlebot3_burger/meshes
[1.164s] -- Up-to-date: /home/imjunhyung/turtlebot3_ws/install/turtlebot3_gazebo/share/turtlebot3_gazebo//models/turtlebot3_burger/meshes/tire.dae
[1.164s] -- Up-to-date: /home/imjunhyung/turtlebot3_ws/install/turtlebot3_gazebo/share/turtlebot3_gazebo//models/turtlebot3_burger/meshes/lds.dae
[1.164s] -- Up-to-date: /home/imjunhyung/turtlebot3_ws/install/turtlebot3_gazebo/share/turtlebot3_gazebo//models/turtlebot3_burger/meshes/burger_base.dae
[1.164s] -- Up-to-date: /home/imjunhyung/turtlebot3_ws/install/turtlebot3_gazebo/share/turtlebot3_gazebo//models/turtlebot3_world
[1.164s] -- Up-to-date: /home/imjunhyung/turtlebot3_ws/install/turtlebot3_gazebo/share/turtlebot3_gazebo//models/turtlebot3_world/model.config
[1.164s] -- Up-to-date: /home/imjunhyung/turtlebot3_ws/install/turtlebot3_gazebo/share/turtlebot3_gazebo//models/turtlebot3_world/model.sdf
[1.165s] -- Up-to-date: /home/imjunhyung/turtlebot3_ws/install/turtlebot3_gazebo/share/turtlebot3_gazebo//models/turtlebot3_world/model-1_4.sdf
[1.165s] -- Up-to-date: /home/imjunhyung/turtlebot3_ws/install/turtlebot3_gazebo/share/turtlebot3_gazebo//models/turtlebot3_world/meshes
[1.165s] -- Up-to-date: /home/imjunhyung/turtlebot3_ws/install/turtlebot3_gazebo/share/turtlebot3_gazebo//models/turtlebot3_world/meshes/wall.dae
[1.165s] -- Up-to-date: /home/imjunhyung/turtlebot3_ws/install/turtlebot3_gazebo/share/turtlebot3_gazebo//models/turtlebot3_world/meshes/hexagon.dae
[1.165s] -- Up-to-date: /home/imjunhyung/turtlebot3_ws/install/turtlebot3_gazebo/share/turtlebot3_gazebo//models/turtlebot3_dqn_world
[1.165s] -- Up-to-date: /home/imjunhyung/turtlebot3_ws/install/turtlebot3_gazebo/share/turtlebot3_gazebo//models/turtlebot3_dqn_world/inner_walls
[1.166s] -- Up-to-date: /home/imjunhyung/turtlebot3_ws/install/turtlebot3_gazebo/share/turtlebot3_gazebo//models/turtlebot3_dqn_world/inner_walls/model.config
[1.166s] -- Up-to-date: /home/imjunhyung/turtlebot3_ws/install/turtlebot3_gazebo/share/turtlebot3_gazebo//models/turtlebot3_dqn_world/inner_walls/model.sdf
[1.166s] -- Up-to-date: /home/imjunhyung/turtlebot3_ws/install/turtlebot3_gazebo/share/turtlebot3_gazebo//models/turtlebot3_dqn_world/model.config
[1.166s] -- Up-to-date: /home/imjunhyung/turtlebot3_ws/install/turtlebot3_gazebo/share/turtlebot3_gazebo//models/turtlebot3_dqn_world/model.sdf
[1.166s] -- Up-to-date: /home/imjunhyung/turtlebot3_ws/install/turtlebot3_gazebo/share/turtlebot3_gazebo//models/turtlebot3_dqn_world/obstacles
[1.166s] -- Up-to-date: /home/imjunhyung/turtlebot3_ws/install/turtlebot3_gazebo/share/turtlebot3_gazebo//models/turtlebot3_dqn_world/obstacles/model.config
[1.167s] -- Up-to-date: /home/imjunhyung/turtlebot3_ws/install/turtlebot3_gazebo/share/turtlebot3_gazebo//models/turtlebot3_dqn_world/obstacles/model.sdf
[1.167s] -- Up-to-date: /home/imjunhyung/turtlebot3_ws/install/turtlebot3_gazebo/share/turtlebot3_gazebo//models/turtlebot3_dqn_world/obstacle1
[1.168s] -- Up-to-date: /home/imjunhyung/turtlebot3_ws/install/turtlebot3_gazebo/share/turtlebot3_gazebo//models/turtlebot3_dqn_world/obstacle1/model.config
[1.168s] -- Up-to-date: /home/imjunhyung/turtlebot3_ws/install/turtlebot3_gazebo/share/turtlebot3_gazebo//models/turtlebot3_dqn_world/obstacle1/model.sdf
[1.168s] -- Up-to-date: /home/imjunhyung/turtlebot3_ws/install/turtlebot3_gazebo/share/turtlebot3_gazebo//models/turtlebot3_dqn_world/obstacle2
[1.168s] -- Up-to-date: /home/imjunhyung/turtlebot3_ws/install/turtlebot3_gazebo/share/turtlebot3_gazebo//models/turtlebot3_dqn_world/obstacle2/model.config
[1.168s] -- Up-to-date: /home/imjunhyung/turtlebot3_ws/install/turtlebot3_gazebo/share/turtlebot3_gazebo//models/turtlebot3_dqn_world/obstacle2/model.sdf
[1.168s] -- Up-to-date: /home/imjunhyung/turtlebot3_ws/install/turtlebot3_gazebo/share/turtlebot3_gazebo//models/turtlebot3_dqn_world/obstacle_plugin
[1.169s] -- Up-to-date: /home/imjunhyung/turtlebot3_ws/install/turtlebot3_gazebo/share/turtlebot3_gazebo//models/turtlebot3_dqn_world/obstacle_plugin/CMakeLists.txt
[1.169s] -- Up-to-date: /home/imjunhyung/turtlebot3_ws/install/turtlebot3_gazebo/share/turtlebot3_gazebo//models/turtlebot3_dqn_world/obstacle_plugin/obstacle2.cc
[1.169s] -- Up-to-date: /home/imjunhyung/turtlebot3_ws/install/turtlebot3_gazebo/share/turtlebot3_gazebo//models/turtlebot3_dqn_world/obstacle_plugin/obstacles.cc
[1.169s] -- Up-to-date: /home/imjunhyung/turtlebot3_ws/install/turtlebot3_gazebo/share/turtlebot3_gazebo//models/turtlebot3_dqn_world/obstacle_plugin/obstacle1.cc
[1.169s] -- Up-to-date: /home/imjunhyung/turtlebot3_ws/install/turtlebot3_gazebo/share/turtlebot3_gazebo//models/turtlebot3_dqn_world/goal_box
[1.169s] -- Up-to-date: /home/imjunhyung/turtlebot3_ws/install/turtlebot3_gazebo/share/turtlebot3_gazebo//models/turtlebot3_dqn_world/goal_box/model.config
[1.170s] -- Up-to-date: /home/imjunhyung/turtlebot3_ws/install/turtlebot3_gazebo/share/turtlebot3_gazebo//models/turtlebot3_dqn_world/goal_box/model.sdf
[1.170s] -- Up-to-date: /home/imjunhyung/turtlebot3_ws/install/turtlebot3_gazebo/share/turtlebot3_gazebo//models/turtlebot3_waffle_pi
[1.170s] -- Up-to-date: /home/imjunhyung/turtlebot3_ws/install/turtlebot3_gazebo/share/turtlebot3_gazebo//models/turtlebot3_waffle_pi/model.config
[1.170s] -- Up-to-date: /home/imjunhyung/turtlebot3_ws/install/turtlebot3_gazebo/share/turtlebot3_gazebo//models/turtlebot3_waffle_pi/model.sdf
[1.170s] -- Up-to-date: /home/imjunhyung/turtlebot3_ws/install/turtlebot3_gazebo/share/turtlebot3_gazebo//models/turtlebot3_waffle_pi/model-1_4_.sdf
[1.170s] -- Up-to-date: /home/imjunhyung/turtlebot3_ws/install/turtlebot3_gazebo/share/turtlebot3_gazebo//models/turtlebot3_waffle_pi/meshes
[1.171s] -- Up-to-date: /home/imjunhyung/turtlebot3_ws/install/turtlebot3_gazebo/share/turtlebot3_gazebo//models/turtlebot3_waffle_pi/meshes/tire.dae
[1.171s] -- Up-to-date: /home/imjunhyung/turtlebot3_ws/install/turtlebot3_gazebo/share/turtlebot3_gazebo//models/turtlebot3_waffle_pi/meshes/lds.dae
[1.171s] -- Up-to-date: /home/imjunhyung/turtlebot3_ws/install/turtlebot3_gazebo/share/turtlebot3_gazebo//models/turtlebot3_waffle_pi/meshes/waffle_pi_base.dae
[1.171s] -- Up-to-date: /home/imjunhyung/turtlebot3_ws/install/turtlebot3_gazebo/share/turtlebot3_gazebo//models/turtlebot3_waffle
[1.171s] -- Up-to-date: /home/imjunhyung/turtlebot3_ws/install/turtlebot3_gazebo/share/turtlebot3_gazebo//models/turtlebot3_waffle/model.config
[1.171s] -- Up-to-date: /home/imjunhyung/turtlebot3_ws/install/turtlebot3_gazebo/share/turtlebot3_gazebo//models/turtlebot3_waffle/model.sdf
[1.172s] -- Up-to-date: /home/imjunhyung/turtlebot3_ws/install/turtlebot3_gazebo/share/turtlebot3_gazebo//models/turtlebot3_waffle/model-1_4.sdf
[1.172s] -- Up-to-date: /home/imjunhyung/turtlebot3_ws/install/turtlebot3_gazebo/share/turtlebot3_gazebo//models/turtlebot3_waffle/meshes
[1.172s] -- Up-to-date: /home/imjunhyung/turtlebot3_ws/install/turtlebot3_gazebo/share/turtlebot3_gazebo//models/turtlebot3_waffle/meshes/tire.dae
[1.172s] -- Up-to-date: /home/imjunhyung/turtlebot3_ws/install/turtlebot3_gazebo/share/turtlebot3_gazebo//models/turtlebot3_waffle/meshes/waffle_base.dae
[1.172s] -- Up-to-date: /home/imjunhyung/turtlebot3_ws/install/turtlebot3_gazebo/share/turtlebot3_gazebo//models/turtlebot3_waffle/meshes/lds.dae
[1.173s] -- Up-to-date: /home/imjunhyung/turtlebot3_ws/install/turtlebot3_gazebo/share/turtlebot3_gazebo//models/turtlebot3_waffle/meshes/r200.dae
[1.173s] -- Up-to-date: /home/imjunhyung/turtlebot3_ws/install/turtlebot3_gazebo/share/turtlebot3_gazebo//rviz
[1.173s] -- Up-to-date: /home/imjunhyung/turtlebot3_ws/install/turtlebot3_gazebo/share/turtlebot3_gazebo//rviz/tb3_gazebo.rviz
[1.173s] -- Up-to-date: /home/imjunhyung/turtlebot3_ws/install/turtlebot3_gazebo/share/turtlebot3_gazebo//worlds
[1.173s] -- Up-to-date: /home/imjunhyung/turtlebot3_ws/install/turtlebot3_gazebo/share/turtlebot3_gazebo//worlds/turtlebot3_houses
[1.175s] -- Up-to-date: /home/imjunhyung/turtlebot3_ws/install/turtlebot3_gazebo/share/turtlebot3_gazebo//worlds/turtlebot3_houses/burger.model
[1.193s] -- Up-to-date: /home/imjunhyung/turtlebot3_ws/install/turtlebot3_gazebo/share/turtlebot3_gazebo//worlds/turtlebot3_houses/waffle.model
[1.194s] -- Up-to-date: /home/imjunhyung/turtlebot3_ws/install/turtlebot3_gazebo/share/turtlebot3_gazebo//worlds/turtlebot3_houses/waffle_pi.model
[1.194s] -- Up-to-date: /home/imjunhyung/turtlebot3_ws/install/turtlebot3_gazebo/share/turtlebot3_gazebo//worlds/turtlebot3_dqn_stage3
[1.194s] -- Up-to-date: /home/imjunhyung/turtlebot3_ws/install/turtlebot3_gazebo/share/turtlebot3_gazebo//worlds/turtlebot3_dqn_stage3/burger.model
[1.194s] -- Up-to-date: /home/imjunhyung/turtlebot3_ws/install/turtlebot3_gazebo/share/turtlebot3_gazebo//worlds/turtlebot3_dqn_stage3/waffle.model
[1.194s] -- Up-to-date: /home/imjunhyung/turtlebot3_ws/install/turtlebot3_gazebo/share/turtlebot3_gazebo//worlds/turtlebot3_dqn_stage3/waffle_pi.model
[1.195s] -- Up-to-date: /home/imjunhyung/turtlebot3_ws/install/turtlebot3_gazebo/share/turtlebot3_gazebo//worlds/turtlebot3_worlds
[1.195s] -- Up-to-date: /home/imjunhyung/turtlebot3_ws/install/turtlebot3_gazebo/share/turtlebot3_gazebo//worlds/turtlebot3_worlds/burger.model
[1.195s] -- Up-to-date: /home/imjunhyung/turtlebot3_ws/install/turtlebot3_gazebo/share/turtlebot3_gazebo//worlds/turtlebot3_worlds/waffle.model
[1.195s] -- Up-to-date: /home/imjunhyung/turtlebot3_ws/install/turtlebot3_gazebo/share/turtlebot3_gazebo//worlds/turtlebot3_worlds/waffle_pi.model
[1.195s] -- Up-to-date: /home/imjunhyung/turtlebot3_ws/install/turtlebot3_gazebo/share/turtlebot3_gazebo//worlds/turtlebot3_dqn_stage1
[1.196s] -- Up-to-date: /home/imjunhyung/turtlebot3_ws/install/turtlebot3_gazebo/share/turtlebot3_gazebo//worlds/turtlebot3_dqn_stage1/burger.model
[1.196s] -- Up-to-date: /home/imjunhyung/turtlebot3_ws/install/turtlebot3_gazebo/share/turtlebot3_gazebo//worlds/turtlebot3_dqn_stage1/waffle.model
[1.196s] -- Up-to-date: /home/imjunhyung/turtlebot3_ws/install/turtlebot3_gazebo/share/turtlebot3_gazebo//worlds/turtlebot3_dqn_stage1/waffle_pi.model
[1.196s] -- Up-to-date: /home/imjunhyung/turtlebot3_ws/install/turtlebot3_gazebo/share/turtlebot3_gazebo//worlds/turtlebot3_dqn_stage4
[1.196s] -- Up-to-date: /home/imjunhyung/turtlebot3_ws/install/turtlebot3_gazebo/share/turtlebot3_gazebo//worlds/turtlebot3_dqn_stage4/burger.model
[1.196s] -- Up-to-date: /home/imjunhyung/turtlebot3_ws/install/turtlebot3_gazebo/share/turtlebot3_gazebo//worlds/turtlebot3_dqn_stage4/waffle.model
[1.197s] -- Up-to-date: /home/imjunhyung/turtlebot3_ws/install/turtlebot3_gazebo/share/turtlebot3_gazebo//worlds/turtlebot3_dqn_stage4/waffle_pi.model
[1.197s] -- Up-to-date: /home/imjunhyung/turtlebot3_ws/install/turtlebot3_gazebo/share/turtlebot3_gazebo//worlds/turtlebot3_autoraces
[1.197s] -- Up-to-date: /home/imjunhyung/turtlebot3_ws/install/turtlebot3_gazebo/share/turtlebot3_gazebo//worlds/turtlebot3_autoraces/burger.model
[1.197s] -- Up-to-date: /home/imjunhyung/turtlebot3_ws/install/turtlebot3_gazebo/share/turtlebot3_gazebo//worlds/turtlebot3_autoraces/waffle.model
[1.197s] -- Up-to-date: /home/imjunhyung/turtlebot3_ws/install/turtlebot3_gazebo/share/turtlebot3_gazebo//worlds/turtlebot3_autoraces/waffle_pi.model
[1.198s] -- Up-to-date: /home/imjunhyung/turtlebot3_ws/install/turtlebot3_gazebo/share/turtlebot3_gazebo//worlds/turtlebot3_dqn_stage2
[1.198s] -- Up-to-date: /home/imjunhyung/turtlebot3_ws/install/turtlebot3_gazebo/share/turtlebot3_gazebo//worlds/turtlebot3_dqn_stage2/burger.model
[1.198s] -- Up-to-date: /home/imjunhyung/turtlebot3_ws/install/turtlebot3_gazebo/share/turtlebot3_gazebo//worlds/turtlebot3_dqn_stage2/waffle.model
[1.198s] -- Up-to-date: /home/imjunhyung/turtlebot3_ws/install/turtlebot3_gazebo/share/turtlebot3_gazebo//worlds/turtlebot3_dqn_stage2/waffle_pi.model
[1.198s] -- Up-to-date: /home/imjunhyung/turtlebot3_ws/install/turtlebot3_gazebo/share/turtlebot3_gazebo//worlds/empty_worlds
[1.199s] -- Up-to-date: /home/imjunhyung/turtlebot3_ws/install/turtlebot3_gazebo/share/turtlebot3_gazebo//worlds/empty_worlds/burger.model
[1.199s] -- Up-to-date: /home/imjunhyung/turtlebot3_ws/install/turtlebot3_gazebo/share/turtlebot3_gazebo//worlds/empty_worlds/waffle.model
[1.199s] -- Up-to-date: /home/imjunhyung/turtlebot3_ws/install/turtlebot3_gazebo/share/turtlebot3_gazebo//worlds/empty_worlds/waffle_pi.model
[1.199s] -- Up-to-date: /home/imjunhyung/turtlebot3_ws/install/turtlebot3_gazebo/include/
[1.199s] -- Up-to-date: /home/imjunhyung/turtlebot3_ws/install/turtlebot3_gazebo/include//turtlebot3_gazebo
[1.199s] -- Up-to-date: /home/imjunhyung/turtlebot3_ws/install/turtlebot3_gazebo/include//turtlebot3_gazebo/turtlebot3_drive.hpp
[1.200s] -- Up-to-date: /home/imjunhyung/turtlebot3_ws/install/turtlebot3_gazebo/share/ament_index/resource_index/package_run_dependencies/turtlebot3_gazebo
[1.200s] -- Up-to-date: /home/imjunhyung/turtlebot3_ws/install/turtlebot3_gazebo/share/ament_index/resource_index/parent_prefix_path/turtlebot3_gazebo
[1.200s] -- Up-to-date: /home/imjunhyung/turtlebot3_ws/install/turtlebot3_gazebo/share/turtlebot3_gazebo/environment/ament_prefix_path.sh
[1.200s] -- Up-to-date: /home/imjunhyung/turtlebot3_ws/install/turtlebot3_gazebo/share/turtlebot3_gazebo/environment/ament_prefix_path.dsv
[1.200s] -- Up-to-date: /home/imjunhyung/turtlebot3_ws/install/turtlebot3_gazebo/share/turtlebot3_gazebo/environment/path.sh
[1.201s] -- Up-to-date: /home/imjunhyung/turtlebot3_ws/install/turtlebot3_gazebo/share/turtlebot3_gazebo/environment/path.dsv
[1.201s] -- Up-to-date: /home/imjunhyung/turtlebot3_ws/install/turtlebot3_gazebo/share/turtlebot3_gazebo/local_setup.bash
[1.201s] -- Up-to-date: /home/imjunhyung/turtlebot3_ws/install/turtlebot3_gazebo/share/turtlebot3_gazebo/local_setup.sh
[1.201s] -- Up-to-date: /home/imjunhyung/turtlebot3_ws/install/turtlebot3_gazebo/share/turtlebot3_gazebo/local_setup.zsh
[1.201s] -- Up-to-date: /home/imjunhyung/turtlebot3_ws/install/turtlebot3_gazebo/share/turtlebot3_gazebo/local_setup.dsv
[1.201s] -- Installing: /home/imjunhyung/turtlebot3_ws/install/turtlebot3_gazebo/share/turtlebot3_gazebo/package.dsv
[1.202s] -- Up-to-date: /home/imjunhyung/turtlebot3_ws/install/turtlebot3_gazebo/share/ament_index/resource_index/packages/turtlebot3_gazebo
[1.202s] -- Up-to-date: /home/imjunhyung/turtlebot3_ws/install/turtlebot3_gazebo/share/turtlebot3_gazebo/cmake/ament_cmake_export_include_directories-extras.cmake
[1.202s] -- Up-to-date: /home/imjunhyung/turtlebot3_ws/install/turtlebot3_gazebo/share/turtlebot3_gazebo/cmake/ament_cmake_export_dependencies-extras.cmake
[1.202s] -- Up-to-date: /home/imjunhyung/turtlebot3_ws/install/turtlebot3_gazebo/share/turtlebot3_gazebo/cmake/turtlebot3_gazeboConfig.cmake
[1.202s] -- Up-to-date: /home/imjunhyung/turtlebot3_ws/install/turtlebot3_gazebo/share/turtlebot3_gazebo/cmake/turtlebot3_gazeboConfig-version.cmake
[1.203s] -- Up-to-date: /home/imjunhyung/turtlebot3_ws/install/turtlebot3_gazebo/share/turtlebot3_gazebo/package.xml
[1.213s] Invoked command in '/home/imjunhyung/turtlebot3_ws/build/turtlebot3_gazebo' returned '0': AMENT_PREFIX_PATH=/home/imjunhyung/turtlebot3_ws/install/turtlebot3_description:${AMENT_PREFIX_PATH} CMAKE_PREFIX_PATH=/home/imjunhyung/turtlebot3_ws/install/turtlebot3_description:/home/imjunhyung/ros2_ws/install/rplidar_ros:/opt/ros/foxy /home/imjunhyung/.local/bin/cmake --install /home/imjunhyung/turtlebot3_ws/build/turtlebot3_gazebo
