[0.047s] Invoking command in '/home/imjunhyung/turtlebot3_ws/build/getpo': CMAKE_PREFIX_PATH=${CMAKE_PREFIX_PATH}:/opt/ros/foxy /home/imjunhyung/.local/bin/cmake /home/imjunhyung/turtlebot3_ws/src/getpo -DCMAKE_INSTALL_PREFIX=/home/imjunhyung/turtlebot3_ws/install/getpo
[0.219s] -- The C compiler identification is GNU 9.4.0
[0.375s] -- The CXX compiler identification is GNU 9.4.0
[0.402s] -- Detecting C compiler ABI info
[0.553s] -- Detecting C compiler ABI info - done
[0.580s] -- Check for working C compiler: /usr/bin/cc - skipped
[0.582s] -- Detecting C compile features
[0.583s] -- Detecting C compile features - done
[0.591s] -- Detecting CXX compiler ABI info
[0.694s] -- Detecting CXX compiler ABI info - done
[0.718s] -- Check for working CXX compiler: /usr/bin/c++ - skipped
[0.719s] -- Detecting CXX compile features
[0.721s] -- Detecting CXX compile features - done
[0.724s] -- Found ament_cmake: 0.9.12 (/opt/ros/foxy/share/ament_cmake/cmake)
[0.767s] -- Found PythonInterp: /usr/bin/python3 (found suitable version "3.8.10", minimum required is "3") 
[0.768s] -- Using PYTHON_EXECUTABLE: /usr/bin/python3
[1.351s] -- Found rclcpp: 2.4.3 (/opt/ros/foxy/share/rclcpp/cmake)
[1.482s] -- Using all available rosidl_typesupport_c: rosidl_typesupport_fastrtps_c;rosidl_typesupport_introspection_c
[1.504s] -- Found rosidl_adapter: 1.3.1 (/opt/ros/foxy/share/rosidl_adapter/cmake)
[1.711s] -- Found OpenSSL: /usr/lib/x86_64-linux-gnu/libcrypto.so (found version "1.1.1f")  
[1.810s] -- Found FastRTPS: /opt/ros/foxy/include  
[2.011s] -- Using all available rosidl_typesupport_cpp: rosidl_typesupport_fastrtps_cpp;rosidl_typesupport_introspection_cpp
[2.118s] -- Found rmw_implementation_cmake: 1.0.4 (/opt/ros/foxy/share/rmw_implementation_cmake/cmake)
[2.120s] -- Using RMW implementation 'rmw_fastrtps_cpp' as default
[2.122s] -- Performing Test CMAKE_HAVE_LIBC_PTHREAD
[2.231s] -- Performing Test CMAKE_HAVE_LIBC_PTHREAD - Failed
[2.231s] -- Looking for pthread_create in pthreads
[2.312s] -- Looking for pthread_create in pthreads - not found
[2.312s] -- Looking for pthread_create in pthread
[2.413s] -- Looking for pthread_create in pthread - found
[2.415s] -- Found Threads: TRUE  
[2.639s] -- Found sensor_msgs: 2.0.5 (/opt/ros/foxy/share/sensor_msgs/cmake)
[2.811s] -- Found ament_lint_auto: 0.9.8 (/opt/ros/foxy/share/ament_lint_auto/cmake)
[3.059s] -- Added test 'copyright' to check source files copyright and LICENSE
[3.063s] -- Added test 'cppcheck' to perform static code analysis on C / C++ code
[3.063s] -- Configured cppcheck include dirs: 
[3.063s] -- Configured cppcheck exclude dirs and/or files: 
[3.080s] -- Added test 'cpplint' to check C / C++ code against the Google style
[3.081s] -- Configured cpplint exclude dirs and/or files: 
[3.082s] -- Added test 'lint_cmake' to check CMake code style
[3.085s] -- Added test 'uncrustify' to check C / C++ code style
[3.085s] -- Configured uncrustify additional arguments: 
[3.086s] -- Added test 'xmllint' to check XML markup files
[3.090s] -- Configuring done (3.0s)
[3.143s] -- Generating done (0.0s)
[3.148s] -- Build files have been written to: /home/imjunhyung/turtlebot3_ws/build/getpo
[3.192s] Invoked command in '/home/imjunhyung/turtlebot3_ws/build/getpo' returned '0': CMAKE_PREFIX_PATH=${CMAKE_PREFIX_PATH}:/opt/ros/foxy /home/imjunhyung/.local/bin/cmake /home/imjunhyung/turtlebot3_ws/src/getpo -DCMAKE_INSTALL_PREFIX=/home/imjunhyung/turtlebot3_ws/install/getpo
[3.197s] Invoking command in '/home/imjunhyung/turtlebot3_ws/build/getpo': CMAKE_PREFIX_PATH=${CMAKE_PREFIX_PATH}:/opt/ros/foxy /home/imjunhyung/.local/bin/cmake --build /home/imjunhyung/turtlebot3_ws/build/getpo -- -j8 -l8
[3.572s] [ 50%] [32mBuilding CXX object CMakeFiles/getpo.dir/src/getpo.cpp.o[0m
[21.863s] [100%] [32m[1mLinking CXX executable getpo[0m
[23.369s] [100%] Built target getpo
[23.437s] Invoked command in '/home/imjunhyung/turtlebot3_ws/build/getpo' returned '0': CMAKE_PREFIX_PATH=${CMAKE_PREFIX_PATH}:/opt/ros/foxy /home/imjunhyung/.local/bin/cmake --build /home/imjunhyung/turtlebot3_ws/build/getpo -- -j8 -l8
[23.768s] Invoking command in '/home/imjunhyung/turtlebot3_ws/build/getpo': CMAKE_PREFIX_PATH=${CMAKE_PREFIX_PATH}:/opt/ros/foxy /home/imjunhyung/.local/bin/cmake --install /home/imjunhyung/turtlebot3_ws/build/getpo
[23.858s] -- Install configuration: ""
[23.868s] -- Installing: /home/imjunhyung/turtlebot3_ws/install/getpo/lib/getpo/getpo
[23.874s] -- Set runtime path of "/home/imjunhyung/turtlebot3_ws/install/getpo/lib/getpo/getpo" to ""
[23.875s] -- Installing: /home/imjunhyung/turtlebot3_ws/install/getpo/share/ament_index/resource_index/package_run_dependencies/getpo
[23.876s] -- Installing: /home/imjunhyung/turtlebot3_ws/install/getpo/share/ament_index/resource_index/parent_prefix_path/getpo
[23.877s] -- Installing: /home/imjunhyung/turtlebot3_ws/install/getpo/share/getpo/environment/ament_prefix_path.sh
[23.878s] -- Installing: /home/imjunhyung/turtlebot3_ws/install/getpo/share/getpo/environment/ament_prefix_path.dsv
[23.879s] -- Installing: /home/imjunhyung/turtlebot3_ws/install/getpo/share/getpo/environment/path.sh
[23.879s] -- Installing: /home/imjunhyung/turtlebot3_ws/install/getpo/share/getpo/environment/path.dsv
[23.880s] -- Installing: /home/imjunhyung/turtlebot3_ws/install/getpo/share/getpo/local_setup.bash
[23.881s] -- Installing: /home/imjunhyung/turtlebot3_ws/install/getpo/share/getpo/local_setup.sh
[23.882s] -- Installing: /home/imjunhyung/turtlebot3_ws/install/getpo/share/getpo/local_setup.zsh
[23.882s] -- Installing: /home/imjunhyung/turtlebot3_ws/install/getpo/share/getpo/local_setup.dsv
[23.883s] -- Installing: /home/imjunhyung/turtlebot3_ws/install/getpo/share/getpo/package.dsv
[23.884s] -- Installing: /home/imjunhyung/turtlebot3_ws/install/getpo/share/ament_index/resource_index/packages/getpo
[23.885s] -- Installing: /home/imjunhyung/turtlebot3_ws/install/getpo/share/getpo/cmake/getpoConfig.cmake
[23.885s] -- Installing: /home/imjunhyung/turtlebot3_ws/install/getpo/share/getpo/cmake/getpoConfig-version.cmake
[23.886s] -- Installing: /home/imjunhyung/turtlebot3_ws/install/getpo/share/getpo/package.xml
[23.912s] Invoked command in '/home/imjunhyung/turtlebot3_ws/build/getpo' returned '0': CMAKE_PREFIX_PATH=${CMAKE_PREFIX_PATH}:/opt/ros/foxy /home/imjunhyung/.local/bin/cmake --install /home/imjunhyung/turtlebot3_ws/build/getpo
