[2.387s] Invoking command in '/home/imjunhyung/turtlebot3_ws/src/roi': PYTHONPATH=/home/imjunhyung/turtlebot3_ws/build/roi/prefix_override:/home/imjunhyung/turtlebot3_ws/install/roi/lib/python3.8/site-packages:${PYTHONPATH} /usr/bin/python3 setup.py egg_info --egg-base ../../build/roi build --build-base /home/imjunhyung/turtlebot3_ws/build/roi/build install --record /home/imjunhyung/turtlebot3_ws/build/roi/install.log --install-scripts $base/lib/roi --single-version-externally-managed
[3.444s] running egg_info
[3.446s] creating ../../build/roi/roi.egg-info
[3.447s] writing ../../build/roi/roi.egg-info/PKG-INFO
[3.448s] writing dependency_links to ../../build/roi/roi.egg-info/dependency_links.txt
[3.449s] writing entry points to ../../build/roi/roi.egg-info/entry_points.txt
[3.449s] writing requirements to ../../build/roi/roi.egg-info/requires.txt
[3.450s] writing top-level names to ../../build/roi/roi.egg-info/top_level.txt
[3.454s] writing manifest file '../../build/roi/roi.egg-info/SOURCES.txt'
[3.620s] reading manifest file '../../build/roi/roi.egg-info/SOURCES.txt'
[3.622s] writing manifest file '../../build/roi/roi.egg-info/SOURCES.txt'
[3.623s] running build
[3.624s] running build_py
[3.628s] creating /home/imjunhyung/turtlebot3_ws/build/roi/build
[3.629s] creating /home/imjunhyung/turtlebot3_ws/build/roi/build/lib
[3.630s] creating /home/imjunhyung/turtlebot3_ws/build/roi/build/lib/roi
[3.630s] copying roi/__init__.py -> /home/imjunhyung/turtlebot3_ws/build/roi/build/lib/roi
[3.631s] copying roi/roi.py -> /home/imjunhyung/turtlebot3_ws/build/roi/build/lib/roi
[3.632s] running install
[3.634s] running install_lib
[3.638s] creating /home/imjunhyung/turtlebot3_ws/install/roi/lib/python3.8/site-packages/roi
[3.639s] copying /home/imjunhyung/turtlebot3_ws/build/roi/build/lib/roi/__init__.py -> /home/imjunhyung/turtlebot3_ws/install/roi/lib/python3.8/site-packages/roi
[3.639s] copying /home/imjunhyung/turtlebot3_ws/build/roi/build/lib/roi/roi.py -> /home/imjunhyung/turtlebot3_ws/install/roi/lib/python3.8/site-packages/roi
[3.641s] byte-compiling /home/imjunhyung/turtlebot3_ws/install/roi/lib/python3.8/site-packages/roi/__init__.py to __init__.cpython-38.pyc
[3.644s] byte-compiling /home/imjunhyung/turtlebot3_ws/install/roi/lib/python3.8/site-packages/roi/roi.py to roi.cpython-38.pyc
[3.646s] running install_data
[3.648s] creating /home/imjunhyung/turtlebot3_ws/install/roi/share/ament_index
[3.648s] creating /home/imjunhyung/turtlebot3_ws/install/roi/share/ament_index/resource_index
[3.648s] creating /home/imjunhyung/turtlebot3_ws/install/roi/share/ament_index/resource_index/packages
[3.649s] copying resource/roi -> /home/imjunhyung/turtlebot3_ws/install/roi/share/ament_index/resource_index/packages
[3.650s] copying package.xml -> /home/imjunhyung/turtlebot3_ws/install/roi/share/roi
[3.651s] running install_egg_info
[3.666s] Copying ../../build/roi/roi.egg-info to /home/imjunhyung/turtlebot3_ws/install/roi/lib/python3.8/site-packages/roi-0.0.0-py3.8.egg-info
[3.668s] running install_scripts
[3.754s] Installing roi script to /home/imjunhyung/turtlebot3_ws/install/roi/lib/roi
[3.755s] writing list of installed files to '/home/imjunhyung/turtlebot3_ws/build/roi/install.log'
[3.855s] Invoked command in '/home/imjunhyung/turtlebot3_ws/src/roi' returned '0': PYTHONPATH=/home/imjunhyung/turtlebot3_ws/build/roi/prefix_override:/home/imjunhyung/turtlebot3_ws/install/roi/lib/python3.8/site-packages:${PYTHONPATH} /usr/bin/python3 setup.py egg_info --egg-base ../../build/roi build --build-base /home/imjunhyung/turtlebot3_ws/build/roi/build install --record /home/imjunhyung/turtlebot3_ws/build/roi/install.log --install-scripts $base/lib/roi --single-version-externally-managed
