[2.893s] Invoking command in '/home/imjunhyung/turtlebot3_ws/src/detection': PYTHONPATH=/home/imjunhyung/turtlebot3_ws/build/detection/prefix_override:/home/imjunhyung/turtlebot3_ws/install/detection/lib/python3.8/site-packages:${PYTHONPATH} /usr/bin/python3 setup.py egg_info --egg-base ../../build/detection build --build-base /home/imjunhyung/turtlebot3_ws/build/detection/build install --record /home/imjunhyung/turtlebot3_ws/build/detection/install.log --install-scripts $base/lib/detection --single-version-externally-managed
[3.520s] running egg_info
[3.521s] creating ../../build/detection/detection.egg-info
[3.522s] writing ../../build/detection/detection.egg-info/PKG-INFO
[3.522s] writing dependency_links to ../../build/detection/detection.egg-info/dependency_links.txt
[3.523s] writing entry points to ../../build/detection/detection.egg-info/entry_points.txt
[3.523s] writing requirements to ../../build/detection/detection.egg-info/requires.txt
[3.523s] writing top-level names to ../../build/detection/detection.egg-info/top_level.txt
[3.527s] writing manifest file '../../build/detection/detection.egg-info/SOURCES.txt'
[3.593s] reading manifest file '../../build/detection/detection.egg-info/SOURCES.txt'
[3.596s] writing manifest file '../../build/detection/detection.egg-info/SOURCES.txt'
[3.596s] running build
[3.596s] running build_py
[3.597s] creating /home/imjunhyung/turtlebot3_ws/build/detection/build
[3.597s] creating /home/imjunhyung/turtlebot3_ws/build/detection/build/lib
[3.597s] creating /home/imjunhyung/turtlebot3_ws/build/detection/build/lib/detection
[3.597s] copying detection/__init__.py -> /home/imjunhyung/turtlebot3_ws/build/detection/build/lib/detection
[3.597s] copying detection/detection.py -> /home/imjunhyung/turtlebot3_ws/build/detection/build/lib/detection
[3.598s] running install
[3.600s] running install_lib
[3.602s] creating /home/imjunhyung/turtlebot3_ws/install/detection/lib/python3.8/site-packages/detection
[3.603s] copying /home/imjunhyung/turtlebot3_ws/build/detection/build/lib/detection/__init__.py -> /home/imjunhyung/turtlebot3_ws/install/detection/lib/python3.8/site-packages/detection
[3.604s] copying /home/imjunhyung/turtlebot3_ws/build/detection/build/lib/detection/detection.py -> /home/imjunhyung/turtlebot3_ws/install/detection/lib/python3.8/site-packages/detection
[3.605s] byte-compiling /home/imjunhyung/turtlebot3_ws/install/detection/lib/python3.8/site-packages/detection/__init__.py to __init__.cpython-38.pyc
[3.609s] byte-compiling /home/imjunhyung/turtlebot3_ws/install/detection/lib/python3.8/site-packages/detection/detection.py to detection.cpython-38.pyc
[3.610s] running install_data
[3.612s] creating /home/imjunhyung/turtlebot3_ws/install/detection/share/ament_index
[3.612s] creating /home/imjunhyung/turtlebot3_ws/install/detection/share/ament_index/resource_index
[3.613s] creating /home/imjunhyung/turtlebot3_ws/install/detection/share/ament_index/resource_index/packages
[3.613s] copying resource/detection -> /home/imjunhyung/turtlebot3_ws/install/detection/share/ament_index/resource_index/packages
[3.614s] copying package.xml -> /home/imjunhyung/turtlebot3_ws/install/detection/share/detection
[3.614s] running install_egg_info
[3.619s] Copying ../../build/detection/detection.egg-info to /home/imjunhyung/turtlebot3_ws/install/detection/lib/python3.8/site-packages/detection-0.0.0-py3.8.egg-info
[3.621s] running install_scripts
[3.670s] Installing detection script to /home/imjunhyung/turtlebot3_ws/install/detection/lib/detection
[3.670s] writing list of installed files to '/home/imjunhyung/turtlebot3_ws/build/detection/install.log'
[3.736s] Invoked command in '/home/imjunhyung/turtlebot3_ws/src/detection' returned '0': PYTHONPATH=/home/imjunhyung/turtlebot3_ws/build/detection/prefix_override:/home/imjunhyung/turtlebot3_ws/install/detection/lib/python3.8/site-packages:${PYTHONPATH} /usr/bin/python3 setup.py egg_info --egg-base ../../build/detection build --build-base /home/imjunhyung/turtlebot3_ws/build/detection/build install --record /home/imjunhyung/turtlebot3_ws/build/detection/install.log --install-scripts $base/lib/detection --single-version-externally-managed
