[1.733s] Invoking command in '/home/imjunhyung/turtlebot3_ws/build/turtlebot3_teleop': PYTHONPATH=/home/imjunhyung/turtlebot3_ws/build/turtlebot3_teleop/prefix_override:/home/imjunhyung/turtlebot3_ws/install/turtlebot3_teleop/lib/python3.8/site-packages:${PYTHONPATH} /usr/bin/python3 setup.py develop --editable --build-directory /home/imjunhyung/turtlebot3_ws/build/turtlebot3_teleop/build --no-deps install_data
[2.142s] running develop
[2.332s] running egg_info
[2.332s] creating turtlebot3_teleop.egg-info
[2.333s] writing turtlebot3_teleop.egg-info/PKG-INFO
[2.333s] writing dependency_links to turtlebot3_teleop.egg-info/dependency_links.txt
[2.333s] writing entry points to turtlebot3_teleop.egg-info/entry_points.txt
[2.333s] writing requirements to turtlebot3_teleop.egg-info/requires.txt
[2.334s] writing top-level names to turtlebot3_teleop.egg-info/top_level.txt
[2.335s] writing manifest file 'turtlebot3_teleop.egg-info/SOURCES.txt'
[2.375s] reading manifest file 'turtlebot3_teleop.egg-info/SOURCES.txt'
[2.376s] writing manifest file 'turtlebot3_teleop.egg-info/SOURCES.txt'
[2.422s] running build_ext
[2.422s] Creating /home/imjunhyung/turtlebot3_ws/install/turtlebot3_teleop/lib/python3.8/site-packages/site.py
[2.424s] Creating /home/imjunhyung/turtlebot3_ws/install/turtlebot3_teleop/lib/python3.8/site-packages/turtlebot3-teleop.egg-link (link to .)
[2.425s] Installing teleop_keyboard script to /home/imjunhyung/turtlebot3_ws/install/turtlebot3_teleop/lib/turtlebot3_teleop
[2.425s] 
[2.426s] Installed /home/imjunhyung/turtlebot3_ws/build/turtlebot3_teleop
[2.426s] running install_data
[2.426s] creating /home/imjunhyung/turtlebot3_ws/install/turtlebot3_teleop/share/ament_index
[2.426s] creating /home/imjunhyung/turtlebot3_ws/install/turtlebot3_teleop/share/ament_index/resource_index
[2.426s] creating /home/imjunhyung/turtlebot3_ws/install/turtlebot3_teleop/share/ament_index/resource_index/packages
[2.426s] copying resource/turtlebot3_teleop -> /home/imjunhyung/turtlebot3_ws/install/turtlebot3_teleop/share/ament_index/resource_index/packages
[2.427s] copying package.xml -> /home/imjunhyung/turtlebot3_ws/install/turtlebot3_teleop/share/turtlebot3_teleop
[2.463s] Invoked command in '/home/imjunhyung/turtlebot3_ws/build/turtlebot3_teleop' returned '0': PYTHONPATH=/home/imjunhyung/turtlebot3_ws/build/turtlebot3_teleop/prefix_override:/home/imjunhyung/turtlebot3_ws/install/turtlebot3_teleop/lib/python3.8/site-packages:${PYTHONPATH} /usr/bin/python3 setup.py develop --editable --build-directory /home/imjunhyung/turtlebot3_ws/build/turtlebot3_teleop/build --no-deps install_data
