[0.047s] Invoking command in '/home/theo/ros2_workspace/build/diffdrive_arduino': AMENT_PREFIX_PATH=/home/theo/ros2_workspace/install/serial:${AMENT_PREFIX_PATH} CMAKE_PREFIX_PATH=/home/theo/ros2_workspace/install/serial:/home/theo/colcon_ws/install/autonomous_tb3:/opt/ros/foxy LD_LIBRARY_PATH=/home/theo/ros2_workspace/install/serial/lib:${LD_LIBRARY_PATH} /usr/bin/cmake --build /home/theo/ros2_workspace/build/diffdrive_arduino -- -j12 -l12
[0.291s] [ 85%] Built target fake_robot
[0.292s] [100%] Built target diffdrive_arduino
[0.294s] Invoked command in '/home/theo/ros2_workspace/build/diffdrive_arduino' returned '0': AMENT_PREFIX_PATH=/home/theo/ros2_workspace/install/serial:${AMENT_PREFIX_PATH} CMAKE_PREFIX_PATH=/home/theo/ros2_workspace/install/serial:/home/theo/colcon_ws/install/autonomous_tb3:/opt/ros/foxy LD_LIBRARY_PATH=/home/theo/ros2_workspace/install/serial/lib:${LD_LIBRARY_PATH} /usr/bin/cmake --build /home/theo/ros2_workspace/build/diffdrive_arduino -- -j12 -l12
[0.323s] Invoking command in '/home/theo/ros2_workspace/build/diffdrive_arduino': AMENT_PREFIX_PATH=/home/theo/ros2_workspace/install/serial:${AMENT_PREFIX_PATH} CMAKE_PREFIX_PATH=/home/theo/ros2_workspace/install/serial:/home/theo/colcon_ws/install/autonomous_tb3:/opt/ros/foxy LD_LIBRARY_PATH=/home/theo/ros2_workspace/install/serial/lib:${LD_LIBRARY_PATH} /usr/bin/cmake --install /home/theo/ros2_workspace/build/diffdrive_arduino
[0.330s] -- Install configuration: ""
[0.331s] -- Execute custom install script
[0.331s] -- Up-to-date symlink: /home/theo/ros2_workspace/install/diffdrive_arduino/share/diffdrive_arduino//robot_hardware.xml
[0.331s] -- Up-to-date symlink: /home/theo/ros2_workspace/install/diffdrive_arduino/share/diffdrive_arduino//fake_robot_hardware.xml
[0.332s] -- Up-to-date symlink: /home/theo/ros2_workspace/install/diffdrive_arduino/lib/libdiffdrive_arduino.so
[0.332s] -- Up-to-date symlink: /home/theo/ros2_workspace/install/diffdrive_arduino/lib/libfake_robot.so
[0.332s] -- Up-to-date symlink: /home/theo/ros2_workspace/install/diffdrive_arduino/share/diffdrive_arduino/controllers/robot_controller_example.yaml
[0.333s] -- Up-to-date symlink: /home/theo/ros2_workspace/install/diffdrive_arduino/share/diffdrive_arduino/fake_robot.launch.py
[0.333s] -- Up-to-date symlink: /home/theo/ros2_workspace/install/diffdrive_arduino/share/diffdrive_arduino/test_robot.launch.py
[0.333s] -- Up-to-date symlink: /home/theo/ros2_workspace/install/diffdrive_arduino/share/diffdrive_arduino/environment/library_path.sh
[0.333s] -- Up-to-date symlink: /home/theo/ros2_workspace/install/diffdrive_arduino/share/diffdrive_arduino/environment/library_path.dsv
[0.334s] -- Up-to-date symlink: /home/theo/ros2_workspace/install/diffdrive_arduino/share/ament_index/resource_index/package_run_dependencies/diffdrive_arduino
[0.334s] -- Up-to-date symlink: /home/theo/ros2_workspace/install/diffdrive_arduino/share/ament_index/resource_index/parent_prefix_path/diffdrive_arduino
[0.334s] -- Up-to-date symlink: /home/theo/ros2_workspace/install/diffdrive_arduino/share/diffdrive_arduino/environment/ament_prefix_path.sh
[0.334s] -- Up-to-date symlink: /home/theo/ros2_workspace/install/diffdrive_arduino/share/diffdrive_arduino/environment/ament_prefix_path.dsv
[0.335s] -- Up-to-date symlink: /home/theo/ros2_workspace/install/diffdrive_arduino/share/diffdrive_arduino/environment/path.sh
[0.335s] -- Up-to-date symlink: /home/theo/ros2_workspace/install/diffdrive_arduino/share/diffdrive_arduino/environment/path.dsv
[0.335s] -- Up-to-date symlink: /home/theo/ros2_workspace/install/diffdrive_arduino/share/diffdrive_arduino/local_setup.bash
[0.335s] -- Up-to-date symlink: /home/theo/ros2_workspace/install/diffdrive_arduino/share/diffdrive_arduino/local_setup.sh
[0.336s] -- Up-to-date symlink: /home/theo/ros2_workspace/install/diffdrive_arduino/share/diffdrive_arduino/local_setup.zsh
[0.336s] -- Up-to-date symlink: /home/theo/ros2_workspace/install/diffdrive_arduino/share/diffdrive_arduino/local_setup.dsv
[0.336s] -- Symlinking: /home/theo/ros2_workspace/install/diffdrive_arduino/share/diffdrive_arduino/package.dsv
[0.346s] -- Up-to-date symlink: /home/theo/ros2_workspace/install/diffdrive_arduino/share/ament_index/resource_index/packages/diffdrive_arduino
[0.346s] -- Up-to-date symlink: /home/theo/ros2_workspace/install/diffdrive_arduino/share/ament_index/resource_index/hardware_interface__pluginlib__plugin/diffdrive_arduino
[0.346s] -- Up-to-date symlink: /home/theo/ros2_workspace/install/diffdrive_arduino/share/diffdrive_arduino/cmake/ament_cmake_export_libraries-extras.cmake
[0.346s] -- Up-to-date symlink: /home/theo/ros2_workspace/install/diffdrive_arduino/share/diffdrive_arduino/cmake/ament_cmake_export_dependencies-extras.cmake
[0.347s] -- Up-to-date symlink: /home/theo/ros2_workspace/install/diffdrive_arduino/share/diffdrive_arduino/cmake/diffdrive_arduinoConfig.cmake
[0.347s] -- Up-to-date symlink: /home/theo/ros2_workspace/install/diffdrive_arduino/share/diffdrive_arduino/cmake/diffdrive_arduinoConfig-version.cmake
[0.347s] -- Up-to-date symlink: /home/theo/ros2_workspace/install/diffdrive_arduino/share/diffdrive_arduino/package.xml
[0.353s] Invoked command in '/home/theo/ros2_workspace/build/diffdrive_arduino' returned '0': AMENT_PREFIX_PATH=/home/theo/ros2_workspace/install/serial:${AMENT_PREFIX_PATH} CMAKE_PREFIX_PATH=/home/theo/ros2_workspace/install/serial:/home/theo/colcon_ws/install/autonomous_tb3:/opt/ros/foxy LD_LIBRARY_PATH=/home/theo/ros2_workspace/install/serial/lib:${LD_LIBRARY_PATH} /usr/bin/cmake --install /home/theo/ros2_workspace/build/diffdrive_arduino
