[0.650s] Invoking command in '/home/theo/ros2_workspace/build/ros2_serial_interface': CMAKE_PREFIX_PATH=/home/theo/ros2_workspace/install/serial:/home/theo/ros2_workspace/install/test_package:/home/theo/ros2_workspace/install/diffdrive_arduino:/home/theo/ros2_workspace/install/my_package:/home/theo/ros2_workspace/install/my_arduino_pkg:/home/theo/ros2_workspace/install/my_arduino_Cmakeversion:/home/theo/ros2_workspace/install/articubot_one:/home/theo/ros2_workspace/install/arduino_pck PYTHONPATH=/home/theo/ros2_workspace/build/ros2_serial_interface/prefix_override:/home/theo/ros2_workspace/install/ros2_serial_interface/lib/python3.8/site-packages:${PYTHONPATH} /usr/bin/python3 setup.py develop --editable --build-directory /home/theo/ros2_workspace/build/ros2_serial_interface/build --no-deps install_data
[0.868s] running develop
[1.000s] running egg_info
[1.000s] writing ros2_serial_interface.egg-info/PKG-INFO
[1.001s] writing dependency_links to ros2_serial_interface.egg-info/dependency_links.txt
[1.001s] writing entry points to ros2_serial_interface.egg-info/entry_points.txt
[1.001s] writing requirements to ros2_serial_interface.egg-info/requires.txt
[1.001s] writing top-level names to ros2_serial_interface.egg-info/top_level.txt
[1.033s] reading manifest file 'ros2_serial_interface.egg-info/SOURCES.txt'
[1.034s] writing manifest file 'ros2_serial_interface.egg-info/SOURCES.txt'
[1.063s] running build_ext
[1.063s] Creating /home/theo/ros2_workspace/install/ros2_serial_interface/lib/python3.8/site-packages/ros2-serial-interface.egg-link (link to .)
[1.064s] Installing predef_timed_pub script to /home/theo/ros2_workspace/install/ros2_serial_interface/lib/ros2_serial_interface
[1.064s] Installing pynput_key_pub script to /home/theo/ros2_workspace/install/ros2_serial_interface/lib/ros2_serial_interface
[1.064s] Installing serial_server script to /home/theo/ros2_workspace/install/ros2_serial_interface/lib/ros2_serial_interface
[1.065s] Installing terminal_key_pub script to /home/theo/ros2_workspace/install/ros2_serial_interface/lib/ros2_serial_interface
[1.065s] Installing virtual_serial_client script to /home/theo/ros2_workspace/install/ros2_serial_interface/lib/ros2_serial_interface
[1.065s] Installing virtual_serial_server script to /home/theo/ros2_workspace/install/ros2_serial_interface/lib/ros2_serial_interface
[1.065s] Installing virtual_serial_setup script to /home/theo/ros2_workspace/install/ros2_serial_interface/lib/ros2_serial_interface
[1.065s] 
[1.065s] Installed /home/theo/ros2_workspace/build/ros2_serial_interface
[1.065s] running install_data
[1.091s] Invoked command in '/home/theo/ros2_workspace/build/ros2_serial_interface' returned '0': CMAKE_PREFIX_PATH=/home/theo/ros2_workspace/install/serial:/home/theo/ros2_workspace/install/test_package:/home/theo/ros2_workspace/install/diffdrive_arduino:/home/theo/ros2_workspace/install/my_package:/home/theo/ros2_workspace/install/my_arduino_pkg:/home/theo/ros2_workspace/install/my_arduino_Cmakeversion:/home/theo/ros2_workspace/install/articubot_one:/home/theo/ros2_workspace/install/arduino_pck PYTHONPATH=/home/theo/ros2_workspace/build/ros2_serial_interface/prefix_override:/home/theo/ros2_workspace/install/ros2_serial_interface/lib/python3.8/site-packages:${PYTHONPATH} /usr/bin/python3 setup.py develop --editable --build-directory /home/theo/ros2_workspace/build/ros2_serial_interface/build --no-deps install_data
