[0.019s] Invoking command in '/home/imjunhyung/turtlebot3_ws/build/turtlebot3': AMENT_PREFIX_PATH=/home/imjunhyung/turtlebot3_ws/install/turtlebot3_bringup:/home/imjunhyung/turtlebot3_ws/install/turtlebot3_teleop:/home/imjunhyung/turtlebot3_ws/install/turtlebot3_node:/home/imjunhyung/turtlebot3_ws/install/turtlebot3_navigation2:/home/imjunhyung/turtlebot3_ws/install/turtlebot3_example:/home/imjunhyung/turtlebot3_ws/install/turtlebot3_description:/home/imjunhyung/turtlebot3_ws/install/turtlebot3_cartographer CMAKE_PREFIX_PATH=/home/imjunhyung/turtlebot3_ws/install/turtlebot3_bringup:/home/imjunhyung/turtlebot3_ws/install/turtlebot3_node:/home/imjunhyung/turtlebot3_ws/install/turtlebot3_navigation2:/home/imjunhyung/turtlebot3_ws/install/turtlebot3_description:/home/imjunhyung/turtlebot3_ws/install/turtlebot3_cartographer /usr/bin/cmake /home/imjunhyung/turtlebot3_ws/src/turtlebot3/turtlebot3 -DAMENT_CMAKE_SYMLINK_INSTALL=1 -DCMAKE_INSTALL_PREFIX=/home/imjunhyung/turtlebot3_ws/install/turtlebot3
[0.810s] -- The C compiler identification is GNU 9.4.0
[0.881s] -- The CXX compiler identification is GNU 9.4.0
[0.887s] -- Check for working C compiler: /usr/bin/cc
[0.975s] -- Check for working C compiler: /usr/bin/cc -- works
[0.976s] -- Detecting C compiler ABI info
[1.070s] -- Detecting C compiler ABI info - done
[1.084s] -- Detecting C compile features
[1.085s] -- Detecting C compile features - done
[1.088s] -- Check for working CXX compiler: /usr/bin/c++
[1.184s] -- Check for working CXX compiler: /usr/bin/c++ -- works
[1.186s] -- Detecting CXX compiler ABI info
[1.283s] -- Detecting CXX compiler ABI info - done
[1.297s] -- Detecting CXX compile features
[1.297s] -- Detecting CXX compile features - done
[1.316s] -- Found ament_cmake: 0.9.12 (/opt/ros/foxy/share/ament_cmake/cmake)
[1.521s] -- Found PythonInterp: /usr/bin/python3 (found suitable version "3.8.10", minimum required is "3") 
[1.521s] -- Using PYTHON_EXECUTABLE: /usr/bin/python3
[1.784s] -- Override CMake install command with custom implementation using symlinks instead of copying resources
[1.992s] -- Configuring done
[1.994s] -- Generating done
[1.995s] -- Build files have been written to: /home/imjunhyung/turtlebot3_ws/build/turtlebot3
[2.000s] Invoked command in '/home/imjunhyung/turtlebot3_ws/build/turtlebot3' returned '0': AMENT_PREFIX_PATH=/home/imjunhyung/turtlebot3_ws/install/turtlebot3_bringup:/home/imjunhyung/turtlebot3_ws/install/turtlebot3_teleop:/home/imjunhyung/turtlebot3_ws/install/turtlebot3_node:/home/imjunhyung/turtlebot3_ws/install/turtlebot3_navigation2:/home/imjunhyung/turtlebot3_ws/install/turtlebot3_example:/home/imjunhyung/turtlebot3_ws/install/turtlebot3_description:/home/imjunhyung/turtlebot3_ws/install/turtlebot3_cartographer CMAKE_PREFIX_PATH=/home/imjunhyung/turtlebot3_ws/install/turtlebot3_bringup:/home/imjunhyung/turtlebot3_ws/install/turtlebot3_node:/home/imjunhyung/turtlebot3_ws/install/turtlebot3_navigation2:/home/imjunhyung/turtlebot3_ws/install/turtlebot3_description:/home/imjunhyung/turtlebot3_ws/install/turtlebot3_cartographer /usr/bin/cmake /home/imjunhyung/turtlebot3_ws/src/turtlebot3/turtlebot3 -DAMENT_CMAKE_SYMLINK_INSTALL=1 -DCMAKE_INSTALL_PREFIX=/home/imjunhyung/turtlebot3_ws/install/turtlebot3
[2.003s] Invoking command in '/home/imjunhyung/turtlebot3_ws/build/turtlebot3': AMENT_PREFIX_PATH=/home/imjunhyung/turtlebot3_ws/install/turtlebot3_bringup:/home/imjunhyung/turtlebot3_ws/install/turtlebot3_teleop:/home/imjunhyung/turtlebot3_ws/install/turtlebot3_node:/home/imjunhyung/turtlebot3_ws/install/turtlebot3_navigation2:/home/imjunhyung/turtlebot3_ws/install/turtlebot3_example:/home/imjunhyung/turtlebot3_ws/install/turtlebot3_description:/home/imjunhyung/turtlebot3_ws/install/turtlebot3_cartographer CMAKE_PREFIX_PATH=/home/imjunhyung/turtlebot3_ws/install/turtlebot3_bringup:/home/imjunhyung/turtlebot3_ws/install/turtlebot3_node:/home/imjunhyung/turtlebot3_ws/install/turtlebot3_navigation2:/home/imjunhyung/turtlebot3_ws/install/turtlebot3_description:/home/imjunhyung/turtlebot3_ws/install/turtlebot3_cartographer /usr/bin/cmake --build /home/imjunhyung/turtlebot3_ws/build/turtlebot3 -- -j8 -l8
[2.060s] Invoked command in '/home/imjunhyung/turtlebot3_ws/build/turtlebot3' returned '0': AMENT_PREFIX_PATH=/home/imjunhyung/turtlebot3_ws/install/turtlebot3_bringup:/home/imjunhyung/turtlebot3_ws/install/turtlebot3_teleop:/home/imjunhyung/turtlebot3_ws/install/turtlebot3_node:/home/imjunhyung/turtlebot3_ws/install/turtlebot3_navigation2:/home/imjunhyung/turtlebot3_ws/install/turtlebot3_example:/home/imjunhyung/turtlebot3_ws/install/turtlebot3_description:/home/imjunhyung/turtlebot3_ws/install/turtlebot3_cartographer CMAKE_PREFIX_PATH=/home/imjunhyung/turtlebot3_ws/install/turtlebot3_bringup:/home/imjunhyung/turtlebot3_ws/install/turtlebot3_node:/home/imjunhyung/turtlebot3_ws/install/turtlebot3_navigation2:/home/imjunhyung/turtlebot3_ws/install/turtlebot3_description:/home/imjunhyung/turtlebot3_ws/install/turtlebot3_cartographer /usr/bin/cmake --build /home/imjunhyung/turtlebot3_ws/build/turtlebot3 -- -j8 -l8
[2.091s] Invoking command in '/home/imjunhyung/turtlebot3_ws/build/turtlebot3': AMENT_PREFIX_PATH=/home/imjunhyung/turtlebot3_ws/install/turtlebot3_bringup:/home/imjunhyung/turtlebot3_ws/install/turtlebot3_teleop:/home/imjunhyung/turtlebot3_ws/install/turtlebot3_node:/home/imjunhyung/turtlebot3_ws/install/turtlebot3_navigation2:/home/imjunhyung/turtlebot3_ws/install/turtlebot3_example:/home/imjunhyung/turtlebot3_ws/install/turtlebot3_description:/home/imjunhyung/turtlebot3_ws/install/turtlebot3_cartographer CMAKE_PREFIX_PATH=/home/imjunhyung/turtlebot3_ws/install/turtlebot3_bringup:/home/imjunhyung/turtlebot3_ws/install/turtlebot3_node:/home/imjunhyung/turtlebot3_ws/install/turtlebot3_navigation2:/home/imjunhyung/turtlebot3_ws/install/turtlebot3_description:/home/imjunhyung/turtlebot3_ws/install/turtlebot3_cartographer /usr/bin/cmake --install /home/imjunhyung/turtlebot3_ws/build/turtlebot3
[2.103s] -- Install configuration: ""
[2.104s] -- Execute custom install script
[2.104s] -- Symlinking: /home/imjunhyung/turtlebot3_ws/install/turtlebot3/share/ament_index/resource_index/package_run_dependencies/turtlebot3
[2.118s] -- Symlinking: /home/imjunhyung/turtlebot3_ws/install/turtlebot3/share/ament_index/resource_index/parent_prefix_path/turtlebot3
[2.133s] -- Symlinking: /home/imjunhyung/turtlebot3_ws/install/turtlebot3/share/turtlebot3/environment/ament_prefix_path.sh
[2.147s] -- Symlinking: /home/imjunhyung/turtlebot3_ws/install/turtlebot3/share/turtlebot3/environment/ament_prefix_path.dsv
[2.161s] -- Symlinking: /home/imjunhyung/turtlebot3_ws/install/turtlebot3/share/turtlebot3/environment/path.sh
[2.175s] -- Symlinking: /home/imjunhyung/turtlebot3_ws/install/turtlebot3/share/turtlebot3/environment/path.dsv
[2.189s] -- Symlinking: /home/imjunhyung/turtlebot3_ws/install/turtlebot3/share/turtlebot3/local_setup.bash
[2.203s] -- Symlinking: /home/imjunhyung/turtlebot3_ws/install/turtlebot3/share/turtlebot3/local_setup.sh
[2.217s] -- Symlinking: /home/imjunhyung/turtlebot3_ws/install/turtlebot3/share/turtlebot3/local_setup.zsh
[2.231s] -- Symlinking: /home/imjunhyung/turtlebot3_ws/install/turtlebot3/share/turtlebot3/local_setup.dsv
[2.244s] -- Symlinking: /home/imjunhyung/turtlebot3_ws/install/turtlebot3/share/turtlebot3/package.dsv
[2.256s] -- Symlinking: /home/imjunhyung/turtlebot3_ws/install/turtlebot3/share/ament_index/resource_index/packages/turtlebot3
[2.268s] -- Symlinking: /home/imjunhyung/turtlebot3_ws/install/turtlebot3/share/turtlebot3/cmake/turtlebot3Config.cmake
[2.280s] -- Symlinking: /home/imjunhyung/turtlebot3_ws/install/turtlebot3/share/turtlebot3/cmake/turtlebot3Config-version.cmake
[2.294s] -- Symlinking: /home/imjunhyung/turtlebot3_ws/install/turtlebot3/share/turtlebot3/package.xml
[2.311s] Invoked command in '/home/imjunhyung/turtlebot3_ws/build/turtlebot3' returned '0': AMENT_PREFIX_PATH=/home/imjunhyung/turtlebot3_ws/install/turtlebot3_bringup:/home/imjunhyung/turtlebot3_ws/install/turtlebot3_teleop:/home/imjunhyung/turtlebot3_ws/install/turtlebot3_node:/home/imjunhyung/turtlebot3_ws/install/turtlebot3_navigation2:/home/imjunhyung/turtlebot3_ws/install/turtlebot3_example:/home/imjunhyung/turtlebot3_ws/install/turtlebot3_description:/home/imjunhyung/turtlebot3_ws/install/turtlebot3_cartographer CMAKE_PREFIX_PATH=/home/imjunhyung/turtlebot3_ws/install/turtlebot3_bringup:/home/imjunhyung/turtlebot3_ws/install/turtlebot3_node:/home/imjunhyung/turtlebot3_ws/install/turtlebot3_navigation2:/home/imjunhyung/turtlebot3_ws/install/turtlebot3_description:/home/imjunhyung/turtlebot3_ws/install/turtlebot3_cartographer /usr/bin/cmake --install /home/imjunhyung/turtlebot3_ws/build/turtlebot3
