[0.073s] Invoking command in '/home/theo/ros2_workspace/build/diffdrive_arduino': CMAKE_PREFIX_PATH=/home/theo/ros2_workspace/install/serial:/home/theo/ros2_workspace/install/test_package:/home/theo/ros2_workspace/install/diffdrive_arduino:/home/theo/ros2_workspace/install/my_package:/home/theo/ros2_workspace/install/my_arduino_pkg:/home/theo/ros2_workspace/install/my_arduino_Cmakeversion:/home/theo/ros2_workspace/install/articubot_one:/home/theo/ros2_workspace/install/arduino_pck:/home/theo/ros2_workspace/install/serial_arduino_python_pkg:/home/theo/ros2_workspace/install/ros2_serial_interface:/home/theo/ros2_workspace/install/my_arduino:/home/theo/colcon_ws/install/autonomous_tb3:/opt/ros/foxy /usr/bin/cmake --build /home/theo/ros2_workspace/build/diffdrive_arduino -- -j12 -l12
[0.136s] [ 42%] Built target fake_robot
[0.137s] [100%] Built target diffdrive_arduino
[0.303s] Invoked command in '/home/theo/ros2_workspace/build/diffdrive_arduino' returned '0': CMAKE_PREFIX_PATH=/home/theo/ros2_workspace/install/serial:/home/theo/ros2_workspace/install/test_package:/home/theo/ros2_workspace/install/diffdrive_arduino:/home/theo/ros2_workspace/install/my_package:/home/theo/ros2_workspace/install/my_arduino_pkg:/home/theo/ros2_workspace/install/my_arduino_Cmakeversion:/home/theo/ros2_workspace/install/articubot_one:/home/theo/ros2_workspace/install/arduino_pck:/home/theo/ros2_workspace/install/serial_arduino_python_pkg:/home/theo/ros2_workspace/install/ros2_serial_interface:/home/theo/ros2_workspace/install/my_arduino:/home/theo/colcon_ws/install/autonomous_tb3:/opt/ros/foxy /usr/bin/cmake --build /home/theo/ros2_workspace/build/diffdrive_arduino -- -j12 -l12
[0.340s] Invoking command in '/home/theo/ros2_workspace/build/diffdrive_arduino': CMAKE_PREFIX_PATH=/home/theo/ros2_workspace/install/serial:/home/theo/ros2_workspace/install/test_package:/home/theo/ros2_workspace/install/diffdrive_arduino:/home/theo/ros2_workspace/install/my_package:/home/theo/ros2_workspace/install/my_arduino_pkg:/home/theo/ros2_workspace/install/my_arduino_Cmakeversion:/home/theo/ros2_workspace/install/articubot_one:/home/theo/ros2_workspace/install/arduino_pck:/home/theo/ros2_workspace/install/serial_arduino_python_pkg:/home/theo/ros2_workspace/install/ros2_serial_interface:/home/theo/ros2_workspace/install/my_arduino:/home/theo/colcon_ws/install/autonomous_tb3:/opt/ros/foxy /usr/bin/cmake --install /home/theo/ros2_workspace/build/diffdrive_arduino
[0.348s] -- Install configuration: ""
[0.348s] -- Execute custom install script
[0.349s] -- Up-to-date symlink: /home/theo/ros2_workspace/install/diffdrive_arduino/share/diffdrive_arduino//robot_hardware.xml
[0.349s] -- Up-to-date symlink: /home/theo/ros2_workspace/install/diffdrive_arduino/share/diffdrive_arduino//fake_robot_hardware.xml
[0.349s] -- Up-to-date symlink: /home/theo/ros2_workspace/install/diffdrive_arduino/lib/libdiffdrive_arduino.so
[0.350s] -- Up-to-date symlink: /home/theo/ros2_workspace/install/diffdrive_arduino/lib/libfake_robot.so
[0.350s] -- Up-to-date symlink: /home/theo/ros2_workspace/install/diffdrive_arduino/share/diffdrive_arduino/controllers/robot_controller_example.yaml
[0.351s] -- Up-to-date symlink: /home/theo/ros2_workspace/install/diffdrive_arduino/share/diffdrive_arduino/fake_robot.launch.py
[0.351s] -- Up-to-date symlink: /home/theo/ros2_workspace/install/diffdrive_arduino/share/diffdrive_arduino/test_robot.launch.py
[0.351s] -- Up-to-date symlink: /home/theo/ros2_workspace/install/diffdrive_arduino/share/diffdrive_arduino/environment/library_path.sh
[0.351s] -- Up-to-date symlink: /home/theo/ros2_workspace/install/diffdrive_arduino/share/diffdrive_arduino/environment/library_path.dsv
[0.352s] -- Up-to-date symlink: /home/theo/ros2_workspace/install/diffdrive_arduino/share/ament_index/resource_index/package_run_dependencies/diffdrive_arduino
[0.352s] -- Up-to-date symlink: /home/theo/ros2_workspace/install/diffdrive_arduino/share/ament_index/resource_index/parent_prefix_path/diffdrive_arduino
[0.352s] -- Up-to-date symlink: /home/theo/ros2_workspace/install/diffdrive_arduino/share/diffdrive_arduino/environment/ament_prefix_path.sh
[0.352s] -- Up-to-date symlink: /home/theo/ros2_workspace/install/diffdrive_arduino/share/diffdrive_arduino/environment/ament_prefix_path.dsv
[0.353s] -- Up-to-date symlink: /home/theo/ros2_workspace/install/diffdrive_arduino/share/diffdrive_arduino/environment/path.sh
[0.353s] -- Up-to-date symlink: /home/theo/ros2_workspace/install/diffdrive_arduino/share/diffdrive_arduino/environment/path.dsv
[0.353s] -- Up-to-date symlink: /home/theo/ros2_workspace/install/diffdrive_arduino/share/diffdrive_arduino/local_setup.bash
[0.353s] -- Up-to-date symlink: /home/theo/ros2_workspace/install/diffdrive_arduino/share/diffdrive_arduino/local_setup.sh
[0.354s] -- Up-to-date symlink: /home/theo/ros2_workspace/install/diffdrive_arduino/share/diffdrive_arduino/local_setup.zsh
[0.354s] -- Up-to-date symlink: /home/theo/ros2_workspace/install/diffdrive_arduino/share/diffdrive_arduino/local_setup.dsv
[0.354s] -- Symlinking: /home/theo/ros2_workspace/install/diffdrive_arduino/share/diffdrive_arduino/package.dsv
[0.364s] -- Up-to-date symlink: /home/theo/ros2_workspace/install/diffdrive_arduino/share/ament_index/resource_index/packages/diffdrive_arduino
[0.364s] -- Up-to-date symlink: /home/theo/ros2_workspace/install/diffdrive_arduino/share/ament_index/resource_index/hardware_interface__pluginlib__plugin/diffdrive_arduino
[0.365s] -- Up-to-date symlink: /home/theo/ros2_workspace/install/diffdrive_arduino/share/diffdrive_arduino/cmake/ament_cmake_export_libraries-extras.cmake
[0.365s] -- Up-to-date symlink: /home/theo/ros2_workspace/install/diffdrive_arduino/share/diffdrive_arduino/cmake/ament_cmake_export_dependencies-extras.cmake
[0.365s] -- Up-to-date symlink: /home/theo/ros2_workspace/install/diffdrive_arduino/share/diffdrive_arduino/cmake/diffdrive_arduinoConfig.cmake
[0.365s] -- Up-to-date symlink: /home/theo/ros2_workspace/install/diffdrive_arduino/share/diffdrive_arduino/cmake/diffdrive_arduinoConfig-version.cmake
[0.366s] -- Up-to-date symlink: /home/theo/ros2_workspace/install/diffdrive_arduino/share/diffdrive_arduino/package.xml
[0.383s] Invoked command in '/home/theo/ros2_workspace/build/diffdrive_arduino' returned '0': CMAKE_PREFIX_PATH=/home/theo/ros2_workspace/install/serial:/home/theo/ros2_workspace/install/test_package:/home/theo/ros2_workspace/install/diffdrive_arduino:/home/theo/ros2_workspace/install/my_package:/home/theo/ros2_workspace/install/my_arduino_pkg:/home/theo/ros2_workspace/install/my_arduino_Cmakeversion:/home/theo/ros2_workspace/install/articubot_one:/home/theo/ros2_workspace/install/arduino_pck:/home/theo/ros2_workspace/install/serial_arduino_python_pkg:/home/theo/ros2_workspace/install/ros2_serial_interface:/home/theo/ros2_workspace/install/my_arduino:/home/theo/colcon_ws/install/autonomous_tb3:/opt/ros/foxy /usr/bin/cmake --install /home/theo/ros2_workspace/build/diffdrive_arduino
