[0.535s] Invoking command in '/home/imjunhyung/turtlebot3_ws/build/turtlebot3_fake_node': CMAKE_PREFIX_PATH=${CMAKE_PREFIX_PATH}:/opt/ros/foxy /home/imjunhyung/.local/bin/cmake /home/imjunhyung/turtlebot3_ws/src/turtlebot3_simulations/turtlebot3_fake_node -DCMAKE_INSTALL_PREFIX=/home/imjunhyung/turtlebot3_ws/install/turtlebot3_fake_node
[1.586s] -- The C compiler identification is GNU 9.4.0
[1.587s] -- The CXX compiler identification is GNU 9.4.0
[1.587s] -- Detecting C compiler ABI info
[1.587s] -- Detecting C compiler ABI info - done
[1.587s] -- Check for working C compiler: /usr/bin/cc - skipped
[1.587s] -- Detecting C compile features
[1.588s] -- Detecting C compile features - done
[1.588s] -- Detecting CXX compiler ABI info
[1.588s] -- Detecting CXX compiler ABI info - done
[1.588s] -- Check for working CXX compiler: /usr/bin/c++ - skipped
[1.588s] -- Detecting CXX compile features
[1.589s] -- Detecting CXX compile features - done
[1.589s] -- Found ament_cmake: 0.9.12 (/opt/ros/foxy/share/ament_cmake/cmake)
[1.589s] -- Found PythonInterp: /usr/bin/python3 (found suitable version "3.8.10", minimum required is "3") 
[1.589s] -- Using PYTHON_EXECUTABLE: /usr/bin/python3
[1.639s] -- Found geometry_msgs: 2.0.5 (/opt/ros/foxy/share/geometry_msgs/cmake)
[1.725s] -- Using all available rosidl_typesupport_c: rosidl_typesupport_fastrtps_c;rosidl_typesupport_introspection_c
[1.744s] -- Found rosidl_adapter: 1.3.1 (/opt/ros/foxy/share/rosidl_adapter/cmake)
[1.941s] -- Found OpenSSL: /usr/lib/x86_64-linux-gnu/libcrypto.so (found version "1.1.1f")  
[2.012s] -- Found FastRTPS: /opt/ros/foxy/include  
[2.246s] -- Using all available rosidl_typesupport_cpp: rosidl_typesupport_fastrtps_cpp;rosidl_typesupport_introspection_cpp
[2.507s] -- Found nav_msgs: 2.0.5 (/opt/ros/foxy/share/nav_msgs/cmake)
[2.707s] -- Found rclcpp: 2.4.3 (/opt/ros/foxy/share/rclcpp/cmake)
[2.798s] -- Found rmw_implementation_cmake: 1.0.4 (/opt/ros/foxy/share/rmw_implementation_cmake/cmake)
[2.800s] -- Using RMW implementation 'rmw_fastrtps_cpp' as default
[2.802s] -- Performing Test CMAKE_HAVE_LIBC_PTHREAD
[2.916s] -- Performing Test CMAKE_HAVE_LIBC_PTHREAD - Failed
[2.916s] -- Looking for pthread_create in pthreads
[2.997s] -- Looking for pthread_create in pthreads - not found
[2.997s] -- Looking for pthread_create in pthread
[3.133s] -- Looking for pthread_create in pthread - found
[3.136s] -- Found Threads: TRUE  
[3.558s] -- Found sensor_msgs: 2.0.5 (/opt/ros/foxy/share/sensor_msgs/cmake)
[3.779s] -- Found tf2: 0.13.14 (/opt/ros/foxy/share/tf2/cmake)
[3.831s] -- Found tf2_msgs: 0.13.14 (/opt/ros/foxy/share/tf2_msgs/cmake)
[4.276s] -- Found turtlebot3_msgs: 2.2.1 (/opt/ros/foxy/share/turtlebot3_msgs/cmake)
[4.567s] -- Configuring done (4.0s)
[4.590s] -- Generating done (0.0s)
[4.593s] -- Build files have been written to: /home/imjunhyung/turtlebot3_ws/build/turtlebot3_fake_node
[4.902s] Invoked command in '/home/imjunhyung/turtlebot3_ws/build/turtlebot3_fake_node' returned '0': CMAKE_PREFIX_PATH=${CMAKE_PREFIX_PATH}:/opt/ros/foxy /home/imjunhyung/.local/bin/cmake /home/imjunhyung/turtlebot3_ws/src/turtlebot3_simulations/turtlebot3_fake_node -DCMAKE_INSTALL_PREFIX=/home/imjunhyung/turtlebot3_ws/install/turtlebot3_fake_node
[4.908s] Invoking command in '/home/imjunhyung/turtlebot3_ws/build/turtlebot3_fake_node': CMAKE_PREFIX_PATH=${CMAKE_PREFIX_PATH}:/opt/ros/foxy /home/imjunhyung/.local/bin/cmake --build /home/imjunhyung/turtlebot3_ws/build/turtlebot3_fake_node -- -j8 -l8
[5.062s] [ 50%] [32mBuilding CXX object CMakeFiles/turtlebot3_fake_node.dir/src/turtlebot3_fake_node.cpp.o[0m
[24.497s] [100%] [32m[1mLinking CXX executable turtlebot3_fake_node[0m
[25.732s] [100%] Built target turtlebot3_fake_node
[25.752s] Invoked command in '/home/imjunhyung/turtlebot3_ws/build/turtlebot3_fake_node' returned '0': CMAKE_PREFIX_PATH=${CMAKE_PREFIX_PATH}:/opt/ros/foxy /home/imjunhyung/.local/bin/cmake --build /home/imjunhyung/turtlebot3_ws/build/turtlebot3_fake_node -- -j8 -l8
[25.977s] Invoking command in '/home/imjunhyung/turtlebot3_ws/build/turtlebot3_fake_node': CMAKE_PREFIX_PATH=${CMAKE_PREFIX_PATH}:/opt/ros/foxy /home/imjunhyung/.local/bin/cmake --install /home/imjunhyung/turtlebot3_ws/build/turtlebot3_fake_node
[26.057s] -- Install configuration: ""
[26.057s] -- Installing: /home/imjunhyung/turtlebot3_ws/install/turtlebot3_fake_node/lib/turtlebot3_fake_node/turtlebot3_fake_node
[26.062s] -- Set runtime path of "/home/imjunhyung/turtlebot3_ws/install/turtlebot3_fake_node/lib/turtlebot3_fake_node/turtlebot3_fake_node" to ""
[26.063s] -- Installing: /home/imjunhyung/turtlebot3_ws/install/turtlebot3_fake_node/share/turtlebot3_fake_node/launch
[26.063s] -- Installing: /home/imjunhyung/turtlebot3_ws/install/turtlebot3_fake_node/share/turtlebot3_fake_node/launch/turtlebot3_fake_node.launch.py
[26.067s] -- Installing: /home/imjunhyung/turtlebot3_ws/install/turtlebot3_fake_node/share/turtlebot3_fake_node/launch/rviz2.launch.py
[26.067s] -- Installing: /home/imjunhyung/turtlebot3_ws/install/turtlebot3_fake_node/share/turtlebot3_fake_node/param
[26.067s] -- Installing: /home/imjunhyung/turtlebot3_ws/install/turtlebot3_fake_node/share/turtlebot3_fake_node/param/waffle_pi.yaml
[26.068s] -- Installing: /home/imjunhyung/turtlebot3_ws/install/turtlebot3_fake_node/share/turtlebot3_fake_node/param/burger.yaml
[26.068s] -- Installing: /home/imjunhyung/turtlebot3_ws/install/turtlebot3_fake_node/share/turtlebot3_fake_node/param/waffle.yaml
[26.068s] -- Installing: /home/imjunhyung/turtlebot3_ws/install/turtlebot3_fake_node/share/turtlebot3_fake_node/rviz
[26.068s] -- Installing: /home/imjunhyung/turtlebot3_ws/install/turtlebot3_fake_node/share/turtlebot3_fake_node/rviz/model.rviz
[26.070s] -- Installing: /home/imjunhyung/turtlebot3_ws/install/turtlebot3_fake_node/include/
[26.071s] -- Installing: /home/imjunhyung/turtlebot3_ws/install/turtlebot3_fake_node/include//turtlebot3_fake_node
[26.071s] -- Installing: /home/imjunhyung/turtlebot3_ws/install/turtlebot3_fake_node/include//turtlebot3_fake_node/turtlebot3_fake_node.hpp
[26.071s] -- Installing: /home/imjunhyung/turtlebot3_ws/install/turtlebot3_fake_node/share/ament_index/resource_index/package_run_dependencies/turtlebot3_fake_node
[26.071s] -- Installing: /home/imjunhyung/turtlebot3_ws/install/turtlebot3_fake_node/share/ament_index/resource_index/parent_prefix_path/turtlebot3_fake_node
[26.072s] -- Installing: /home/imjunhyung/turtlebot3_ws/install/turtlebot3_fake_node/share/turtlebot3_fake_node/environment/ament_prefix_path.sh
[26.072s] -- Installing: /home/imjunhyung/turtlebot3_ws/install/turtlebot3_fake_node/share/turtlebot3_fake_node/environment/ament_prefix_path.dsv
[26.072s] -- Installing: /home/imjunhyung/turtlebot3_ws/install/turtlebot3_fake_node/share/turtlebot3_fake_node/environment/path.sh
[26.072s] -- Installing: /home/imjunhyung/turtlebot3_ws/install/turtlebot3_fake_node/share/turtlebot3_fake_node/environment/path.dsv
[26.072s] -- Installing: /home/imjunhyung/turtlebot3_ws/install/turtlebot3_fake_node/share/turtlebot3_fake_node/local_setup.bash
[26.072s] -- Installing: /home/imjunhyung/turtlebot3_ws/install/turtlebot3_fake_node/share/turtlebot3_fake_node/local_setup.sh
[26.073s] -- Installing: /home/imjunhyung/turtlebot3_ws/install/turtlebot3_fake_node/share/turtlebot3_fake_node/local_setup.zsh
[26.073s] -- Installing: /home/imjunhyung/turtlebot3_ws/install/turtlebot3_fake_node/share/turtlebot3_fake_node/local_setup.dsv
[26.073s] -- Installing: /home/imjunhyung/turtlebot3_ws/install/turtlebot3_fake_node/share/turtlebot3_fake_node/package.dsv
[26.073s] -- Installing: /home/imjunhyung/turtlebot3_ws/install/turtlebot3_fake_node/share/ament_index/resource_index/packages/turtlebot3_fake_node
[26.073s] -- Installing: /home/imjunhyung/turtlebot3_ws/install/turtlebot3_fake_node/share/turtlebot3_fake_node/cmake/ament_cmake_export_include_directories-extras.cmake
[26.073s] -- Installing: /home/imjunhyung/turtlebot3_ws/install/turtlebot3_fake_node/share/turtlebot3_fake_node/cmake/ament_cmake_export_dependencies-extras.cmake
[26.074s] -- Installing: /home/imjunhyung/turtlebot3_ws/install/turtlebot3_fake_node/share/turtlebot3_fake_node/cmake/turtlebot3_fake_nodeConfig.cmake
[26.074s] -- Installing: /home/imjunhyung/turtlebot3_ws/install/turtlebot3_fake_node/share/turtlebot3_fake_node/cmake/turtlebot3_fake_nodeConfig-version.cmake
[26.074s] -- Installing: /home/imjunhyung/turtlebot3_ws/install/turtlebot3_fake_node/share/turtlebot3_fake_node/package.xml
[26.098s] Invoked command in '/home/imjunhyung/turtlebot3_ws/build/turtlebot3_fake_node' returned '0': CMAKE_PREFIX_PATH=${CMAKE_PREFIX_PATH}:/opt/ros/foxy /home/imjunhyung/.local/bin/cmake --install /home/imjunhyung/turtlebot3_ws/build/turtlebot3_fake_node
