-- Found ament_cmake: 0.9.12 (/opt/ros/foxy/share/ament_cmake/cmake)
-- Using PYTHON_EXECUTABLE: /usr/bin/python3
-- Override CMake install command with custom implementation using symlinks instead of copying resources
-- Found ament_lint_auto: 0.9.8 (/opt/ros/foxy/share/ament_lint_auto/cmake)
-- Added test 'copyright' to check source files copyright and LICENSE
-- Added test 'flake8' to check Python code syntax and style conventions
-- Added test 'lint_cmake' to check CMake code style
-- Added test 'pep257' to check Python code against some of the style conventions in PEP 257
-- Added test 'xmllint' to check XML markup files
-- Configuring done
-- Generating done
-- Build files have been written to: /home/theo/ros2_workspace/build/my_arduino_pkg
-- Install configuration: ""
-- Execute custom install script
-- Up-to-date symlink: /home/theo/ros2_workspace/install/my_arduino_pkg/share/ament_index/resource_index/package_run_dependencies/my_arduino_pkg
-- Up-to-date symlink: /home/theo/ros2_workspace/install/my_arduino_pkg/share/ament_index/resource_index/parent_prefix_path/my_arduino_pkg
-- Up-to-date symlink: /home/theo/ros2_workspace/install/my_arduino_pkg/share/my_arduino_pkg/environment/ament_prefix_path.sh
-- Up-to-date symlink: /home/theo/ros2_workspace/install/my_arduino_pkg/share/my_arduino_pkg/environment/ament_prefix_path.dsv
-- Up-to-date symlink: /home/theo/ros2_workspace/install/my_arduino_pkg/share/my_arduino_pkg/environment/path.sh
-- Up-to-date symlink: /home/theo/ros2_workspace/install/my_arduino_pkg/share/my_arduino_pkg/environment/path.dsv
-- Up-to-date symlink: /home/theo/ros2_workspace/install/my_arduino_pkg/share/my_arduino_pkg/local_setup.bash
-- Up-to-date symlink: /home/theo/ros2_workspace/install/my_arduino_pkg/share/my_arduino_pkg/local_setup.sh
-- Up-to-date symlink: /home/theo/ros2_workspace/install/my_arduino_pkg/share/my_arduino_pkg/local_setup.zsh
-- Up-to-date symlink: /home/theo/ros2_workspace/install/my_arduino_pkg/share/my_arduino_pkg/local_setup.dsv
-- Symlinking: /home/theo/ros2_workspace/install/my_arduino_pkg/share/my_arduino_pkg/package.dsv
-- Up-to-date symlink: /home/theo/ros2_workspace/install/my_arduino_pkg/share/ament_index/resource_index/packages/my_arduino_pkg
-- Up-to-date symlink: /home/theo/ros2_workspace/install/my_arduino_pkg/share/my_arduino_pkg/cmake/my_arduino_pkgConfig.cmake
-- Up-to-date symlink: /home/theo/ros2_workspace/install/my_arduino_pkg/share/my_arduino_pkg/cmake/my_arduino_pkgConfig-version.cmake
-- Up-to-date symlink: /home/theo/ros2_workspace/install/my_arduino_pkg/share/my_arduino_pkg/package.xml
