[0.460s] Invoking command in '/home/imjunhyung/turtlebot3_ws/build/turtlebot3_navigation2': CMAKE_PREFIX_PATH=${CMAKE_PREFIX_PATH}:/home/imjunhyung/turtlebot3_ws/install/vel_send:/home/imjunhyung/turtlebot3_ws/install/turtlebot3_teleop:/home/imjunhyung/turtlebot3_ws/install/turtlebot3_example:/home/imjunhyung/turtlebot3_ws/install/roi:/home/imjunhyung/turtlebot3_ws/install/motor:/home/imjunhyung/turtlebot3_ws/install/detection:/opt/ros/foxy /home/imjunhyung/.local/bin/cmake --build /home/imjunhyung/turtlebot3_ws/build/turtlebot3_navigation2 -- -j8 -l8
[1.094s] Invoked command in '/home/imjunhyung/turtlebot3_ws/build/turtlebot3_navigation2' returned '0': CMAKE_PREFIX_PATH=${CMAKE_PREFIX_PATH}:/home/imjunhyung/turtlebot3_ws/install/vel_send:/home/imjunhyung/turtlebot3_ws/install/turtlebot3_teleop:/home/imjunhyung/turtlebot3_ws/install/turtlebot3_example:/home/imjunhyung/turtlebot3_ws/install/roi:/home/imjunhyung/turtlebot3_ws/install/motor:/home/imjunhyung/turtlebot3_ws/install/detection:/opt/ros/foxy /home/imjunhyung/.local/bin/cmake --build /home/imjunhyung/turtlebot3_ws/build/turtlebot3_navigation2 -- -j8 -l8
[1.265s] Invoking command in '/home/imjunhyung/turtlebot3_ws/build/turtlebot3_navigation2': CMAKE_PREFIX_PATH=${CMAKE_PREFIX_PATH}:/home/imjunhyung/turtlebot3_ws/install/vel_send:/home/imjunhyung/turtlebot3_ws/install/turtlebot3_teleop:/home/imjunhyung/turtlebot3_ws/install/turtlebot3_example:/home/imjunhyung/turtlebot3_ws/install/roi:/home/imjunhyung/turtlebot3_ws/install/motor:/home/imjunhyung/turtlebot3_ws/install/detection:/opt/ros/foxy /home/imjunhyung/.local/bin/cmake --install /home/imjunhyung/turtlebot3_ws/build/turtlebot3_navigation2
[1.361s] -- Install configuration: ""
[1.361s] -- Up-to-date: /home/imjunhyung/turtlebot3_ws/install/turtlebot3_navigation2/share/turtlebot3_navigation2/launch
[1.361s] -- Up-to-date: /home/imjunhyung/turtlebot3_ws/install/turtlebot3_navigation2/share/turtlebot3_navigation2/launch/navigation2.launch.py
[1.366s] -- Up-to-date: /home/imjunhyung/turtlebot3_ws/install/turtlebot3_navigation2/share/turtlebot3_navigation2/map
[1.367s] -- Up-to-date: /home/imjunhyung/turtlebot3_ws/install/turtlebot3_navigation2/share/turtlebot3_navigation2/map/turtlebot3_world.yaml
[1.367s] -- Up-to-date: /home/imjunhyung/turtlebot3_ws/install/turtlebot3_navigation2/share/turtlebot3_navigation2/map/turtlebot3_world.pgm
[1.368s] -- Up-to-date: /home/imjunhyung/turtlebot3_ws/install/turtlebot3_navigation2/share/turtlebot3_navigation2/param
[1.368s] -- Up-to-date: /home/imjunhyung/turtlebot3_ws/install/turtlebot3_navigation2/share/turtlebot3_navigation2/param/waffle_pi.yaml
[1.368s] -- Up-to-date: /home/imjunhyung/turtlebot3_ws/install/turtlebot3_navigation2/share/turtlebot3_navigation2/param/burger.yaml
[1.369s] -- Up-to-date: /home/imjunhyung/turtlebot3_ws/install/turtlebot3_navigation2/share/turtlebot3_navigation2/param/waffle.yaml
[1.369s] -- Up-to-date: /home/imjunhyung/turtlebot3_ws/install/turtlebot3_navigation2/share/turtlebot3_navigation2/rviz
[1.370s] -- Up-to-date: /home/imjunhyung/turtlebot3_ws/install/turtlebot3_navigation2/share/turtlebot3_navigation2/rviz/tb3_navigation2.rviz
[1.371s] -- Up-to-date: /home/imjunhyung/turtlebot3_ws/install/turtlebot3_navigation2/share/ament_index/resource_index/package_run_dependencies/turtlebot3_navigation2
[1.373s] -- Up-to-date: /home/imjunhyung/turtlebot3_ws/install/turtlebot3_navigation2/share/ament_index/resource_index/parent_prefix_path/turtlebot3_navigation2
[1.376s] -- Up-to-date: /home/imjunhyung/turtlebot3_ws/install/turtlebot3_navigation2/share/turtlebot3_navigation2/environment/ament_prefix_path.sh
[1.377s] -- Up-to-date: /home/imjunhyung/turtlebot3_ws/install/turtlebot3_navigation2/share/turtlebot3_navigation2/environment/ament_prefix_path.dsv
[1.378s] -- Up-to-date: /home/imjunhyung/turtlebot3_ws/install/turtlebot3_navigation2/share/turtlebot3_navigation2/environment/path.sh
[1.379s] -- Up-to-date: /home/imjunhyung/turtlebot3_ws/install/turtlebot3_navigation2/share/turtlebot3_navigation2/environment/path.dsv
[1.379s] -- Up-to-date: /home/imjunhyung/turtlebot3_ws/install/turtlebot3_navigation2/share/turtlebot3_navigation2/local_setup.bash
[1.380s] -- Up-to-date: /home/imjunhyung/turtlebot3_ws/install/turtlebot3_navigation2/share/turtlebot3_navigation2/local_setup.sh
[1.382s] -- Up-to-date: /home/imjunhyung/turtlebot3_ws/install/turtlebot3_navigation2/share/turtlebot3_navigation2/local_setup.zsh
[1.382s] -- Up-to-date: /home/imjunhyung/turtlebot3_ws/install/turtlebot3_navigation2/share/turtlebot3_navigation2/local_setup.dsv
[1.384s] -- Installing: /home/imjunhyung/turtlebot3_ws/install/turtlebot3_navigation2/share/turtlebot3_navigation2/package.dsv
[1.384s] -- Up-to-date: /home/imjunhyung/turtlebot3_ws/install/turtlebot3_navigation2/share/ament_index/resource_index/packages/turtlebot3_navigation2
[1.385s] -- Up-to-date: /home/imjunhyung/turtlebot3_ws/install/turtlebot3_navigation2/share/turtlebot3_navigation2/cmake/turtlebot3_navigation2Config.cmake
[1.386s] -- Up-to-date: /home/imjunhyung/turtlebot3_ws/install/turtlebot3_navigation2/share/turtlebot3_navigation2/cmake/turtlebot3_navigation2Config-version.cmake
[1.387s] -- Up-to-date: /home/imjunhyung/turtlebot3_ws/install/turtlebot3_navigation2/share/turtlebot3_navigation2/package.xml
[1.438s] Invoked command in '/home/imjunhyung/turtlebot3_ws/build/turtlebot3_navigation2' returned '0': CMAKE_PREFIX_PATH=${CMAKE_PREFIX_PATH}:/home/imjunhyung/turtlebot3_ws/install/vel_send:/home/imjunhyung/turtlebot3_ws/install/turtlebot3_teleop:/home/imjunhyung/turtlebot3_ws/install/turtlebot3_example:/home/imjunhyung/turtlebot3_ws/install/roi:/home/imjunhyung/turtlebot3_ws/install/motor:/home/imjunhyung/turtlebot3_ws/install/detection:/opt/ros/foxy /home/imjunhyung/.local/bin/cmake --install /home/imjunhyung/turtlebot3_ws/build/turtlebot3_navigation2
