[3.063s] Invoking command in '/home/imjunhyung/turtlebot3_ws/src/turtlebot3/turtlebot3_example': PYTHONPATH=/home/imjunhyung/turtlebot3_ws/build/turtlebot3_example/prefix_override:/home/imjunhyung/turtlebot3_ws/install/turtlebot3_example/lib/python3.8/site-packages:${PYTHONPATH} /usr/bin/python3 setup.py egg_info --egg-base ../../../build/turtlebot3_example build --build-base /home/imjunhyung/turtlebot3_ws/build/turtlebot3_example/build install --record /home/imjunhyung/turtlebot3_ws/build/turtlebot3_example/install.log --single-version-externally-managed
[3.702s] running egg_info
[3.702s] creating ../../../build/turtlebot3_example/turtlebot3_example.egg-info
[3.702s] writing ../../../build/turtlebot3_example/turtlebot3_example.egg-info/PKG-INFO
[3.703s] writing dependency_links to ../../../build/turtlebot3_example/turtlebot3_example.egg-info/dependency_links.txt
[3.703s] writing entry points to ../../../build/turtlebot3_example/turtlebot3_example.egg-info/entry_points.txt
[3.703s] writing requirements to ../../../build/turtlebot3_example/turtlebot3_example.egg-info/requires.txt
[3.703s] writing top-level names to ../../../build/turtlebot3_example/turtlebot3_example.egg-info/top_level.txt
[3.705s] writing manifest file '../../../build/turtlebot3_example/turtlebot3_example.egg-info/SOURCES.txt'
[3.797s] reading manifest file '../../../build/turtlebot3_example/turtlebot3_example.egg-info/SOURCES.txt'
[3.800s] writing manifest file '../../../build/turtlebot3_example/turtlebot3_example.egg-info/SOURCES.txt'
[3.801s] running build
[3.801s] running build_py
[3.801s] creating /home/imjunhyung/turtlebot3_ws/build/turtlebot3_example/build
[3.802s] creating /home/imjunhyung/turtlebot3_ws/build/turtlebot3_example/build/lib
[3.802s] creating /home/imjunhyung/turtlebot3_ws/build/turtlebot3_example/build/lib/turtlebot3_example
[3.802s] copying turtlebot3_example/__init__.py -> /home/imjunhyung/turtlebot3_ws/build/turtlebot3_example/build/lib/turtlebot3_example
[3.802s] creating /home/imjunhyung/turtlebot3_ws/build/turtlebot3_example/build/lib/turtlebot3_example/turtlebot3_position_control
[3.803s] copying turtlebot3_example/turtlebot3_position_control/__init__.py -> /home/imjunhyung/turtlebot3_ws/build/turtlebot3_example/build/lib/turtlebot3_example/turtlebot3_position_control
[3.803s] copying turtlebot3_example/turtlebot3_position_control/main.py -> /home/imjunhyung/turtlebot3_ws/build/turtlebot3_example/build/lib/turtlebot3_example/turtlebot3_position_control
[3.803s] copying turtlebot3_example/turtlebot3_position_control/turtlebot3_position_control.py -> /home/imjunhyung/turtlebot3_ws/build/turtlebot3_example/build/lib/turtlebot3_example/turtlebot3_position_control
[3.803s] copying turtlebot3_example/turtlebot3_position_control/turtlebot3_path.py -> /home/imjunhyung/turtlebot3_ws/build/turtlebot3_example/build/lib/turtlebot3_example/turtlebot3_position_control
[3.804s] creating /home/imjunhyung/turtlebot3_ws/build/turtlebot3_example/build/lib/turtlebot3_example/turtlebot3_patrol_server
[3.804s] copying turtlebot3_example/turtlebot3_patrol_server/turtlebot3_patrol_server.py -> /home/imjunhyung/turtlebot3_ws/build/turtlebot3_example/build/lib/turtlebot3_example/turtlebot3_patrol_server
[3.805s] copying turtlebot3_example/turtlebot3_patrol_server/__init__.py -> /home/imjunhyung/turtlebot3_ws/build/turtlebot3_example/build/lib/turtlebot3_example/turtlebot3_patrol_server
[3.805s] copying turtlebot3_example/turtlebot3_patrol_server/main.py -> /home/imjunhyung/turtlebot3_ws/build/turtlebot3_example/build/lib/turtlebot3_example/turtlebot3_patrol_server
[3.805s] copying turtlebot3_example/turtlebot3_patrol_server/turtlebot3_path.py -> /home/imjunhyung/turtlebot3_ws/build/turtlebot3_example/build/lib/turtlebot3_example/turtlebot3_patrol_server
[3.806s] creating /home/imjunhyung/turtlebot3_ws/build/turtlebot3_example/build/lib/turtlebot3_example/turtlebot3_obstacle_detection
[3.806s] copying turtlebot3_example/turtlebot3_obstacle_detection/turtlebot3_obstacle_detection.py -> /home/imjunhyung/turtlebot3_ws/build/turtlebot3_example/build/lib/turtlebot3_example/turtlebot3_obstacle_detection
[3.807s] copying turtlebot3_example/turtlebot3_obstacle_detection/__init__.py -> /home/imjunhyung/turtlebot3_ws/build/turtlebot3_example/build/lib/turtlebot3_example/turtlebot3_obstacle_detection
[3.807s] copying turtlebot3_example/turtlebot3_obstacle_detection/main.py -> /home/imjunhyung/turtlebot3_ws/build/turtlebot3_example/build/lib/turtlebot3_example/turtlebot3_obstacle_detection
[3.808s] creating /home/imjunhyung/turtlebot3_ws/build/turtlebot3_example/build/lib/turtlebot3_example/turtlebot3_patrol_client
[3.808s] copying turtlebot3_example/turtlebot3_patrol_client/turtlebot3_patrol_client.py -> /home/imjunhyung/turtlebot3_ws/build/turtlebot3_example/build/lib/turtlebot3_example/turtlebot3_patrol_client
[3.808s] copying turtlebot3_example/turtlebot3_patrol_client/__init__.py -> /home/imjunhyung/turtlebot3_ws/build/turtlebot3_example/build/lib/turtlebot3_example/turtlebot3_patrol_client
[3.809s] copying turtlebot3_example/turtlebot3_patrol_client/main.py -> /home/imjunhyung/turtlebot3_ws/build/turtlebot3_example/build/lib/turtlebot3_example/turtlebot3_patrol_client
[3.810s] running install
[3.812s] running install_lib
[3.815s] creating /home/imjunhyung/turtlebot3_ws/install/turtlebot3_example/lib/python3.8/site-packages/turtlebot3_example
[3.816s] creating /home/imjunhyung/turtlebot3_ws/install/turtlebot3_example/lib/python3.8/site-packages/turtlebot3_example/turtlebot3_position_control
[3.816s] copying /home/imjunhyung/turtlebot3_ws/build/turtlebot3_example/build/lib/turtlebot3_example/turtlebot3_position_control/__init__.py -> /home/imjunhyung/turtlebot3_ws/install/turtlebot3_example/lib/python3.8/site-packages/turtlebot3_example/turtlebot3_position_control
[3.816s] copying /home/imjunhyung/turtlebot3_ws/build/turtlebot3_example/build/lib/turtlebot3_example/turtlebot3_position_control/main.py -> /home/imjunhyung/turtlebot3_ws/install/turtlebot3_example/lib/python3.8/site-packages/turtlebot3_example/turtlebot3_position_control
[3.816s] copying /home/imjunhyung/turtlebot3_ws/build/turtlebot3_example/build/lib/turtlebot3_example/turtlebot3_position_control/turtlebot3_position_control.py -> /home/imjunhyung/turtlebot3_ws/install/turtlebot3_example/lib/python3.8/site-packages/turtlebot3_example/turtlebot3_position_control
[3.817s] copying /home/imjunhyung/turtlebot3_ws/build/turtlebot3_example/build/lib/turtlebot3_example/turtlebot3_position_control/turtlebot3_path.py -> /home/imjunhyung/turtlebot3_ws/install/turtlebot3_example/lib/python3.8/site-packages/turtlebot3_example/turtlebot3_position_control
[3.817s] creating /home/imjunhyung/turtlebot3_ws/install/turtlebot3_example/lib/python3.8/site-packages/turtlebot3_example/turtlebot3_patrol_server
[3.818s] copying /home/imjunhyung/turtlebot3_ws/build/turtlebot3_example/build/lib/turtlebot3_example/turtlebot3_patrol_server/turtlebot3_patrol_server.py -> /home/imjunhyung/turtlebot3_ws/install/turtlebot3_example/lib/python3.8/site-packages/turtlebot3_example/turtlebot3_patrol_server
[3.818s] copying /home/imjunhyung/turtlebot3_ws/build/turtlebot3_example/build/lib/turtlebot3_example/turtlebot3_patrol_server/__init__.py -> /home/imjunhyung/turtlebot3_ws/install/turtlebot3_example/lib/python3.8/site-packages/turtlebot3_example/turtlebot3_patrol_server
[3.818s] copying /home/imjunhyung/turtlebot3_ws/build/turtlebot3_example/build/lib/turtlebot3_example/turtlebot3_patrol_server/main.py -> /home/imjunhyung/turtlebot3_ws/install/turtlebot3_example/lib/python3.8/site-packages/turtlebot3_example/turtlebot3_patrol_server
[3.819s] copying /home/imjunhyung/turtlebot3_ws/build/turtlebot3_example/build/lib/turtlebot3_example/turtlebot3_patrol_server/turtlebot3_path.py -> /home/imjunhyung/turtlebot3_ws/install/turtlebot3_example/lib/python3.8/site-packages/turtlebot3_example/turtlebot3_patrol_server
[3.819s] copying /home/imjunhyung/turtlebot3_ws/build/turtlebot3_example/build/lib/turtlebot3_example/__init__.py -> /home/imjunhyung/turtlebot3_ws/install/turtlebot3_example/lib/python3.8/site-packages/turtlebot3_example
[3.819s] creating /home/imjunhyung/turtlebot3_ws/install/turtlebot3_example/lib/python3.8/site-packages/turtlebot3_example/turtlebot3_obstacle_detection
[3.820s] copying /home/imjunhyung/turtlebot3_ws/build/turtlebot3_example/build/lib/turtlebot3_example/turtlebot3_obstacle_detection/turtlebot3_obstacle_detection.py -> /home/imjunhyung/turtlebot3_ws/install/turtlebot3_example/lib/python3.8/site-packages/turtlebot3_example/turtlebot3_obstacle_detection
[3.820s] copying /home/imjunhyung/turtlebot3_ws/build/turtlebot3_example/build/lib/turtlebot3_example/turtlebot3_obstacle_detection/__init__.py -> /home/imjunhyung/turtlebot3_ws/install/turtlebot3_example/lib/python3.8/site-packages/turtlebot3_example/turtlebot3_obstacle_detection
[3.820s] copying /home/imjunhyung/turtlebot3_ws/build/turtlebot3_example/build/lib/turtlebot3_example/turtlebot3_obstacle_detection/main.py -> /home/imjunhyung/turtlebot3_ws/install/turtlebot3_example/lib/python3.8/site-packages/turtlebot3_example/turtlebot3_obstacle_detection
[3.821s] creating /home/imjunhyung/turtlebot3_ws/install/turtlebot3_example/lib/python3.8/site-packages/turtlebot3_example/turtlebot3_patrol_client
[3.821s] copying /home/imjunhyung/turtlebot3_ws/build/turtlebot3_example/build/lib/turtlebot3_example/turtlebot3_patrol_client/turtlebot3_patrol_client.py -> /home/imjunhyung/turtlebot3_ws/install/turtlebot3_example/lib/python3.8/site-packages/turtlebot3_example/turtlebot3_patrol_client
[3.821s] copying /home/imjunhyung/turtlebot3_ws/build/turtlebot3_example/build/lib/turtlebot3_example/turtlebot3_patrol_client/__init__.py -> /home/imjunhyung/turtlebot3_ws/install/turtlebot3_example/lib/python3.8/site-packages/turtlebot3_example/turtlebot3_patrol_client
[3.822s] copying /home/imjunhyung/turtlebot3_ws/build/turtlebot3_example/build/lib/turtlebot3_example/turtlebot3_patrol_client/main.py -> /home/imjunhyung/turtlebot3_ws/install/turtlebot3_example/lib/python3.8/site-packages/turtlebot3_example/turtlebot3_patrol_client
[3.823s] byte-compiling /home/imjunhyung/turtlebot3_ws/install/turtlebot3_example/lib/python3.8/site-packages/turtlebot3_example/turtlebot3_position_control/__init__.py to __init__.cpython-38.pyc
[3.826s] byte-compiling /home/imjunhyung/turtlebot3_ws/install/turtlebot3_example/lib/python3.8/site-packages/turtlebot3_example/turtlebot3_position_control/main.py to main.cpython-38.pyc
[3.826s] byte-compiling /home/imjunhyung/turtlebot3_ws/install/turtlebot3_example/lib/python3.8/site-packages/turtlebot3_example/turtlebot3_position_control/turtlebot3_position_control.py to turtlebot3_position_control.cpython-38.pyc
[3.829s] byte-compiling /home/imjunhyung/turtlebot3_ws/install/turtlebot3_example/lib/python3.8/site-packages/turtlebot3_example/turtlebot3_position_control/turtlebot3_path.py to turtlebot3_path.cpython-38.pyc
[3.829s] byte-compiling /home/imjunhyung/turtlebot3_ws/install/turtlebot3_example/lib/python3.8/site-packages/turtlebot3_example/turtlebot3_patrol_server/turtlebot3_patrol_server.py to turtlebot3_patrol_server.cpython-38.pyc
[3.831s] byte-compiling /home/imjunhyung/turtlebot3_ws/install/turtlebot3_example/lib/python3.8/site-packages/turtlebot3_example/turtlebot3_patrol_server/__init__.py to __init__.cpython-38.pyc
[3.831s] byte-compiling /home/imjunhyung/turtlebot3_ws/install/turtlebot3_example/lib/python3.8/site-packages/turtlebot3_example/turtlebot3_patrol_server/main.py to main.cpython-38.pyc
[3.832s] byte-compiling /home/imjunhyung/turtlebot3_ws/install/turtlebot3_example/lib/python3.8/site-packages/turtlebot3_example/turtlebot3_patrol_server/turtlebot3_path.py to turtlebot3_path.cpython-38.pyc
[3.833s] byte-compiling /home/imjunhyung/turtlebot3_ws/install/turtlebot3_example/lib/python3.8/site-packages/turtlebot3_example/__init__.py to __init__.cpython-38.pyc
[3.833s] byte-compiling /home/imjunhyung/turtlebot3_ws/install/turtlebot3_example/lib/python3.8/site-packages/turtlebot3_example/turtlebot3_obstacle_detection/turtlebot3_obstacle_detection.py to turtlebot3_obstacle_detection.cpython-38.pyc
[3.835s] byte-compiling /home/imjunhyung/turtlebot3_ws/install/turtlebot3_example/lib/python3.8/site-packages/turtlebot3_example/turtlebot3_obstacle_detection/__init__.py to __init__.cpython-38.pyc
[3.835s] byte-compiling /home/imjunhyung/turtlebot3_ws/install/turtlebot3_example/lib/python3.8/site-packages/turtlebot3_example/turtlebot3_obstacle_detection/main.py to main.cpython-38.pyc
[3.836s] byte-compiling /home/imjunhyung/turtlebot3_ws/install/turtlebot3_example/lib/python3.8/site-packages/turtlebot3_example/turtlebot3_patrol_client/turtlebot3_patrol_client.py to turtlebot3_patrol_client.cpython-38.pyc
[3.837s] byte-compiling /home/imjunhyung/turtlebot3_ws/install/turtlebot3_example/lib/python3.8/site-packages/turtlebot3_example/turtlebot3_patrol_client/__init__.py to __init__.cpython-38.pyc
[3.838s] byte-compiling /home/imjunhyung/turtlebot3_ws/install/turtlebot3_example/lib/python3.8/site-packages/turtlebot3_example/turtlebot3_patrol_client/main.py to main.cpython-38.pyc
[3.838s] running install_data
[3.839s] creating /home/imjunhyung/turtlebot3_ws/install/turtlebot3_example/share/ament_index
[3.840s] creating /home/imjunhyung/turtlebot3_ws/install/turtlebot3_example/share/ament_index/resource_index
[3.840s] creating /home/imjunhyung/turtlebot3_ws/install/turtlebot3_example/share/ament_index/resource_index/packages
[3.840s] copying resource/turtlebot3_example -> /home/imjunhyung/turtlebot3_ws/install/turtlebot3_example/share/ament_index/resource_index/packages
[3.840s] copying package.xml -> /home/imjunhyung/turtlebot3_ws/install/turtlebot3_example/share/turtlebot3_example
[3.840s] running install_egg_info
[3.845s] Copying ../../../build/turtlebot3_example/turtlebot3_example.egg-info to /home/imjunhyung/turtlebot3_ws/install/turtlebot3_example/lib/python3.8/site-packages/turtlebot3_example-2.1.4-py3.8.egg-info
[3.847s] running install_scripts
[3.886s] Installing turtlebot3_obstacle_detection script to /home/imjunhyung/turtlebot3_ws/install/turtlebot3_example/lib/turtlebot3_example
[3.886s] Installing turtlebot3_patrol_client script to /home/imjunhyung/turtlebot3_ws/install/turtlebot3_example/lib/turtlebot3_example
[3.887s] Installing turtlebot3_patrol_server script to /home/imjunhyung/turtlebot3_ws/install/turtlebot3_example/lib/turtlebot3_example
[3.887s] Installing turtlebot3_position_control script to /home/imjunhyung/turtlebot3_ws/install/turtlebot3_example/lib/turtlebot3_example
[3.889s] writing list of installed files to '/home/imjunhyung/turtlebot3_ws/build/turtlebot3_example/install.log'
[3.985s] Invoked command in '/home/imjunhyung/turtlebot3_ws/src/turtlebot3/turtlebot3_example' returned '0': PYTHONPATH=/home/imjunhyung/turtlebot3_ws/build/turtlebot3_example/prefix_override:/home/imjunhyung/turtlebot3_ws/install/turtlebot3_example/lib/python3.8/site-packages:${PYTHONPATH} /usr/bin/python3 setup.py egg_info --egg-base ../../../build/turtlebot3_example build --build-base /home/imjunhyung/turtlebot3_ws/build/turtlebot3_example/build install --record /home/imjunhyung/turtlebot3_ws/build/turtlebot3_example/install.log --single-version-externally-managed
