[0.042s] Invoking command in '/home/theo/ros2_workspace/build/articubot_one': CMAKE_PREFIX_PATH=/home/theo/colcon_ws/install/autonomous_tb3:/opt/ros/foxy /usr/bin/cmake /home/theo/ros2_workspace/src/articubot_one -DAMENT_CMAKE_SYMLINK_INSTALL=1 -DCMAKE_INSTALL_PREFIX=/home/theo/ros2_workspace/install/articubot_one
[0.098s] -- The C compiler identification is GNU 9.4.0
[0.154s] -- The CXX compiler identification is GNU 9.4.0
[0.158s] -- Check for working C compiler: /usr/bin/cc
[0.225s] -- Check for working C compiler: /usr/bin/cc -- works
[0.226s] -- Detecting C compiler ABI info
[0.296s] -- Detecting C compiler ABI info - done
[0.307s] -- Detecting C compile features
[0.308s] -- Detecting C compile features - done
[0.311s] -- Check for working CXX compiler: /usr/bin/c++
[0.424s] -- Check for working CXX compiler: /usr/bin/c++ -- works
[0.424s] -- Detecting CXX compiler ABI info
[0.519s] -- Detecting CXX compiler ABI info - done
[0.535s] -- Detecting CXX compile features
[0.539s] -- Detecting CXX compile features - done
[0.542s] -- Found ament_cmake: 0.9.12 (/opt/ros/foxy/share/ament_cmake/cmake)
[0.566s] -- Found PythonInterp: /usr/bin/python3 (found suitable version "3.8.10", minimum required is "3") 
[0.566s] -- Using PYTHON_EXECUTABLE: /usr/bin/python3
[0.759s] -- Override CMake install command with custom implementation using symlinks instead of copying resources
[0.782s] -- Found ament_lint_auto: 0.9.8 (/opt/ros/foxy/share/ament_lint_auto/cmake)
[0.849s] -- Added test 'copyright' to check source files copyright and LICENSE
[0.859s] -- Added test 'flake8' to check Python code syntax and style conventions
[0.861s] -- Added test 'lint_cmake' to check CMake code style
[0.862s] -- Added test 'pep257' to check Python code against some of the style conventions in PEP 257
[0.867s] -- Added test 'xmllint' to check XML markup files
[0.869s] -- Configuring done
[0.871s] -- Generating done
[0.872s] -- Build files have been written to: /home/theo/ros2_workspace/build/articubot_one
[0.877s] Invoked command in '/home/theo/ros2_workspace/build/articubot_one' returned '0': CMAKE_PREFIX_PATH=/home/theo/colcon_ws/install/autonomous_tb3:/opt/ros/foxy /usr/bin/cmake /home/theo/ros2_workspace/src/articubot_one -DAMENT_CMAKE_SYMLINK_INSTALL=1 -DCMAKE_INSTALL_PREFIX=/home/theo/ros2_workspace/install/articubot_one
[0.877s] Invoking command in '/home/theo/ros2_workspace/build/articubot_one': CMAKE_PREFIX_PATH=/home/theo/colcon_ws/install/autonomous_tb3:/opt/ros/foxy /usr/bin/cmake --build /home/theo/ros2_workspace/build/articubot_one -- -j12 -l12
[0.912s] Invoked command in '/home/theo/ros2_workspace/build/articubot_one' returned '0': CMAKE_PREFIX_PATH=/home/theo/colcon_ws/install/autonomous_tb3:/opt/ros/foxy /usr/bin/cmake --build /home/theo/ros2_workspace/build/articubot_one -- -j12 -l12
[0.933s] Invoking command in '/home/theo/ros2_workspace/build/articubot_one': CMAKE_PREFIX_PATH=/home/theo/colcon_ws/install/autonomous_tb3:/opt/ros/foxy /usr/bin/cmake --install /home/theo/ros2_workspace/build/articubot_one
[0.940s] -- Install configuration: ""
[0.940s] -- Execute custom install script
[0.941s] -- Symlinking: /home/theo/ros2_workspace/install/articubot_one/share/articubot_one/config/ball_tracker_params_robot.yaml
[0.949s] -- Symlinking: /home/theo/ros2_workspace/install/articubot_one/share/articubot_one/config/ball_tracker_params_sim.yaml
[0.957s] -- Symlinking: /home/theo/ros2_workspace/install/articubot_one/share/articubot_one/config/drive_bot.rviz
[0.965s] -- Symlinking: /home/theo/ros2_workspace/install/articubot_one/share/articubot_one/config/empty.yaml
[0.973s] -- Symlinking: /home/theo/ros2_workspace/install/articubot_one/share/articubot_one/config/gaz_ros2_ctl_use_sim.yaml
[0.981s] -- Symlinking: /home/theo/ros2_workspace/install/articubot_one/share/articubot_one/config/gazebo_params.yaml
[0.989s] -- Symlinking: /home/theo/ros2_workspace/install/articubot_one/share/articubot_one/config/joystick.yaml
[0.997s] -- Symlinking: /home/theo/ros2_workspace/install/articubot_one/share/articubot_one/config/main.rviz
[1.005s] -- Symlinking: /home/theo/ros2_workspace/install/articubot_one/share/articubot_one/config/map.rviz
[1.013s] -- Symlinking: /home/theo/ros2_workspace/install/articubot_one/share/articubot_one/config/mapper_params_online_async.yaml
[1.022s] -- Symlinking: /home/theo/ros2_workspace/install/articubot_one/share/articubot_one/config/my_controllers.yaml
[1.030s] -- Symlinking: /home/theo/ros2_workspace/install/articubot_one/share/articubot_one/config/nav2_params.yaml
[1.038s] -- Symlinking: /home/theo/ros2_workspace/install/articubot_one/share/articubot_one/config/twist_mux.yaml
[1.046s] -- Symlinking: /home/theo/ros2_workspace/install/articubot_one/share/articubot_one/config/view_bot.rviz
[1.053s] -- Symlinking: /home/theo/ros2_workspace/install/articubot_one/share/articubot_one/description/camera.xacro
[1.061s] -- Symlinking: /home/theo/ros2_workspace/install/articubot_one/share/articubot_one/description/depth_camera.xacro
[1.069s] -- Symlinking: /home/theo/ros2_workspace/install/articubot_one/share/articubot_one/description/face.xacro
[1.077s] -- Symlinking: /home/theo/ros2_workspace/install/articubot_one/share/articubot_one/description/gazebo_control.xacro
[1.085s] -- Symlinking: /home/theo/ros2_workspace/install/articubot_one/share/articubot_one/description/inertial_macros.xacro
[1.093s] -- Symlinking: /home/theo/ros2_workspace/install/articubot_one/share/articubot_one/description/lidar.xacro
[1.100s] -- Symlinking: /home/theo/ros2_workspace/install/articubot_one/share/articubot_one/description/robot.urdf.xacro
[1.109s] -- Symlinking: /home/theo/ros2_workspace/install/articubot_one/share/articubot_one/description/robot_core.xacro
[1.118s] -- Symlinking: /home/theo/ros2_workspace/install/articubot_one/share/articubot_one/description/ros2_control.xacro
[1.126s] -- Symlinking: /home/theo/ros2_workspace/install/articubot_one/share/articubot_one/launch/ball_tracker.launch.py
[1.134s] -- Symlinking: /home/theo/ros2_workspace/install/articubot_one/share/articubot_one/launch/camera.launch.py
[1.142s] -- Symlinking: /home/theo/ros2_workspace/install/articubot_one/share/articubot_one/launch/joystick.launch.py
[1.150s] -- Symlinking: /home/theo/ros2_workspace/install/articubot_one/share/articubot_one/launch/launch_robot.launch.py
[1.158s] -- Symlinking: /home/theo/ros2_workspace/install/articubot_one/share/articubot_one/launch/launch_sim.launch.py
[1.166s] -- Symlinking: /home/theo/ros2_workspace/install/articubot_one/share/articubot_one/launch/localization_launch.py
[1.173s] -- Symlinking: /home/theo/ros2_workspace/install/articubot_one/share/articubot_one/launch/navigation_launch.py
[1.181s] -- Symlinking: /home/theo/ros2_workspace/install/articubot_one/share/articubot_one/launch/online_async_launch.py
[1.189s] -- Symlinking: /home/theo/ros2_workspace/install/articubot_one/share/articubot_one/launch/rplidar.launch.py
[1.197s] -- Symlinking: /home/theo/ros2_workspace/install/articubot_one/share/articubot_one/launch/rsp.launch.py
[1.206s] -- Symlinking: /home/theo/ros2_workspace/install/articubot_one/share/articubot_one/worlds/empty.world
[1.214s] -- Symlinking: /home/theo/ros2_workspace/install/articubot_one/share/articubot_one/worlds/obstacles.world
[1.223s] -- Symlinking: /home/theo/ros2_workspace/install/articubot_one/share/ament_index/resource_index/package_run_dependencies/articubot_one
[1.233s] -- Symlinking: /home/theo/ros2_workspace/install/articubot_one/share/ament_index/resource_index/parent_prefix_path/articubot_one
[1.240s] -- Symlinking: /home/theo/ros2_workspace/install/articubot_one/share/articubot_one/environment/ament_prefix_path.sh
[1.248s] -- Symlinking: /home/theo/ros2_workspace/install/articubot_one/share/articubot_one/environment/ament_prefix_path.dsv
[1.256s] -- Symlinking: /home/theo/ros2_workspace/install/articubot_one/share/articubot_one/environment/path.sh
[1.265s] -- Symlinking: /home/theo/ros2_workspace/install/articubot_one/share/articubot_one/environment/path.dsv
[1.273s] -- Symlinking: /home/theo/ros2_workspace/install/articubot_one/share/articubot_one/local_setup.bash
[1.282s] -- Symlinking: /home/theo/ros2_workspace/install/articubot_one/share/articubot_one/local_setup.sh
[1.290s] -- Symlinking: /home/theo/ros2_workspace/install/articubot_one/share/articubot_one/local_setup.zsh
[1.299s] -- Symlinking: /home/theo/ros2_workspace/install/articubot_one/share/articubot_one/local_setup.dsv
[1.308s] -- Symlinking: /home/theo/ros2_workspace/install/articubot_one/share/articubot_one/package.dsv
[1.317s] -- Symlinking: /home/theo/ros2_workspace/install/articubot_one/share/ament_index/resource_index/packages/articubot_one
[1.326s] -- Symlinking: /home/theo/ros2_workspace/install/articubot_one/share/articubot_one/cmake/articubot_oneConfig.cmake
[1.334s] -- Symlinking: /home/theo/ros2_workspace/install/articubot_one/share/articubot_one/cmake/articubot_oneConfig-version.cmake
[1.342s] -- Symlinking: /home/theo/ros2_workspace/install/articubot_one/share/articubot_one/package.xml
[1.357s] Invoked command in '/home/theo/ros2_workspace/build/articubot_one' returned '0': CMAKE_PREFIX_PATH=/home/theo/colcon_ws/install/autonomous_tb3:/opt/ros/foxy /usr/bin/cmake --install /home/theo/ros2_workspace/build/articubot_one
