[0.280s] DEBUG:colcon:Command line arguments: ['/usr/bin/colcon', 'build', '--symlink-install']
[0.280s] DEBUG:colcon:Parsed command line arguments: Namespace(allow_overriding=[], ament_cmake_args=None, base_paths=['.'], build_base='build', catkin_cmake_args=None, catkin_skip_building_tests=False, cmake_args=None, cmake_clean_cache=False, cmake_clean_first=False, cmake_force_configure=False, cmake_target=None, cmake_target_skip_unavailable=False, continue_on_error=False, event_handlers=None, executor='parallel', ignore_user_meta=False, install_base='install', log_base=None, log_level=None, main=<bound method BuildVerb.main of <colcon_core.verb.build.BuildVerb object at 0x7f45a3c84160>>, merge_install=False, metas=['./colcon.meta'], packages_above=None, packages_above_and_dependencies=None, packages_above_depth=None, packages_end=None, packages_ignore=None, packages_ignore_regex=None, packages_select=None, packages_select_build_failed=False, packages_select_by_dep=None, packages_select_regex=None, packages_select_test_failures=False, packages_skip=None, packages_skip_build_finished=False, packages_skip_by_dep=None, packages_skip_regex=None, packages_skip_test_passed=False, packages_skip_up_to=None, packages_start=None, packages_up_to=None, packages_up_to_regex=None, parallel_workers=12, paths=None, symlink_install=True, test_result_base=None, verb_extension=<colcon_core.verb.build.BuildVerb object at 0x7f45a3c84160>, verb_name='build', verb_parser=<colcon_defaults.argument_parser.defaults.DefaultArgumentsDecorator object at 0x7f45a3c846a0>)
[0.308s] Level 1:colcon.colcon_core.package_discovery:discover_packages(colcon_meta) check parameters
[0.308s] Level 1:colcon.colcon_core.package_discovery:discover_packages(recursive) check parameters
[0.308s] Level 1:colcon.colcon_core.package_discovery:discover_packages(ignore) check parameters
[0.308s] Level 1:colcon.colcon_core.package_discovery:discover_packages(path) check parameters
[0.308s] Level 1:colcon.colcon_core.package_discovery:discover_packages(colcon_meta) discover
[0.308s] Level 1:colcon.colcon_core.package_discovery:discover_packages(recursive) discover
[0.308s] INFO:colcon.colcon_core.package_discovery:Crawling recursively for packages in '/home/theo/ros2_workspace'
[0.308s] Level 1:colcon.colcon_core.package_identification:_identify(.) by extensions ['ignore', 'ignore_ament_install']
[0.309s] Level 1:colcon.colcon_core.package_identification:_identify(.) by extension 'ignore'
[0.309s] Level 1:colcon.colcon_core.package_identification:_identify(.) by extension 'ignore_ament_install'
[0.309s] Level 1:colcon.colcon_core.package_identification:_identify(.) by extensions ['colcon_pkg']
[0.309s] Level 1:colcon.colcon_core.package_identification:_identify(.) by extension 'colcon_pkg'
[0.309s] Level 1:colcon.colcon_core.package_identification:_identify(.) by extensions ['colcon_meta']
[0.309s] Level 1:colcon.colcon_core.package_identification:_identify(.) by extension 'colcon_meta'
[0.309s] Level 1:colcon.colcon_core.package_identification:_identify(.) by extensions ['ros']
[0.309s] Level 1:colcon.colcon_core.package_identification:_identify(.) by extension 'ros'
[0.317s] Level 1:colcon.colcon_core.package_identification:_identify(.) by extensions ['cmake', 'python']
[0.317s] Level 1:colcon.colcon_core.package_identification:_identify(.) by extension 'cmake'
[0.317s] Level 1:colcon.colcon_core.package_identification:_identify(.) by extension 'python'
[0.317s] Level 1:colcon.colcon_core.package_identification:_identify(.) by extensions ['python_setup_py']
[0.317s] Level 1:colcon.colcon_core.package_identification:_identify(.) by extension 'python_setup_py'
[0.318s] Level 1:colcon.colcon_core.package_identification:_identify(build) by extensions ['ignore', 'ignore_ament_install']
[0.318s] Level 1:colcon.colcon_core.package_identification:_identify(build) by extension 'ignore'
[0.318s] Level 1:colcon.colcon_core.package_identification:_identify(build) ignored
[0.318s] Level 1:colcon.colcon_core.package_identification:_identify(install) by extensions ['ignore', 'ignore_ament_install']
[0.318s] Level 1:colcon.colcon_core.package_identification:_identify(install) by extension 'ignore'
[0.318s] Level 1:colcon.colcon_core.package_identification:_identify(install) ignored
[0.318s] Level 1:colcon.colcon_core.package_identification:_identify(log) by extensions ['ignore', 'ignore_ament_install']
[0.318s] Level 1:colcon.colcon_core.package_identification:_identify(log) by extension 'ignore'
[0.318s] Level 1:colcon.colcon_core.package_identification:_identify(log) ignored
[0.318s] Level 1:colcon.colcon_core.package_identification:_identify(src) by extensions ['ignore', 'ignore_ament_install']
[0.319s] Level 1:colcon.colcon_core.package_identification:_identify(src) by extension 'ignore'
[0.319s] Level 1:colcon.colcon_core.package_identification:_identify(src) by extension 'ignore_ament_install'
[0.319s] Level 1:colcon.colcon_core.package_identification:_identify(src) by extensions ['colcon_pkg']
[0.319s] Level 1:colcon.colcon_core.package_identification:_identify(src) by extension 'colcon_pkg'
[0.319s] Level 1:colcon.colcon_core.package_identification:_identify(src) by extensions ['colcon_meta']
[0.319s] Level 1:colcon.colcon_core.package_identification:_identify(src) by extension 'colcon_meta'
[0.319s] Level 1:colcon.colcon_core.package_identification:_identify(src) by extensions ['ros']
[0.319s] Level 1:colcon.colcon_core.package_identification:_identify(src) by extension 'ros'
[0.319s] Level 1:colcon.colcon_core.package_identification:_identify(src) by extensions ['cmake', 'python']
[0.319s] Level 1:colcon.colcon_core.package_identification:_identify(src) by extension 'cmake'
[0.319s] Level 1:colcon.colcon_core.package_identification:_identify(src) by extension 'python'
[0.319s] Level 1:colcon.colcon_core.package_identification:_identify(src) by extensions ['python_setup_py']
[0.319s] Level 1:colcon.colcon_core.package_identification:_identify(src) by extension 'python_setup_py'
[0.319s] Level 1:colcon.colcon_core.package_identification:_identify(src/arduino_pck) by extensions ['ignore', 'ignore_ament_install']
[0.319s] Level 1:colcon.colcon_core.package_identification:_identify(src/arduino_pck) by extension 'ignore'
[0.320s] Level 1:colcon.colcon_core.package_identification:_identify(src/arduino_pck) by extension 'ignore_ament_install'
[0.320s] Level 1:colcon.colcon_core.package_identification:_identify(src/arduino_pck) by extensions ['colcon_pkg']
[0.320s] Level 1:colcon.colcon_core.package_identification:_identify(src/arduino_pck) by extension 'colcon_pkg'
[0.320s] Level 1:colcon.colcon_core.package_identification:_identify(src/arduino_pck) by extensions ['colcon_meta']
[0.320s] Level 1:colcon.colcon_core.package_identification:_identify(src/arduino_pck) by extension 'colcon_meta'
[0.320s] Level 1:colcon.colcon_core.package_identification:_identify(src/arduino_pck) by extensions ['ros']
[0.320s] Level 1:colcon.colcon_core.package_identification:_identify(src/arduino_pck) by extension 'ros'
[0.322s] DEBUG:colcon.colcon_core.package_identification:Package 'src/arduino_pck' with type 'ros.ament_cmake' and name 'arduino_pck'
[0.322s] Level 1:colcon.colcon_core.package_identification:_identify(src/articubot_one) by extensions ['ignore', 'ignore_ament_install']
[0.322s] Level 1:colcon.colcon_core.package_identification:_identify(src/articubot_one) by extension 'ignore'
[0.322s] Level 1:colcon.colcon_core.package_identification:_identify(src/articubot_one) by extension 'ignore_ament_install'
[0.322s] Level 1:colcon.colcon_core.package_identification:_identify(src/articubot_one) by extensions ['colcon_pkg']
[0.322s] Level 1:colcon.colcon_core.package_identification:_identify(src/articubot_one) by extension 'colcon_pkg'
[0.322s] Level 1:colcon.colcon_core.package_identification:_identify(src/articubot_one) by extensions ['colcon_meta']
[0.322s] Level 1:colcon.colcon_core.package_identification:_identify(src/articubot_one) by extension 'colcon_meta'
[0.322s] Level 1:colcon.colcon_core.package_identification:_identify(src/articubot_one) by extensions ['ros']
[0.322s] Level 1:colcon.colcon_core.package_identification:_identify(src/articubot_one) by extension 'ros'
[0.323s] DEBUG:colcon.colcon_core.package_identification:Package 'src/articubot_one' with type 'ros.ament_cmake' and name 'articubot_one'
[0.323s] Level 1:colcon.colcon_core.package_identification:_identify(src/diffdrive_arduino) by extensions ['ignore', 'ignore_ament_install']
[0.323s] Level 1:colcon.colcon_core.package_identification:_identify(src/diffdrive_arduino) by extension 'ignore'
[0.323s] Level 1:colcon.colcon_core.package_identification:_identify(src/diffdrive_arduino) by extension 'ignore_ament_install'
[0.323s] Level 1:colcon.colcon_core.package_identification:_identify(src/diffdrive_arduino) by extensions ['colcon_pkg']
[0.323s] Level 1:colcon.colcon_core.package_identification:_identify(src/diffdrive_arduino) by extension 'colcon_pkg'
[0.323s] Level 1:colcon.colcon_core.package_identification:_identify(src/diffdrive_arduino) by extensions ['colcon_meta']
[0.323s] Level 1:colcon.colcon_core.package_identification:_identify(src/diffdrive_arduino) by extension 'colcon_meta'
[0.323s] Level 1:colcon.colcon_core.package_identification:_identify(src/diffdrive_arduino) by extensions ['ros']
[0.323s] Level 1:colcon.colcon_core.package_identification:_identify(src/diffdrive_arduino) by extension 'ros'
[0.324s] DEBUG:colcon.colcon_core.package_identification:Package 'src/diffdrive_arduino' with type 'ros.ament_cmake' and name 'diffdrive_arduino'
[0.324s] Level 1:colcon.colcon_core.package_identification:_identify(src/my_arduino_pkg) by extensions ['ignore', 'ignore_ament_install']
[0.324s] Level 1:colcon.colcon_core.package_identification:_identify(src/my_arduino_pkg) by extension 'ignore'
[0.325s] Level 1:colcon.colcon_core.package_identification:_identify(src/my_arduino_pkg) by extension 'ignore_ament_install'
[0.325s] Level 1:colcon.colcon_core.package_identification:_identify(src/my_arduino_pkg) by extensions ['colcon_pkg']
[0.325s] Level 1:colcon.colcon_core.package_identification:_identify(src/my_arduino_pkg) by extension 'colcon_pkg'
[0.325s] Level 1:colcon.colcon_core.package_identification:_identify(src/my_arduino_pkg) by extensions ['colcon_meta']
[0.325s] Level 1:colcon.colcon_core.package_identification:_identify(src/my_arduino_pkg) by extension 'colcon_meta'
[0.325s] Level 1:colcon.colcon_core.package_identification:_identify(src/my_arduino_pkg) by extensions ['ros']
[0.325s] Level 1:colcon.colcon_core.package_identification:_identify(src/my_arduino_pkg) by extension 'ros'
[0.326s] DEBUG:colcon.colcon_core.package_identification:Package 'src/my_arduino_pkg' with type 'ros.ament_cmake' and name 'my_arduino_pkg'
[0.326s] Level 1:colcon.colcon_core.package_identification:_identify(src/ros2_serial_interface) by extensions ['ignore', 'ignore_ament_install']
[0.326s] Level 1:colcon.colcon_core.package_identification:_identify(src/ros2_serial_interface) by extension 'ignore'
[0.326s] Level 1:colcon.colcon_core.package_identification:_identify(src/ros2_serial_interface) by extension 'ignore_ament_install'
[0.326s] Level 1:colcon.colcon_core.package_identification:_identify(src/ros2_serial_interface) by extensions ['colcon_pkg']
[0.326s] Level 1:colcon.colcon_core.package_identification:_identify(src/ros2_serial_interface) by extension 'colcon_pkg'
[0.326s] Level 1:colcon.colcon_core.package_identification:_identify(src/ros2_serial_interface) by extensions ['colcon_meta']
[0.326s] Level 1:colcon.colcon_core.package_identification:_identify(src/ros2_serial_interface) by extension 'colcon_meta'
[0.326s] Level 1:colcon.colcon_core.package_identification:_identify(src/ros2_serial_interface) by extensions ['ros']
[0.326s] Level 1:colcon.colcon_core.package_identification:_identify(src/ros2_serial_interface) by extension 'ros'
[0.327s] DEBUG:colcon.colcon_core.package_identification:Package 'src/ros2_serial_interface' with type 'ros.ament_python' and name 'ros2_serial_interface'
[0.327s] Level 1:colcon.colcon_core.package_identification:_identify(src/serial) by extensions ['ignore', 'ignore_ament_install']
[0.327s] Level 1:colcon.colcon_core.package_identification:_identify(src/serial) by extension 'ignore'
[0.327s] Level 1:colcon.colcon_core.package_identification:_identify(src/serial) by extension 'ignore_ament_install'
[0.327s] Level 1:colcon.colcon_core.package_identification:_identify(src/serial) by extensions ['colcon_pkg']
[0.327s] Level 1:colcon.colcon_core.package_identification:_identify(src/serial) by extension 'colcon_pkg'
[0.327s] Level 1:colcon.colcon_core.package_identification:_identify(src/serial) by extensions ['colcon_meta']
[0.327s] Level 1:colcon.colcon_core.package_identification:_identify(src/serial) by extension 'colcon_meta'
[0.327s] Level 1:colcon.colcon_core.package_identification:_identify(src/serial) by extensions ['ros']
[0.327s] Level 1:colcon.colcon_core.package_identification:_identify(src/serial) by extension 'ros'
[0.328s] DEBUG:colcon.colcon_core.package_identification:Package 'src/serial' with type 'ros.ament_cmake' and name 'serial'
[0.328s] Level 1:colcon.colcon_core.package_identification:_identify(src/test_package) by extensions ['ignore', 'ignore_ament_install']
[0.328s] Level 1:colcon.colcon_core.package_identification:_identify(src/test_package) by extension 'ignore'
[0.328s] Level 1:colcon.colcon_core.package_identification:_identify(src/test_package) by extension 'ignore_ament_install'
[0.328s] Level 1:colcon.colcon_core.package_identification:_identify(src/test_package) by extensions ['colcon_pkg']
[0.328s] Level 1:colcon.colcon_core.package_identification:_identify(src/test_package) by extension 'colcon_pkg'
[0.328s] Level 1:colcon.colcon_core.package_identification:_identify(src/test_package) by extensions ['colcon_meta']
[0.328s] Level 1:colcon.colcon_core.package_identification:_identify(src/test_package) by extension 'colcon_meta'
[0.328s] Level 1:colcon.colcon_core.package_identification:_identify(src/test_package) by extensions ['ros']
[0.329s] Level 1:colcon.colcon_core.package_identification:_identify(src/test_package) by extension 'ros'
[0.329s] DEBUG:colcon.colcon_core.package_identification:Package 'src/test_package' with type 'ros.ament_cmake' and name 'test_package'
[0.329s] Level 1:colcon.colcon_core.package_discovery:discover_packages(recursive) using defaults
[0.329s] Level 1:colcon.colcon_core.package_discovery:discover_packages(ignore) discover
[0.329s] Level 1:colcon.colcon_core.package_discovery:discover_packages(ignore) using defaults
[0.329s] Level 1:colcon.colcon_core.package_discovery:discover_packages(path) discover
[0.329s] Level 1:colcon.colcon_core.package_discovery:discover_packages(path) using defaults
[0.348s] Level 1:colcon.colcon_core.package_discovery:discover_packages(prefix_path) check parameters
[0.348s] Level 1:colcon.colcon_core.package_discovery:discover_packages(prefix_path) discover
[0.351s] DEBUG:colcon.colcon_installed_package_information.package_discovery:Found 10 installed packages in /home/theo/ros2_workspace/install
[0.353s] DEBUG:colcon.colcon_installed_package_information.package_discovery:Found 2 installed packages in /home/theo/colcon_ws/install
[0.355s] DEBUG:colcon.colcon_installed_package_information.package_discovery:Found 345 installed packages in /opt/ros/foxy
[0.356s] Level 1:colcon.colcon_core.package_discovery:discover_packages(prefix_path) using defaults
[0.424s] Level 5:colcon.colcon_core.verb:set package 'arduino_pck' build argument 'cmake_args' from command line to 'None'
[0.424s] Level 5:colcon.colcon_core.verb:set package 'arduino_pck' build argument 'cmake_target' from command line to 'None'
[0.424s] Level 5:colcon.colcon_core.verb:set package 'arduino_pck' build argument 'cmake_target_skip_unavailable' from command line to 'False'
[0.424s] Level 5:colcon.colcon_core.verb:set package 'arduino_pck' build argument 'cmake_clean_cache' from command line to 'False'
[0.424s] Level 5:colcon.colcon_core.verb:set package 'arduino_pck' build argument 'cmake_clean_first' from command line to 'False'
[0.424s] Level 5:colcon.colcon_core.verb:set package 'arduino_pck' build argument 'cmake_force_configure' from command line to 'False'
[0.424s] Level 5:colcon.colcon_core.verb:set package 'arduino_pck' build argument 'ament_cmake_args' from command line to 'None'
[0.424s] Level 5:colcon.colcon_core.verb:set package 'arduino_pck' build argument 'catkin_cmake_args' from command line to 'None'
[0.424s] Level 5:colcon.colcon_core.verb:set package 'arduino_pck' build argument 'catkin_skip_building_tests' from command line to 'False'
[0.424s] DEBUG:colcon.colcon_core.verb:Building package 'arduino_pck' with the following arguments: {'ament_cmake_args': None, 'build_base': '/home/theo/ros2_workspace/build/arduino_pck', 'catkin_cmake_args': None, 'catkin_skip_building_tests': False, 'cmake_args': None, 'cmake_clean_cache': False, 'cmake_clean_first': False, 'cmake_force_configure': False, 'cmake_target': None, 'cmake_target_skip_unavailable': False, 'install_base': '/home/theo/ros2_workspace/install/arduino_pck', 'merge_install': False, 'path': '/home/theo/ros2_workspace/src/arduino_pck', 'symlink_install': True, 'test_result_base': None}
[0.426s] Level 5:colcon.colcon_core.verb:set package 'articubot_one' build argument 'cmake_args' from command line to 'None'
[0.426s] Level 5:colcon.colcon_core.verb:set package 'articubot_one' build argument 'cmake_target' from command line to 'None'
[0.426s] Level 5:colcon.colcon_core.verb:set package 'articubot_one' build argument 'cmake_target_skip_unavailable' from command line to 'False'
[0.426s] Level 5:colcon.colcon_core.verb:set package 'articubot_one' build argument 'cmake_clean_cache' from command line to 'False'
[0.426s] Level 5:colcon.colcon_core.verb:set package 'articubot_one' build argument 'cmake_clean_first' from command line to 'False'
[0.426s] Level 5:colcon.colcon_core.verb:set package 'articubot_one' build argument 'cmake_force_configure' from command line to 'False'
[0.426s] Level 5:colcon.colcon_core.verb:set package 'articubot_one' build argument 'ament_cmake_args' from command line to 'None'
[0.426s] Level 5:colcon.colcon_core.verb:set package 'articubot_one' build argument 'catkin_cmake_args' from command line to 'None'
[0.426s] Level 5:colcon.colcon_core.verb:set package 'articubot_one' build argument 'catkin_skip_building_tests' from command line to 'False'
[0.426s] DEBUG:colcon.colcon_core.verb:Building package 'articubot_one' with the following arguments: {'ament_cmake_args': None, 'build_base': '/home/theo/ros2_workspace/build/articubot_one', 'catkin_cmake_args': None, 'catkin_skip_building_tests': False, 'cmake_args': None, 'cmake_clean_cache': False, 'cmake_clean_first': False, 'cmake_force_configure': False, 'cmake_target': None, 'cmake_target_skip_unavailable': False, 'install_base': '/home/theo/ros2_workspace/install/articubot_one', 'merge_install': False, 'path': '/home/theo/ros2_workspace/src/articubot_one', 'symlink_install': True, 'test_result_base': None}
[0.427s] Level 5:colcon.colcon_core.verb:set package 'serial' build argument 'cmake_args' from command line to 'None'
[0.427s] Level 5:colcon.colcon_core.verb:set package 'serial' build argument 'cmake_target' from command line to 'None'
[0.427s] Level 5:colcon.colcon_core.verb:set package 'serial' build argument 'cmake_target_skip_unavailable' from command line to 'False'
[0.427s] Level 5:colcon.colcon_core.verb:set package 'serial' build argument 'cmake_clean_cache' from command line to 'False'
[0.427s] Level 5:colcon.colcon_core.verb:set package 'serial' build argument 'cmake_clean_first' from command line to 'False'
[0.427s] Level 5:colcon.colcon_core.verb:set package 'serial' build argument 'cmake_force_configure' from command line to 'False'
[0.427s] Level 5:colcon.colcon_core.verb:set package 'serial' build argument 'ament_cmake_args' from command line to 'None'
[0.427s] Level 5:colcon.colcon_core.verb:set package 'serial' build argument 'catkin_cmake_args' from command line to 'None'
[0.427s] Level 5:colcon.colcon_core.verb:set package 'serial' build argument 'catkin_skip_building_tests' from command line to 'False'
[0.427s] DEBUG:colcon.colcon_core.verb:Building package 'serial' with the following arguments: {'ament_cmake_args': None, 'build_base': '/home/theo/ros2_workspace/build/serial', 'catkin_cmake_args': None, 'catkin_skip_building_tests': False, 'cmake_args': None, 'cmake_clean_cache': False, 'cmake_clean_first': False, 'cmake_force_configure': False, 'cmake_target': None, 'cmake_target_skip_unavailable': False, 'install_base': '/home/theo/ros2_workspace/install/serial', 'merge_install': False, 'path': '/home/theo/ros2_workspace/src/serial', 'symlink_install': True, 'test_result_base': None}
[0.429s] Level 5:colcon.colcon_core.verb:set package 'test_package' build argument 'cmake_args' from command line to 'None'
[0.429s] Level 5:colcon.colcon_core.verb:set package 'test_package' build argument 'cmake_target' from command line to 'None'
[0.429s] Level 5:colcon.colcon_core.verb:set package 'test_package' build argument 'cmake_target_skip_unavailable' from command line to 'False'
[0.429s] Level 5:colcon.colcon_core.verb:set package 'test_package' build argument 'cmake_clean_cache' from command line to 'False'
[0.429s] Level 5:colcon.colcon_core.verb:set package 'test_package' build argument 'cmake_clean_first' from command line to 'False'
[0.429s] Level 5:colcon.colcon_core.verb:set package 'test_package' build argument 'cmake_force_configure' from command line to 'False'
[0.429s] Level 5:colcon.colcon_core.verb:set package 'test_package' build argument 'ament_cmake_args' from command line to 'None'
[0.429s] Level 5:colcon.colcon_core.verb:set package 'test_package' build argument 'catkin_cmake_args' from command line to 'None'
[0.429s] Level 5:colcon.colcon_core.verb:set package 'test_package' build argument 'catkin_skip_building_tests' from command line to 'False'
[0.429s] DEBUG:colcon.colcon_core.verb:Building package 'test_package' with the following arguments: {'ament_cmake_args': None, 'build_base': '/home/theo/ros2_workspace/build/test_package', 'catkin_cmake_args': None, 'catkin_skip_building_tests': False, 'cmake_args': None, 'cmake_clean_cache': False, 'cmake_clean_first': False, 'cmake_force_configure': False, 'cmake_target': None, 'cmake_target_skip_unavailable': False, 'install_base': '/home/theo/ros2_workspace/install/test_package', 'merge_install': False, 'path': '/home/theo/ros2_workspace/src/test_package', 'symlink_install': True, 'test_result_base': None}
[0.430s] Level 5:colcon.colcon_core.verb:set package 'diffdrive_arduino' build argument 'cmake_args' from command line to 'None'
[0.430s] Level 5:colcon.colcon_core.verb:set package 'diffdrive_arduino' build argument 'cmake_target' from command line to 'None'
[0.430s] Level 5:colcon.colcon_core.verb:set package 'diffdrive_arduino' build argument 'cmake_target_skip_unavailable' from command line to 'False'
[0.430s] Level 5:colcon.colcon_core.verb:set package 'diffdrive_arduino' build argument 'cmake_clean_cache' from command line to 'False'
[0.430s] Level 5:colcon.colcon_core.verb:set package 'diffdrive_arduino' build argument 'cmake_clean_first' from command line to 'False'
[0.431s] Level 5:colcon.colcon_core.verb:set package 'diffdrive_arduino' build argument 'cmake_force_configure' from command line to 'False'
[0.431s] Level 5:colcon.colcon_core.verb:set package 'diffdrive_arduino' build argument 'ament_cmake_args' from command line to 'None'
[0.431s] Level 5:colcon.colcon_core.verb:set package 'diffdrive_arduino' build argument 'catkin_cmake_args' from command line to 'None'
[0.431s] Level 5:colcon.colcon_core.verb:set package 'diffdrive_arduino' build argument 'catkin_skip_building_tests' from command line to 'False'
[0.431s] DEBUG:colcon.colcon_core.verb:Building package 'diffdrive_arduino' with the following arguments: {'ament_cmake_args': None, 'build_base': '/home/theo/ros2_workspace/build/diffdrive_arduino', 'catkin_cmake_args': None, 'catkin_skip_building_tests': False, 'cmake_args': None, 'cmake_clean_cache': False, 'cmake_clean_first': False, 'cmake_force_configure': False, 'cmake_target': None, 'cmake_target_skip_unavailable': False, 'install_base': '/home/theo/ros2_workspace/install/diffdrive_arduino', 'merge_install': False, 'path': '/home/theo/ros2_workspace/src/diffdrive_arduino', 'symlink_install': True, 'test_result_base': None}
[0.432s] Level 5:colcon.colcon_core.verb:set package 'my_arduino_pkg' build argument 'cmake_args' from command line to 'None'
[0.432s] Level 5:colcon.colcon_core.verb:set package 'my_arduino_pkg' build argument 'cmake_target' from command line to 'None'
[0.432s] Level 5:colcon.colcon_core.verb:set package 'my_arduino_pkg' build argument 'cmake_target_skip_unavailable' from command line to 'False'
[0.432s] Level 5:colcon.colcon_core.verb:set package 'my_arduino_pkg' build argument 'cmake_clean_cache' from command line to 'False'
[0.432s] Level 5:colcon.colcon_core.verb:set package 'my_arduino_pkg' build argument 'cmake_clean_first' from command line to 'False'
[0.432s] Level 5:colcon.colcon_core.verb:set package 'my_arduino_pkg' build argument 'cmake_force_configure' from command line to 'False'
[0.432s] Level 5:colcon.colcon_core.verb:set package 'my_arduino_pkg' build argument 'ament_cmake_args' from command line to 'None'
[0.432s] Level 5:colcon.colcon_core.verb:set package 'my_arduino_pkg' build argument 'catkin_cmake_args' from command line to 'None'
[0.432s] Level 5:colcon.colcon_core.verb:set package 'my_arduino_pkg' build argument 'catkin_skip_building_tests' from command line to 'False'
[0.432s] DEBUG:colcon.colcon_core.verb:Building package 'my_arduino_pkg' with the following arguments: {'ament_cmake_args': None, 'build_base': '/home/theo/ros2_workspace/build/my_arduino_pkg', 'catkin_cmake_args': None, 'catkin_skip_building_tests': False, 'cmake_args': None, 'cmake_clean_cache': False, 'cmake_clean_first': False, 'cmake_force_configure': False, 'cmake_target': None, 'cmake_target_skip_unavailable': False, 'install_base': '/home/theo/ros2_workspace/install/my_arduino_pkg', 'merge_install': False, 'path': '/home/theo/ros2_workspace/src/my_arduino_pkg', 'symlink_install': True, 'test_result_base': None}
[0.434s] Level 5:colcon.colcon_core.verb:set package 'ros2_serial_interface' build argument 'cmake_args' from command line to 'None'
[0.434s] Level 5:colcon.colcon_core.verb:set package 'ros2_serial_interface' build argument 'cmake_target' from command line to 'None'
[0.434s] Level 5:colcon.colcon_core.verb:set package 'ros2_serial_interface' build argument 'cmake_target_skip_unavailable' from command line to 'False'
[0.434s] Level 5:colcon.colcon_core.verb:set package 'ros2_serial_interface' build argument 'cmake_clean_cache' from command line to 'False'
[0.434s] Level 5:colcon.colcon_core.verb:set package 'ros2_serial_interface' build argument 'cmake_clean_first' from command line to 'False'
[0.434s] Level 5:colcon.colcon_core.verb:set package 'ros2_serial_interface' build argument 'cmake_force_configure' from command line to 'False'
[0.434s] Level 5:colcon.colcon_core.verb:set package 'ros2_serial_interface' build argument 'ament_cmake_args' from command line to 'None'
[0.434s] Level 5:colcon.colcon_core.verb:set package 'ros2_serial_interface' build argument 'catkin_cmake_args' from command line to 'None'
[0.434s] Level 5:colcon.colcon_core.verb:set package 'ros2_serial_interface' build argument 'catkin_skip_building_tests' from command line to 'False'
[0.434s] DEBUG:colcon.colcon_core.verb:Building package 'ros2_serial_interface' with the following arguments: {'ament_cmake_args': None, 'build_base': '/home/theo/ros2_workspace/build/ros2_serial_interface', 'catkin_cmake_args': None, 'catkin_skip_building_tests': False, 'cmake_args': None, 'cmake_clean_cache': False, 'cmake_clean_first': False, 'cmake_force_configure': False, 'cmake_target': None, 'cmake_target_skip_unavailable': False, 'install_base': '/home/theo/ros2_workspace/install/ros2_serial_interface', 'merge_install': False, 'path': '/home/theo/ros2_workspace/src/ros2_serial_interface', 'symlink_install': True, 'test_result_base': None}
[0.435s] INFO:colcon.colcon_core.executor:Executing jobs using 'parallel' executor
[0.440s] DEBUG:colcon.colcon_parallel_executor.executor.parallel:run_until_complete
[0.440s] INFO:colcon.colcon_ros.task.ament_cmake.build:Building ROS package in '/home/theo/ros2_workspace/src/serial' with build type 'ament_cmake'
[0.440s] INFO:colcon.colcon_cmake.task.cmake.build:Building CMake package in '/home/theo/ros2_workspace/src/serial'
[0.445s] INFO:colcon.colcon_core.plugin_system:Skipping extension 'colcon_core.shell.bat': Not used on non-Windows systems
[0.445s] INFO:colcon.colcon_core.shell:Skip shell extension 'powershell' for command environment: Not usable outside of PowerShell
[0.445s] DEBUG:colcon.colcon_core.shell:Skip shell extension 'dsv' for command environment
[0.454s] INFO:colcon.colcon_ros.task.ament_cmake.build:Building ROS package in '/home/theo/ros2_workspace/src/arduino_pck' with build type 'ament_cmake'
[0.454s] INFO:colcon.colcon_cmake.task.cmake.build:Building CMake package in '/home/theo/ros2_workspace/src/arduino_pck'
[0.457s] INFO:colcon.colcon_core.shell:Skip shell extension 'powershell' for command environment: Not usable outside of PowerShell
[0.457s] DEBUG:colcon.colcon_core.shell:Skip shell extension 'dsv' for command environment
[0.465s] INFO:colcon.colcon_ros.task.ament_cmake.build:Building ROS package in '/home/theo/ros2_workspace/src/articubot_one' with build type 'ament_cmake'
[0.466s] INFO:colcon.colcon_cmake.task.cmake.build:Building CMake package in '/home/theo/ros2_workspace/src/articubot_one'
[0.469s] INFO:colcon.colcon_core.shell:Skip shell extension 'powershell' for command environment: Not usable outside of PowerShell
[0.469s] DEBUG:colcon.colcon_core.shell:Skip shell extension 'dsv' for command environment
[0.478s] INFO:colcon.colcon_ros.task.ament_cmake.build:Building ROS package in '/home/theo/ros2_workspace/src/test_package' with build type 'ament_cmake'
[0.478s] INFO:colcon.colcon_cmake.task.cmake.build:Building CMake package in '/home/theo/ros2_workspace/src/test_package'
[0.481s] INFO:colcon.colcon_core.shell:Skip shell extension 'powershell' for command environment: Not usable outside of PowerShell
[0.481s] DEBUG:colcon.colcon_core.shell:Skip shell extension 'dsv' for command environment
[0.495s] DEBUG:colcon.colcon_core.event_handler.log_command:Invoking command in '/home/theo/ros2_workspace/build/serial': CMAKE_PREFIX_PATH=${CMAKE_PREFIX_PATH}:/home/theo/ros2_workspace/install/ros2_serial_interface:/home/theo/ros2_workspace/install/my_arduino:/home/theo/colcon_ws/install/autonomous_tb3:/opt/ros/foxy /usr/bin/cmake --build /home/theo/ros2_workspace/build/serial -- -j12 -l12
[0.502s] DEBUG:colcon.colcon_core.event_handler.log_command:Invoking command in '/home/theo/ros2_workspace/build/arduino_pck': CMAKE_PREFIX_PATH=${CMAKE_PREFIX_PATH}:/home/theo/ros2_workspace/install/ros2_serial_interface:/home/theo/ros2_workspace/install/my_arduino:/home/theo/colcon_ws/install/autonomous_tb3:/opt/ros/foxy /usr/bin/cmake --build /home/theo/ros2_workspace/build/arduino_pck -- -j12 -l12
[0.507s] DEBUG:colcon.colcon_core.event_handler.log_command:Invoking command in '/home/theo/ros2_workspace/build/articubot_one': CMAKE_PREFIX_PATH=${CMAKE_PREFIX_PATH}:/home/theo/ros2_workspace/install/ros2_serial_interface:/home/theo/ros2_workspace/install/my_arduino:/home/theo/colcon_ws/install/autonomous_tb3:/opt/ros/foxy /usr/bin/cmake --build /home/theo/ros2_workspace/build/articubot_one -- -j12 -l12
[0.517s] DEBUG:colcon.colcon_core.event_handler.log_command:Invoking command in '/home/theo/ros2_workspace/build/test_package': CMAKE_PREFIX_PATH=${CMAKE_PREFIX_PATH}:/home/theo/ros2_workspace/install/ros2_serial_interface:/home/theo/ros2_workspace/install/my_arduino:/home/theo/colcon_ws/install/autonomous_tb3:/opt/ros/foxy /usr/bin/cmake --build /home/theo/ros2_workspace/build/test_package -- -j12 -l12
[0.540s] DEBUG:colcon.colcon_core.event_handler.log_command:Invoked command in '/home/theo/ros2_workspace/build/arduino_pck' returned '0': CMAKE_PREFIX_PATH=${CMAKE_PREFIX_PATH}:/home/theo/ros2_workspace/install/ros2_serial_interface:/home/theo/ros2_workspace/install/my_arduino:/home/theo/colcon_ws/install/autonomous_tb3:/opt/ros/foxy /usr/bin/cmake --build /home/theo/ros2_workspace/build/arduino_pck -- -j12 -l12
[0.548s] DEBUG:colcon.colcon_core.event_handler.log_command:Invoked command in '/home/theo/ros2_workspace/build/articubot_one' returned '0': CMAKE_PREFIX_PATH=${CMAKE_PREFIX_PATH}:/home/theo/ros2_workspace/install/ros2_serial_interface:/home/theo/ros2_workspace/install/my_arduino:/home/theo/colcon_ws/install/autonomous_tb3:/opt/ros/foxy /usr/bin/cmake --build /home/theo/ros2_workspace/build/articubot_one -- -j12 -l12
[0.555s] DEBUG:colcon.colcon_core.event_handler.log_command:Invoked command in '/home/theo/ros2_workspace/build/test_package' returned '0': CMAKE_PREFIX_PATH=${CMAKE_PREFIX_PATH}:/home/theo/ros2_workspace/install/ros2_serial_interface:/home/theo/ros2_workspace/install/my_arduino:/home/theo/colcon_ws/install/autonomous_tb3:/opt/ros/foxy /usr/bin/cmake --build /home/theo/ros2_workspace/build/test_package -- -j12 -l12
[0.580s] DEBUG:colcon.colcon_core.event_handler.log_command:Invoking command in '/home/theo/ros2_workspace/build/arduino_pck': CMAKE_PREFIX_PATH=${CMAKE_PREFIX_PATH}:/home/theo/ros2_workspace/install/ros2_serial_interface:/home/theo/ros2_workspace/install/my_arduino:/home/theo/colcon_ws/install/autonomous_tb3:/opt/ros/foxy /usr/bin/cmake --install /home/theo/ros2_workspace/build/arduino_pck
[0.585s] DEBUG:colcon.colcon_core.event_handler.log_command:Invoking command in '/home/theo/ros2_workspace/build/articubot_one': CMAKE_PREFIX_PATH=${CMAKE_PREFIX_PATH}:/home/theo/ros2_workspace/install/ros2_serial_interface:/home/theo/ros2_workspace/install/my_arduino:/home/theo/colcon_ws/install/autonomous_tb3:/opt/ros/foxy /usr/bin/cmake --install /home/theo/ros2_workspace/build/articubot_one
[0.588s] DEBUG:colcon.colcon_core.event_handler.log_command:Invoking command in '/home/theo/ros2_workspace/build/test_package': CMAKE_PREFIX_PATH=${CMAKE_PREFIX_PATH}:/home/theo/ros2_workspace/install/ros2_serial_interface:/home/theo/ros2_workspace/install/my_arduino:/home/theo/colcon_ws/install/autonomous_tb3:/opt/ros/foxy /usr/bin/cmake --install /home/theo/ros2_workspace/build/test_package
[0.591s] DEBUG:colcon.colcon_core.event_handler.log_command:Invoked command in '/home/theo/ros2_workspace/build/serial' returned '0': CMAKE_PREFIX_PATH=${CMAKE_PREFIX_PATH}:/home/theo/ros2_workspace/install/ros2_serial_interface:/home/theo/ros2_workspace/install/my_arduino:/home/theo/colcon_ws/install/autonomous_tb3:/opt/ros/foxy /usr/bin/cmake --build /home/theo/ros2_workspace/build/serial -- -j12 -l12
[0.606s] Level 1:colcon.colcon_core.environment:create_environment_scripts_only(arduino_pck)
[0.607s] DEBUG:colcon.colcon_core.event_handler.log_command:Invoked command in '/home/theo/ros2_workspace/build/arduino_pck' returned '0': CMAKE_PREFIX_PATH=${CMAKE_PREFIX_PATH}:/home/theo/ros2_workspace/install/ros2_serial_interface:/home/theo/ros2_workspace/install/my_arduino:/home/theo/colcon_ws/install/autonomous_tb3:/opt/ros/foxy /usr/bin/cmake --install /home/theo/ros2_workspace/build/arduino_pck
[0.617s] Level 1:colcon.colcon_core.environment:checking '/home/theo/ros2_workspace/install/arduino_pck' for CMake module files
[0.618s] Level 1:colcon.colcon_core.environment:checking '/home/theo/ros2_workspace/install/arduino_pck' for CMake config files
[0.618s] Level 1:colcon.colcon_core.shell:create_environment_hook('arduino_pck', 'cmake_prefix_path')
[0.620s] INFO:colcon.colcon_core.shell:Creating environment hook '/home/theo/ros2_workspace/install/arduino_pck/share/arduino_pck/hook/cmake_prefix_path.ps1'
[0.621s] INFO:colcon.colcon_core.shell:Creating environment descriptor '/home/theo/ros2_workspace/install/arduino_pck/share/arduino_pck/hook/cmake_prefix_path.dsv'
[0.621s] INFO:colcon.colcon_core.shell:Creating environment hook '/home/theo/ros2_workspace/install/arduino_pck/share/arduino_pck/hook/cmake_prefix_path.sh'
[0.622s] Level 1:colcon.colcon_core.environment:checking '/home/theo/ros2_workspace/install/arduino_pck/bin'
[0.622s] Level 1:colcon.colcon_core.environment:checking '/home/theo/ros2_workspace/install/arduino_pck/lib/pkgconfig/arduino_pck.pc'
[0.622s] Level 1:colcon.colcon_core.environment:checking '/home/theo/ros2_workspace/install/arduino_pck/lib/python3.8/site-packages'
[0.622s] Level 1:colcon.colcon_core.environment:checking '/home/theo/ros2_workspace/install/arduino_pck/bin'
[0.625s] INFO:colcon.colcon_core.shell:Creating package script '/home/theo/ros2_workspace/install/arduino_pck/share/arduino_pck/package.ps1'
[0.625s] INFO:colcon.colcon_core.shell:Creating package descriptor '/home/theo/ros2_workspace/install/arduino_pck/share/arduino_pck/package.dsv'
[0.626s] INFO:colcon.colcon_core.shell:Creating package script '/home/theo/ros2_workspace/install/arduino_pck/share/arduino_pck/package.sh'
[0.626s] INFO:colcon.colcon_core.shell:Creating package script '/home/theo/ros2_workspace/install/arduino_pck/share/arduino_pck/package.bash'
[0.627s] INFO:colcon.colcon_core.shell:Creating package script '/home/theo/ros2_workspace/install/arduino_pck/share/arduino_pck/package.zsh'
[0.627s] Level 1:colcon.colcon_core.environment:create_file_with_runtime_dependencies(/home/theo/ros2_workspace/install/arduino_pck/share/colcon-core/packages/arduino_pck)
[0.633s] DEBUG:colcon.colcon_core.event_handler.log_command:Invoking command in '/home/theo/ros2_workspace/build/serial': CMAKE_PREFIX_PATH=${CMAKE_PREFIX_PATH}:/home/theo/ros2_workspace/install/ros2_serial_interface:/home/theo/ros2_workspace/install/my_arduino:/home/theo/colcon_ws/install/autonomous_tb3:/opt/ros/foxy /usr/bin/cmake --install /home/theo/ros2_workspace/build/serial
[0.634s] Level 1:colcon.colcon_core.environment:create_environment_scripts_only(articubot_one)
[0.638s] Level 1:colcon.colcon_core.environment:checking '/home/theo/ros2_workspace/install/articubot_one' for CMake module files
[0.639s] DEBUG:colcon.colcon_core.event_handler.log_command:Invoked command in '/home/theo/ros2_workspace/build/articubot_one' returned '0': CMAKE_PREFIX_PATH=${CMAKE_PREFIX_PATH}:/home/theo/ros2_workspace/install/ros2_serial_interface:/home/theo/ros2_workspace/install/my_arduino:/home/theo/colcon_ws/install/autonomous_tb3:/opt/ros/foxy /usr/bin/cmake --install /home/theo/ros2_workspace/build/articubot_one
[0.639s] Level 1:colcon.colcon_core.environment:checking '/home/theo/ros2_workspace/install/articubot_one' for CMake config files
[0.639s] Level 1:colcon.colcon_core.shell:create_environment_hook('articubot_one', 'cmake_prefix_path')
[0.642s] INFO:colcon.colcon_core.shell:Creating environment hook '/home/theo/ros2_workspace/install/articubot_one/share/articubot_one/hook/cmake_prefix_path.ps1'
[0.643s] INFO:colcon.colcon_core.shell:Creating environment descriptor '/home/theo/ros2_workspace/install/articubot_one/share/articubot_one/hook/cmake_prefix_path.dsv'
[0.644s] INFO:colcon.colcon_core.shell:Creating environment hook '/home/theo/ros2_workspace/install/articubot_one/share/articubot_one/hook/cmake_prefix_path.sh'
[0.645s] Level 1:colcon.colcon_core.environment:checking '/home/theo/ros2_workspace/install/articubot_one/bin'
[0.645s] Level 1:colcon.colcon_core.environment:checking '/home/theo/ros2_workspace/install/articubot_one/lib/pkgconfig/articubot_one.pc'
[0.645s] Level 1:colcon.colcon_core.environment:checking '/home/theo/ros2_workspace/install/articubot_one/lib/python3.8/site-packages'
[0.646s] Level 1:colcon.colcon_core.environment:checking '/home/theo/ros2_workspace/install/articubot_one/bin'
[0.648s] INFO:colcon.colcon_core.shell:Creating package script '/home/theo/ros2_workspace/install/articubot_one/share/articubot_one/package.ps1'
[0.649s] INFO:colcon.colcon_core.shell:Creating package descriptor '/home/theo/ros2_workspace/install/articubot_one/share/articubot_one/package.dsv'
[0.649s] INFO:colcon.colcon_core.shell:Creating package script '/home/theo/ros2_workspace/install/articubot_one/share/articubot_one/package.sh'
[0.650s] INFO:colcon.colcon_core.shell:Creating package script '/home/theo/ros2_workspace/install/articubot_one/share/articubot_one/package.bash'
[0.650s] INFO:colcon.colcon_core.shell:Creating package script '/home/theo/ros2_workspace/install/articubot_one/share/articubot_one/package.zsh'
[0.651s] Level 1:colcon.colcon_core.environment:create_file_with_runtime_dependencies(/home/theo/ros2_workspace/install/articubot_one/share/colcon-core/packages/articubot_one)
[0.654s] Level 1:colcon.colcon_core.environment:create_environment_scripts_only(test_package)
[0.658s] Level 1:colcon.colcon_core.environment:checking '/home/theo/ros2_workspace/install/test_package' for CMake module files
[0.658s] DEBUG:colcon.colcon_core.event_handler.log_command:Invoked command in '/home/theo/ros2_workspace/build/test_package' returned '0': CMAKE_PREFIX_PATH=${CMAKE_PREFIX_PATH}:/home/theo/ros2_workspace/install/ros2_serial_interface:/home/theo/ros2_workspace/install/my_arduino:/home/theo/colcon_ws/install/autonomous_tb3:/opt/ros/foxy /usr/bin/cmake --install /home/theo/ros2_workspace/build/test_package
[0.659s] Level 1:colcon.colcon_core.environment:checking '/home/theo/ros2_workspace/install/test_package' for CMake config files
[0.660s] Level 1:colcon.colcon_core.shell:create_environment_hook('test_package', 'cmake_prefix_path')
[0.662s] INFO:colcon.colcon_core.shell:Creating environment hook '/home/theo/ros2_workspace/install/test_package/share/test_package/hook/cmake_prefix_path.ps1'
[0.663s] INFO:colcon.colcon_core.shell:Creating environment descriptor '/home/theo/ros2_workspace/install/test_package/share/test_package/hook/cmake_prefix_path.dsv'
[0.663s] INFO:colcon.colcon_core.shell:Creating environment hook '/home/theo/ros2_workspace/install/test_package/share/test_package/hook/cmake_prefix_path.sh'
[0.663s] Level 1:colcon.colcon_core.environment:checking '/home/theo/ros2_workspace/install/test_package/bin'
[0.663s] Level 1:colcon.colcon_core.environment:checking '/home/theo/ros2_workspace/install/test_package/lib/pkgconfig/test_package.pc'
[0.664s] Level 1:colcon.colcon_core.environment:checking '/home/theo/ros2_workspace/install/test_package/lib/python3.8/site-packages'
[0.664s] Level 1:colcon.colcon_core.environment:checking '/home/theo/ros2_workspace/install/test_package/bin'
[0.666s] INFO:colcon.colcon_core.shell:Creating package script '/home/theo/ros2_workspace/install/test_package/share/test_package/package.ps1'
[0.666s] INFO:colcon.colcon_core.shell:Creating package descriptor '/home/theo/ros2_workspace/install/test_package/share/test_package/package.dsv'
[0.667s] INFO:colcon.colcon_core.shell:Creating package script '/home/theo/ros2_workspace/install/test_package/share/test_package/package.sh'
[0.667s] INFO:colcon.colcon_core.shell:Creating package script '/home/theo/ros2_workspace/install/test_package/share/test_package/package.bash'
[0.667s] INFO:colcon.colcon_core.shell:Creating package script '/home/theo/ros2_workspace/install/test_package/share/test_package/package.zsh'
[0.668s] Level 1:colcon.colcon_core.environment:create_file_with_runtime_dependencies(/home/theo/ros2_workspace/install/test_package/share/colcon-core/packages/test_package)
[0.675s] Level 1:colcon.colcon_core.environment:create_environment_scripts_only(arduino_pck)
[0.678s] Level 1:colcon.colcon_core.environment:checking '/home/theo/ros2_workspace/install/arduino_pck' for CMake module files
[0.678s] Level 1:colcon.colcon_core.environment:checking '/home/theo/ros2_workspace/install/arduino_pck' for CMake config files
[0.679s] Level 1:colcon.colcon_core.shell:create_environment_hook('arduino_pck', 'cmake_prefix_path')
[0.681s] INFO:colcon.colcon_core.shell:Creating environment hook '/home/theo/ros2_workspace/install/arduino_pck/share/arduino_pck/hook/cmake_prefix_path.ps1'
[0.681s] INFO:colcon.colcon_core.shell:Creating environment descriptor '/home/theo/ros2_workspace/install/arduino_pck/share/arduino_pck/hook/cmake_prefix_path.dsv'
[0.682s] INFO:colcon.colcon_core.shell:Creating environment hook '/home/theo/ros2_workspace/install/arduino_pck/share/arduino_pck/hook/cmake_prefix_path.sh'
[0.682s] Level 1:colcon.colcon_core.environment:checking '/home/theo/ros2_workspace/install/arduino_pck/bin'
[0.682s] Level 1:colcon.colcon_core.environment:checking '/home/theo/ros2_workspace/install/arduino_pck/lib/pkgconfig/arduino_pck.pc'
[0.682s] Level 1:colcon.colcon_core.environment:checking '/home/theo/ros2_workspace/install/arduino_pck/lib/python3.8/site-packages'
[0.682s] Level 1:colcon.colcon_core.environment:checking '/home/theo/ros2_workspace/install/arduino_pck/bin'
[0.685s] INFO:colcon.colcon_core.shell:Creating package script '/home/theo/ros2_workspace/install/arduino_pck/share/arduino_pck/package.ps1'
[0.685s] INFO:colcon.colcon_core.shell:Creating package descriptor '/home/theo/ros2_workspace/install/arduino_pck/share/arduino_pck/package.dsv'
[0.685s] INFO:colcon.colcon_core.shell:Creating package script '/home/theo/ros2_workspace/install/arduino_pck/share/arduino_pck/package.sh'
[0.686s] INFO:colcon.colcon_core.shell:Creating package script '/home/theo/ros2_workspace/install/arduino_pck/share/arduino_pck/package.bash'
[0.686s] INFO:colcon.colcon_core.shell:Creating package script '/home/theo/ros2_workspace/install/arduino_pck/share/arduino_pck/package.zsh'
[0.686s] Level 1:colcon.colcon_core.environment:create_file_with_runtime_dependencies(/home/theo/ros2_workspace/install/arduino_pck/share/colcon-core/packages/arduino_pck)
[0.687s] Level 1:colcon.colcon_core.environment:create_environment_scripts_only(serial)
[0.690s] Level 1:colcon.colcon_core.environment:checking '/home/theo/ros2_workspace/install/serial' for CMake module files
[0.691s] DEBUG:colcon.colcon_core.event_handler.log_command:Invoked command in '/home/theo/ros2_workspace/build/serial' returned '0': CMAKE_PREFIX_PATH=${CMAKE_PREFIX_PATH}:/home/theo/ros2_workspace/install/ros2_serial_interface:/home/theo/ros2_workspace/install/my_arduino:/home/theo/colcon_ws/install/autonomous_tb3:/opt/ros/foxy /usr/bin/cmake --install /home/theo/ros2_workspace/build/serial
[0.692s] Level 1:colcon.colcon_core.environment:checking '/home/theo/ros2_workspace/install/serial' for CMake config files
[0.692s] Level 1:colcon.colcon_core.shell:create_environment_hook('serial', 'cmake_prefix_path')
[0.694s] INFO:colcon.colcon_core.shell:Creating environment hook '/home/theo/ros2_workspace/install/serial/share/serial/hook/cmake_prefix_path.ps1'
[0.695s] INFO:colcon.colcon_core.shell:Creating environment descriptor '/home/theo/ros2_workspace/install/serial/share/serial/hook/cmake_prefix_path.dsv'
[0.695s] INFO:colcon.colcon_core.shell:Creating environment hook '/home/theo/ros2_workspace/install/serial/share/serial/hook/cmake_prefix_path.sh'
[0.695s] Level 1:colcon.colcon_core.environment:checking '/home/theo/ros2_workspace/install/serial/lib'
[0.695s] Level 1:colcon.colcon_core.environment:checking '/home/theo/ros2_workspace/install/serial/bin'
[0.695s] Level 1:colcon.colcon_core.environment:checking '/home/theo/ros2_workspace/install/serial/lib/pkgconfig/serial.pc'
[0.696s] Level 1:colcon.colcon_core.environment:checking '/home/theo/ros2_workspace/install/serial/lib/python3.8/site-packages'
[0.696s] Level 1:colcon.colcon_core.environment:checking '/home/theo/ros2_workspace/install/serial/bin'
[0.698s] INFO:colcon.colcon_core.shell:Creating package script '/home/theo/ros2_workspace/install/serial/share/serial/package.ps1'
[0.698s] INFO:colcon.colcon_core.shell:Creating package descriptor '/home/theo/ros2_workspace/install/serial/share/serial/package.dsv'
[0.699s] INFO:colcon.colcon_core.shell:Creating package script '/home/theo/ros2_workspace/install/serial/share/serial/package.sh'
[0.699s] INFO:colcon.colcon_core.shell:Creating package script '/home/theo/ros2_workspace/install/serial/share/serial/package.bash'
[0.699s] INFO:colcon.colcon_core.shell:Creating package script '/home/theo/ros2_workspace/install/serial/share/serial/package.zsh'
[0.699s] Level 1:colcon.colcon_core.environment:create_file_with_runtime_dependencies(/home/theo/ros2_workspace/install/serial/share/colcon-core/packages/serial)
[0.705s] Level 1:colcon.colcon_core.environment:create_environment_scripts_only(articubot_one)
[0.710s] Level 1:colcon.colcon_core.environment:checking '/home/theo/ros2_workspace/install/articubot_one' for CMake module files
[0.710s] Level 1:colcon.colcon_core.environment:checking '/home/theo/ros2_workspace/install/articubot_one' for CMake config files
[0.711s] Level 1:colcon.colcon_core.shell:create_environment_hook('articubot_one', 'cmake_prefix_path')
[0.715s] INFO:colcon.colcon_core.shell:Creating environment hook '/home/theo/ros2_workspace/install/articubot_one/share/articubot_one/hook/cmake_prefix_path.ps1'
[0.716s] INFO:colcon.colcon_core.shell:Creating environment descriptor '/home/theo/ros2_workspace/install/articubot_one/share/articubot_one/hook/cmake_prefix_path.dsv'
[0.716s] INFO:colcon.colcon_core.shell:Creating environment hook '/home/theo/ros2_workspace/install/articubot_one/share/articubot_one/hook/cmake_prefix_path.sh'
[0.716s] Level 1:colcon.colcon_core.environment:checking '/home/theo/ros2_workspace/install/articubot_one/bin'
[0.716s] Level 1:colcon.colcon_core.environment:checking '/home/theo/ros2_workspace/install/articubot_one/lib/pkgconfig/articubot_one.pc'
[0.717s] Level 1:colcon.colcon_core.environment:checking '/home/theo/ros2_workspace/install/articubot_one/lib/python3.8/site-packages'
[0.717s] Level 1:colcon.colcon_core.environment:checking '/home/theo/ros2_workspace/install/articubot_one/bin'
[0.719s] INFO:colcon.colcon_core.shell:Creating package script '/home/theo/ros2_workspace/install/articubot_one/share/articubot_one/package.ps1'
[0.720s] INFO:colcon.colcon_core.shell:Creating package descriptor '/home/theo/ros2_workspace/install/articubot_one/share/articubot_one/package.dsv'
[0.721s] INFO:colcon.colcon_core.shell:Creating package script '/home/theo/ros2_workspace/install/articubot_one/share/articubot_one/package.sh'
[0.721s] INFO:colcon.colcon_core.shell:Creating package script '/home/theo/ros2_workspace/install/articubot_one/share/articubot_one/package.bash'
[0.721s] INFO:colcon.colcon_core.shell:Creating package script '/home/theo/ros2_workspace/install/articubot_one/share/articubot_one/package.zsh'
[0.722s] Level 1:colcon.colcon_core.environment:create_file_with_runtime_dependencies(/home/theo/ros2_workspace/install/articubot_one/share/colcon-core/packages/articubot_one)
[0.725s] Level 1:colcon.colcon_core.environment:create_environment_scripts_only(test_package)
[0.728s] Level 1:colcon.colcon_core.environment:checking '/home/theo/ros2_workspace/install/test_package' for CMake module files
[0.728s] Level 1:colcon.colcon_core.environment:checking '/home/theo/ros2_workspace/install/test_package' for CMake config files
[0.729s] Level 1:colcon.colcon_core.shell:create_environment_hook('test_package', 'cmake_prefix_path')
[0.731s] INFO:colcon.colcon_core.shell:Creating environment hook '/home/theo/ros2_workspace/install/test_package/share/test_package/hook/cmake_prefix_path.ps1'
[0.731s] INFO:colcon.colcon_core.shell:Creating environment descriptor '/home/theo/ros2_workspace/install/test_package/share/test_package/hook/cmake_prefix_path.dsv'
[0.731s] INFO:colcon.colcon_core.shell:Creating environment hook '/home/theo/ros2_workspace/install/test_package/share/test_package/hook/cmake_prefix_path.sh'
[0.732s] Level 1:colcon.colcon_core.environment:checking '/home/theo/ros2_workspace/install/test_package/bin'
[0.732s] Level 1:colcon.colcon_core.environment:checking '/home/theo/ros2_workspace/install/test_package/lib/pkgconfig/test_package.pc'
[0.732s] Level 1:colcon.colcon_core.environment:checking '/home/theo/ros2_workspace/install/test_package/lib/python3.8/site-packages'
[0.732s] Level 1:colcon.colcon_core.environment:checking '/home/theo/ros2_workspace/install/test_package/bin'
[0.734s] INFO:colcon.colcon_core.shell:Creating package script '/home/theo/ros2_workspace/install/test_package/share/test_package/package.ps1'
[0.735s] INFO:colcon.colcon_core.shell:Creating package descriptor '/home/theo/ros2_workspace/install/test_package/share/test_package/package.dsv'
[0.735s] INFO:colcon.colcon_core.shell:Creating package script '/home/theo/ros2_workspace/install/test_package/share/test_package/package.sh'
[0.736s] INFO:colcon.colcon_core.shell:Creating package script '/home/theo/ros2_workspace/install/test_package/share/test_package/package.bash'
[0.736s] INFO:colcon.colcon_core.shell:Creating package script '/home/theo/ros2_workspace/install/test_package/share/test_package/package.zsh'
[0.736s] Level 1:colcon.colcon_core.environment:create_file_with_runtime_dependencies(/home/theo/ros2_workspace/install/test_package/share/colcon-core/packages/test_package)
[0.739s] Level 1:colcon.colcon_core.environment:create_environment_scripts_only(serial)
[0.742s] Level 1:colcon.colcon_core.environment:checking '/home/theo/ros2_workspace/install/serial' for CMake module files
[0.743s] Level 1:colcon.colcon_core.environment:checking '/home/theo/ros2_workspace/install/serial' for CMake config files
[0.743s] Level 1:colcon.colcon_core.shell:create_environment_hook('serial', 'cmake_prefix_path')
[0.746s] INFO:colcon.colcon_core.shell:Creating environment hook '/home/theo/ros2_workspace/install/serial/share/serial/hook/cmake_prefix_path.ps1'
[0.746s] INFO:colcon.colcon_core.shell:Creating environment descriptor '/home/theo/ros2_workspace/install/serial/share/serial/hook/cmake_prefix_path.dsv'
[0.746s] INFO:colcon.colcon_core.shell:Creating environment hook '/home/theo/ros2_workspace/install/serial/share/serial/hook/cmake_prefix_path.sh'
[0.747s] Level 1:colcon.colcon_core.environment:checking '/home/theo/ros2_workspace/install/serial/lib'
[0.747s] Level 1:colcon.colcon_core.environment:checking '/home/theo/ros2_workspace/install/serial/bin'
[0.747s] Level 1:colcon.colcon_core.environment:checking '/home/theo/ros2_workspace/install/serial/lib/pkgconfig/serial.pc'
[0.747s] Level 1:colcon.colcon_core.environment:checking '/home/theo/ros2_workspace/install/serial/lib/python3.8/site-packages'
[0.747s] Level 1:colcon.colcon_core.environment:checking '/home/theo/ros2_workspace/install/serial/bin'
[0.749s] INFO:colcon.colcon_core.shell:Creating package script '/home/theo/ros2_workspace/install/serial/share/serial/package.ps1'
[0.750s] INFO:colcon.colcon_core.shell:Creating package descriptor '/home/theo/ros2_workspace/install/serial/share/serial/package.dsv'
[0.750s] INFO:colcon.colcon_core.shell:Creating package script '/home/theo/ros2_workspace/install/serial/share/serial/package.sh'
[0.750s] INFO:colcon.colcon_core.shell:Creating package script '/home/theo/ros2_workspace/install/serial/share/serial/package.bash'
[0.751s] INFO:colcon.colcon_core.shell:Creating package script '/home/theo/ros2_workspace/install/serial/share/serial/package.zsh'
[0.751s] Level 1:colcon.colcon_core.environment:create_file_with_runtime_dependencies(/home/theo/ros2_workspace/install/serial/share/colcon-core/packages/serial)
[0.751s] INFO:colcon.colcon_ros.task.ament_cmake.build:Building ROS package in '/home/theo/ros2_workspace/src/diffdrive_arduino' with build type 'ament_cmake'
[0.751s] INFO:colcon.colcon_cmake.task.cmake.build:Building CMake package in '/home/theo/ros2_workspace/src/diffdrive_arduino'
[0.753s] INFO:colcon.colcon_core.shell:Skip shell extension 'powershell' for command environment: Not usable outside of PowerShell
[0.753s] DEBUG:colcon.colcon_core.shell:Skip shell extension 'dsv' for command environment
[0.762s] INFO:colcon.colcon_ros.task.ament_cmake.build:Building ROS package in '/home/theo/ros2_workspace/src/my_arduino_pkg' with build type 'ament_cmake'
[0.762s] INFO:colcon.colcon_cmake.task.cmake.build:Building CMake package in '/home/theo/ros2_workspace/src/my_arduino_pkg'
[0.765s] INFO:colcon.colcon_core.shell:Skip shell extension 'powershell' for command environment: Not usable outside of PowerShell
[0.765s] DEBUG:colcon.colcon_core.shell:Skip shell extension 'dsv' for command environment
[0.775s] INFO:colcon.colcon_ros.task.ament_python.build:Building ROS package in '/home/theo/ros2_workspace/src/ros2_serial_interface' with build type 'ament_python'
[0.775s] Level 1:colcon.colcon_core.shell:create_environment_hook('ros2_serial_interface', 'ament_prefix_path')
[0.778s] INFO:colcon.colcon_core.shell:Creating environment hook '/home/theo/ros2_workspace/install/ros2_serial_interface/share/ros2_serial_interface/hook/ament_prefix_path.ps1'
[0.779s] INFO:colcon.colcon_core.shell:Creating environment descriptor '/home/theo/ros2_workspace/install/ros2_serial_interface/share/ros2_serial_interface/hook/ament_prefix_path.dsv'
[0.779s] INFO:colcon.colcon_core.shell:Creating environment hook '/home/theo/ros2_workspace/install/ros2_serial_interface/share/ros2_serial_interface/hook/ament_prefix_path.sh'
[0.782s] INFO:colcon.colcon_core.shell:Skip shell extension 'powershell' for command environment: Not usable outside of PowerShell
[0.782s] DEBUG:colcon.colcon_core.shell:Skip shell extension 'dsv' for command environment
[0.796s] DEBUG:colcon.colcon_core.event_handler.log_command:Invoking command in '/home/theo/ros2_workspace/build/diffdrive_arduino': CMAKE_PREFIX_PATH=/home/theo/ros2_workspace/install/serial:/home/theo/ros2_workspace/install/test_package:/home/theo/ros2_workspace/install/diffdrive_arduino:/home/theo/ros2_workspace/install/my_package:/home/theo/ros2_workspace/install/my_arduino_pkg:/home/theo/ros2_workspace/install/my_arduino_Cmakeversion:/home/theo/ros2_workspace/install/articubot_one:/home/theo/ros2_workspace/install/arduino_pck:/home/theo/ros2_workspace/install/ros2_serial_interface:/home/theo/ros2_workspace/install/my_arduino:/home/theo/colcon_ws/install/autonomous_tb3:/opt/ros/foxy /usr/bin/cmake --build /home/theo/ros2_workspace/build/diffdrive_arduino -- -j12 -l12
[0.799s] DEBUG:colcon.colcon_core.event_handler.log_command:Invoking command in '/home/theo/ros2_workspace/build/my_arduino_pkg': CMAKE_PREFIX_PATH=/home/theo/ros2_workspace/install/serial:/home/theo/ros2_workspace/install/test_package:/home/theo/ros2_workspace/install/diffdrive_arduino:/home/theo/ros2_workspace/install/my_package:/home/theo/ros2_workspace/install/my_arduino_pkg:/home/theo/ros2_workspace/install/my_arduino_Cmakeversion:/home/theo/ros2_workspace/install/articubot_one:/home/theo/ros2_workspace/install/arduino_pck:/home/theo/ros2_workspace/install/ros2_serial_interface:/home/theo/ros2_workspace/install/my_arduino:/home/theo/colcon_ws/install/autonomous_tb3:/opt/ros/foxy /usr/bin/cmake --build /home/theo/ros2_workspace/build/my_arduino_pkg -- -j12 -l12
[1.024s] INFO:colcon.colcon_core.task.python.build:Building Python package in '/home/theo/ros2_workspace/src/ros2_serial_interface'
[1.028s] INFO:colcon.colcon_core.shell:Skip shell extension 'powershell' for command environment: Not usable outside of PowerShell
[1.028s] DEBUG:colcon.colcon_core.shell:Skip shell extension 'dsv' for command environment
[1.045s] DEBUG:colcon.colcon_core.event_handler.log_command:Invoked command in '/home/theo/ros2_workspace/build/diffdrive_arduino' returned '0': CMAKE_PREFIX_PATH=/home/theo/ros2_workspace/install/serial:/home/theo/ros2_workspace/install/test_package:/home/theo/ros2_workspace/install/diffdrive_arduino:/home/theo/ros2_workspace/install/my_package:/home/theo/ros2_workspace/install/my_arduino_pkg:/home/theo/ros2_workspace/install/my_arduino_Cmakeversion:/home/theo/ros2_workspace/install/articubot_one:/home/theo/ros2_workspace/install/arduino_pck:/home/theo/ros2_workspace/install/ros2_serial_interface:/home/theo/ros2_workspace/install/my_arduino:/home/theo/colcon_ws/install/autonomous_tb3:/opt/ros/foxy /usr/bin/cmake --build /home/theo/ros2_workspace/build/diffdrive_arduino -- -j12 -l12
[1.095s] DEBUG:colcon.colcon_core.event_handler.log_command:Invoking command in '/home/theo/ros2_workspace/build/diffdrive_arduino': CMAKE_PREFIX_PATH=/home/theo/ros2_workspace/install/serial:/home/theo/ros2_workspace/install/test_package:/home/theo/ros2_workspace/install/diffdrive_arduino:/home/theo/ros2_workspace/install/my_package:/home/theo/ros2_workspace/install/my_arduino_pkg:/home/theo/ros2_workspace/install/my_arduino_Cmakeversion:/home/theo/ros2_workspace/install/articubot_one:/home/theo/ros2_workspace/install/arduino_pck:/home/theo/ros2_workspace/install/ros2_serial_interface:/home/theo/ros2_workspace/install/my_arduino:/home/theo/colcon_ws/install/autonomous_tb3:/opt/ros/foxy /usr/bin/cmake --install /home/theo/ros2_workspace/build/diffdrive_arduino
[1.128s] Level 1:colcon.colcon_core.environment:create_environment_scripts_only(diffdrive_arduino)
[1.136s] Level 1:colcon.colcon_core.environment:checking '/home/theo/ros2_workspace/install/diffdrive_arduino' for CMake module files
[1.136s] DEBUG:colcon.colcon_core.event_handler.log_command:Invoked command in '/home/theo/ros2_workspace/build/diffdrive_arduino' returned '0': CMAKE_PREFIX_PATH=/home/theo/ros2_workspace/install/serial:/home/theo/ros2_workspace/install/test_package:/home/theo/ros2_workspace/install/diffdrive_arduino:/home/theo/ros2_workspace/install/my_package:/home/theo/ros2_workspace/install/my_arduino_pkg:/home/theo/ros2_workspace/install/my_arduino_Cmakeversion:/home/theo/ros2_workspace/install/articubot_one:/home/theo/ros2_workspace/install/arduino_pck:/home/theo/ros2_workspace/install/ros2_serial_interface:/home/theo/ros2_workspace/install/my_arduino:/home/theo/colcon_ws/install/autonomous_tb3:/opt/ros/foxy /usr/bin/cmake --install /home/theo/ros2_workspace/build/diffdrive_arduino
[1.136s] Level 1:colcon.colcon_core.environment:checking '/home/theo/ros2_workspace/install/diffdrive_arduino' for CMake config files
[1.137s] Level 1:colcon.colcon_core.shell:create_environment_hook('diffdrive_arduino', 'cmake_prefix_path')
[1.139s] INFO:colcon.colcon_core.shell:Creating environment hook '/home/theo/ros2_workspace/install/diffdrive_arduino/share/diffdrive_arduino/hook/cmake_prefix_path.ps1'
[1.140s] INFO:colcon.colcon_core.shell:Creating environment descriptor '/home/theo/ros2_workspace/install/diffdrive_arduino/share/diffdrive_arduino/hook/cmake_prefix_path.dsv'
[1.140s] INFO:colcon.colcon_core.shell:Creating environment hook '/home/theo/ros2_workspace/install/diffdrive_arduino/share/diffdrive_arduino/hook/cmake_prefix_path.sh'
[1.140s] Level 1:colcon.colcon_core.environment:checking '/home/theo/ros2_workspace/install/diffdrive_arduino/lib'
[1.141s] Level 1:colcon.colcon_core.shell:create_environment_hook('diffdrive_arduino', 'ld_library_path_lib')
[1.145s] INFO:colcon.colcon_core.shell:Creating environment hook '/home/theo/ros2_workspace/install/diffdrive_arduino/share/diffdrive_arduino/hook/ld_library_path_lib.ps1'
[1.145s] INFO:colcon.colcon_core.shell:Creating environment descriptor '/home/theo/ros2_workspace/install/diffdrive_arduino/share/diffdrive_arduino/hook/ld_library_path_lib.dsv'
[1.145s] INFO:colcon.colcon_core.shell:Creating environment hook '/home/theo/ros2_workspace/install/diffdrive_arduino/share/diffdrive_arduino/hook/ld_library_path_lib.sh'
[1.146s] Level 1:colcon.colcon_core.environment:checking '/home/theo/ros2_workspace/install/diffdrive_arduino/bin'
[1.146s] Level 1:colcon.colcon_core.environment:checking '/home/theo/ros2_workspace/install/diffdrive_arduino/lib/pkgconfig/diffdrive_arduino.pc'
[1.146s] Level 1:colcon.colcon_core.environment:checking '/home/theo/ros2_workspace/install/diffdrive_arduino/lib/python3.8/site-packages'
[1.146s] Level 1:colcon.colcon_core.environment:checking '/home/theo/ros2_workspace/install/diffdrive_arduino/bin'
[1.151s] INFO:colcon.colcon_core.shell:Creating package script '/home/theo/ros2_workspace/install/diffdrive_arduino/share/diffdrive_arduino/package.ps1'
[1.152s] INFO:colcon.colcon_core.shell:Creating package descriptor '/home/theo/ros2_workspace/install/diffdrive_arduino/share/diffdrive_arduino/package.dsv'
[1.152s] INFO:colcon.colcon_core.shell:Creating package script '/home/theo/ros2_workspace/install/diffdrive_arduino/share/diffdrive_arduino/package.sh'
[1.152s] INFO:colcon.colcon_core.shell:Creating package script '/home/theo/ros2_workspace/install/diffdrive_arduino/share/diffdrive_arduino/package.bash'
[1.153s] INFO:colcon.colcon_core.shell:Creating package script '/home/theo/ros2_workspace/install/diffdrive_arduino/share/diffdrive_arduino/package.zsh'
[1.153s] Level 1:colcon.colcon_core.environment:create_file_with_runtime_dependencies(/home/theo/ros2_workspace/install/diffdrive_arduino/share/colcon-core/packages/diffdrive_arduino)
[1.185s] Level 1:colcon.colcon_core.environment:create_environment_scripts_only(diffdrive_arduino)
[1.189s] Level 1:colcon.colcon_core.environment:checking '/home/theo/ros2_workspace/install/diffdrive_arduino' for CMake module files
[1.189s] Level 1:colcon.colcon_core.environment:checking '/home/theo/ros2_workspace/install/diffdrive_arduino' for CMake config files
[1.190s] Level 1:colcon.colcon_core.shell:create_environment_hook('diffdrive_arduino', 'cmake_prefix_path')
[1.192s] INFO:colcon.colcon_core.shell:Creating environment hook '/home/theo/ros2_workspace/install/diffdrive_arduino/share/diffdrive_arduino/hook/cmake_prefix_path.ps1'
[1.192s] INFO:colcon.colcon_core.shell:Creating environment descriptor '/home/theo/ros2_workspace/install/diffdrive_arduino/share/diffdrive_arduino/hook/cmake_prefix_path.dsv'
[1.193s] INFO:colcon.colcon_core.shell:Creating environment hook '/home/theo/ros2_workspace/install/diffdrive_arduino/share/diffdrive_arduino/hook/cmake_prefix_path.sh'
[1.193s] Level 1:colcon.colcon_core.environment:checking '/home/theo/ros2_workspace/install/diffdrive_arduino/lib'
[1.193s] Level 1:colcon.colcon_core.shell:create_environment_hook('diffdrive_arduino', 'ld_library_path_lib')
[1.196s] INFO:colcon.colcon_core.shell:Creating environment hook '/home/theo/ros2_workspace/install/diffdrive_arduino/share/diffdrive_arduino/hook/ld_library_path_lib.ps1'
[1.197s] INFO:colcon.colcon_core.shell:Creating environment descriptor '/home/theo/ros2_workspace/install/diffdrive_arduino/share/diffdrive_arduino/hook/ld_library_path_lib.dsv'
[1.197s] INFO:colcon.colcon_core.shell:Creating environment hook '/home/theo/ros2_workspace/install/diffdrive_arduino/share/diffdrive_arduino/hook/ld_library_path_lib.sh'
[1.197s] Level 1:colcon.colcon_core.environment:checking '/home/theo/ros2_workspace/install/diffdrive_arduino/bin'
[1.197s] Level 1:colcon.colcon_core.environment:checking '/home/theo/ros2_workspace/install/diffdrive_arduino/lib/pkgconfig/diffdrive_arduino.pc'
[1.198s] Level 1:colcon.colcon_core.environment:checking '/home/theo/ros2_workspace/install/diffdrive_arduino/lib/python3.8/site-packages'
[1.198s] Level 1:colcon.colcon_core.environment:checking '/home/theo/ros2_workspace/install/diffdrive_arduino/bin'
[1.200s] INFO:colcon.colcon_core.shell:Creating package script '/home/theo/ros2_workspace/install/diffdrive_arduino/share/diffdrive_arduino/package.ps1'
[1.201s] INFO:colcon.colcon_core.shell:Creating package descriptor '/home/theo/ros2_workspace/install/diffdrive_arduino/share/diffdrive_arduino/package.dsv'
[1.201s] INFO:colcon.colcon_core.shell:Creating package script '/home/theo/ros2_workspace/install/diffdrive_arduino/share/diffdrive_arduino/package.sh'
[1.202s] INFO:colcon.colcon_core.shell:Creating package script '/home/theo/ros2_workspace/install/diffdrive_arduino/share/diffdrive_arduino/package.bash'
[1.202s] INFO:colcon.colcon_core.shell:Creating package script '/home/theo/ros2_workspace/install/diffdrive_arduino/share/diffdrive_arduino/package.zsh'
[1.202s] Level 1:colcon.colcon_core.environment:create_file_with_runtime_dependencies(/home/theo/ros2_workspace/install/diffdrive_arduino/share/colcon-core/packages/diffdrive_arduino)
[1.206s] DEBUG:colcon.colcon_core.event_handler.log_command:Invoked command in '/home/theo/ros2_workspace/build/my_arduino_pkg' returned '0': CMAKE_PREFIX_PATH=/home/theo/ros2_workspace/install/serial:/home/theo/ros2_workspace/install/test_package:/home/theo/ros2_workspace/install/diffdrive_arduino:/home/theo/ros2_workspace/install/my_package:/home/theo/ros2_workspace/install/my_arduino_pkg:/home/theo/ros2_workspace/install/my_arduino_Cmakeversion:/home/theo/ros2_workspace/install/articubot_one:/home/theo/ros2_workspace/install/arduino_pck:/home/theo/ros2_workspace/install/ros2_serial_interface:/home/theo/ros2_workspace/install/my_arduino:/home/theo/colcon_ws/install/autonomous_tb3:/opt/ros/foxy /usr/bin/cmake --build /home/theo/ros2_workspace/build/my_arduino_pkg -- -j12 -l12
[1.227s] DEBUG:colcon.colcon_core.event_handler.log_command:Invoking command in '/home/theo/ros2_workspace/build/my_arduino_pkg': CMAKE_PREFIX_PATH=/home/theo/ros2_workspace/install/serial:/home/theo/ros2_workspace/install/test_package:/home/theo/ros2_workspace/install/diffdrive_arduino:/home/theo/ros2_workspace/install/my_package:/home/theo/ros2_workspace/install/my_arduino_pkg:/home/theo/ros2_workspace/install/my_arduino_Cmakeversion:/home/theo/ros2_workspace/install/articubot_one:/home/theo/ros2_workspace/install/arduino_pck:/home/theo/ros2_workspace/install/ros2_serial_interface:/home/theo/ros2_workspace/install/my_arduino:/home/theo/colcon_ws/install/autonomous_tb3:/opt/ros/foxy /usr/bin/cmake --install /home/theo/ros2_workspace/build/my_arduino_pkg
[1.247s] Level 1:colcon.colcon_core.environment:create_environment_scripts_only(my_arduino_pkg)
[1.253s] DEBUG:colcon.colcon_core.event_handler.log_command:Invoked command in '/home/theo/ros2_workspace/build/my_arduino_pkg' returned '0': CMAKE_PREFIX_PATH=/home/theo/ros2_workspace/install/serial:/home/theo/ros2_workspace/install/test_package:/home/theo/ros2_workspace/install/diffdrive_arduino:/home/theo/ros2_workspace/install/my_package:/home/theo/ros2_workspace/install/my_arduino_pkg:/home/theo/ros2_workspace/install/my_arduino_Cmakeversion:/home/theo/ros2_workspace/install/articubot_one:/home/theo/ros2_workspace/install/arduino_pck:/home/theo/ros2_workspace/install/ros2_serial_interface:/home/theo/ros2_workspace/install/my_arduino:/home/theo/colcon_ws/install/autonomous_tb3:/opt/ros/foxy /usr/bin/cmake --install /home/theo/ros2_workspace/build/my_arduino_pkg
[1.253s] Level 1:colcon.colcon_core.environment:checking '/home/theo/ros2_workspace/install/my_arduino_pkg' for CMake module files
[1.254s] Level 1:colcon.colcon_core.environment:checking '/home/theo/ros2_workspace/install/my_arduino_pkg' for CMake config files
[1.254s] Level 1:colcon.colcon_core.shell:create_environment_hook('my_arduino_pkg', 'cmake_prefix_path')
[1.256s] INFO:colcon.colcon_core.shell:Creating environment hook '/home/theo/ros2_workspace/install/my_arduino_pkg/share/my_arduino_pkg/hook/cmake_prefix_path.ps1'
[1.257s] INFO:colcon.colcon_core.shell:Creating environment descriptor '/home/theo/ros2_workspace/install/my_arduino_pkg/share/my_arduino_pkg/hook/cmake_prefix_path.dsv'
[1.257s] INFO:colcon.colcon_core.shell:Creating environment hook '/home/theo/ros2_workspace/install/my_arduino_pkg/share/my_arduino_pkg/hook/cmake_prefix_path.sh'
[1.258s] Level 1:colcon.colcon_core.environment:checking '/home/theo/ros2_workspace/install/my_arduino_pkg/bin'
[1.258s] Level 1:colcon.colcon_core.environment:checking '/home/theo/ros2_workspace/install/my_arduino_pkg/lib/pkgconfig/my_arduino_pkg.pc'
[1.258s] Level 1:colcon.colcon_core.environment:checking '/home/theo/ros2_workspace/install/my_arduino_pkg/lib/python3.8/site-packages'
[1.258s] Level 1:colcon.colcon_core.environment:checking '/home/theo/ros2_workspace/install/my_arduino_pkg/bin'
[1.260s] INFO:colcon.colcon_core.shell:Creating package script '/home/theo/ros2_workspace/install/my_arduino_pkg/share/my_arduino_pkg/package.ps1'
[1.261s] INFO:colcon.colcon_core.shell:Creating package descriptor '/home/theo/ros2_workspace/install/my_arduino_pkg/share/my_arduino_pkg/package.dsv'
[1.261s] INFO:colcon.colcon_core.shell:Creating package script '/home/theo/ros2_workspace/install/my_arduino_pkg/share/my_arduino_pkg/package.sh'
[1.261s] INFO:colcon.colcon_core.shell:Creating package script '/home/theo/ros2_workspace/install/my_arduino_pkg/share/my_arduino_pkg/package.bash'
[1.262s] INFO:colcon.colcon_core.shell:Creating package script '/home/theo/ros2_workspace/install/my_arduino_pkg/share/my_arduino_pkg/package.zsh'
[1.262s] Level 1:colcon.colcon_core.environment:create_file_with_runtime_dependencies(/home/theo/ros2_workspace/install/my_arduino_pkg/share/colcon-core/packages/my_arduino_pkg)
[1.285s] Level 1:colcon.colcon_core.environment:create_environment_scripts_only(my_arduino_pkg)
[1.289s] Level 1:colcon.colcon_core.environment:checking '/home/theo/ros2_workspace/install/my_arduino_pkg' for CMake module files
[1.289s] Level 1:colcon.colcon_core.environment:checking '/home/theo/ros2_workspace/install/my_arduino_pkg' for CMake config files
[1.290s] Level 1:colcon.colcon_core.shell:create_environment_hook('my_arduino_pkg', 'cmake_prefix_path')
[1.292s] INFO:colcon.colcon_core.shell:Creating environment hook '/home/theo/ros2_workspace/install/my_arduino_pkg/share/my_arduino_pkg/hook/cmake_prefix_path.ps1'
[1.292s] INFO:colcon.colcon_core.shell:Creating environment descriptor '/home/theo/ros2_workspace/install/my_arduino_pkg/share/my_arduino_pkg/hook/cmake_prefix_path.dsv'
[1.293s] INFO:colcon.colcon_core.shell:Creating environment hook '/home/theo/ros2_workspace/install/my_arduino_pkg/share/my_arduino_pkg/hook/cmake_prefix_path.sh'
[1.293s] Level 1:colcon.colcon_core.environment:checking '/home/theo/ros2_workspace/install/my_arduino_pkg/bin'
[1.293s] Level 1:colcon.colcon_core.environment:checking '/home/theo/ros2_workspace/install/my_arduino_pkg/lib/pkgconfig/my_arduino_pkg.pc'
[1.294s] Level 1:colcon.colcon_core.environment:checking '/home/theo/ros2_workspace/install/my_arduino_pkg/lib/python3.8/site-packages'
[1.294s] Level 1:colcon.colcon_core.environment:checking '/home/theo/ros2_workspace/install/my_arduino_pkg/bin'
[1.296s] INFO:colcon.colcon_core.shell:Creating package script '/home/theo/ros2_workspace/install/my_arduino_pkg/share/my_arduino_pkg/package.ps1'
[1.296s] INFO:colcon.colcon_core.shell:Creating package descriptor '/home/theo/ros2_workspace/install/my_arduino_pkg/share/my_arduino_pkg/package.dsv'
[1.297s] INFO:colcon.colcon_core.shell:Creating package script '/home/theo/ros2_workspace/install/my_arduino_pkg/share/my_arduino_pkg/package.sh'
[1.297s] INFO:colcon.colcon_core.shell:Creating package script '/home/theo/ros2_workspace/install/my_arduino_pkg/share/my_arduino_pkg/package.bash'
[1.297s] INFO:colcon.colcon_core.shell:Creating package script '/home/theo/ros2_workspace/install/my_arduino_pkg/share/my_arduino_pkg/package.zsh'
[1.298s] Level 1:colcon.colcon_core.environment:create_file_with_runtime_dependencies(/home/theo/ros2_workspace/install/my_arduino_pkg/share/colcon-core/packages/my_arduino_pkg)
[1.419s] DEBUG:colcon.colcon_core.event_handler.log_command:Invoking command in '/home/theo/ros2_workspace/build/ros2_serial_interface': CMAKE_PREFIX_PATH=/home/theo/ros2_workspace/install/serial:/home/theo/ros2_workspace/install/test_package:/home/theo/ros2_workspace/install/diffdrive_arduino:/home/theo/ros2_workspace/install/my_package:/home/theo/ros2_workspace/install/my_arduino_pkg:/home/theo/ros2_workspace/install/my_arduino_Cmakeversion:/home/theo/ros2_workspace/install/articubot_one:/home/theo/ros2_workspace/install/arduino_pck PYTHONPATH=/home/theo/ros2_workspace/build/ros2_serial_interface/prefix_override:/home/theo/ros2_workspace/install/ros2_serial_interface/lib/python3.8/site-packages:${PYTHONPATH} /usr/bin/python3 setup.py develop --editable --build-directory /home/theo/ros2_workspace/build/ros2_serial_interface/build --no-deps install_data
[1.817s] Level 1:colcon.colcon_core.shell:create_environment_hook('ros2_serial_interface', 'pythonpath_develop')
[1.819s] INFO:colcon.colcon_core.shell:Creating environment hook '/home/theo/ros2_workspace/build/ros2_serial_interface/share/ros2_serial_interface/hook/pythonpath_develop.ps1'
[1.820s] DEBUG:colcon.colcon_core.event_handler.log_command:Invoked command in '/home/theo/ros2_workspace/build/ros2_serial_interface' returned '0': CMAKE_PREFIX_PATH=/home/theo/ros2_workspace/install/serial:/home/theo/ros2_workspace/install/test_package:/home/theo/ros2_workspace/install/diffdrive_arduino:/home/theo/ros2_workspace/install/my_package:/home/theo/ros2_workspace/install/my_arduino_pkg:/home/theo/ros2_workspace/install/my_arduino_Cmakeversion:/home/theo/ros2_workspace/install/articubot_one:/home/theo/ros2_workspace/install/arduino_pck PYTHONPATH=/home/theo/ros2_workspace/build/ros2_serial_interface/prefix_override:/home/theo/ros2_workspace/install/ros2_serial_interface/lib/python3.8/site-packages:${PYTHONPATH} /usr/bin/python3 setup.py develop --editable --build-directory /home/theo/ros2_workspace/build/ros2_serial_interface/build --no-deps install_data
[1.820s] INFO:colcon.colcon_core.shell:Creating environment descriptor '/home/theo/ros2_workspace/build/ros2_serial_interface/share/ros2_serial_interface/hook/pythonpath_develop.dsv'
[1.820s] INFO:colcon.colcon_core.shell:Creating environment hook '/home/theo/ros2_workspace/build/ros2_serial_interface/share/ros2_serial_interface/hook/pythonpath_develop.sh'
[1.824s] Level 1:colcon.colcon_core.environment:checking '/home/theo/ros2_workspace/install/ros2_serial_interface' for CMake module files
[1.824s] Level 1:colcon.colcon_core.environment:checking '/home/theo/ros2_workspace/install/ros2_serial_interface' for CMake config files
[1.825s] Level 1:colcon.colcon_core.environment:checking '/home/theo/ros2_workspace/install/ros2_serial_interface/lib'
[1.825s] Level 1:colcon.colcon_core.environment:checking '/home/theo/ros2_workspace/install/ros2_serial_interface/bin'
[1.825s] Level 1:colcon.colcon_core.environment:checking '/home/theo/ros2_workspace/install/ros2_serial_interface/lib/pkgconfig/ros2_serial_interface.pc'
[1.825s] Level 1:colcon.colcon_core.environment:checking '/home/theo/ros2_workspace/install/ros2_serial_interface/lib/python3.8/site-packages'
[1.825s] Level 1:colcon.colcon_core.shell:create_environment_hook('ros2_serial_interface', 'pythonpath')
[1.827s] INFO:colcon.colcon_core.shell:Creating environment hook '/home/theo/ros2_workspace/install/ros2_serial_interface/share/ros2_serial_interface/hook/pythonpath.ps1'
[1.827s] INFO:colcon.colcon_core.shell:Creating environment descriptor '/home/theo/ros2_workspace/install/ros2_serial_interface/share/ros2_serial_interface/hook/pythonpath.dsv'
[1.828s] INFO:colcon.colcon_core.shell:Creating environment hook '/home/theo/ros2_workspace/install/ros2_serial_interface/share/ros2_serial_interface/hook/pythonpath.sh'
[1.829s] Level 1:colcon.colcon_core.environment:checking '/home/theo/ros2_workspace/install/ros2_serial_interface/bin'
[1.829s] Level 1:colcon.colcon_core.environment:create_environment_scripts_only(ros2_serial_interface)
[1.831s] INFO:colcon.colcon_core.shell:Creating package script '/home/theo/ros2_workspace/install/ros2_serial_interface/share/ros2_serial_interface/package.ps1'
[1.832s] INFO:colcon.colcon_core.shell:Creating package descriptor '/home/theo/ros2_workspace/install/ros2_serial_interface/share/ros2_serial_interface/package.dsv'
[1.832s] INFO:colcon.colcon_core.shell:Creating package script '/home/theo/ros2_workspace/install/ros2_serial_interface/share/ros2_serial_interface/package.sh'
[1.832s] INFO:colcon.colcon_core.shell:Creating package script '/home/theo/ros2_workspace/install/ros2_serial_interface/share/ros2_serial_interface/package.bash'
[1.833s] INFO:colcon.colcon_core.shell:Creating package script '/home/theo/ros2_workspace/install/ros2_serial_interface/share/ros2_serial_interface/package.zsh'
[1.833s] Level 1:colcon.colcon_core.environment:create_file_with_runtime_dependencies(/home/theo/ros2_workspace/install/ros2_serial_interface/share/colcon-core/packages/ros2_serial_interface)
[1.833s] DEBUG:colcon.colcon_parallel_executor.executor.parallel:closing loop
[1.834s] DEBUG:colcon.colcon_parallel_executor.executor.parallel:loop closed
[1.834s] DEBUG:colcon.colcon_parallel_executor.executor.parallel:run_until_complete finished with '0'
[1.834s] DEBUG:colcon.colcon_core.event_reactor:joining thread
[1.839s] INFO:colcon.colcon_core.plugin_system:Skipping extension 'colcon_notification.desktop_notification.terminal_notifier': Not used on non-Darwin systems
[1.839s] INFO:colcon.colcon_core.plugin_system:Skipping extension 'colcon_notification.desktop_notification.win32': Not used on non-Windows systems
[1.839s] INFO:colcon.colcon_notification.desktop_notification:Sending desktop notification using 'notify2'
[1.849s] DEBUG:colcon.colcon_core.event_reactor:joined thread
[1.852s] INFO:colcon.colcon_core.shell:Creating prefix script '/home/theo/ros2_workspace/install/local_setup.ps1'
[1.852s] INFO:colcon.colcon_core.shell:Creating prefix util module '/home/theo/ros2_workspace/install/_local_setup_util_ps1.py'
[1.853s] INFO:colcon.colcon_core.shell:Creating prefix chain script '/home/theo/ros2_workspace/install/setup.ps1'
[1.855s] INFO:colcon.colcon_core.shell:Creating prefix script '/home/theo/ros2_workspace/install/local_setup.sh'
[1.856s] INFO:colcon.colcon_core.shell:Creating prefix util module '/home/theo/ros2_workspace/install/_local_setup_util_sh.py'
[1.856s] INFO:colcon.colcon_core.shell:Creating prefix chain script '/home/theo/ros2_workspace/install/setup.sh'
[1.858s] INFO:colcon.colcon_core.shell:Creating prefix script '/home/theo/ros2_workspace/install/local_setup.bash'
[1.859s] INFO:colcon.colcon_core.shell:Creating prefix chain script '/home/theo/ros2_workspace/install/setup.bash'
[1.860s] INFO:colcon.colcon_core.shell:Creating prefix script '/home/theo/ros2_workspace/install/local_setup.zsh'
[1.861s] INFO:colcon.colcon_core.shell:Creating prefix chain script '/home/theo/ros2_workspace/install/setup.zsh'
