[2.992s] Invoking command in '/home/imjunhyung/turtlebot3_ws/src/vel_send': PYTHONPATH=/home/imjunhyung/turtlebot3_ws/build/vel_send/prefix_override:/home/imjunhyung/turtlebot3_ws/install/vel_send/lib/python3.8/site-packages:${PYTHONPATH} /usr/bin/python3 setup.py egg_info --egg-base ../../build/vel_send build --build-base /home/imjunhyung/turtlebot3_ws/build/vel_send/build install --record /home/imjunhyung/turtlebot3_ws/build/vel_send/install.log --install-scripts $base/lib/vel_send --single-version-externally-managed
[3.255s] running egg_info
[3.256s] writing ../../build/vel_send/vel_send.egg-info/PKG-INFO
[3.256s] writing dependency_links to ../../build/vel_send/vel_send.egg-info/dependency_links.txt
[3.257s] writing entry points to ../../build/vel_send/vel_send.egg-info/entry_points.txt
[3.257s] writing requirements to ../../build/vel_send/vel_send.egg-info/requires.txt
[3.257s] writing top-level names to ../../build/vel_send/vel_send.egg-info/top_level.txt
[3.294s] reading manifest file '../../build/vel_send/vel_send.egg-info/SOURCES.txt'
[3.295s] writing manifest file '../../build/vel_send/vel_send.egg-info/SOURCES.txt'
[3.296s] running build
[3.296s] running build_py
[3.296s] running install
[3.297s] running install_lib
[3.298s] running install_data
[3.299s] running install_egg_info
[3.301s] removing '/home/imjunhyung/turtlebot3_ws/install/vel_send/lib/python3.8/site-packages/vel_send-0.0.0-py3.8.egg-info' (and everything under it)
[3.301s] Copying ../../build/vel_send/vel_send.egg-info to /home/imjunhyung/turtlebot3_ws/install/vel_send/lib/python3.8/site-packages/vel_send-0.0.0-py3.8.egg-info
[3.302s] running install_scripts
[3.321s] Installing vel_send script to /home/imjunhyung/turtlebot3_ws/install/vel_send/lib/vel_send
[3.321s] writing list of installed files to '/home/imjunhyung/turtlebot3_ws/build/vel_send/install.log'
[3.348s] Invoked command in '/home/imjunhyung/turtlebot3_ws/src/vel_send' returned '0': PYTHONPATH=/home/imjunhyung/turtlebot3_ws/build/vel_send/prefix_override:/home/imjunhyung/turtlebot3_ws/install/vel_send/lib/python3.8/site-packages:${PYTHONPATH} /usr/bin/python3 setup.py egg_info --egg-base ../../build/vel_send build --build-base /home/imjunhyung/turtlebot3_ws/build/vel_send/build install --record /home/imjunhyung/turtlebot3_ws/build/vel_send/install.log --install-scripts $base/lib/vel_send --single-version-externally-managed
