[0.118s] Invoking command in '/home/theo/23_HF110/Theo_ws/ros2_workspace/build/diffdrive_arduino': AMENT_PREFIX_PATH=/home/theo/ros2_workspace/install/serial:${AMENT_PREFIX_PATH} CMAKE_PREFIX_PATH=/home/theo/23_HF110/Theo_ws/ros2_workspace/install/serial:/home/theo/23_HF110/Theo_ws/ros2_workspace/install/test_package:/home/theo/23_HF110/Theo_ws/ros2_workspace/install/my_arduino_pkg:/home/theo/23_HF110/Theo_ws/ros2_workspace/install/diffdrive_arduino:/home/theo/23_HF110/Theo_ws/ros2_workspace/install/my_package:/home/theo/23_HF110/Theo_ws/ros2_workspace/install/my_arduino_Cmakeversion:/home/theo/23_HF110/Theo_ws/ros2_workspace/install/articubot_one:/home/theo/23_HF110/Theo_ws/ros2_workspace/install/arduino_pck:/home/theo/23_HF110/Theo_ws/ros2_workspace/install/serial_arduino_python_pkg:/home/theo/23_HF110/Theo_ws/ros2_workspace/install/ros2_serial_interface:/home/theo/23_HF110/Theo_ws/ros2_workspace/install/py_pubsub:/home/theo/23_HF110/Theo_ws/ros2_workspace/install/py_arduino_pub:/home/theo/23_HF110/Theo_ws/ros2_workspace/install/pubsub_py:/home/theo/23_HF110/Theo_ws/ros2_workspace/install/my_arduino:/home/theo/colcon_ws/install/autonomous_tb3:/opt/ros/foxy LD_LIBRARY_PATH=/home/theo/ros2_workspace/install/serial/lib:${LD_LIBRARY_PATH} /usr/bin/cmake --build /home/theo/23_HF110/Theo_ws/ros2_workspace/build/diffdrive_arduino -- -j12 -l12
[0.543s] CMake Error: The current CMakeCache.txt directory /home/theo/23_HF110/Theo_ws/ros2_workspace/build/diffdrive_arduino/CMakeCache.txt is different than the directory /home/theo/ros2_workspace/build/diffdrive_arduino where CMakeCache.txt was created. This may result in binaries being created in the wrong place. If you are not sure, reedit the CMakeCache.txt
[0.651s] [ 42%] Built target fake_robot
[0.651s] [100%] Built target diffdrive_arduino
[0.662s] Invoked command in '/home/theo/23_HF110/Theo_ws/ros2_workspace/build/diffdrive_arduino' returned '0': AMENT_PREFIX_PATH=/home/theo/ros2_workspace/install/serial:${AMENT_PREFIX_PATH} CMAKE_PREFIX_PATH=/home/theo/23_HF110/Theo_ws/ros2_workspace/install/serial:/home/theo/23_HF110/Theo_ws/ros2_workspace/install/test_package:/home/theo/23_HF110/Theo_ws/ros2_workspace/install/my_arduino_pkg:/home/theo/23_HF110/Theo_ws/ros2_workspace/install/diffdrive_arduino:/home/theo/23_HF110/Theo_ws/ros2_workspace/install/my_package:/home/theo/23_HF110/Theo_ws/ros2_workspace/install/my_arduino_Cmakeversion:/home/theo/23_HF110/Theo_ws/ros2_workspace/install/articubot_one:/home/theo/23_HF110/Theo_ws/ros2_workspace/install/arduino_pck:/home/theo/23_HF110/Theo_ws/ros2_workspace/install/serial_arduino_python_pkg:/home/theo/23_HF110/Theo_ws/ros2_workspace/install/ros2_serial_interface:/home/theo/23_HF110/Theo_ws/ros2_workspace/install/py_pubsub:/home/theo/23_HF110/Theo_ws/ros2_workspace/install/py_arduino_pub:/home/theo/23_HF110/Theo_ws/ros2_workspace/install/pubsub_py:/home/theo/23_HF110/Theo_ws/ros2_workspace/install/my_arduino:/home/theo/colcon_ws/install/autonomous_tb3:/opt/ros/foxy LD_LIBRARY_PATH=/home/theo/ros2_workspace/install/serial/lib:${LD_LIBRARY_PATH} /usr/bin/cmake --build /home/theo/23_HF110/Theo_ws/ros2_workspace/build/diffdrive_arduino -- -j12 -l12
[0.692s] Invoking command in '/home/theo/23_HF110/Theo_ws/ros2_workspace/build/diffdrive_arduino': AMENT_PREFIX_PATH=/home/theo/ros2_workspace/install/serial:${AMENT_PREFIX_PATH} CMAKE_PREFIX_PATH=/home/theo/23_HF110/Theo_ws/ros2_workspace/install/serial:/home/theo/23_HF110/Theo_ws/ros2_workspace/install/test_package:/home/theo/23_HF110/Theo_ws/ros2_workspace/install/my_arduino_pkg:/home/theo/23_HF110/Theo_ws/ros2_workspace/install/diffdrive_arduino:/home/theo/23_HF110/Theo_ws/ros2_workspace/install/my_package:/home/theo/23_HF110/Theo_ws/ros2_workspace/install/my_arduino_Cmakeversion:/home/theo/23_HF110/Theo_ws/ros2_workspace/install/articubot_one:/home/theo/23_HF110/Theo_ws/ros2_workspace/install/arduino_pck:/home/theo/23_HF110/Theo_ws/ros2_workspace/install/serial_arduino_python_pkg:/home/theo/23_HF110/Theo_ws/ros2_workspace/install/ros2_serial_interface:/home/theo/23_HF110/Theo_ws/ros2_workspace/install/py_pubsub:/home/theo/23_HF110/Theo_ws/ros2_workspace/install/py_arduino_pub:/home/theo/23_HF110/Theo_ws/ros2_workspace/install/pubsub_py:/home/theo/23_HF110/Theo_ws/ros2_workspace/install/my_arduino:/home/theo/colcon_ws/install/autonomous_tb3:/opt/ros/foxy LD_LIBRARY_PATH=/home/theo/ros2_workspace/install/serial/lib:${LD_LIBRARY_PATH} /usr/bin/cmake --install /home/theo/23_HF110/Theo_ws/ros2_workspace/build/diffdrive_arduino
[0.699s] -- Install configuration: ""
[0.709s] -- Execute custom install script
[0.709s] -- Up-to-date symlink: /home/theo/ros2_workspace/install/diffdrive_arduino/share/diffdrive_arduino//robot_hardware.xml
[0.710s] -- Up-to-date symlink: /home/theo/ros2_workspace/install/diffdrive_arduino/share/diffdrive_arduino//fake_robot_hardware.xml
[0.711s] -- Up-to-date symlink: /home/theo/ros2_workspace/install/diffdrive_arduino/lib/libdiffdrive_arduino.so
[0.711s] -- Up-to-date symlink: /home/theo/ros2_workspace/install/diffdrive_arduino/lib/libfake_robot.so
[0.712s] -- Up-to-date symlink: /home/theo/ros2_workspace/install/diffdrive_arduino/share/diffdrive_arduino/controllers/robot_controller_example.yaml
[0.713s] -- Up-to-date symlink: /home/theo/ros2_workspace/install/diffdrive_arduino/share/diffdrive_arduino/fake_robot.launch.py
[0.713s] -- Up-to-date symlink: /home/theo/ros2_workspace/install/diffdrive_arduino/share/diffdrive_arduino/test_robot.launch.py
[0.713s] -- Up-to-date symlink: /home/theo/ros2_workspace/install/diffdrive_arduino/share/diffdrive_arduino/environment/library_path.sh
[0.714s] -- Up-to-date symlink: /home/theo/ros2_workspace/install/diffdrive_arduino/share/diffdrive_arduino/environment/library_path.dsv
[0.714s] -- Up-to-date symlink: /home/theo/ros2_workspace/install/diffdrive_arduino/share/ament_index/resource_index/package_run_dependencies/diffdrive_arduino
[0.715s] -- Up-to-date symlink: /home/theo/ros2_workspace/install/diffdrive_arduino/share/ament_index/resource_index/parent_prefix_path/diffdrive_arduino
[0.715s] -- Up-to-date symlink: /home/theo/ros2_workspace/install/diffdrive_arduino/share/diffdrive_arduino/environment/ament_prefix_path.sh
[0.716s] -- Up-to-date symlink: /home/theo/ros2_workspace/install/diffdrive_arduino/share/diffdrive_arduino/environment/ament_prefix_path.dsv
[0.716s] -- Up-to-date symlink: /home/theo/ros2_workspace/install/diffdrive_arduino/share/diffdrive_arduino/environment/path.sh
[0.717s] -- Up-to-date symlink: /home/theo/ros2_workspace/install/diffdrive_arduino/share/diffdrive_arduino/environment/path.dsv
[0.717s] -- Up-to-date symlink: /home/theo/ros2_workspace/install/diffdrive_arduino/share/diffdrive_arduino/local_setup.bash
[0.718s] -- Up-to-date symlink: /home/theo/ros2_workspace/install/diffdrive_arduino/share/diffdrive_arduino/local_setup.sh
[0.718s] -- Up-to-date symlink: /home/theo/ros2_workspace/install/diffdrive_arduino/share/diffdrive_arduino/local_setup.zsh
[0.718s] -- Up-to-date symlink: /home/theo/ros2_workspace/install/diffdrive_arduino/share/diffdrive_arduino/local_setup.dsv
[0.719s] -- Symlinking: /home/theo/ros2_workspace/install/diffdrive_arduino/share/diffdrive_arduino/package.dsv
[0.728s] -- Up-to-date symlink: /home/theo/ros2_workspace/install/diffdrive_arduino/share/ament_index/resource_index/packages/diffdrive_arduino
[0.728s] -- Up-to-date symlink: /home/theo/ros2_workspace/install/diffdrive_arduino/share/ament_index/resource_index/hardware_interface__pluginlib__plugin/diffdrive_arduino
[0.728s] -- Up-to-date symlink: /home/theo/ros2_workspace/install/diffdrive_arduino/share/diffdrive_arduino/cmake/ament_cmake_export_libraries-extras.cmake
[0.729s] -- Up-to-date symlink: /home/theo/ros2_workspace/install/diffdrive_arduino/share/diffdrive_arduino/cmake/ament_cmake_export_dependencies-extras.cmake
[0.729s] -- Up-to-date symlink: /home/theo/ros2_workspace/install/diffdrive_arduino/share/diffdrive_arduino/cmake/diffdrive_arduinoConfig.cmake
[0.729s] -- Up-to-date symlink: /home/theo/ros2_workspace/install/diffdrive_arduino/share/diffdrive_arduino/cmake/diffdrive_arduinoConfig-version.cmake
[0.729s] -- Up-to-date symlink: /home/theo/ros2_workspace/install/diffdrive_arduino/share/diffdrive_arduino/package.xml
[0.735s] Invoked command in '/home/theo/23_HF110/Theo_ws/ros2_workspace/build/diffdrive_arduino' returned '0': AMENT_PREFIX_PATH=/home/theo/ros2_workspace/install/serial:${AMENT_PREFIX_PATH} CMAKE_PREFIX_PATH=/home/theo/23_HF110/Theo_ws/ros2_workspace/install/serial:/home/theo/23_HF110/Theo_ws/ros2_workspace/install/test_package:/home/theo/23_HF110/Theo_ws/ros2_workspace/install/my_arduino_pkg:/home/theo/23_HF110/Theo_ws/ros2_workspace/install/diffdrive_arduino:/home/theo/23_HF110/Theo_ws/ros2_workspace/install/my_package:/home/theo/23_HF110/Theo_ws/ros2_workspace/install/my_arduino_Cmakeversion:/home/theo/23_HF110/Theo_ws/ros2_workspace/install/articubot_one:/home/theo/23_HF110/Theo_ws/ros2_workspace/install/arduino_pck:/home/theo/23_HF110/Theo_ws/ros2_workspace/install/serial_arduino_python_pkg:/home/theo/23_HF110/Theo_ws/ros2_workspace/install/ros2_serial_interface:/home/theo/23_HF110/Theo_ws/ros2_workspace/install/py_pubsub:/home/theo/23_HF110/Theo_ws/ros2_workspace/install/py_arduino_pub:/home/theo/23_HF110/Theo_ws/ros2_workspace/install/pubsub_py:/home/theo/23_HF110/Theo_ws/ros2_workspace/install/my_arduino:/home/theo/colcon_ws/install/autonomous_tb3:/opt/ros/foxy LD_LIBRARY_PATH=/home/theo/ros2_workspace/install/serial/lib:${LD_LIBRARY_PATH} /usr/bin/cmake --install /home/theo/23_HF110/Theo_ws/ros2_workspace/build/diffdrive_arduino
