[0.089s] Invoking command in '/home/imjunhyung/turtlebot3_ws/build/getpo': CMAKE_PREFIX_PATH=${CMAKE_PREFIX_PATH}:/opt/ros/foxy /home/imjunhyung/.local/bin/cmake /home/imjunhyung/turtlebot3_ws/src/getpo -DCMAKE_INSTALL_PREFIX=/home/imjunhyung/turtlebot3_ws/install/getpo
[0.263s] -- The C compiler identification is GNU 9.4.0
[0.402s] -- The CXX compiler identification is GNU 9.4.0
[0.424s] -- Detecting C compiler ABI info
[0.537s] -- Detecting C compiler ABI info - done
[0.575s] -- Check for working C compiler: /usr/bin/cc - skipped
[0.575s] -- Detecting C compile features
[0.577s] -- Detecting C compile features - done
[0.585s] -- Detecting CXX compiler ABI info
[0.693s] -- Detecting CXX compiler ABI info - done
[0.723s] -- Check for working CXX compiler: /usr/bin/c++ - skipped
[0.723s] -- Detecting CXX compile features
[0.724s] -- Detecting CXX compile features - done
[0.727s] -- Found ament_cmake: 0.9.12 (/opt/ros/foxy/share/ament_cmake/cmake)
[0.758s] -- Found PythonInterp: /usr/bin/python3 (found suitable version "3.8.10", minimum required is "3") 
[0.759s] -- Using PYTHON_EXECUTABLE: /usr/bin/python3
[1.267s] -- Found rclcpp: 2.4.3 (/opt/ros/foxy/share/rclcpp/cmake)
[1.528s] -- Using all available rosidl_typesupport_c: rosidl_typesupport_fastrtps_c;rosidl_typesupport_introspection_c
[1.548s] -- Found rosidl_adapter: 1.3.1 (/opt/ros/foxy/share/rosidl_adapter/cmake)
[1.860s] -- Found OpenSSL: /usr/lib/x86_64-linux-gnu/libcrypto.so (found version "1.1.1f")  
[1.918s] -- Found FastRTPS: /opt/ros/foxy/include  
[2.170s] -- Using all available rosidl_typesupport_cpp: rosidl_typesupport_fastrtps_cpp;rosidl_typesupport_introspection_cpp
[2.436s] -- Found rmw_implementation_cmake: 1.0.4 (/opt/ros/foxy/share/rmw_implementation_cmake/cmake)
[2.445s] -- Using RMW implementation 'rmw_fastrtps_cpp' as default
[2.471s] -- Performing Test CMAKE_HAVE_LIBC_PTHREAD
[2.762s] -- Performing Test CMAKE_HAVE_LIBC_PTHREAD - Failed
[2.762s] -- Looking for pthread_create in pthreads
[2.896s] -- Looking for pthread_create in pthreads - not found
[2.896s] -- Looking for pthread_create in pthread
[2.997s] -- Looking for pthread_create in pthread - found
[3.000s] -- Found Threads: TRUE  
[3.383s] -- Found sensor_msgs: 2.0.5 (/opt/ros/foxy/share/sensor_msgs/cmake)
[3.618s] -- Found ament_lint_auto: 0.9.8 (/opt/ros/foxy/share/ament_lint_auto/cmake)
[3.966s] -- Added test 'copyright' to check source files copyright and LICENSE
[3.973s] -- Added test 'cppcheck' to perform static code analysis on C / C++ code
[3.974s] -- Configured cppcheck include dirs: 
[3.975s] -- Configured cppcheck exclude dirs and/or files: 
[3.979s] -- Added test 'cpplint' to check C / C++ code against the Google style
[3.980s] -- Configured cpplint exclude dirs and/or files: 
[3.983s] -- Added test 'lint_cmake' to check CMake code style
[3.989s] -- Added test 'uncrustify' to check C / C++ code style
[3.990s] -- Configured uncrustify additional arguments: 
[3.992s] -- Added test 'xmllint' to check XML markup files
[3.998s] -- Configuring done (3.8s)
[4.029s] -- Generating done (0.0s)
[4.032s] -- Build files have been written to: /home/imjunhyung/turtlebot3_ws/build/getpo
[4.052s] Invoked command in '/home/imjunhyung/turtlebot3_ws/build/getpo' returned '0': CMAKE_PREFIX_PATH=${CMAKE_PREFIX_PATH}:/opt/ros/foxy /home/imjunhyung/.local/bin/cmake /home/imjunhyung/turtlebot3_ws/src/getpo -DCMAKE_INSTALL_PREFIX=/home/imjunhyung/turtlebot3_ws/install/getpo
[4.056s] Invoking command in '/home/imjunhyung/turtlebot3_ws/build/getpo': CMAKE_PREFIX_PATH=${CMAKE_PREFIX_PATH}:/opt/ros/foxy /home/imjunhyung/.local/bin/cmake --build /home/imjunhyung/turtlebot3_ws/build/getpo -- -j8 -l8
[4.118s] [ 50%] [32mBuilding CXX object CMakeFiles/getpo.dir/src/getpo.cpp.o[0m
[20.662s] [100%] [32m[1mLinking CXX executable getpo[0m
[22.295s] [100%] Built target getpo
[22.315s] Invoked command in '/home/imjunhyung/turtlebot3_ws/build/getpo' returned '0': CMAKE_PREFIX_PATH=${CMAKE_PREFIX_PATH}:/opt/ros/foxy /home/imjunhyung/.local/bin/cmake --build /home/imjunhyung/turtlebot3_ws/build/getpo -- -j8 -l8
[22.426s] Invoking command in '/home/imjunhyung/turtlebot3_ws/build/getpo': CMAKE_PREFIX_PATH=${CMAKE_PREFIX_PATH}:/opt/ros/foxy /home/imjunhyung/.local/bin/cmake --install /home/imjunhyung/turtlebot3_ws/build/getpo
[22.520s] -- Install configuration: ""
[22.521s] -- Installing: /home/imjunhyung/turtlebot3_ws/install/getpo/lib/getpo/getpo
[22.525s] -- Set runtime path of "/home/imjunhyung/turtlebot3_ws/install/getpo/lib/getpo/getpo" to ""
[22.526s] -- Installing: /home/imjunhyung/turtlebot3_ws/install/getpo/share/ament_index/resource_index/package_run_dependencies/getpo
[22.526s] -- Installing: /home/imjunhyung/turtlebot3_ws/install/getpo/share/ament_index/resource_index/parent_prefix_path/getpo
[22.526s] -- Installing: /home/imjunhyung/turtlebot3_ws/install/getpo/share/getpo/environment/ament_prefix_path.sh
[22.527s] -- Installing: /home/imjunhyung/turtlebot3_ws/install/getpo/share/getpo/environment/ament_prefix_path.dsv
[22.527s] -- Installing: /home/imjunhyung/turtlebot3_ws/install/getpo/share/getpo/environment/path.sh
[22.527s] -- Installing: /home/imjunhyung/turtlebot3_ws/install/getpo/share/getpo/environment/path.dsv
[22.527s] -- Installing: /home/imjunhyung/turtlebot3_ws/install/getpo/share/getpo/local_setup.bash
[22.528s] -- Installing: /home/imjunhyung/turtlebot3_ws/install/getpo/share/getpo/local_setup.sh
[22.528s] -- Installing: /home/imjunhyung/turtlebot3_ws/install/getpo/share/getpo/local_setup.zsh
[22.528s] -- Installing: /home/imjunhyung/turtlebot3_ws/install/getpo/share/getpo/local_setup.dsv
[22.529s] -- Installing: /home/imjunhyung/turtlebot3_ws/install/getpo/share/getpo/package.dsv
[22.529s] -- Installing: /home/imjunhyung/turtlebot3_ws/install/getpo/share/ament_index/resource_index/packages/getpo
[22.529s] -- Installing: /home/imjunhyung/turtlebot3_ws/install/getpo/share/getpo/cmake/getpoConfig.cmake
[22.530s] -- Installing: /home/imjunhyung/turtlebot3_ws/install/getpo/share/getpo/cmake/getpoConfig-version.cmake
[22.530s] -- Installing: /home/imjunhyung/turtlebot3_ws/install/getpo/share/getpo/package.xml
[22.547s] Invoked command in '/home/imjunhyung/turtlebot3_ws/build/getpo' returned '0': CMAKE_PREFIX_PATH=${CMAKE_PREFIX_PATH}:/opt/ros/foxy /home/imjunhyung/.local/bin/cmake --install /home/imjunhyung/turtlebot3_ws/build/getpo
