[0.188s] Invoking command in '/home/imjunhyung/turtlebot3_ws/build/turtlebot3_cartographer': CMAKE_PREFIX_PATH=${CMAKE_PREFIX_PATH}:/opt/ros/foxy /home/imjunhyung/.local/bin/cmake /home/imjunhyung/turtlebot3_ws/src/turtlebot3/turtlebot3_cartographer -DCMAKE_INSTALL_PREFIX=/home/imjunhyung/turtlebot3_ws/install/turtlebot3_cartographer
[3.415s] -- The C compiler identification is GNU 9.4.0
[5.130s] -- The CXX compiler identification is GNU 9.4.0
[5.622s] -- Detecting C compiler ABI info
[5.926s] -- Detecting C compiler ABI info - done
[5.953s] -- Check for working C compiler: /usr/bin/cc - skipped
[5.953s] -- Detecting C compile features
[5.954s] -- Detecting C compile features - done
[5.997s] -- Detecting CXX compiler ABI info
[6.157s] -- Detecting CXX compiler ABI info - done
[6.188s] -- Check for working CXX compiler: /usr/bin/c++ - skipped
[6.189s] -- Detecting CXX compile features
[6.190s] -- Detecting CXX compile features - done
[6.321s] -- Found ament_cmake: 0.9.12 (/opt/ros/foxy/share/ament_cmake/cmake)
[6.462s] -- Found PythonInterp: /usr/bin/python3 (found suitable version "3.8.10", minimum required is "3") 
[6.462s] -- Using PYTHON_EXECUTABLE: /usr/bin/python3
[7.389s] -- Configuring done (6.8s)
[7.395s] -- Generating done (0.0s)
[7.399s] -- Build files have been written to: /home/imjunhyung/turtlebot3_ws/build/turtlebot3_cartographer
[7.426s] Invoked command in '/home/imjunhyung/turtlebot3_ws/build/turtlebot3_cartographer' returned '0': CMAKE_PREFIX_PATH=${CMAKE_PREFIX_PATH}:/opt/ros/foxy /home/imjunhyung/.local/bin/cmake /home/imjunhyung/turtlebot3_ws/src/turtlebot3/turtlebot3_cartographer -DCMAKE_INSTALL_PREFIX=/home/imjunhyung/turtlebot3_ws/install/turtlebot3_cartographer
[7.428s] Invoking command in '/home/imjunhyung/turtlebot3_ws/build/turtlebot3_cartographer': CMAKE_PREFIX_PATH=${CMAKE_PREFIX_PATH}:/opt/ros/foxy /home/imjunhyung/.local/bin/cmake --build /home/imjunhyung/turtlebot3_ws/build/turtlebot3_cartographer -- -j8 -l8
[7.514s] Invoked command in '/home/imjunhyung/turtlebot3_ws/build/turtlebot3_cartographer' returned '0': CMAKE_PREFIX_PATH=${CMAKE_PREFIX_PATH}:/opt/ros/foxy /home/imjunhyung/.local/bin/cmake --build /home/imjunhyung/turtlebot3_ws/build/turtlebot3_cartographer -- -j8 -l8
[7.648s] Invoking command in '/home/imjunhyung/turtlebot3_ws/build/turtlebot3_cartographer': CMAKE_PREFIX_PATH=${CMAKE_PREFIX_PATH}:/opt/ros/foxy /home/imjunhyung/.local/bin/cmake --install /home/imjunhyung/turtlebot3_ws/build/turtlebot3_cartographer
[7.719s] -- Install configuration: ""
[7.720s] -- Installing: /home/imjunhyung/turtlebot3_ws/install/turtlebot3_cartographer/share/turtlebot3_cartographer/config
[7.720s] -- Installing: /home/imjunhyung/turtlebot3_ws/install/turtlebot3_cartographer/share/turtlebot3_cartographer/config/turtlebot3_lds_2d.lua
[7.720s] -- Installing: /home/imjunhyung/turtlebot3_ws/install/turtlebot3_cartographer/share/turtlebot3_cartographer/launch
[7.720s] -- Installing: /home/imjunhyung/turtlebot3_ws/install/turtlebot3_cartographer/share/turtlebot3_cartographer/launch/occupancy_grid.launch.py
[7.720s] -- Installing: /home/imjunhyung/turtlebot3_ws/install/turtlebot3_cartographer/share/turtlebot3_cartographer/launch/cartographer.launch.py
[7.720s] -- Installing: /home/imjunhyung/turtlebot3_ws/install/turtlebot3_cartographer/share/turtlebot3_cartographer/rviz
[7.721s] -- Installing: /home/imjunhyung/turtlebot3_ws/install/turtlebot3_cartographer/share/turtlebot3_cartographer/rviz/tb3_cartographer.rviz
[7.721s] -- Installing: /home/imjunhyung/turtlebot3_ws/install/turtlebot3_cartographer/share/ament_index/resource_index/package_run_dependencies/turtlebot3_cartographer
[7.721s] -- Installing: /home/imjunhyung/turtlebot3_ws/install/turtlebot3_cartographer/share/ament_index/resource_index/parent_prefix_path/turtlebot3_cartographer
[7.721s] -- Installing: /home/imjunhyung/turtlebot3_ws/install/turtlebot3_cartographer/share/turtlebot3_cartographer/environment/ament_prefix_path.sh
[7.721s] -- Installing: /home/imjunhyung/turtlebot3_ws/install/turtlebot3_cartographer/share/turtlebot3_cartographer/environment/ament_prefix_path.dsv
[7.721s] -- Installing: /home/imjunhyung/turtlebot3_ws/install/turtlebot3_cartographer/share/turtlebot3_cartographer/environment/path.sh
[7.722s] -- Installing: /home/imjunhyung/turtlebot3_ws/install/turtlebot3_cartographer/share/turtlebot3_cartographer/environment/path.dsv
[7.722s] -- Installing: /home/imjunhyung/turtlebot3_ws/install/turtlebot3_cartographer/share/turtlebot3_cartographer/local_setup.bash
[7.722s] -- Installing: /home/imjunhyung/turtlebot3_ws/install/turtlebot3_cartographer/share/turtlebot3_cartographer/local_setup.sh
[7.722s] -- Installing: /home/imjunhyung/turtlebot3_ws/install/turtlebot3_cartographer/share/turtlebot3_cartographer/local_setup.zsh
[7.722s] -- Installing: /home/imjunhyung/turtlebot3_ws/install/turtlebot3_cartographer/share/turtlebot3_cartographer/local_setup.dsv
[7.722s] -- Installing: /home/imjunhyung/turtlebot3_ws/install/turtlebot3_cartographer/share/turtlebot3_cartographer/package.dsv
[7.723s] -- Installing: /home/imjunhyung/turtlebot3_ws/install/turtlebot3_cartographer/share/ament_index/resource_index/packages/turtlebot3_cartographer
[7.723s] -- Installing: /home/imjunhyung/turtlebot3_ws/install/turtlebot3_cartographer/share/turtlebot3_cartographer/cmake/turtlebot3_cartographerConfig.cmake
[7.724s] -- Installing: /home/imjunhyung/turtlebot3_ws/install/turtlebot3_cartographer/share/turtlebot3_cartographer/cmake/turtlebot3_cartographerConfig-version.cmake
[7.724s] -- Installing: /home/imjunhyung/turtlebot3_ws/install/turtlebot3_cartographer/share/turtlebot3_cartographer/package.xml
[7.753s] Invoked command in '/home/imjunhyung/turtlebot3_ws/build/turtlebot3_cartographer' returned '0': CMAKE_PREFIX_PATH=${CMAKE_PREFIX_PATH}:/opt/ros/foxy /home/imjunhyung/.local/bin/cmake --install /home/imjunhyung/turtlebot3_ws/build/turtlebot3_cartographer
