[0.069s] Invoking command in '/home/theo/ros2_workspace/build/serial': CMAKE_PREFIX_PATH=${CMAKE_PREFIX_PATH}:/home/theo/ros2_workspace/install/serial_arduino_python_pkg:/home/theo/ros2_workspace/install/ros2_serial_interface:/home/theo/ros2_workspace/install/my_arduino:/home/theo/colcon_ws/install/autonomous_tb3:/opt/ros/foxy /usr/bin/cmake --build /home/theo/ros2_workspace/build/serial -- -j12 -l12
[0.306s] [ 50%] Built target gtest_main
[0.306s] [ 57%] Built target serial
[0.307s] [ 57%] Built target gtest
[0.308s] [100%] Built target serial-test
[0.309s] [100%] Built target serial_example
[0.310s] [100%] Built target serial-test-timer
[0.310s] Invoked command in '/home/theo/ros2_workspace/build/serial' returned '0': CMAKE_PREFIX_PATH=${CMAKE_PREFIX_PATH}:/home/theo/ros2_workspace/install/serial_arduino_python_pkg:/home/theo/ros2_workspace/install/ros2_serial_interface:/home/theo/ros2_workspace/install/my_arduino:/home/theo/colcon_ws/install/autonomous_tb3:/opt/ros/foxy /usr/bin/cmake --build /home/theo/ros2_workspace/build/serial -- -j12 -l12
[0.354s] Invoking command in '/home/theo/ros2_workspace/build/serial': CMAKE_PREFIX_PATH=${CMAKE_PREFIX_PATH}:/home/theo/ros2_workspace/install/serial_arduino_python_pkg:/home/theo/ros2_workspace/install/ros2_serial_interface:/home/theo/ros2_workspace/install/my_arduino:/home/theo/colcon_ws/install/autonomous_tb3:/opt/ros/foxy /usr/bin/cmake --install /home/theo/ros2_workspace/build/serial
[0.365s] -- Install configuration: ""
[0.365s] -- Execute custom install script
[0.366s] -- Up-to-date symlink: /home/theo/ros2_workspace/install/serial/lib/libserial.a
[0.366s] -- Up-to-date symlink: /home/theo/ros2_workspace/install/serial/include/serial/serial.h
[0.366s] -- Up-to-date symlink: /home/theo/ros2_workspace/install/serial/include/serial/v8stdint.h
[0.367s] -- Up-to-date symlink: /home/theo/ros2_workspace/install/serial/share/serial/environment/library_path.sh
[0.367s] -- Up-to-date symlink: /home/theo/ros2_workspace/install/serial/share/serial/environment/library_path.dsv
[0.367s] -- Up-to-date symlink: /home/theo/ros2_workspace/install/serial/share/ament_index/resource_index/package_run_dependencies/serial
[0.367s] -- Up-to-date symlink: /home/theo/ros2_workspace/install/serial/share/ament_index/resource_index/parent_prefix_path/serial
[0.368s] -- Up-to-date symlink: /home/theo/ros2_workspace/install/serial/share/serial/environment/ament_prefix_path.sh
[0.368s] -- Up-to-date symlink: /home/theo/ros2_workspace/install/serial/share/serial/environment/ament_prefix_path.dsv
[0.368s] -- Up-to-date symlink: /home/theo/ros2_workspace/install/serial/share/serial/environment/path.sh
[0.369s] -- Up-to-date symlink: /home/theo/ros2_workspace/install/serial/share/serial/environment/path.dsv
[0.370s] -- Up-to-date symlink: /home/theo/ros2_workspace/install/serial/share/serial/local_setup.bash
[0.373s] -- Up-to-date symlink: /home/theo/ros2_workspace/install/serial/share/serial/local_setup.sh
[0.374s] -- Up-to-date symlink: /home/theo/ros2_workspace/install/serial/share/serial/local_setup.zsh
[0.375s] -- Up-to-date symlink: /home/theo/ros2_workspace/install/serial/share/serial/local_setup.dsv
[0.376s] -- Symlinking: /home/theo/ros2_workspace/install/serial/share/serial/package.dsv
[0.379s] -- Up-to-date symlink: /home/theo/ros2_workspace/install/serial/share/ament_index/resource_index/packages/serial
[0.381s] -- Up-to-date symlink: /home/theo/ros2_workspace/install/serial/share/serial/cmake/ament_cmake_export_include_directories-extras.cmake
[0.382s] -- Up-to-date symlink: /home/theo/ros2_workspace/install/serial/share/serial/cmake/ament_cmake_export_libraries-extras.cmake
[0.382s] -- Up-to-date symlink: /home/theo/ros2_workspace/install/serial/share/serial/cmake/serialConfig.cmake
[0.383s] -- Up-to-date symlink: /home/theo/ros2_workspace/install/serial/share/serial/cmake/serialConfig-version.cmake
[0.383s] -- Up-to-date symlink: /home/theo/ros2_workspace/install/serial/share/serial/package.xml
[0.432s] Invoked command in '/home/theo/ros2_workspace/build/serial' returned '0': CMAKE_PREFIX_PATH=${CMAKE_PREFIX_PATH}:/home/theo/ros2_workspace/install/serial_arduino_python_pkg:/home/theo/ros2_workspace/install/ros2_serial_interface:/home/theo/ros2_workspace/install/my_arduino:/home/theo/colcon_ws/install/autonomous_tb3:/opt/ros/foxy /usr/bin/cmake --install /home/theo/ros2_workspace/build/serial
