[0.106s] Invoking command in '/home/imjunhyung/turtlebot3_ws/build/turtlebot3_description': CMAKE_PREFIX_PATH=${CMAKE_PREFIX_PATH}:/opt/ros/foxy /home/imjunhyung/.local/bin/cmake /home/imjunhyung/turtlebot3_ws/src/turtlebot3/turtlebot3_description -DCMAKE_INSTALL_PREFIX=/home/imjunhyung/turtlebot3_ws/install/turtlebot3_description
[1.415s] -- The C compiler identification is GNU 9.4.0
[1.415s] -- The CXX compiler identification is GNU 9.4.0
[1.416s] -- Detecting C compiler ABI info
[1.416s] -- Detecting C compiler ABI info - done
[1.419s] -- Check for working C compiler: /usr/bin/cc - skipped
[1.420s] -- Detecting C compile features
[1.420s] -- Detecting C compile features - done
[1.420s] -- Detecting CXX compiler ABI info
[1.420s] -- Detecting CXX compiler ABI info - done
[1.420s] -- Check for working CXX compiler: /usr/bin/c++ - skipped
[1.420s] -- Detecting CXX compile features
[1.421s] -- Detecting CXX compile features - done
[1.421s] -- Found ament_cmake: 0.9.12 (/opt/ros/foxy/share/ament_cmake/cmake)
[1.421s] -- Found PythonInterp: /usr/bin/python3 (found suitable version "3.8.10", minimum required is "3") 
[1.421s] -- Using PYTHON_EXECUTABLE: /usr/bin/python3
[1.937s] -- Found urdf: 2.4.0 (/opt/ros/foxy/share/urdf/cmake)
[2.164s] -- Configuring done (2.0s)
[2.170s] -- Generating done (0.0s)
[2.173s] -- Build files have been written to: /home/imjunhyung/turtlebot3_ws/build/turtlebot3_description
[2.200s] Invoked command in '/home/imjunhyung/turtlebot3_ws/build/turtlebot3_description' returned '0': CMAKE_PREFIX_PATH=${CMAKE_PREFIX_PATH}:/opt/ros/foxy /home/imjunhyung/.local/bin/cmake /home/imjunhyung/turtlebot3_ws/src/turtlebot3/turtlebot3_description -DCMAKE_INSTALL_PREFIX=/home/imjunhyung/turtlebot3_ws/install/turtlebot3_description
[2.202s] Invoking command in '/home/imjunhyung/turtlebot3_ws/build/turtlebot3_description': CMAKE_PREFIX_PATH=${CMAKE_PREFIX_PATH}:/opt/ros/foxy /home/imjunhyung/.local/bin/cmake --build /home/imjunhyung/turtlebot3_ws/build/turtlebot3_description -- -j8 -l8
[2.298s] Invoked command in '/home/imjunhyung/turtlebot3_ws/build/turtlebot3_description' returned '0': CMAKE_PREFIX_PATH=${CMAKE_PREFIX_PATH}:/opt/ros/foxy /home/imjunhyung/.local/bin/cmake --build /home/imjunhyung/turtlebot3_ws/build/turtlebot3_description -- -j8 -l8
[2.413s] Invoking command in '/home/imjunhyung/turtlebot3_ws/build/turtlebot3_description': CMAKE_PREFIX_PATH=${CMAKE_PREFIX_PATH}:/opt/ros/foxy /home/imjunhyung/.local/bin/cmake --install /home/imjunhyung/turtlebot3_ws/build/turtlebot3_description
[2.486s] -- Install configuration: ""
[2.486s] -- Installing: /home/imjunhyung/turtlebot3_ws/install/turtlebot3_description/share/turtlebot3_description/meshes
[2.486s] -- Installing: /home/imjunhyung/turtlebot3_ws/install/turtlebot3_description/share/turtlebot3_description/meshes/bases
[2.487s] -- Installing: /home/imjunhyung/turtlebot3_ws/install/turtlebot3_description/share/turtlebot3_description/meshes/bases/waffle_pi_base.stl
[2.504s] -- Installing: /home/imjunhyung/turtlebot3_ws/install/turtlebot3_description/share/turtlebot3_description/meshes/bases/waffle_base.stl
[2.537s] -- Installing: /home/imjunhyung/turtlebot3_ws/install/turtlebot3_description/share/turtlebot3_description/meshes/bases/burger_base.stl
[2.548s] -- Installing: /home/imjunhyung/turtlebot3_ws/install/turtlebot3_description/share/turtlebot3_description/meshes/wheels
[2.548s] -- Installing: /home/imjunhyung/turtlebot3_ws/install/turtlebot3_description/share/turtlebot3_description/meshes/wheels/right_tire.stl
[2.556s] -- Installing: /home/imjunhyung/turtlebot3_ws/install/turtlebot3_description/share/turtlebot3_description/meshes/wheels/left_tire.stl
[2.557s] -- Installing: /home/imjunhyung/turtlebot3_ws/install/turtlebot3_description/share/turtlebot3_description/meshes/sensors
[2.557s] -- Installing: /home/imjunhyung/turtlebot3_ws/install/turtlebot3_description/share/turtlebot3_description/meshes/sensors/lds.stl
[2.557s] -- Installing: /home/imjunhyung/turtlebot3_ws/install/turtlebot3_description/share/turtlebot3_description/meshes/sensors/astra.jpg
[2.558s] -- Installing: /home/imjunhyung/turtlebot3_ws/install/turtlebot3_description/share/turtlebot3_description/meshes/sensors/astra.dae
[2.578s] -- Installing: /home/imjunhyung/turtlebot3_ws/install/turtlebot3_description/share/turtlebot3_description/meshes/sensors/r200.dae
[2.578s] -- Installing: /home/imjunhyung/turtlebot3_ws/install/turtlebot3_description/share/turtlebot3_description/meshes/sensors/r200.jpg
[2.578s] -- Installing: /home/imjunhyung/turtlebot3_ws/install/turtlebot3_description/share/turtlebot3_description/rviz
[2.579s] -- Installing: /home/imjunhyung/turtlebot3_ws/install/turtlebot3_description/share/turtlebot3_description/rviz/model.rviz
[2.579s] -- Installing: /home/imjunhyung/turtlebot3_ws/install/turtlebot3_description/share/turtlebot3_description/urdf
[2.579s] -- Installing: /home/imjunhyung/turtlebot3_ws/install/turtlebot3_description/share/turtlebot3_description/urdf/turtlebot3_waffle_pi.urdf
[2.579s] -- Installing: /home/imjunhyung/turtlebot3_ws/install/turtlebot3_description/share/turtlebot3_description/urdf/turtlebot3_waffle.urdf
[2.580s] -- Installing: /home/imjunhyung/turtlebot3_ws/install/turtlebot3_description/share/turtlebot3_description/urdf/common_properties.urdf
[2.580s] -- Installing: /home/imjunhyung/turtlebot3_ws/install/turtlebot3_description/share/turtlebot3_description/urdf/turtlebot3_burger.urdf
[2.580s] -- Installing: /home/imjunhyung/turtlebot3_ws/install/turtlebot3_description/share/ament_index/resource_index/package_run_dependencies/turtlebot3_description
[2.581s] -- Installing: /home/imjunhyung/turtlebot3_ws/install/turtlebot3_description/share/ament_index/resource_index/parent_prefix_path/turtlebot3_description
[2.581s] -- Installing: /home/imjunhyung/turtlebot3_ws/install/turtlebot3_description/share/turtlebot3_description/environment/ament_prefix_path.sh
[2.581s] -- Installing: /home/imjunhyung/turtlebot3_ws/install/turtlebot3_description/share/turtlebot3_description/environment/ament_prefix_path.dsv
[2.582s] -- Installing: /home/imjunhyung/turtlebot3_ws/install/turtlebot3_description/share/turtlebot3_description/environment/path.sh
[2.582s] -- Installing: /home/imjunhyung/turtlebot3_ws/install/turtlebot3_description/share/turtlebot3_description/environment/path.dsv
[2.582s] -- Installing: /home/imjunhyung/turtlebot3_ws/install/turtlebot3_description/share/turtlebot3_description/local_setup.bash
[2.582s] -- Installing: /home/imjunhyung/turtlebot3_ws/install/turtlebot3_description/share/turtlebot3_description/local_setup.sh
[2.583s] -- Installing: /home/imjunhyung/turtlebot3_ws/install/turtlebot3_description/share/turtlebot3_description/local_setup.zsh
[2.590s] -- Installing: /home/imjunhyung/turtlebot3_ws/install/turtlebot3_description/share/turtlebot3_description/local_setup.dsv
[2.591s] -- Installing: /home/imjunhyung/turtlebot3_ws/install/turtlebot3_description/share/turtlebot3_description/package.dsv
[2.593s] -- Installing: /home/imjunhyung/turtlebot3_ws/install/turtlebot3_description/share/ament_index/resource_index/packages/turtlebot3_description
[2.593s] -- Installing: /home/imjunhyung/turtlebot3_ws/install/turtlebot3_description/share/turtlebot3_description/cmake/turtlebot3_descriptionConfig.cmake
[2.594s] -- Installing: /home/imjunhyung/turtlebot3_ws/install/turtlebot3_description/share/turtlebot3_description/cmake/turtlebot3_descriptionConfig-version.cmake
[2.594s] -- Installing: /home/imjunhyung/turtlebot3_ws/install/turtlebot3_description/share/turtlebot3_description/package.xml
[2.615s] Invoked command in '/home/imjunhyung/turtlebot3_ws/build/turtlebot3_description' returned '0': CMAKE_PREFIX_PATH=${CMAKE_PREFIX_PATH}:/opt/ros/foxy /home/imjunhyung/.local/bin/cmake --install /home/imjunhyung/turtlebot3_ws/build/turtlebot3_description
